PRT1
334
979
4 1 306 (64 -736 768) (64 -608 768) (128 -608 768) (128 -736 768)
4 1 308 (128 -1216 768) (64 -1216 768) (64 -736 768) (128 -736 768)
4 1 305 (64 -608 768) (64 -64 768) (128 -64 768) (128 -608 768)
4 1 105 (1024 -1216 768) (128 -1216 768) (128 -128 768) (1024 -128 768)
4 1 99 (128 -128 768) (128 -64 768) (1024 -64 768) (1024 -128 768)
4 1 77 (1216 -1024 768) (1216 -1216 768) (1024 -1216 768) (1024 -1024 768)
4 1 74 (1152 -1024 768) (1024 -1024 768) (1024 -256 768) (1152 -256 768)
4 1 34 (1216 -256 768) (1216 -1024 768) (1152 -1024 768) (1152 -256 768)
4 1 8 (1216 -64 768) (1216 -256 768) (1024 -256 768) (1024 -64 768)
4 2 6 (1472 -608 -144) (1488 -608 -144) (1488 -736 -144) (1472 -736 -144)
4 2 5 (1472 -736 -144) (1472 -736 -128) (1472 -720 -128) (1472 -720 -144)
4 2 4 (1472 -704 -128) (1472 -640 -128) (1472 -640 -144) (1472 -704 -144)
4 2 3 (1472 -624 -128) (1472 -608 -128) (1472 -608 -144) (1472 -624 -144)
4 3 66 (1456 -608 -136) (1448 -608 -144) (1448 -624 -144) (1456 -624 -136)
4 3 6 (1448 -624 -144) (1448 -608 -144) (1472 -608 -144) (1472 -624 -144)
3 3 4 (1448 -624 -144) (1456 -624 -144) (1456 -624 -136)
4 4 66 (1448 -624 -144) (1448 -720 -144) (1456 -720 -136) (1456 -624 -136)
6 4 6 (1448 -720 -144) (1448 -624 -144) (1456 -624 -144) (1472 -640 -144) (1472 -704 -144) (1456 -720 -144)
3 4 5 (1456 -720 -136) (1448 -720 -144) (1456 -720 -144)
4 5 66 (1448 -720 -144) (1448 -736 -144) (1456 -736 -136) (1456 -720 -136)
4 5 6 (1448 -736 -144) (1448 -720 -144) (1472 -720 -144) (1472 -736 -144)
4 6 66 (1448 -608 -144) (1352 -608 -240) (1352 -736 -240) (1448 -736 -144)
4 7 33 (1472 -608 288) (1472 -736 288) (1472 -736 688) (1472 -608 688)
4 8 106 (1024 -256 328) (1024 -256 640) (1024 -128 640) (1024 -128 328)
4 8 105 (1024 -256 640) (1024 -256 768) (1024 -128 768) (1024 -128 640)
4 8 99 (1024 -128 768) (1024 0 768) (1024 0 328) (1024 -128 328)
4 8 74 (1152 -256 768) (1024 -256 768) (1024 -256 328) (1152 -256 328)
4 8 34 (1280 -256 768) (1152 -256 768) (1152 -256 328) (1280 -256 328)
4 8 9 (1280 -256 328) (1216 -256 328) (1216 -64 328) (1280 -64 328)
4 8 10 (1216 -256 328) (1024 -256 328) (1024 0 328) (1216 0 328)
4 9 34 (1280 -256 328) (1216 -256 328) (1216 -256 320) (1280 -256 320)
4 9 10 (1216 -64 320) (1216 -256 320) (1216 -256 328) (1216 -64 328)
4 10 106 (1024 -256 320) (1024 -256 328) (1024 -128 328) (1024 -128 320)
4 10 99 (1024 -128 328) (1024 0 328) (1024 0 320) (1024 -128 320)
4 10 74 (1152 -256 328) (1024 -256 328) (1024 -256 320) (1152 -256 320)
4 10 34 (1216 -256 328) (1152 -256 328) (1152 -256 320) (1216 -256 320)
4 10 11 (1024 -256 320) (1024 -128 320) (1152 -128 320) (1152 -256 320)
4 11 209 (1024 -256 128) (1024 -256 256) (1024 -128 256) (1024 -128 128)
4 11 106 (1024 -256 256) (1024 -256 320) (1024 -128 320) (1024 -128 256)
4 11 74 (1152 -256 320) (1024 -256 320) (1024 -256 128) (1152 -256 128)
4 12 24 (1248 -32 -144) (1152 -32 -144) (1152 -24 -144) (1248 -24 -144)
4 12 22 (1280 -8 -144) (1280 -32 -144) (1264 -32 -144) (1264 -8 -144)
4 12 20 (1152 0 -144) (1280 0 -144) (1280 -8 -144) (1152 -8 -144)
4 12 19 (1056 0 -40) (1056 0 -144) (1056 -32 -144) (1056 -32 -40)
4 12 17 (1056 -32 -40) (1056 -32 -144) (1184 -32 -144) (1184 -32 -40)
4 12 14 (1184 -32 -144) (1280 -32 -144) (1280 -32 -40) (1184 -32 -40)
4 13 16 (1184 -32 -32) (1184 -32 -40) (1184 -96 -40) (1184 -96 -32)
4 13 14 (1184 -224 -40) (1184 -32 -40) (1248 -32 -40) (1248 -224 -40)
4 14 29 (1264 -128 -144) (1184 -128 -144) (1184 -120 -144) (1264 -120 -144)
4 14 26 (1184 -104 -144) (1184 -88 -144) (1248 -88 -144) (1248 -104 -144)
4 14 25 (1184 -72 -144) (1184 -56 -144) (1264 -56 -144) (1264 -72 -144)
4 14 24 (1184 -40 -144) (1184 -32 -144) (1248 -32 -144) (1248 -40 -144)
4 14 22 (1280 -32 -144) (1280 -128 -144) (1264 -128 -144) (1264 -32 -144)
4 14 18 (1184 -128 -144) (1184 -224 -144) (1184 -224 -40) (1184 -128 -40)
4 14 17 (1184 -32 -40) (1184 -32 -144) (1184 -128 -144) (1184 -128 -40)
4 14 15 (1184 -224 -144) (1280 -224 -144) (1280 -224 -40) (1184 -224 -40)
4 15 35 (1184 -256 -40) (1184 -256 -144) (1280 -256 -144) (1280 -256 -40)
4 15 18 (1184 -224 -144) (1184 -256 -144) (1184 -256 -40) (1184 -224 -40)
4 16 17 (1056 -96 -40) (1056 -32 -40) (1184 -32 -40) (1184 -96 -40)
4 17 29 (1184 -120 -144) (1184 -128 -144) (1152 -128 -144) (1152 -120 -144)
4 17 26 (1184 -88 -144) (1184 -104 -144) (1168 -104 -144) (1168 -88 -144)
4 17 27 (1168 -104 -144) (1152 -104 -144) (1152 -40 -144) (1168 -40 -144)
4 17 24 (1152 -32 -144) (1184 -32 -144) (1184 -40 -144) (1152 -40 -144)
4 17 19 (1056 -32 -144) (1056 -128 -144) (1056 -128 -40) (1056 -32 -40)
4 17 18 (1152 -128 -144) (1184 -128 -144) (1184 -128 -40) (1152 -128 -40)
4 18 35 (1152 -256 -144) (1184 -256 -144) (1184 -256 -40) (1152 -256 -40)
4 19 102 (1024 0 -40) (1024 0 -144) (1024 -128 -144) (1024 -128 -40)
4 20 22 (1264 -8 -160) (1280 -8 -160) (1280 -8 -144) (1264 -8 -144)
4 20 21 (1152 -8 -160) (1152 0 -160) (1280 0 -160) (1280 -8 -160)
4 21 32 (1152 0 -168) (1152 0 -256) (1152 -8 -256) (1152 -8 -168)
4 21 28 (1152 -8 -160) (1152 -8 -256) (1264 -8 -256) (1264 -8 -160)
4 21 23 (1264 -8 -256) (1280 -8 -256) (1280 -8 -160) (1264 -8 -160)
4 22 29 (1264 -120 -160) (1264 -128 -160) (1264 -128 -144) (1264 -120 -144)
4 22 25 (1264 -56 -160) (1264 -72 -160) (1264 -72 -144) (1264 -56 -144)
4 22 23 (1264 -8 -160) (1280 -8 -160) (1280 -128 -160) (1264 -128 -160)
4 23 31 (1264 -128 -256) (1280 -128 -256) (1280 -128 -168) (1264 -128 -168)
4 23 30 (1264 -104 -256) (1264 -128 -256) (1264 -128 -160) (1264 -104 -160)
4 23 28 (1264 -8 -160) (1264 -8 -256) (1264 -104 -256) (1264 -104 -160)
4 24 27 (1152 -40 -144) (1152 -40 -160) (1168 -40 -160) (1168 -40 -144)
4 24 28 (1152 -40 -160) (1152 -24 -160) (1248 -24 -160) (1248 -40 -160)
4 25 28 (1264 -56 -160) (1264 -72 -160) (1184 -72 -160) (1184 -56 -160)
4 26 28 (1248 -104 -160) (1168 -104 -160) (1168 -88 -160) (1248 -88 -160)
4 26 27 (1168 -88 -160) (1168 -104 -160) (1168 -104 -144) (1168 -88 -144)
4 27 28 (1152 -104 -160) (1152 -40 -160) (1168 -40 -160) (1168 -104 -160)
4 28 32 (1152 -8 -168) (1152 -8 -256) (1152 -104 -256) (1152 -104 -168)
4 28 30 (1152 -104 -160) (1152 -104 -256) (1264 -104 -256) (1264 -104 -160)
4 29 30 (1264 -128 -160) (1152 -128 -160) (1152 -120 -160) (1264 -120 -160)
4 30 32 (1152 -104 -168) (1152 -104 -256) (1152 -128 -256) (1152 -128 -168)
4 30 31 (1152 -128 -256) (1264 -128 -256) (1264 -128 -168) (1152 -128 -168)
4 33 39 (1472 -720 288) (1472 -736 288) (1312 -736 288) (1312 -720 288)
4 33 37 (1472 -608 288) (1472 -624 288) (1312 -624 288) (1312 -608 288)
4 34 77 (1280 -1024 768) (1152 -1024 768) (1152 -1024 320) (1280 -1024 320)
4 34 74 (1152 -1024 288) (1152 -1024 768) (1152 -256 768) (1152 -256 288)
4 34 71 (1152 -1024 288) (1152 -752 288) (1280 -752 288) (1280 -1024 288)
4 34 68 (1152 -752 288) (1152 -624 288) (1264 -624 288) (1264 -752 288)
4 34 40 (1280 -720 288) (1280 -752 288) (1264 -752 288) (1264 -720 288)
4 34 38 (1152 -624 288) (1152 -592 288) (1280 -592 288) (1280 -624 288)
4 34 35 (1152 -592 288) (1152 -256 288) (1280 -256 288) (1280 -592 288)
4 35 74 (1152 -592 288) (1152 -256 288) (1152 -256 128) (1152 -592 128)
4 35 75 (1152 -256 112) (1152 -256 -144) (1152 -592 -144) (1152 -592 112)
4 35 69 (1152 -592 -128) (1152 -592 -144) (1240 -592 -144) (1240 -592 -128)
4 35 68 (1152 -592 256) (1152 -592 -128) (1264 -592 -128) (1264 -592 256)
4 35 41 (1280 -592 -128) (1280 -592 256) (1264 -592 256) (1264 -592 -128)
4 35 38 (1280 -592 288) (1152 -592 288) (1152 -592 256) (1280 -592 256)
4 36 76 (1152 -256 -168) (1152 -256 -240) (1152 -592 -240) (1152 -592 -168)
4 36 73 (1152 -592 -240) (1152 -256 -240) (1280 -256 -240) (1280 -592 -240)
4 36 70 (1152 -592 -240) (1264 -592 -240) (1264 -592 -168) (1152 -592 -168)
4 36 67 (1264 -592 -240) (1280 -592 -240) (1280 -592 -168) (1264 -592 -168)
3 38 74 (1152 -624 288) (1152 -592 288) (1152 -592 256)
4 38 68 (1152 -624 288) (1152 -592 256) (1264 -592 256) (1264 -624 288)
4 38 41 (1264 -592 256) (1280 -592 256) (1280 -608 272) (1264 -608 272)
4 40 71 (1280 -752 288) (1264 -752 288) (1264 -752 272) (1280 -752 272)
4 40 68 (1264 -752 272) (1264 -752 288) (1264 -720 288) (1264 -736 272)
4 40 65 (1264 -752 272) (1264 -736 272) (1280 -736 272) (1280 -752 272)
4 41 68 (1264 -592 256) (1264 -592 -128) (1264 -608 -128) (1264 -608 272)
4 41 57 (1264 -608 0) (1264 -608 -16) (1280 -608 -16) (1280 -608 0)
4 41 55 (1264 -608 160) (1264 -608 0) (1280 -608 0) (1280 -608 160)
4 41 50 (1264 -608 -112) (1264 -608 -128) (1280 -608 -128) (1280 -608 -112)
4 41 43 (1264 -608 176) (1264 -608 160) (1280 -608 160) (1280 -608 176)
4 42 54 (1312 -608 160) (1344 -608 160) (1344 -624 160) (1312 -624 160)
4 42 52 (1344 -608 160) (1360 -608 160) (1360 -624 160) (1344 -624 160)
3 43 68 (1264 -608 176) (1264 -608 160) (1264 -624 160)
4 43 55 (1264 -624 160) (1264 -608 160) (1280 -608 160) (1280 -624 160)
6 44 51 (1360 -624 160) (1456 -624 160) (1472 -640 160) (1472 -704 160) (1456 -720 160) (1360 -720 160)
8 44 45 (1344 -720 256) (1344 -704 272) (1344 -640 272) (1344 -624 256) (1344 -624 184) (1344 -632 176) (1344 -712 176) (1344 -720 184)
8 45 68 (1264 -720 256) (1264 -704 272) (1264 -640 272) (1264 -624 256) (1264 -624 184) (1264 -632 176) (1264 -712 176) (1264 -720 184)
4 46 54 (1344 -736 160) (1312 -736 160) (1312 -720 160) (1344 -720 160)
4 46 53 (1360 -736 160) (1344 -736 160) (1344 -720 160) (1360 -720 160)
3 47 68 (1264 -736 160) (1264 -736 176) (1264 -720 160)
4 47 65 (1264 -736 176) (1264 -736 160) (1280 -736 160) (1280 -736 176)
4 47 55 (1280 -736 160) (1264 -736 160) (1264 -720 160) (1280 -720 160)
4 48 64 (1360 -608 -128) (1448 -608 -128) (1448 -624 -128) (1360 -624 -128)
4 48 49 (1360 -608 -120) (1360 -608 -128) (1360 -624 -128) (1360 -616 -120)
4 49 64 (1312 -608 -128) (1360 -608 -128) (1360 -624 -128) (1312 -624 -128)
3 50 68 (1264 -608 -112) (1264 -608 -128) (1264 -624 -128)
8 51 58 (1360 -640 -120) (1360 -704 -120) (1360 -720 -104) (1360 -720 -32) (1360 -704 -16) (1360 -640 -16) (1360 -624 -32) (1360 -624 -104)
4 52 56 (1360 -608 0) (1360 -624 0) (1344 -624 0) (1344 -608 0)
4 52 54 (1344 -624 160) (1344 -608 160) (1344 -608 0) (1344 -624 0)
4 53 59 (1360 -720 0) (1360 -736 0) (1344 -736 0) (1344 -720 0)
4 53 54 (1344 -736 0) (1344 -736 160) (1344 -720 160) (1344 -720 0)
4 54 59 (1344 -736 0) (1312 -736 0) (1312 -720 0) (1344 -720 0)
4 54 56 (1312 -624 0) (1312 -608 0) (1344 -608 0) (1344 -624 0)
4 55 68 (1264 -736 0) (1264 -736 160) (1264 -608 160) (1264 -608 0)
4 55 65 (1280 -736 160) (1264 -736 160) (1264 -736 0) (1280 -736 0)
4 55 60 (1280 -736 0) (1264 -736 0) (1264 -720 0) (1280 -720 0)
4 55 57 (1264 -624 0) (1264 -608 0) (1280 -608 0) (1280 -624 0)
3 57 68 (1264 -624 0) (1264 -608 0) (1264 -608 -16)
8 58 68 (1264 -624 -104) (1264 -640 -120) (1264 -704 -120) (1264 -720 -104) (1264 -720 -32) (1264 -704 -16) (1264 -640 -16) (1264 -624 -32)
3 60 68 (1264 -736 -16) (1264 -736 0) (1264 -720 0)
4 60 65 (1264 -736 0) (1264 -736 -16) (1280 -736 -16) (1280 -736 0)
4 61 62 (1456 -736 -120) (1312 -736 -120) (1312 -728 -120) (1456 -728 -120)
4 62 64 (1312 -720 -128) (1448 -720 -128) (1448 -736 -128) (1312 -736 -128)
3 63 68 (1264 -736 -128) (1264 -736 -112) (1264 -720 -128)
4 63 65 (1280 -736 -112) (1264 -736 -112) (1264 -736 -128) (1280 -736 -128)
4 64 66 (1312 -608 -136) (1440 -608 -136) (1440 -736 -136) (1312 -736 -136)
4 65 71 (1280 -752 272) (1264 -752 272) (1264 -752 -128) (1280 -752 -128)
4 65 68 (1264 -752 -128) (1264 -752 272) (1264 -736 272) (1264 -736 -128)
4 67 73 (1264 -592 -240) (1280 -592 -240) (1280 -752 -240) (1264 -752 -240)
4 67 72 (1264 -752 -240) (1280 -752 -240) (1280 -752 -168) (1264 -752 -168)
4 67 70 (1264 -592 -168) (1264 -592 -240) (1264 -752 -240) (1264 -752 -168)
5 68 74 (1152 -752 288) (1152 -624 288) (1152 -592 256) (1152 -592 128) (1152 -752 128)
4 68 75 (1152 -592 112) (1152 -592 -128) (1152 -752 -128) (1152 -752 112)
4 68 71 (1264 -752 -128) (1264 -752 288) (1152 -752 288) (1152 -752 -128)
4 68 69 (1240 -752 -128) (1152 -752 -128) (1152 -592 -128) (1240 -592 -128)
4 69 75 (1152 -592 -128) (1152 -592 -144) (1152 -752 -144) (1152 -752 -128)
4 69 71 (1240 -752 -128) (1152 -752 -128) (1152 -752 -144) (1240 -752 -144)
4 70 76 (1152 -592 -168) (1152 -592 -240) (1152 -752 -240) (1152 -752 -168)
4 70 73 (1152 -752 -240) (1152 -592 -240) (1264 -592 -240) (1264 -752 -240)
4 70 72 (1152 -752 -240) (1264 -752 -240) (1264 -752 -168) (1152 -752 -168)
4 71 84 (1152 -1024 -40) (1152 -1024 -144) (1184 -1024 -144) (1184 -1024 -40)
4 71 81 (1184 -1024 -144) (1280 -1024 -144) (1280 -1024 -40) (1184 -1024 -40)
4 71 74 (1152 -1024 128) (1152 -1024 288) (1152 -752 288) (1152 -752 128)
4 71 75 (1152 -1024 -144) (1152 -1024 112) (1152 -752 112) (1152 -752 -144)
4 72 76 (1152 -1024 -240) (1152 -1024 -168) (1152 -752 -168) (1152 -752 -240)
4 72 73 (1280 -1024 -240) (1152 -1024 -240) (1152 -752 -240) (1280 -752 -240)
4 73 76 (1152 -256 -256) (1152 -1024 -256) (1152 -1024 -240) (1152 -256 -240)
4 74 291 (1024 -1024 128) (1024 -1024 256) (1024 -928 256) (1024 -928 128)
4 74 213 (1024 -736 256) (1024 -608 256) (1024 -608 128) (1024 -736 128)
4 74 214 (1024 -928 256) (1024 -736 256) (1024 -736 128) (1024 -928 128)
4 74 212 (1024 -608 256) (1024 -256 256) (1024 -256 128) (1024 -608 128)
4 74 107 (1024 -704 640) (1024 -640 640) (1024 -640 624) (1024 -704 624)
4 74 108 (1024 -640 624) (1024 -640 256) (1024 -704 256) (1024 -704 624)
4 74 106 (1024 -640 640) (1024 -256 640) (1024 -256 256) (1024 -640 256)
4 74 109 (1024 -1024 256) (1024 -1024 640) (1024 -704 640) (1024 -704 256)
4 74 105 (1024 -1024 640) (1024 -1024 768) (1024 -256 768) (1024 -256 640)
4 74 80 (1024 -1024 320) (1024 -1024 128) (1152 -1024 128) (1152 -1024 320)
4 74 77 (1024 -1024 768) (1024 -1024 320) (1152 -1024 320) (1152 -1024 768)
4 75 298 (1024 -1024 -160) (1024 -1024 -144) (1024 -928 -144) (1024 -928 -160)
4 75 297 (1024 -1024 -144) (1024 -1024 80) (1024 -928 80) (1024 -928 -144)
4 75 291 (1024 -1024 80) (1024 -1024 112) (1024 -928 112) (1024 -928 80)
4 75 215 (1024 -928 112) (1024 -256 112) (1024 -256 -160) (1024 -928 -160)
4 75 76 (1024 -256 -160) (1152 -256 -160) (1152 -1024 -160) (1024 -1024 -160)
4 76 299 (1024 -928 -256) (1024 -1024 -256) (1024 -1024 -160) (1024 -928 -160)
4 76 216 (1024 -256 -256) (1024 -928 -256) (1024 -928 -160) (1024 -256 -160)
4 77 109 (1024 -1024 640) (1024 -1024 320) (1024 -1216 320) (1024 -1216 640)
4 77 105 (1024 -1216 768) (1024 -1024 768) (1024 -1024 640) (1024 -1216 640)
4 77 80 (1024 -1024 320) (1152 -1024 320) (1152 -1152 320) (1024 -1152 320)
4 77 79 (1024 -1216 328) (1024 -1216 320) (1216 -1216 320) (1216 -1216 328)
4 77 78 (1024 -1216 768) (1024 -1216 328) (1280 -1216 328) (1280 -1216 768)
4 78 301 (1024 -1280 328) (1024 -1280 640) (1024 -1248 640) (1024 -1248 328)
4 78 109 (1024 -1248 640) (1024 -1216 640) (1024 -1216 328) (1024 -1248 328)
4 78 105 (1024 -1280 640) (1024 -1280 768) (1024 -1216 768) (1024 -1216 640)
4 78 79 (1216 -1280 328) (1024 -1280 328) (1024 -1216 328) (1216 -1216 328)
4 79 301 (1024 -1280 320) (1024 -1280 328) (1024 -1248 328) (1024 -1248 320)
4 79 109 (1024 -1248 328) (1024 -1216 328) (1024 -1216 320) (1024 -1248 320)
4 80 291 (1024 -1024 256) (1024 -1024 128) (1024 -1152 128) (1024 -1152 256)
4 80 109 (1024 -1152 320) (1024 -1024 320) (1024 -1024 256) (1024 -1152 256)
4 81 84 (1184 -1024 -40) (1184 -1024 -144) (1184 -1056 -144) (1184 -1056 -40)
4 81 83 (1184 -1056 -144) (1280 -1056 -144) (1280 -1056 -40) (1184 -1056 -40)
4 82 85 (1184 -1248 -40) (1184 -1248 -32) (1184 -1184 -32) (1184 -1184 -40)
4 82 83 (1184 -1248 -40) (1184 -1056 -40) (1248 -1056 -40) (1248 -1248 -40)
4 83 93 (1248 -1248 -144) (1184 -1248 -144) (1184 -1240 -144) (1248 -1240 -144)
4 83 92 (1184 -1224 -144) (1184 -1208 -144) (1264 -1208 -144) (1264 -1224 -144)
4 83 91 (1184 -1192 -144) (1184 -1176 -144) (1248 -1176 -144) (1248 -1192 -144)
4 83 90 (1280 -1160 -144) (1280 -1248 -144) (1264 -1248 -144) (1264 -1160 -144)
4 83 89 (1280 -1152 -144) (1280 -1160 -144) (1184 -1160 -144) (1184 -1152 -144)
4 83 87 (1184 -1248 -144) (1280 -1248 -144) (1280 -1248 -40) (1184 -1248 -40)
4 83 86 (1184 -1152 -144) (1184 -1248 -144) (1184 -1248 -40) (1184 -1152 -40)
4 83 84 (1184 -1056 -144) (1184 -1152 -144) (1184 -1152 -40) (1184 -1056 -40)
4 84 86 (1152 -1152 -144) (1184 -1152 -144) (1184 -1152 -40) (1152 -1152 -40)
4 85 86 (1184 -1248 -40) (1056 -1248 -40) (1056 -1184 -40) (1184 -1184 -40)
4 86 93 (1184 -1240 -144) (1184 -1248 -144) (1168 -1248 -144) (1168 -1240 -144)
4 86 94 (1168 -1248 -144) (1152 -1248 -144) (1152 -1192 -144) (1168 -1192 -144)
4 86 91 (1184 -1176 -144) (1184 -1192 -144) (1152 -1192 -144) (1152 -1176 -144)
4 86 89 (1152 -1152 -144) (1184 -1152 -144) (1184 -1160 -144) (1152 -1160 -144)
4 86 88 (1056 -1152 -144) (1056 -1248 -144) (1056 -1248 -40) (1056 -1152 -40)
4 86 87 (1056 -1248 -144) (1184 -1248 -144) (1184 -1248 -40) (1056 -1248 -40)
4 87 95 (1264 -1280 -144) (1152 -1280 -144) (1152 -1272 -144) (1264 -1272 -144)
4 87 93 (1168 -1248 -144) (1248 -1248 -144) (1248 -1256 -144) (1168 -1256 -144)
4 87 94 (1152 -1248 -144) (1168 -1248 -144) (1168 -1256 -144) (1152 -1256 -144)
4 87 90 (1280 -1280 -144) (1264 -1280 -144) (1264 -1248 -144) (1280 -1248 -144)
4 87 88 (1056 -1248 -144) (1056 -1280 -144) (1056 -1280 -40) (1056 -1248 -40)
4 88 301 (1024 -1280 -144) (1024 -1280 -40) (1024 -1248 -40) (1024 -1248 -144)
4 88 297 (1024 -1248 -40) (1024 -1152 -40) (1024 -1152 -144) (1024 -1248 -144)
4 89 97 (1280 -1152 -160) (1280 -1160 -160) (1152 -1160 -160) (1152 -1152 -160)
4 89 90 (1280 -1160 -160) (1280 -1160 -144) (1264 -1160 -144) (1264 -1160 -160)
4 90 97 (1280 -1160 -160) (1280 -1280 -160) (1264 -1280 -160) (1264 -1160 -160)
4 90 95 (1264 -1272 -160) (1264 -1280 -160) (1264 -1280 -144) (1264 -1272 -144)
4 90 92 (1264 -1208 -160) (1264 -1224 -160) (1264 -1224 -144) (1264 -1208 -144)
4 91 97 (1248 -1176 -160) (1248 -1192 -160) (1152 -1192 -160) (1152 -1176 -160)
4 91 94 (1152 -1192 -160) (1168 -1192 -160) (1168 -1192 -144) (1152 -1192 -144)
4 92 97 (1264 -1208 -160) (1264 -1224 -160) (1184 -1224 -160) (1184 -1208 -160)
4 93 97 (1248 -1256 -160) (1168 -1256 -160) (1168 -1240 -160) (1248 -1240 -160)
4 93 94 (1168 -1240 -160) (1168 -1256 -160) (1168 -1256 -144) (1168 -1240 -144)
4 94 97 (1168 -1256 -160) (1152 -1256 -160) (1152 -1192 -160) (1168 -1192 -160)
4 95 97 (1264 -1280 -160) (1152 -1280 -160) (1152 -1272 -160) (1264 -1272 -160)
4 96 97 (1152 -1152 -168) (1152 -1152 -256) (1280 -1152 -256) (1280 -1152 -168)
4 97 98 (1152 -1152 -168) (1152 -1152 -256) (1152 -1280 -256) (1152 -1280 -168)
4 99 304 (128 0 328) (128 0 320) (128 -64 320) (128 -64 328)
4 99 303 (128 0 768) (128 0 328) (128 -64 328) (128 -64 768)
4 99 305 (128 -64 320) (128 -128 320) (128 -128 768) (128 -64 768)
4 99 204 (128 -128 640) (128 -128 320) (160 -128 320) (160 -128 640)
4 99 150 (160 -128 320) (576 -128 320) (576 -128 448) (160 -128 448)
4 99 148 (576 -128 320) (704 -128 320) (704 -128 448) (576 -128 448)
4 99 147 (704 -128 320) (864 -128 320) (864 -128 448) (704 -128 448)
4 99 110 (864 -128 448) (864 -128 640) (160 -128 640) (160 -128 448)
4 99 106 (864 -128 320) (1024 -128 320) (1024 -128 640) (864 -128 640)
4 99 105 (128 -128 768) (128 -128 640) (1024 -128 640) (1024 -128 768)
4 100 210 (256 -128 -40) (1024 -128 -40) (1024 -128 112) (256 -128 112)
4 100 209 (1024 -128 128) (1024 -128 256) (256 -128 256) (256 -128 128)
4 100 150 (576 -128 304) (256 -128 304) (256 -128 256) (576 -128 256)
4 100 149 (704 -128 304) (576 -128 304) (576 -128 256) (704 -128 256)
4 100 147 (864 -128 304) (704 -128 304) (704 -128 256) (864 -128 256)
4 100 106 (1024 -128 256) (1024 -128 304) (864 -128 304) (864 -128 256)
4 100 102 (1024 -128 -40) (256 -128 -40) (256 0 -40) (1024 0 -40)
4 101 309 (128 -32 -40) (128 -96 -40) (128 -96 -32) (128 -32 -32)
4 101 102 (128 -96 -40) (128 -32 -40) (224 -32 -40) (224 -96 -40)
4 102 312 (128 0 -40) (128 0 -144) (128 -128 -144) (128 -128 -40)
4 102 210 (256 -128 -144) (1024 -128 -144) (1024 -128 -40) (256 -128 -40)
4 103 211 (256 -128 -256) (1024 -128 -256) (1024 -128 -168) (256 -128 -168)
4 104 321 (128 -104 -256) (128 -128 -256) (128 -128 -168) (128 -104 -168)
4 104 319 (128 -8 -256) (128 -104 -256) (128 -104 -168) (128 -8 -168)
4 104 314 (128 0 -168) (128 0 -256) (128 -8 -256) (128 -8 -168)
4 105 306 (128 -736 768) (128 -608 768) (128 -608 640) (128 -736 640)
4 105 308 (128 -1280 640) (128 -1280 768) (128 -736 768) (128 -736 640)
4 105 305 (128 -608 768) (128 -128 768) (128 -128 640) (128 -608 640)
4 105 301 (1024 -1280 640) (128 -1280 640) (128 -1248 640) (1024 -1248 640)
4 105 206 (128 -720 640) (128 -680 640) (160 -680 640) (160 -720 640)
4 105 205 (128 -664 640) (128 -624 640) (160 -624 640) (160 -664 640)
4 105 207 (128 -1248 640) (128 -736 640) (160 -736 640) (160 -1248 640)
4 105 204 (128 -608 640) (128 -128 640) (160 -128 640) (160 -608 640)
4 105 203 (352 -1248 640) (160 -1248 640) (160 -928 640) (352 -928 640)
4 105 176 (736 -1248 640) (352 -1248 640) (352 -928 640) (736 -928 640)
4 105 175 (864 -928 640) (864 -1248 640) (736 -1248 640) (736 -928 640)
4 105 132 (608 -896 640) (576 -896 640) (576 -848 640) (608 -848 640)
4 105 131 (768 -896 640) (608 -896 640) (608 -848 640) (768 -848 640)
4 105 130 (576 -848 640) (576 -816 640) (768 -816 640) (768 -848 640)
4 105 134 (576 -896 640) (512 -896 640) (512 -816 640) (576 -816 640)
4 105 126 (576 -768 640) (576 -736 640) (736 -736 640) (736 -768 640)
4 105 128 (736 -816 640) (576 -816 640) (576 -768 640) (736 -768 640)
4 105 124 (768 -736 640) (768 -816 640) (736 -816 640) (736 -736 640)
4 105 122 (576 -576 640) (608 -576 640) (608 -736 640) (576 -736 640)
4 105 119 (608 -576 640) (768 -576 640) (768 -608 640) (608 -608 640)
4 105 121 (768 -608 640) (768 -736 640) (608 -736 640) (608 -608 640)
4 105 129 (512 -816 640) (512 -576 640) (576 -576 640) (576 -816 640)
4 105 115 (768 -528 640) (768 -576 640) (736 -576 640) (736 -528 640)
4 105 116 (736 -576 640) (576 -576 640) (576 -528 640) (736 -528 640)
4 105 114 (768 -496 640) (768 -528 640) (576 -528 640) (576 -496 640)
4 105 113 (576 -448 640) (608 -448 640) (608 -496 640) (576 -496 640)
4 105 112 (608 -448 640) (768 -448 640) (768 -496 640) (608 -496 640)
4 105 118 (512 -576 640) (512 -448 640) (576 -448 640) (576 -576 640)
4 105 111 (832 -896 640) (768 -896 640) (768 -448 640) (832 -448 640)
4 105 110 (160 -128 640) (864 -128 640) (864 -416 640) (160 -416 640)
4 105 107 (1024 -640 640) (1024 -704 640) (960 -704 640) (960 -640 640)
4 105 106 (864 -128 640) (1024 -128 640) (1024 -640 640) (864 -640 640)
4 105 109 (1024 -704 640) (1024 -1248 640) (864 -1248 640) (864 -704 640)
4 106 213 (1024 -608 256) (1024 -640 256) (864 -640 256) (864 -608 256)
4 106 212 (1024 -256 256) (1024 -608 256) (864 -608 256) (864 -256 256)
4 106 209 (864 -128 256) (1024 -128 256) (1024 -256 256) (864 -256 256)
4 106 147 (864 -128 448) (864 -128 256) (864 -416 256) (864 -416 448)
4 106 110 (864 -128 640) (864 -128 448) (864 -416 448) (864 -416 640)
4 106 107 (960 -640 624) (1024 -640 624) (1024 -640 640) (960 -640 640)
4 106 108 (864 -640 624) (864 -640 256) (1024 -640 256) (1024 -640 624)
4 107 108 (1024 -704 624) (960 -704 624) (960 -640 624) (1024 -640 624)
4 107 109 (1024 -704 624) (1024 -704 640) (960 -704 640) (960 -704 624)
4 108 213 (1024 -640 256) (1024 -704 256) (864 -704 256) (864 -640 256)
4 108 109 (864 -704 256) (1024 -704 256) (1024 -704 624) (864 -704 624)
4 109 301 (864 -1248 256) (1024 -1248 256) (1024 -1248 640) (864 -1248 640)
4 109 291 (1024 -928 256) (1024 -1248 256) (864 -1248 256) (864 -928 256)
4 109 213 (1024 -704 256) (1024 -736 256) (864 -736 256) (864 -704 256)
4 109 214 (1024 -736 256) (1024 -928 256) (864 -928 256) (864 -736 256)
4 109 175 (864 -928 256) (864 -1248 256) (864 -1248 640) (864 -928 640)
4 110 204 (160 -416 640) (160 -128 640) (160 -128 448) (160 -416 448)
4 110 150 (160 -416 448) (160 -128 448) (576 -128 448) (576 -416 448)
4 110 148 (576 -128 448) (704 -128 448) (704 -416 448) (576 -416 448)
4 110 147 (704 -128 448) (864 -128 448) (864 -416 448) (704 -416 448)
4 111 151 (768 -448 448) (832 -448 448) (832 -896 448) (768 -896 448)
4 111 131 (768 -896 576) (768 -896 640) (768 -848 640) (768 -848 576)
4 111 130 (768 -848 640) (768 -816 640) (768 -816 608) (768 -848 608)
4 111 133 (768 -816 448) (768 -896 448) (768 -896 576) (768 -816 576)
4 111 125 (768 -736 448) (768 -816 448) (768 -816 576) (768 -736 576)
4 111 124 (768 -816 608) (768 -816 640) (768 -736 640) (768 -736 608)
4 111 119 (768 -608 608) (768 -608 640) (768 -576 640) (768 -576 608)
4 111 120 (768 -576 448) (768 -608 448) (768 -608 576) (768 -576 576)
4 111 121 (768 -608 448) (768 -736 448) (768 -736 640) (768 -608 640)
4 111 115 (768 -576 608) (768 -576 640) (768 -528 640) (768 -528 608)
4 111 114 (768 -528 640) (768 -496 640) (768 -496 608) (768 -528 608)
4 111 112 (768 -496 640) (768 -448 640) (768 -448 576) (768 -496 576)
4 111 117 (768 -448 448) (768 -576 448) (768 -576 576) (768 -448 576)
4 112 114 (768 -496 608) (768 -496 640) (608 -496 640) (608 -496 608)
4 112 113 (608 -496 640) (608 -448 640) (608 -448 608) (608 -496 608)
4 112 117 (608 -448 576) (768 -448 576) (768 -496 576) (608 -496 576)
4 113 114 (608 -496 608) (608 -496 640) (576 -496 640) (576 -496 608)
4 113 118 (576 -496 640) (576 -448 640) (576 -448 608) (576 -496 608)
4 114 115 (736 -528 608) (768 -528 608) (768 -528 640) (736 -528 640)
4 114 116 (576 -528 640) (576 -528 608) (736 -528 608) (736 -528 640)
4 114 118 (576 -528 640) (576 -496 640) (576 -496 608) (576 -528 608)
4 115 119 (768 -576 608) (768 -576 640) (736 -576 640) (736 -576 608)
4 115 116 (736 -528 640) (736 -528 608) (736 -576 608) (736 -576 640)
4 116 122 (608 -576 640) (576 -576 640) (576 -576 608) (608 -576 608)
4 116 119 (736 -576 640) (608 -576 640) (608 -576 608) (736 -576 608)
4 116 118 (576 -576 576) (576 -576 640) (576 -528 640) (576 -528 576)
4 116 117 (736 -576 576) (576 -576 576) (576 -528 576) (736 -528 576)
4 117 152 (576 -448 448) (704 -448 448) (704 -576 448) (576 -576 448)
4 117 151 (704 -448 448) (768 -448 448) (768 -576 448) (704 -576 448)
4 117 123 (576 -576 448) (608 -576 448) (608 -576 576) (576 -576 576)
4 117 120 (608 -576 448) (768 -576 448) (768 -576 576) (608 -576 576)
4 117 118 (576 -448 448) (576 -576 448) (576 -576 576) (576 -448 576)
4 118 174 (512 -448 448) (576 -448 448) (576 -576 448) (512 -576 448)
4 118 135 (512 -448 512) (512 -448 448) (512 -576 448) (512 -576 512)
4 118 129 (512 -576 640) (512 -576 448) (576 -576 448) (576 -576 640)
4 119 122 (608 -608 608) (608 -608 640) (608 -576 640) (608 -576 608)
4 119 121 (768 -608 608) (768 -608 640) (608 -608 640) (608 -608 608)
4 120 157 (648 -608 448) (632 -608 448) (632 -576 448) (648 -576 448)
4 120 159 (632 -608 448) (608 -608 448) (608 -576 448) (632 -576 448)
4 120 154 (704 -608 448) (688 -608 448) (688 -576 448) (704 -576 448)
4 120 156 (688 -608 448) (648 -608 448) (648 -576 448) (688 -576 448)
4 120 151 (768 -576 448) (768 -608 448) (704 -608 448) (704 -576 448)
4 120 123 (608 -576 448) (608 -608 448) (608 -608 576) (608 -576 576)
4 120 121 (608 -608 448) (768 -608 448) (768 -608 576) (608 -608 576)
4 121 162 (704 -736 448) (608 -736 448) (608 -608 448) (704 -608 448)
4 121 151 (768 -608 448) (768 -736 448) (704 -736 448) (704 -608 448)
4 121 126 (736 -736 608) (736 -736 640) (608 -736 640) (608 -736 608)
4 121 127 (608 -736 448) (736 -736 448) (736 -736 576) (608 -736 576)
4 121 125 (736 -736 448) (768 -736 448) (768 -736 576) (736 -736 576)
4 121 124 (768 -736 608) (768 -736 640) (736 -736 640) (736 -736 608)
4 121 123 (608 -608 448) (608 -736 448) (608 -736 576) (608 -608 576)
4 121 122 (608 -736 608) (608 -736 640) (608 -608 640) (608 -608 608)
4 122 126 (608 -736 608) (608 -736 640) (576 -736 640) (576 -736 608)
4 122 129 (576 -736 608) (576 -736 640) (576 -576 640) (576 -576 608)
4 123 162 (608 -736 448) (576 -736 448) (576 -608 448) (608 -608 448)
4 123 160 (576 -608 448) (576 -576 448) (592 -576 448) (592 -608 448)
4 123 159 (592 -576 448) (608 -576 448) (608 -608 448) (592 -608 448)
4 123 127 (576 -736 448) (608 -736 448) (608 -736 576) (576 -736 576)
4 123 129 (576 -576 448) (576 -736 448) (576 -736 576) (576 -576 576)
4 124 130 (768 -816 608) (768 -816 640) (736 -816 640) (736 -816 608)
4 124 126 (736 -736 640) (736 -736 608) (736 -768 608) (736 -768 640)
4 124 128 (736 -768 608) (736 -816 608) (736 -816 640) (736 -768 640)
4 125 151 (768 -736 448) (768 -816 448) (736 -816 448) (736 -736 448)
4 125 133 (736 -816 448) (768 -816 448) (768 -816 576) (736 -816 576)
4 125 127 (736 -736 576) (736 -736 448) (736 -768 448) (736 -768 576)
4 125 128 (736 -768 448) (736 -816 448) (736 -816 576) (736 -768 576)
4 126 129 (576 -768 608) (576 -768 640) (576 -736 640) (576 -736 608)
4 126 128 (736 -768 608) (736 -768 640) (576 -768 640) (576 -768 608)
4 127 170 (576 -768 448) (576 -736 448) (592 -736 448) (592 -768 448)
4 127 169 (592 -736 448) (632 -736 448) (632 -768 448) (592 -768 448)
4 127 167 (632 -736 448) (648 -736 448) (648 -768 448) (632 -768 448)
4 127 164 (688 -736 448) (704 -736 448) (704 -768 448) (688 -768 448)
4 127 166 (648 -736 448) (688 -736 448) (688 -768 448) (648 -768 448)
4 127 151 (704 -736 448) (736 -736 448) (736 -768 448) (704 -768 448)
4 127 128 (576 -768 448) (736 -768 448) (736 -768 576) (576 -768 576)
4 127 129 (576 -736 448) (576 -768 448) (576 -768 576) (576 -736 576)
4 128 172 (704 -816 448) (576 -816 448) (576 -768 448) (704 -768 448)
4 128 151 (736 -816 448) (704 -816 448) (704 -768 448) (736 -768 448)
4 128 130 (736 -816 608) (736 -816 640) (576 -816 640) (576 -816 608)
4 128 133 (576 -816 448) (736 -816 448) (736 -816 576) (576 -816 576)
4 128 129 (576 -768 448) (576 -816 448) (576 -816 640) (576 -768 640)
4 129 174 (576 -816 448) (512 -816 448) (512 -576 448) (576 -576 448)
4 129 140 (512 -640 448) (512 -816 448) (512 -816 512) (512 -640 512)
4 129 135 (512 -576 448) (512 -640 448) (512 -640 512) (512 -576 512)
4 129 134 (512 -816 448) (576 -816 448) (576 -816 640) (512 -816 640)
4 130 132 (576 -848 640) (576 -848 608) (608 -848 608) (608 -848 640)
4 130 131 (608 -848 608) (768 -848 608) (768 -848 640) (608 -848 640)
4 130 134 (576 -816 640) (576 -816 608) (576 -848 608) (576 -848 640)
4 131 132 (608 -848 640) (608 -848 608) (608 -896 608) (608 -896 640)
4 131 133 (768 -896 576) (608 -896 576) (608 -848 576) (768 -848 576)
4 132 134 (576 -896 608) (576 -896 640) (576 -848 640) (576 -848 608)
4 133 172 (704 -896 448) (576 -896 448) (576 -816 448) (704 -816 448)
4 133 151 (768 -816 448) (768 -896 448) (704 -896 448) (704 -816 448)
4 133 134 (576 -816 576) (576 -816 448) (576 -896 448) (576 -896 576)
4 134 174 (576 -896 448) (512 -896 448) (512 -816 448) (576 -816 448)
4 134 140 (512 -816 448) (512 -896 448) (512 -896 512) (512 -816 512)
4 135 174 (320 -448 448) (512 -448 448) (512 -640 448) (320 -640 448)
4 135 140 (320 -640 448) (512 -640 448) (512 -640 512) (320 -640 512)
4 135 138 (320 -640 512) (320 -576 512) (320 -576 448) (320 -640 448)
4 135 136 (320 -512 512) (320 -448 512) (320 -448 448) (320 -512 448)
4 136 174 (192 -448 448) (320 -448 448) (320 -512 448) (192 -512 448)
4 136 139 (192 -512 512) (192 -512 448) (256 -512 448) (256 -512 512)
4 137 174 (264 -568 448) (264 -520 448) (312 -520 448) (312 -568 448)
4 138 174 (320 -576 448) (320 -640 448) (256 -640 448) (256 -576 448)
4 138 139 (256 -576 448) (256 -640 448) (256 -640 512) (256 -576 512)
4 139 174 (256 -640 448) (192 -640 448) (192 -512 448) (256 -512 448)
4 139 143 (192 -640 512) (192 -640 448) (256 -640 448) (256 -640 512)
4 140 174 (512 -640 448) (512 -896 448) (320 -896 448) (320 -640 448)
4 140 145 (320 -832 448) (320 -896 448) (320 -896 512) (320 -832 512)
4 140 142 (320 -704 448) (320 -768 448) (320 -768 512) (320 -704 512)
4 141 174 (312 -696 448) (264 -696 448) (264 -648 448) (312 -648 448)
4 142 174 (320 -704 448) (320 -768 448) (256 -768 448) (256 -704 448)
4 142 143 (256 -704 448) (256 -768 448) (256 -768 512) (256 -704 512)
4 143 174 (192 -768 448) (192 -640 448) (256 -640 448) (256 -768 448)
4 143 146 (192 -768 512) (192 -768 448) (256 -768 448) (256 -768 512)
4 144 174 (312 -776 448) (312 -824 448) (264 -824 448) (264 -776 448)
4 145 174 (320 -896 448) (256 -896 448) (256 -832 448) (320 -832 448)
4 145 146 (256 -832 448) (256 -896 448) (256 -896 512) (256 -832 512)
4 146 174 (256 -896 448) (192 -896 448) (192 -768 448) (256 -768 448)
4 147 217 (864 -256 256) (864 -416 256) (704 -416 256) (704 -256 256)
4 147 209 (704 -128 256) (864 -128 256) (864 -256 256) (704 -256 256)
4 147 149 (704 -128 304) (704 -128 256) (704 -416 256) (704 -416 304)
4 147 148 (704 -416 448) (704 -128 448) (704 -128 320) (704 -416 320)
4 148 152 (704 -448 320) (704 -448 448) (576 -448 448) (576 -448 320)
4 148 150 (576 -128 448) (576 -128 320) (576 -416 320) (576 -416 448)
4 149 217 (704 -256 256) (704 -416 256) (576 -416 256) (576 -256 256)
4 149 209 (576 -128 256) (704 -128 256) (704 -256 256) (576 -256 256)
4 149 150 (576 -128 304) (576 -128 256) (576 -416 256) (576 -416 304)
4 150 219 (384 -416 256) (160 -416 256) (160 -256 256) (384 -256 256)
4 150 218 (512 -416 256) (384 -416 256) (384 -256 256) (512 -256 256)
4 150 217 (576 -256 256) (576 -416 256) (512 -416 256) (512 -256 256)
4 150 209 (160 -128 256) (576 -128 256) (576 -256 256) (160 -256 256)
4 150 204 (160 -128 256) (160 -416 256) (160 -416 448) (160 -128 448)
4 151 267 (832 -896 256) (704 -896 256) (704 -736 256) (832 -736 256)
4 151 231 (704 -736 256) (704 -608 256) (832 -608 256) (832 -736 256)
4 151 230 (704 -608 256) (704 -448 256) (832 -448 256) (832 -608 256)
4 151 172 (704 -896 320) (704 -896 448) (704 -768 448) (704 -768 320)
4 151 173 (704 -768 256) (704 -896 256) (704 -896 304) (704 -768 304)
4 151 164 (704 -768 320) (704 -768 448) (704 -736 448) (704 -736 320)
4 151 165 (704 -736 256) (704 -768 256) (704 -768 304) (704 -736 304)
4 151 162 (704 -736 320) (704 -736 448) (704 -608 448) (704 -608 320)
4 151 163 (704 -608 256) (704 -736 256) (704 -736 304) (704 -608 304)
4 151 154 (704 -608 320) (704 -608 448) (704 -576 448) (704 -576 320)
4 151 155 (704 -576 256) (704 -608 256) (704 -608 304) (704 -576 304)
4 151 152 (704 -576 320) (704 -576 448) (704 -448 448) (704 -448 320)
4 151 153 (704 -448 256) (704 -576 256) (704 -576 304) (704 -448 304)
4 152 174 (576 -448 448) (576 -448 320) (576 -576 320) (576 -576 448)
4 152 160 (592 -576 448) (576 -576 448) (576 -576 320) (592 -576 320)
4 152 157 (648 -576 448) (632 -576 448) (632 -576 320) (648 -576 320)
4 152 159 (632 -576 448) (592 -576 448) (592 -576 320) (632 -576 320)
4 152 154 (704 -576 320) (704 -576 448) (688 -576 448) (688 -576 320)
4 152 156 (688 -576 448) (648 -576 448) (648 -576 320) (688 -576 320)
4 153 230 (576 -576 256) (576 -448 256) (704 -448 256) (704 -576 256)
4 153 174 (576 -448 304) (576 -448 256) (576 -576 256) (576 -576 304)
4 153 161 (576 -576 256) (592 -576 256) (592 -576 304) (576 -576 304)
4 153 158 (632 -576 256) (648 -576 256) (648 -576 304) (632 -576 304)
4 153 159 (592 -576 256) (632 -576 256) (632 -576 304) (592 -576 304)
4 153 155 (688 -576 256) (704 -576 256) (704 -576 304) (688 -576 304)
4 153 156 (648 -576 256) (688 -576 256) (688 -576 304) (648 -576 304)
4 154 162 (704 -608 320) (704 -608 448) (688 -608 448) (688 -608 320)
4 154 156 (688 -576 448) (688 -576 320) (688 -608 320) (688 -608 448)
4 155 230 (688 -576 256) (704 -576 256) (704 -608 256) (688 -608 256)
4 155 163 (688 -608 256) (704 -608 256) (704 -608 304) (688 -608 304)
4 155 156 (688 -576 304) (688 -576 256) (688 -608 256) (688 -608 304)
4 156 230 (648 -576 256) (688 -576 256) (688 -608 256) (648 -608 256)
4 156 162 (688 -608 320) (688 -608 448) (648 -608 448) (648 -608 320)
4 156 163 (648 -608 256) (688 -608 256) (688 -608 304) (648 -608 304)
4 156 158 (648 -576 256) (648 -608 256) (648 -608 304) (648 -576 304)
4 156 157 (648 -608 320) (648 -608 448) (648 -576 448) (648 -576 320)
4 157 162 (648 -608 320) (648 -608 448) (632 -608 448) (632 -608 320)
4 157 159 (632 -608 320) (632 -608 448) (632 -576 448) (632 -576 320)
4 158 230 (632 -576 256) (648 -576 256) (648 -608 256) (632 -608 256)
4 158 163 (632 -608 256) (648 -608 256) (648 -608 304) (632 -608 304)
4 158 159 (632 -576 256) (632 -608 256) (632 -608 304) (632 -576 304)
4 159 230 (592 -576 256) (632 -576 256) (632 -608 256) (592 -608 256)
4 159 162 (632 -608 320) (632 -608 448) (592 -608 448) (592 -608 320)
4 159 163 (592 -608 256) (632 -608 256) (632 -608 304) (592 -608 304)
4 159 160 (592 -576 448) (592 -576 320) (592 -608 320) (592 -608 448)
4 159 161 (592 -576 304) (592 -576 256) (592 -608 256) (592 -608 304)
4 160 174 (576 -608 320) (576 -608 448) (576 -576 448) (576 -576 320)
4 160 162 (576 -608 448) (576 -608 320) (592 -608 320) (592 -608 448)
4 161 230 (576 -608 256) (576 -576 256) (592 -576 256) (592 -608 256)
4 161 174 (576 -576 256) (576 -608 256) (576 -608 304) (576 -576 304)
4 161 163 (576 -608 304) (576 -608 256) (592 -608 256) (592 -608 304)
4 162 174 (576 -736 320) (576 -736 448) (576 -608 448) (576 -608 320)
4 162 170 (576 -736 448) (576 -736 320) (592 -736 320) (592 -736 448)
4 162 169 (592 -736 320) (632 -736 320) (632 -736 448) (592 -736 448)
4 162 167 (632 -736 320) (648 -736 320) (648 -736 448) (632 -736 448)
4 162 164 (688 -736 320) (704 -736 320) (704 -736 448) (688 -736 448)
4 162 166 (648 -736 320) (688 -736 320) (688 -736 448) (648 -736 448)
4 163 241 (576 -736 256) (576 -608 256) (672 -608 256) (672 -736 256)
4 163 239 (704 -720 256) (704 -736 256) (672 -736 256) (672 -720 256)
4 163 236 (704 -664 256) (704 -680 256) (672 -680 256) (672 -664 256)
4 163 237 (704 -680 256) (704 -720 256) (672 -720 256) (672 -680 256)
4 163 233 (672 -608 256) (704 -608 256) (704 -624 256) (672 -624 256)
4 163 234 (704 -624 256) (704 -664 256) (672 -664 256) (672 -624 256)
4 163 174 (576 -608 256) (576 -736 256) (576 -736 304) (576 -608 304)
4 163 171 (576 -736 304) (576 -736 256) (592 -736 256) (592 -736 304)
4 163 169 (592 -736 256) (632 -736 256) (632 -736 304) (592 -736 304)
4 163 168 (632 -736 256) (648 -736 256) (648 -736 304) (632 -736 304)
4 163 165 (688 -736 256) (704 -736 256) (704 -736 304) (688 -736 304)
4 163 166 (648 -736 256) (688 -736 256) (688 -736 304) (648 -736 304)
4 164 172 (704 -768 320) (704 -768 448) (688 -768 448) (688 -768 320)
4 164 166 (688 -768 320) (688 -768 448) (688 -736 448) (688 -736 320)
4 165 267 (688 -736 256) (704 -736 256) (704 -768 256) (688 -768 256)
4 165 173 (688 -768 256) (704 -768 256) (704 -768 304) (688 -768 304)
4 165 166 (688 -736 256) (688 -768 256) (688 -768 304) (688 -736 304)
4 166 267 (648 -736 256) (688 -736 256) (688 -768 256) (648 -768 256)
4 166 172 (688 -768 320) (688 -768 448) (648 -768 448) (648 -768 320)
4 166 173 (648 -768 256) (688 -768 256) (688 -768 304) (648 -768 304)
4 166 168 (648 -736 304) (648 -736 256) (648 -768 256) (648 -768 304)
4 166 167 (648 -736 448) (648 -736 320) (648 -768 320) (648 -768 448)
4 167 172 (648 -768 320) (648 -768 448) (632 -768 448) (632 -768 320)
4 167 169 (632 -768 320) (632 -768 448) (632 -736 448) (632 -736 320)
4 168 267 (632 -736 256) (648 -736 256) (648 -768 256) (632 -768 256)
4 168 173 (632 -768 256) (648 -768 256) (648 -768 304) (632 -768 304)
4 168 169 (632 -736 256) (632 -768 256) (632 -768 304) (632 -736 304)
4 169 267 (592 -736 256) (632 -736 256) (632 -768 256) (592 -768 256)
4 169 172 (632 -768 320) (632 -768 448) (592 -768 448) (592 -768 320)
4 169 173 (592 -768 256) (632 -768 256) (632 -768 304) (592 -768 304)
4 169 171 (592 -736 304) (592 -736 256) (592 -768 256) (592 -768 304)
4 169 170 (592 -736 448) (592 -736 320) (592 -768 320) (592 -768 448)
4 170 174 (576 -768 320) (576 -768 448) (576 -736 448) (576 -736 320)
4 170 172 (592 -768 320) (592 -768 448) (576 -768 448) (576 -768 320)
4 171 267 (576 -768 256) (576 -736 256) (592 -736 256) (592 -768 256)
4 171 174 (576 -736 256) (576 -768 256) (576 -768 304) (576 -736 304)
4 171 173 (576 -768 256) (592 -768 256) (592 -768 304) (576 -768 304)
4 172 188 (704 -896 320) (704 -896 448) (576 -896 448) (576 -896 320)
4 172 174 (576 -896 320) (576 -896 448) (576 -768 448) (576 -768 320)
4 173 267 (704 -896 256) (576 -896 256) (576 -768 256) (704 -768 256)
4 173 174 (576 -768 256) (576 -896 256) (576 -896 304) (576 -768 304)
4 174 276 (384 -896 256) (192 -896 256) (192 -448 256) (384 -448 256)
4 174 268 (512 -896 256) (384 -896 256) (384 -736 256) (512 -736 256)
4 174 267 (576 -896 256) (512 -896 256) (512 -736 256) (576 -736 256)
4 174 265 (384 -736 256) (384 -608 256) (416 -608 256) (416 -736 256)
4 174 264 (480 -736 256) (416 -736 256) (416 -704 256) (480 -704 256)
4 174 263 (416 -704 256) (416 -640 256) (480 -640 256) (480 -704 256)
4 174 262 (512 -640 256) (512 -736 256) (480 -736 256) (480 -640 256)
4 174 261 (416 -608 256) (512 -608 256) (512 -640 256) (416 -640 256)
4 174 259 (384 -608 256) (384 -576 256) (400 -576 256) (400 -608 256)
4 174 258 (400 -576 256) (440 -576 256) (440 -608 256) (400 -608 256)
4 174 256 (440 -576 256) (456 -576 256) (456 -608 256) (440 -608 256)
4 174 253 (496 -576 256) (512 -576 256) (512 -608 256) (496 -608 256)
4 174 254 (456 -576 256) (496 -576 256) (496 -608 256) (456 -608 256)
4 174 251 (384 -576 256) (384 -448 256) (512 -448 256) (512 -576 256)
4 174 249 (544 -736 256) (512 -736 256) (512 -720 256) (544 -720 256)
4 174 246 (512 -680 256) (512 -664 256) (544 -664 256) (544 -680 256)
4 174 247 (512 -720 256) (512 -680 256) (544 -680 256) (544 -720 256)
4 174 243 (512 -624 256) (512 -608 256) (544 -608 256) (544 -624 256)
4 174 244 (512 -664 256) (512 -624 256) (544 -624 256) (544 -664 256)
4 174 241 (576 -608 256) (576 -736 256) (544 -736 256) (544 -608 256)
4 174 230 (512 -448 256) (576 -448 256) (576 -608 256) (512 -608 256)
4 175 301 (736 -1248 256) (864 -1248 256) (864 -1248 640) (736 -1248 640)
4 175 291 (864 -928 256) (864 -1248 256) (736 -1248 256) (736 -928 256)
4 175 176 (736 -1248 528) (736 -1248 640) (736 -928 640) (736 -928 528)
4 176 301 (736 -1248 528) (736 -1248 640) (352 -1248 640) (352 -1248 528)
4 176 203 (352 -1248 528) (352 -1248 640) (352 -928 640) (352 -928 528)
4 177 182 (672 -960 512) (560 -960 512) (560 -960 504) (672 -960 504)
4 177 179 (672 -928 504) (672 -960 504) (560 -960 504) (560 -928 504)
4 178 185 (528 -960 512) (416 -960 512) (416 -960 504) (528 -960 504)
4 178 179 (528 -928 504) (528 -960 504) (416 -960 504) (416 -928 504)
4 179 189 (384 -960 448) (384 -928 448) (576 -928 448) (576 -960 448)
4 179 188 (576 -928 448) (704 -928 448) (704 -960 448) (576 -960 448)
4 179 186 (416 -960 504) (384 -960 504) (384 -960 448) (416 -960 448)
4 179 185 (528 -960 504) (416 -960 504) (416 -960 448) (528 -960 448)
4 179 183 (560 -960 504) (528 -960 504) (528 -960 448) (560 -960 448)
4 179 182 (672 -960 504) (560 -960 504) (560 -960 448) (672 -960 448)
4 179 180 (704 -960 448) (704 -960 504) (672 -960 504) (672 -960 448)
4 180 188 (672 -960 448) (704 -960 448) (704 -1056 448) (672 -1056 448)
4 180 182 (672 -960 448) (672 -1056 448) (672 -1056 512) (672 -960 512)
4 180 181 (672 -1056 448) (704 -1056 448) (704 -1056 504) (672 -1056 504)
4 181 190 (704 -1088 448) (704 -1088 464) (672 -1088 464) (672 -1088 448)
4 181 188 (704 -1056 448) (704 -1088 448) (672 -1088 448) (672 -1056 448)
4 181 182 (672 -1056 448) (672 -1088 448) (672 -1088 504) (672 -1056 504)
4 182 190 (576 -1088 464) (576 -1088 448) (672 -1088 448) (672 -1088 464)
4 182 189 (560 -960 448) (576 -960 448) (576 -1088 448) (560 -1088 448)
4 182 188 (576 -960 448) (672 -960 448) (672 -1088 448) (576 -1088 448)
4 182 184 (560 -1056 448) (560 -1088 448) (560 -1088 504) (560 -1056 504)
4 182 183 (560 -960 512) (560 -960 448) (560 -1056 448) (560 -1056 512)
4 183 189 (528 -960 448) (560 -960 448) (560 -1056 448) (528 -1056 448)
4 183 185 (528 -960 512) (528 -960 448) (528 -1056 448) (528 -1056 512)
4 183 184 (528 -1056 448) (560 -1056 448) (560 -1056 504) (528 -1056 504)
4 184 189 (560 -1056 448) (560 -1088 448) (528 -1088 448) (528 -1056 448)
4 184 185 (528 -1056 448) (528 -1088 448) (528 -1088 504) (528 -1056 504)
4 185 189 (416 -960 448) (528 -960 448) (528 -1088 448) (416 -1088 448)
4 185 187 (416 -1056 448) (416 -1088 448) (416 -1088 504) (416 -1056 504)
4 185 186 (416 -960 448) (416 -1056 448) (416 -1056 512) (416 -960 512)
4 186 189 (384 -1056 448) (384 -960 448) (416 -960 448) (416 -1056 448)
4 186 187 (384 -1056 504) (384 -1056 448) (416 -1056 448) (416 -1056 504)
4 187 189 (384 -1088 448) (384 -1056 448) (416 -1056 448) (416 -1088 448)
4 188 190 (704 -1088 320) (704 -1088 448) (576 -1088 448) (576 -1088 320)
4 188 189 (576 -1088 320) (576 -1088 448) (576 -928 448) (576 -928 320)
4 189 293 (384 -1088 256) (384 -928 256) (576 -928 256) (576 -1088 256)
4 189 191 (384 -1088 256) (576 -1088 256) (576 -1088 352) (384 -1088 352)
4 190 292 (576 -1088 256) (704 -1088 256) (704 -1120 256) (576 -1120 256)
4 190 195 (704 -1120 352) (704 -1120 464) (576 -1120 464) (576 -1120 352)
4 190 196 (576 -1120 256) (704 -1120 256) (704 -1120 352) (576 -1120 352)
4 190 191 (576 -1088 256) (576 -1120 256) (576 -1120 352) (576 -1088 352)
4 191 293 (384 -1120 256) (384 -1088 256) (576 -1088 256) (576 -1120 256)
4 191 202 (384 -1120 352) (384 -1120 256) (416 -1120 256) (416 -1120 352)
4 191 200 (416 -1120 256) (512 -1120 256) (512 -1120 352) (416 -1120 352)
4 191 199 (512 -1120 256) (544 -1120 256) (544 -1120 352) (512 -1120 352)
4 191 196 (544 -1120 256) (576 -1120 256) (576 -1120 352) (544 -1120 352)
4 192 195 (672 -1120 504) (704 -1120 504) (704 -1184 504) (672 -1184 504)
4 192 193 (672 -1120 512) (672 -1120 504) (672 -1184 504) (672 -1184 512)
4 193 195 (576 -1120 504) (672 -1120 504) (672 -1184 504) (576 -1184 504)
4 193 194 (608 -1184 504) (672 -1184 504) (672 -1184 512) (608 -1184 512)
4 194 195 (608 -1184 504) (672 -1184 504) (672 -1216 504) (608 -1216 504)
4 195 196 (704 -1216 352) (576 -1216 352) (576 -1120 352) (704 -1120 352)
4 196 292 (576 -1120 256) (704 -1120 256) (704 -1216 256) (576 -1216 256)
4 196 293 (544 -1120 256) (576 -1120 256) (576 -1216 256) (544 -1216 256)
4 196 199 (544 -1120 256) (544 -1216 256) (544 -1216 352) (544 -1120 352)
4 198 200 (512 -1120 368) (512 -1120 360) (512 -1184 360) (512 -1184 368)
4 198 199 (512 -1184 360) (512 -1120 360) (544 -1120 360) (544 -1184 360)
4 199 293 (512 -1120 256) (544 -1120 256) (544 -1216 256) (512 -1216 256)
4 199 200 (512 -1216 256) (512 -1216 360) (512 -1120 360) (512 -1120 256)
4 200 293 (416 -1120 256) (512 -1120 256) (512 -1216 256) (416 -1216 256)
4 200 201 (416 -1120 368) (416 -1120 360) (416 -1184 360) (416 -1184 368)
4 200 202 (416 -1120 360) (416 -1120 256) (416 -1216 256) (416 -1216 360)
4 201 202 (384 -1120 360) (416 -1120 360) (416 -1184 360) (384 -1184 360)
4 202 293 (384 -1216 256) (384 -1120 256) (416 -1120 256) (416 -1216 256)
4 203 301 (160 -1248 256) (352 -1248 256) (352 -1248 640) (160 -1248 640)
4 203 296 (352 -1248 256) (160 -1248 256) (160 -928 256) (352 -928 256)
4 203 207 (160 -1248 624) (160 -1248 640) (160 -928 640) (160 -928 624)
4 203 208 (160 -928 256) (160 -1248 256) (160 -1248 624) (160 -928 624)
4 204 311 (128 -256 256) (128 -608 256) (128 -608 320) (128 -256 320)
4 204 305 (128 -608 640) (128 -128 640) (128 -128 320) (128 -608 320)
4 204 279 (128 -608 256) (128 -448 256) (160 -448 256) (160 -608 256)
4 204 226 (128 -448 256) (128 -256 256) (160 -256 256) (160 -448 256)
4 204 209 (128 -256 256) (128 -128 256) (160 -128 256) (160 -256 256)
4 204 208 (128 -608 624) (128 -608 256) (160 -608 256) (160 -608 624)
4 205 208 (128 -664 624) (128 -624 624) (160 -624 624) (160 -664 624)
4 206 208 (128 -720 624) (128 -680 624) (160 -680 624) (160 -720 624)
4 207 308 (128 -1248 624) (128 -1248 640) (128 -736 640) (128 -736 624)
4 207 301 (128 -1248 640) (128 -1248 624) (160 -1248 624) (160 -1248 640)
4 207 208 (160 -1248 624) (128 -1248 624) (128 -736 624) (160 -736 624)
4 208 311 (128 -1248 256) (128 -1248 320) (128 -608 320) (128 -608 256)
4 208 307 (128 -736 624) (128 -608 624) (128 -608 320) (128 -736 320)
4 208 308 (128 -1248 320) (128 -1248 624) (128 -736 624) (128 -736 320)
4 208 301 (128 -1248 624) (128 -1248 256) (160 -1248 256) (160 -1248 624)
4 208 296 (128 -1248 256) (128 -928 256) (160 -928 256) (160 -1248 256)
4 208 279 (128 -928 256) (128 -608 256) (160 -608 256) (160 -928 256)
4 209 226 (160 -256 256) (128 -256 256) (128 -256 128) (160 -256 128)
4 209 219 (384 -256 256) (160 -256 256) (160 -256 128) (384 -256 128)
4 209 218 (512 -256 256) (384 -256 256) (384 -256 128) (512 -256 128)
4 209 217 (864 -256 256) (512 -256 256) (512 -256 128) (864 -256 128)
4 209 212 (1024 -256 128) (1024 -256 256) (864 -256 256) (864 -256 128)
4 210 220 (512 -256 112) (384 -256 112) (384 -256 -160) (512 -256 -160)
4 210 221 (384 -256 112) (256 -256 112) (256 -256 -160) (384 -256 -160)
4 210 217 (864 -256 112) (512 -256 112) (512 -256 -160) (864 -256 -160)
4 210 215 (1024 -256 -160) (1024 -256 112) (864 -256 112) (864 -256 -160)
4 210 211 (256 -128 -160) (1024 -128 -160) (1024 -256 -160) (256 -256 -160)
4 211 224 (352 -256 -160) (256 -256 -160) (256 -256 -256) (352 -256 -256)
4 211 223 (864 -256 -160) (352 -256 -160) (352 -256 -256) (864 -256 -256)
4 211 216 (1024 -256 -256) (1024 -256 -160) (864 -256 -160) (864 -256 -256)
4 212 217 (864 -416 256) (864 -256 256) (864 -256 112) (864 -416 112)
4 212 215 (864 -608 112) (864 -256 112) (1024 -256 112) (1024 -608 112)
4 212 213 (864 -608 256) (864 -608 128) (1024 -608 128) (1024 -608 256)
4 213 228 (864 -736 256) (864 -608 256) (864 -608 128) (864 -736 128)
4 213 214 (1024 -736 128) (1024 -736 256) (864 -736 256) (864 -736 128)
4 214 291 (1024 -928 112) (1024 -928 256) (864 -928 256) (864 -928 112)
4 214 215 (1024 -928 112) (864 -928 112) (864 -736 112) (1024 -736 112)
4 215 298 (1024 -928 -160) (1024 -928 -144) (864 -928 -144) (864 -928 -160)
4 215 297 (1024 -928 -144) (1024 -928 80) (864 -928 80) (864 -928 -144)
4 215 291 (1024 -928 80) (1024 -928 112) (864 -928 112) (864 -928 80)
4 215 217 (864 -416 112) (864 -256 112) (864 -256 -160) (864 -416 -160)
4 215 216 (864 -928 -160) (864 -256 -160) (1024 -256 -160) (1024 -928 -160)
4 216 299 (864 -928 -256) (1024 -928 -256) (1024 -928 -160) (864 -928 -160)
4 216 229 (864 -608 -256) (864 -736 -256) (864 -736 -176) (864 -608 -176)
4 216 223 (864 -256 -256) (864 -416 -256) (864 -416 -160) (864 -256 -160)
4 217 223 (512 -416 -160) (512 -256 -160) (864 -256 -160) (864 -416 -160)
4 217 220 (512 -256 112) (512 -256 -160) (512 -416 -160) (512 -416 112)
4 217 218 (512 -416 256) (512 -256 256) (512 -256 128) (512 -416 128)
4 218 251 (512 -448 256) (384 -448 256) (384 -448 128) (512 -448 128)
4 218 219 (384 -416 256) (384 -256 256) (384 -256 128) (384 -416 128)
4 219 226 (160 -416 256) (160 -256 256) (160 -256 128) (160 -416 128)
4 219 221 (160 -256 128) (384 -256 128) (384 -416 128) (160 -416 128)
4 220 223 (384 -256 -160) (512 -256 -160) (512 -416 -160) (384 -416 -160)
4 220 221 (384 -256 112) (384 -256 -160) (384 -416 -160) (384 -416 112)
4 221 226 (160 -416 128) (160 -256 128) (160 -256 -160) (160 -416 -160)
4 221 225 (160 -416 -160) (160 -256 -160) (192 -256 -160) (192 -416 -160)
4 221 224 (192 -256 -160) (352 -256 -160) (352 -416 -160) (192 -416 -160)
4 221 223 (352 -256 -160) (384 -256 -160) (384 -416 -160) (352 -416 -160)
4 221 222 (192 -416 -24) (192 -416 -160) (352 -416 -160) (352 -416 -24)
4 222 280 (352 -448 -144) (352 -448 -24) (192 -448 -24) (192 -448 -144)
4 222 224 (352 -448 -160) (192 -448 -160) (192 -416 -160) (352 -416 -160)
4 223 224 (352 -256 -256) (352 -416 -256) (352 -416 -160) (352 -256 -160)
4 224 284 (192 -448 -256) (352 -448 -256) (352 -448 -168) (192 -448 -168)
4 224 225 (192 -256 -160) (192 -256 -256) (192 -416 -256) (192 -416 -160)
4 225 227 (160 -256 -256) (160 -416 -256) (160 -416 -160) (160 -256 -160)
4 226 324 (128 -448 -144) (128 -448 -40) (128 -256 -40) (128 -256 -144)
4 226 311 (128 -448 -40) (128 -448 256) (128 -256 256) (128 -256 -40)
4 226 280 (128 -448 -24) (128 -448 -144) (160 -448 -144) (160 -448 -24)
4 226 279 (128 -448 256) (128 -448 -24) (160 -448 -24) (160 -448 256)
4 226 227 (128 -256 -160) (160 -256 -160) (160 -448 -160) (128 -448 -160)
4 227 326 (128 -256 -256) (128 -448 -256) (128 -448 -168) (128 -256 -168)
4 227 284 (128 -448 -168) (128 -448 -256) (160 -448 -256) (160 -448 -168)
4 228 231 (832 -608 128) (832 -736 128) (832 -736 256) (832 -608 256)
4 229 275 (832 -608 -256) (832 -736 -256) (832 -736 -176) (832 -608 -176)
4 230 275 (512 -448 64) (832 -448 64) (832 -608 64) (512 -608 64)
4 230 253 (512 -608 128) (512 -608 256) (512 -576 256) (512 -576 128)
4 230 255 (512 -576 64) (512 -608 64) (512 -608 112) (512 -576 112)
4 230 251 (512 -448 256) (512 -448 128) (512 -576 128) (512 -576 256)
4 230 252 (512 -448 112) (512 -448 64) (512 -576 64) (512 -576 112)
4 230 243 (544 -608 128) (544 -608 256) (512 -608 256) (512 -608 128)
4 230 245 (512 -608 64) (544 -608 64) (544 -608 112) (512 -608 112)
4 230 241 (672 -608 128) (672 -608 256) (544 -608 256) (544 -608 128)
4 230 242 (544 -608 64) (672 -608 64) (672 -608 112) (544 -608 112)
4 230 233 (704 -608 128) (704 -608 256) (672 -608 256) (672 -608 128)
4 230 235 (672 -608 64) (704 -608 64) (704 -608 112) (672 -608 112)
4 230 231 (832 -608 128) (832 -608 256) (704 -608 256) (704 -608 128)
4 230 232 (704 -608 64) (832 -608 64) (832 -608 112) (704 -608 112)
4 231 267 (832 -736 128) (832 -736 256) (704 -736 256) (704 -736 128)
4 231 239 (704 -720 128) (704 -736 128) (704 -736 256) (704 -720 256)
4 231 236 (704 -664 128) (704 -680 128) (704 -680 256) (704 -664 256)
4 231 237 (704 -680 128) (704 -720 128) (704 -720 256) (704 -680 256)
4 231 233 (704 -608 256) (704 -608 128) (704 -624 128) (704 -624 256)
4 231 234 (704 -624 128) (704 -664 128) (704 -664 256) (704 -624 256)
4 232 275 (832 -608 64) (832 -736 64) (704 -736 64) (704 -608 64)
4 232 267 (704 -736 64) (832 -736 64) (832 -736 112) (704 -736 112)
4 232 240 (704 -720 64) (704 -736 64) (704 -736 112) (704 -720 112)
4 232 238 (704 -664 64) (704 -720 64) (704 -720 112) (704 -664 112)
4 232 235 (704 -608 112) (704 -608 64) (704 -664 64) (704 -664 112)
4 233 241 (672 -624 256) (672 -608 256) (672 -608 128) (672 -624 128)
4 233 234 (672 -624 256) (672 -624 128) (704 -624 128) (704 -624 256)
4 234 241 (672 -664 128) (672 -664 256) (672 -624 256) (672 -624 128)
4 234 236 (672 -664 256) (672 -664 128) (704 -664 128) (704 -664 256)
4 234 235 (672 -664 112) (672 -624 112) (704 -624 112) (704 -664 112)
4 235 275 (672 -664 64) (672 -608 64) (704 -608 64) (704 -664 64)
4 235 242 (672 -608 64) (672 -664 64) (672 -664 112) (672 -608 112)
4 235 238 (672 -664 112) (672 -664 64) (704 -664 64) (704 -664 112)
4 236 241 (672 -680 256) (672 -664 256) (672 -664 128) (672 -680 128)
4 236 237 (704 -680 128) (704 -680 256) (672 -680 256) (672 -680 128)
4 237 241 (672 -720 128) (672 -720 256) (672 -680 256) (672 -680 128)
4 237 239 (704 -720 128) (704 -720 256) (672 -720 256) (672 -720 128)
4 237 238 (672 -720 112) (672 -680 112) (704 -680 112) (704 -720 112)
4 238 275 (672 -720 64) (672 -664 64) (704 -664 64) (704 -720 64)
4 238 242 (672 -664 64) (672 -720 64) (672 -720 112) (672 -664 112)
4 238 240 (672 -720 64) (704 -720 64) (704 -720 112) (672 -720 112)
4 239 267 (704 -736 128) (704 -736 256) (672 -736 256) (672 -736 128)
4 239 241 (672 -736 128) (672 -736 256) (672 -720 256) (672 -720 128)
4 240 275 (704 -736 64) (672 -736 64) (672 -720 64) (704 -720 64)
4 240 267 (672 -736 64) (704 -736 64) (704 -736 112) (672 -736 112)
4 240 242 (672 -720 64) (672 -736 64) (672 -736 112) (672 -720 112)
4 241 267 (672 -736 128) (672 -736 256) (544 -736 256) (544 -736 128)
4 241 249 (544 -720 128) (544 -736 128) (544 -736 256) (544 -720 256)
4 241 246 (544 -664 128) (544 -680 128) (544 -680 256) (544 -664 256)
4 241 247 (544 -680 128) (544 -720 128) (544 -720 256) (544 -680 256)
4 241 243 (544 -608 256) (544 -608 128) (544 -624 128) (544 -624 256)
4 241 244 (544 -624 128) (544 -664 128) (544 -664 256) (544 -624 256)
4 242 275 (672 -736 64) (544 -736 64) (544 -608 64) (672 -608 64)
4 242 267 (544 -736 64) (672 -736 64) (672 -736 112) (544 -736 112)
4 242 250 (544 -720 64) (544 -736 64) (544 -736 112) (544 -720 112)
4 242 248 (544 -664 64) (544 -720 64) (544 -720 112) (544 -664 112)
4 242 245 (544 -608 112) (544 -608 64) (544 -664 64) (544 -664 112)
4 243 261 (512 -624 256) (512 -608 256) (512 -608 128) (512 -624 128)
4 243 244 (512 -624 256) (512 -624 128) (544 -624 128) (544 -624 256)
4 244 262 (512 -664 128) (512 -664 256) (512 -640 256) (512 -640 128)
4 244 261 (512 -640 256) (512 -624 256) (512 -624 128) (512 -640 128)
4 244 246 (512 -664 256) (512 -664 128) (544 -664 128) (544 -664 256)
4 244 245 (512 -664 112) (512 -624 112) (544 -624 112) (544 -664 112)
4 245 275 (512 -664 64) (512 -608 64) (544 -608 64) (544 -664 64)
4 245 266 (512 -608 64) (512 -664 64) (512 -664 112) (512 -608 112)
4 245 248 (512 -664 112) (512 -664 64) (544 -664 64) (544 -664 112)
4 246 262 (512 -680 256) (512 -664 256) (512 -664 128) (512 -680 128)
4 246 247 (544 -680 128) (544 -680 256) (512 -680 256) (512 -680 128)
4 247 262 (512 -720 128) (512 -720 256) (512 -680 256) (512 -680 128)
4 247 249 (544 -720 128) (544 -720 256) (512 -720 256) (512 -720 128)
4 247 248 (512 -720 112) (512 -680 112) (544 -680 112) (544 -720 112)
4 248 275 (512 -720 64) (512 -664 64) (544 -664 64) (544 -720 64)
4 248 266 (512 -664 64) (512 -720 64) (512 -720 112) (512 -664 112)
4 248 250 (512 -720 64) (544 -720 64) (544 -720 112) (512 -720 112)
4 249 267 (544 -736 128) (544 -736 256) (512 -736 256) (512 -736 128)
4 249 262 (512 -736 128) (512 -736 256) (512 -720 256) (512 -720 128)
4 250 275 (544 -736 64) (512 -736 64) (512 -720 64) (544 -720 64)
4 250 267 (512 -736 64) (544 -736 64) (544 -736 112) (512 -736 112)
4 250 266 (512 -720 64) (512 -736 64) (512 -736 112) (512 -720 112)
4 251 276 (384 -576 256) (384 -448 256) (384 -448 128) (384 -576 128)
4 251 259 (400 -576 256) (384 -576 256) (384 -576 128) (400 -576 128)
4 251 258 (440 -576 256) (400 -576 256) (400 -576 128) (440 -576 128)
4 251 256 (456 -576 256) (440 -576 256) (440 -576 128) (456 -576 128)
4 251 253 (512 -576 128) (512 -576 256) (496 -576 256) (496 -576 128)
4 251 254 (496 -576 256) (456 -576 256) (456 -576 128) (496 -576 128)
4 252 276 (384 -448 112) (384 -448 64) (384 -576 64) (384 -576 112)
4 252 275 (384 -576 64) (384 -448 64) (512 -448 64) (512 -576 64)
4 252 260 (384 -576 64) (440 -576 64) (440 -576 112) (384 -576 112)
4 252 257 (440 -576 64) (456 -576 64) (456 -576 112) (440 -576 112)
4 252 255 (456 -576 64) (512 -576 64) (512 -576 112) (456 -576 112)
4 253 261 (512 -608 128) (512 -608 256) (496 -608 256) (496 -608 128)
4 253 254 (496 -576 256) (496 -576 128) (496 -608 128) (496 -608 256)
4 254 261 (496 -608 256) (456 -608 256) (456 -608 128) (496 -608 128)
4 254 256 (456 -576 256) (456 -576 128) (456 -608 128) (456 -608 256)
4 254 255 (456 -576 112) (496 -576 112) (496 -608 112) (456 -608 112)
4 255 275 (456 -576 64) (512 -576 64) (512 -608 64) (456 -608 64)
4 255 266 (456 -608 64) (512 -608 64) (512 -608 112) (456 -608 112)
4 255 257 (456 -576 112) (456 -576 64) (456 -608 64) (456 -608 112)
4 256 261 (456 -608 128) (456 -608 256) (440 -608 256) (440 -608 128)
4 256 258 (440 -608 128) (440 -608 256) (440 -576 256) (440 -576 128)
4 257 275 (440 -576 64) (456 -576 64) (456 -608 64) (440 -608 64)
4 257 266 (440 -608 64) (456 -608 64) (456 -608 112) (440 -608 112)
4 257 260 (440 -576 64) (440 -608 64) (440 -608 112) (440 -576 112)
4 258 265 (416 -608 128) (416 -608 256) (400 -608 256) (400 -608 128)
4 258 261 (440 -608 128) (440 -608 256) (416 -608 256) (416 -608 128)
4 258 259 (400 -608 128) (400 -608 256) (400 -576 256) (400 -576 128)
4 258 260 (400 -576 112) (440 -576 112) (440 -608 112) (400 -608 112)
4 259 276 (384 -608 256) (384 -576 256) (384 -576 128) (384 -608 128)
4 259 265 (384 -608 256) (384 -608 128) (400 -608 128) (400 -608 256)
4 260 276 (384 -576 112) (384 -576 64) (384 -608 64) (384 -608 112)
4 260 275 (384 -608 64) (384 -576 64) (440 -576 64) (440 -608 64)
4 260 266 (384 -608 112) (384 -608 64) (440 -608 64) (440 -608 112)
4 261 265 (416 -640 256) (416 -608 256) (416 -608 128) (416 -640 128)
4 261 263 (480 -640 256) (416 -640 256) (416 -640 136) (480 -640 136)
4 261 262 (512 -640 128) (512 -640 256) (480 -640 256) (480 -640 128)
4 262 268 (512 -736 128) (512 -736 256) (480 -736 256) (480 -736 128)
4 262 264 (480 -704 128) (480 -736 128) (480 -736 256) (480 -704 256)
4 262 263 (480 -640 256) (480 -640 136) (480 -704 136) (480 -704 256)
4 263 265 (416 -704 256) (416 -640 256) (416 -640 136) (416 -704 136)
4 263 264 (480 -704 136) (480 -704 256) (416 -704 256) (416 -704 136)
4 264 268 (480 -736 128) (480 -736 256) (416 -736 256) (416 -736 128)
4 264 265 (416 -736 128) (416 -736 256) (416 -704 256) (416 -704 128)
4 265 276 (384 -736 256) (384 -608 256) (384 -608 128) (384 -736 128)
4 265 268 (384 -736 256) (384 -736 128) (416 -736 128) (416 -736 256)
4 266 276 (384 -608 112) (384 -608 64) (384 -736 64) (384 -736 112)
4 266 275 (384 -736 64) (384 -608 64) (512 -608 64) (512 -736 64)
4 266 273 (384 -736 112) (384 -736 64) (440 -736 64) (440 -736 112)
4 266 271 (440 -736 64) (456 -736 64) (456 -736 112) (440 -736 112)
4 266 270 (456 -736 64) (512 -736 64) (512 -736 112) (456 -736 112)
4 267 275 (512 -896 64) (512 -736 64) (832 -736 64) (832 -896 64)
4 267 274 (512 -768 64) (512 -896 64) (512 -896 112) (512 -768 112)
4 267 270 (512 -736 112) (512 -736 64) (512 -768 64) (512 -768 112)
4 267 268 (512 -736 256) (512 -736 128) (512 -896 128) (512 -896 256)
4 268 293 (512 -928 256) (384 -928 256) (384 -928 128) (512 -928 128)
4 268 276 (384 -896 256) (384 -736 256) (384 -736 128) (384 -896 128)
4 268 272 (400 -736 128) (440 -736 128) (440 -768 128) (400 -768 128)
4 268 269 (456 -736 128) (496 -736 128) (496 -768 128) (456 -768 128)
4 269 270 (496 -768 112) (456 -768 112) (456 -736 112) (496 -736 112)
4 270 275 (456 -736 64) (512 -736 64) (512 -768 64) (456 -768 64)
4 270 274 (456 -768 64) (512 -768 64) (512 -768 112) (456 -768 112)
4 270 271 (456 -736 64) (456 -768 64) (456 -768 112) (456 -736 112)
4 271 275 (440 -736 64) (456 -736 64) (456 -768 64) (440 -768 64)
4 271 274 (440 -768 64) (456 -768 64) (456 -768 112) (440 -768 112)
4 271 273 (440 -736 112) (440 -736 64) (440 -768 64) (440 -768 112)
4 272 273 (400 -736 112) (440 -736 112) (440 -768 112) (400 -768 112)
4 273 276 (384 -736 112) (384 -736 64) (384 -768 64) (384 -768 112)
4 273 275 (384 -768 64) (384 -736 64) (440 -736 64) (440 -768 64)
4 273 274 (384 -768 112) (384 -768 64) (440 -768 64) (440 -768 112)
4 274 276 (384 -768 112) (384 -768 64) (384 -896 64) (384 -896 112)
4 274 275 (384 -896 64) (384 -768 64) (512 -768 64) (512 -896 64)
4 275 277 (384 -896 0) (384 -896 64) (384 -448 64) (384 -448 0)
4 276 277 (192 -896 64) (192 -448 64) (384 -448 64) (384 -896 64)
4 278 280 (192 -448 -24) (320 -448 -24) (320 -896 -24) (192 -896 -24)
4 279 311 (128 -928 -24) (128 -928 256) (128 -448 256) (128 -448 -24)
4 279 297 (128 -928 80) (128 -928 -24) (160 -928 -24) (160 -928 80)
4 279 296 (128 -928 256) (128 -928 80) (160 -928 80) (160 -928 256)
4 279 283 (128 -928 -24) (128 -896 -24) (160 -896 -24) (160 -928 -24)
4 279 280 (128 -896 -24) (128 -448 -24) (160 -448 -24) (160 -896 -24)
4 280 324 (128 -448 -40) (128 -448 -144) (128 -896 -144) (128 -896 -40)
4 280 311 (128 -896 -24) (128 -448 -24) (128 -448 -40) (128 -896 -40)
4 280 283 (128 -896 -24) (128 -896 -144) (160 -896 -144) (160 -896 -24)
4 280 282 (192 -896 -144) (352 -896 -144) (352 -896 -24) (192 -896 -24)
4 280 281 (192 -736 -144) (192 -608 -144) (320 -608 -144) (320 -736 -144)
4 281 285 (320 -608 -160) (320 -736 -160) (192 -736 -160) (192 -608 -160)
4 282 298 (192 -928 -160) (352 -928 -160) (352 -928 -144) (192 -928 -144)
4 282 297 (352 -928 -144) (352 -928 -24) (192 -928 -24) (192 -928 -144)
4 282 289 (352 -928 -160) (192 -928 -160) (192 -896 -160) (352 -896 -160)
4 283 324 (128 -928 -144) (128 -928 -40) (128 -896 -40) (128 -896 -144)
4 283 311 (128 -928 -40) (128 -928 -24) (128 -896 -24) (128 -896 -40)
4 283 298 (128 -928 -144) (128 -928 -160) (160 -928 -160) (160 -928 -144)
4 283 297 (128 -928 -24) (128 -928 -144) (160 -928 -144) (160 -928 -24)
4 283 290 (160 -928 -160) (128 -928 -160) (128 -896 -160) (160 -896 -160)
4 284 326 (128 -448 -256) (128 -576 -256) (128 -576 -168) (128 -448 -168)
4 284 287 (128 -576 -168) (128 -576 -256) (160 -576 -256) (160 -576 -168)
4 285 327 (320 -608 -256) (320 -736 -256) (192 -736 -256) (192 -608 -256)
4 286 287 (128 -736 -168) (128 -608 -168) (160 -608 -168) (160 -736 -168)
4 287 326 (128 -576 -256) (128 -768 -256) (128 -768 -168) (128 -576 -168)
4 287 288 (128 -768 -168) (128 -768 -256) (160 -768 -256) (160 -768 -168)
4 288 326 (128 -768 -256) (128 -896 -256) (128 -896 -168) (128 -768 -168)
4 288 290 (128 -896 -168) (128 -896 -256) (160 -896 -256) (160 -896 -168)
4 288 289 (192 -896 -256) (352 -896 -256) (352 -896 -168) (192 -896 -168)
4 289 299 (192 -928 -256) (352 -928 -256) (352 -928 -160) (192 -928 -160)
4 290 326 (128 -896 -256) (128 -928 -256) (128 -928 -168) (128 -896 -168)
4 290 299 (128 -928 -160) (128 -928 -256) (160 -928 -256) (160 -928 -160)
4 291 301 (736 -1248 80) (1024 -1248 80) (1024 -1248 256) (736 -1248 256)
4 291 297 (1024 -1248 80) (736 -1248 80) (736 -928 80) (1024 -928 80)
4 292 294 (704 -1088 128) (704 -1216 128) (576 -1216 128) (576 -1088 128)
4 292 293 (576 -1216 128) (576 -1216 256) (576 -1088 256) (576 -1088 128)
4 295 297 (384 -1216 80) (384 -960 80) (704 -960 80) (704 -1216 80)
4 296 311 (128 -1248 80) (128 -1248 256) (128 -928 256) (128 -928 80)
4 296 301 (128 -1248 256) (128 -1248 80) (352 -1248 80) (352 -1248 256)
4 296 297 (352 -1248 80) (128 -1248 80) (128 -928 80) (352 -928 80)
4 297 324 (128 -1248 -144) (128 -1248 -40) (128 -928 -40) (128 -928 -144)
4 297 311 (128 -1248 -40) (128 -1248 80) (128 -928 80) (128 -928 -40)
4 297 301 (128 -1248 80) (128 -1248 -144) (1024 -1248 -144) (1024 -1248 80)
4 297 298 (128 -1152 -144) (128 -928 -144) (1024 -928 -144) (1024 -1152 -144)
4 298 299 (128 -1152 -160) (128 -928 -160) (1024 -928 -160) (1024 -1152 -160)
4 299 326 (128 -928 -256) (128 -1152 -256) (128 -1152 -168) (128 -928 -168)
4 299 300 (128 -1152 -168) (128 -1152 -256) (1024 -1152 -256) (1024 -1152 -168)
4 300 326 (128 -1152 -256) (128 -1248 -256) (128 -1248 -168) (128 -1152 -168)
4 300 302 (128 -1248 -168) (128 -1248 -256) (1024 -1248 -256) (1024 -1248 -168)
4 301 324 (128 -1280 -144) (128 -1280 -40) (128 -1248 -40) (128 -1248 -144)
4 301 311 (128 -1280 -40) (128 -1280 320) (128 -1248 320) (128 -1248 -40)
4 301 308 (128 -1280 320) (128 -1280 640) (128 -1248 640) (128 -1248 320)
4 302 326 (128 -1248 -256) (128 -1280 -256) (128 -1280 -168) (128 -1248 -168)
4 303 304 (64 0 328) (128 0 328) (128 -64 328) (64 -64 328)
4 303 305 (128 -64 328) (128 -64 768) (0 -64 768) (0 -64 328)
4 304 305 (64 -64 320) (128 -64 320) (128 -64 328) (64 -64 328)
4 305 311 (128 -256 320) (128 -608 320) (0 -608 320) (0 -256 320)
4 305 306 (0 -608 768) (0 -608 640) (128 -608 640) (128 -608 768)
4 305 307 (0 -608 624) (0 -608 320) (128 -608 320) (128 -608 624)
4 306 330 (0 -736 640) (0 -736 768) (0 -608 768) (0 -608 640)
4 306 308 (128 -736 640) (128 -736 768) (0 -736 768) (0 -736 640)
4 307 311 (128 -608 320) (128 -736 320) (0 -736 320) (0 -608 320)
4 307 308 (0 -736 320) (128 -736 320) (128 -736 624) (0 -736 624)
4 308 311 (128 -736 320) (128 -1280 320) (0 -1280 320) (0 -736 320)
4 309 312 (96 -32 -40) (128 -32 -40) (128 -96 -40) (96 -96 -40)
4 309 310 (96 -32 -32) (96 -32 -40) (96 -96 -40) (96 -96 -32)
4 310 324 (96 -128 -40) (96 -224 -40) (32 -224 -40) (32 -128 -40)
4 310 312 (32 -32 -40) (96 -32 -40) (96 -128 -40) (32 -128 -40)
4 311 324 (128 -1280 -40) (0 -1280 -40) (0 -256 -40) (128 -256 -40)
4 312 324 (128 -128 -144) (128 -128 -40) (0 -128 -40) (0 -128 -144)
4 312 322 (0 -128 -144) (0 -8 -144) (16 -8 -144) (16 -128 -144)
4 312 320 (128 -120 -144) (128 -128 -144) (16 -128 -144) (16 -120 -144)
4 312 318 (112 -104 -144) (32 -104 -144) (32 -88 -144) (112 -88 -144)
4 312 317 (16 -72 -144) (16 -56 -144) (96 -56 -144) (96 -72 -144)
4 312 316 (128 -40 -144) (128 -104 -144) (112 -104 -144) (112 -40 -144)
4 312 315 (128 -24 -144) (128 -40 -144) (32 -40 -144) (32 -24 -144)
4 312 313 (0 -8 -144) (0 0 -144) (128 0 -144) (128 -8 -144)
4 313 322 (0 -8 -144) (0 -8 -160) (16 -8 -160) (16 -8 -144)
4 313 314 (0 -8 -160) (0 0 -160) (128 0 -160) (128 -8 -160)
4 314 323 (0 -8 -160) (0 -8 -256) (16 -8 -256) (16 -8 -160)
4 314 319 (16 -8 -256) (128 -8 -256) (128 -8 -160) (16 -8 -160)
4 315 316 (128 -40 -160) (128 -40 -144) (112 -40 -144) (112 -40 -160)
4 315 319 (128 -24 -160) (128 -40 -160) (32 -40 -160) (32 -24 -160)
4 316 318 (112 -88 -160) (112 -104 -160) (112 -104 -144) (112 -88 -144)
4 316 319 (112 -40 -160) (128 -40 -160) (128 -104 -160) (112 -104 -160)
4 317 322 (16 -56 -160) (16 -72 -160) (16 -72 -144) (16 -56 -144)
4 317 319 (16 -72 -160) (16 -56 -160) (96 -56 -160) (96 -72 -160)
4 318 319 (112 -88 -160) (112 -104 -160) (32 -104 -160) (32 -88 -160)
4 319 323 (16 -8 -160) (16 -8 -256) (16 -104 -256) (16 -104 -160)
4 319 321 (16 -104 -256) (128 -104 -256) (128 -104 -160) (16 -104 -160)
4 320 322 (16 -128 -160) (16 -128 -144) (16 -120 -144) (16 -120 -160)
4 320 321 (16 -128 -160) (16 -120 -160) (128 -120 -160) (128 -128 -160)
4 321 325 (16 -128 -256) (128 -128 -256) (128 -128 -168) (16 -128 -168)
4 321 323 (16 -104 -256) (16 -128 -256) (16 -128 -160) (16 -104 -160)
4 322 323 (16 -8 -160) (16 -128 -160) (0 -128 -160) (0 -8 -160)
4 323 325 (0 -128 -256) (16 -128 -256) (16 -128 -168) (0 -128 -168)
4 327 328 (192 -608 -448) (192 -736 -448) (192 -736 -344) (192 -608 -344)
4 328 329 (160 -608 -448) (160 -736 -448) (160 -736 -344) (160 -608 -344)
4 329 331 (0 -736 -344) (0 -736 -336) (0 -608 -336) (0 -608 -344)
4 329 332 (0 -608 -448) (0 -736 -448) (0 -736 -344) (0 -608 -344)
4 330 333 (-64 -736 768) (-64 -608 768) (-64 -608 640) (-64 -736 640)
4 331 332 (-32 -608 -344) (0 -608 -344) (0 -736 -344) (-32 -736 -344)
4 332 333 (-64 -608 -344) (-64 -608 -448) (-64 -736 -448) (-64 -736 -344)
