PRT1-AM
154
541
154
4 1 151 (2496 1920 -1024 ) (2496 -832 -1024 ) (2496 -832 -1008 ) (2496 1920 -1008 ) 
4 2 151 (-1408 1920 -1024 ) (2496 1920 -1024 ) (2496 1920 -1008 ) (-1408 1920 -1008 ) 
4 3 131 (2496 -832 -64 ) (1600 -832 -64 ) (1600 864 -64 ) (2496 864 -64 ) 
4 3 130 (1600 864 -64 ) (1600 1920 -64 ) (2496 1920 -64 ) (2496 864 -64 ) 
4 3 48 (1600 112 -64 ) (1600 -320 -64 ) (1600 -320 160 ) (1600 112 160 ) 
4 3 46 (1600 400 -64 ) (1600 384 -64 ) (1600 384 -48 ) (1600 400 -48 ) 
4 3 47 (1600 128 -64 ) (1600 112 -64 ) (1600 112 -48 ) (1600 128 -48 ) 
4 3 35 (1600 112 -48 ) (1600 112 144 ) (1600 400 144 ) (1600 400 -48 ) 
4 3 34 (1600 112 156 ) (1600 112 160 ) (1600 400 160 ) (1600 400 156 ) 
4 3 32 (1600 832 -64 ) (1600 400 -64 ) (1600 400 160 ) (1600 832 160 ) 
4 3 29 (1600 192 192 ) (1600 320 192 ) (1600 320 160 ) (1600 192 160 ) 
4 3 28 (1600 320 192 ) (1600 832 192 ) (1600 832 160 ) (1600 320 160 ) 
4 3 31 (1600 -320 160 ) (1600 -320 192 ) (1600 192 192 ) (1600 192 160 ) 
4 3 24 (1600 -320 192 ) (1600 -320 256 ) (1600 832 256 ) (1600 832 192 ) 
4 3 19 (1600 -320 256 ) (1600 -320 320 ) (1600 832 320 ) (1600 832 256 ) 
4 3 7 (1600 -128 352 ) (1600 632 352 ) (1600 632 320 ) (1600 -128 320 ) 
4 3 14 (1600 -320 320 ) (1600 -320 352 ) (1600 -128 352 ) (1600 -128 320 ) 
4 3 6 (1600 632 352 ) (1600 832 352 ) (1600 832 320 ) (1600 632 320 ) 
4 3 5 (1600 -320 352 ) (1600 -320 768 ) (1600 832 768 ) (1600 832 352 ) 
4 3 110 (1600 -320 -64 ) (1600 -832 -64 ) (1600 -832 768 ) (1600 -320 768 ) 
4 3 4 (1600 1920 -64 ) (1600 832 -64 ) (1600 832 768 ) (1600 1920 768 ) 
4 4 135 (1088 832 -64 ) (128 832 -64 ) (128 864 -64 ) (1088 864 -64 ) 
4 4 133 (1120 832 -64 ) (1088 832 -64 ) (1088 864 -64 ) (1120 864 -64 ) 
4 4 147 (128 832 -64 ) (96 832 -64 ) (96 864 -64 ) (128 864 -64 ) 
4 4 131 (1600 864 -64 ) (1600 832 -64 ) (1120 832 -64 ) (1120 864 -64 ) 
4 4 130 (96 1920 -64 ) (1600 1920 -64 ) (1600 864 -64 ) (96 864 -64 ) 
4 4 149 (32 832 -64 ) (32 1920 -64 ) (96 1920 -64 ) (96 832 -64 ) 
4 4 111 (32 1920 768 ) (32 1920 -64 ) (32 832 -64 ) (32 832 768 ) 
4 4 103 (32 832 128 ) (32 832 -64 ) (128 832 -64 ) (128 832 128 ) 
4 4 102 (32 832 160 ) (32 832 128 ) (144 832 128 ) (144 832 160 ) 
3 4 98 (144 832 192 ) (144 832 224 ) (128 832 224 ) 
4 4 99 (128 832 160 ) (144 832 160 ) (144 832 192 ) (128 832 224 ) 
4 4 101 (32 832 256 ) (32 832 160 ) (128 832 160 ) (128 832 256 ) 
4 4 50 (1072 832 128 ) (1072 832 224 ) (144 832 224 ) (144 832 128 ) 
4 4 33 (1088 832 128 ) (1088 832 160 ) (1072 832 160 ) (1072 832 128 ) 
4 4 32 (1088 832 -64 ) (1600 832 -64 ) (1600 832 160 ) (1088 832 160 ) 
4 4 28 (1600 832 160 ) (1600 832 192 ) (1072 832 192 ) (1072 832 160 ) 
3 4 26 (1072 832 224 ) (1072 832 192 ) (1088 832 224 ) 
3 4 25 (1072 832 192 ) (1088 832 192 ) (1088 832 224 ) 
4 4 24 (1600 832 192 ) (1600 832 256 ) (1088 832 256 ) (1088 832 192 ) 
4 4 23 (32 832 320 ) (32 832 256 ) (128 832 256 ) (128 832 320 ) 
4 4 19 (1088 832 256 ) (1600 832 256 ) (1600 832 320 ) (1088 832 320 ) 
4 4 6 (32 832 352 ) (32 832 320 ) (1600 832 320 ) (1600 832 352 ) 
4 4 5 (32 832 768 ) (32 832 352 ) (1600 832 352 ) (1600 832 768 ) 
4 5 112 (32 112 768 ) (32 400 768 ) (32 400 352 ) (32 112 352 ) 
4 5 128 (32 -320 352 ) (32 -320 768 ) (32 112 768 ) (32 112 352 ) 
4 5 111 (32 400 768 ) (32 832 768 ) (32 832 352 ) (32 400 352 ) 
4 5 17 (32 -128 352 ) (32 -120 352 ) (312 -120 352 ) (312 -128 352 ) 
4 5 18 (32 -320 352 ) (32 -128 352 ) (320 -128 352 ) (320 -320 352 ) 
4 5 16 (32 -120 352 ) (32 632 352 ) (312 632 352 ) (312 -120 352 ) 
4 5 12 (896 616 352 ) (896 -120 352 ) (320 -120 352 ) (320 616 352 ) 
4 5 9 (896 624 352 ) (896 616 352 ) (320 616 352 ) (320 624 352 ) 
4 5 7 (904 632 352 ) (1600 632 352 ) (1600 -128 352 ) (904 -128 352 ) 
4 5 14 (1600 -128 352 ) (1600 -320 352 ) (320 -320 352 ) (320 -128 352 ) 
4 5 6 (32 632 352 ) (32 832 352 ) (1600 832 352 ) (1600 632 352 ) 
4 5 110 (1600 -320 352 ) (1600 -320 768 ) (32 -320 768 ) (32 -320 352 ) 
4 6 111 (32 632 352 ) (32 832 352 ) (32 832 320 ) (32 632 320 ) 
4 6 23 (32 632 320 ) (32 832 320 ) (128 832 320 ) (128 632 320 ) 
6 6 22 (862.781311 632 320 ) (354.390625 632 320 ) (360.106476 635.295654 320 ) (377.712219 640 320 ) (836.285767 640 320 ) (859.973572 633.622498 320 ) 
4 6 21 (896 640 320 ) (896 632 320 ) (866 632 320 ) (836.285767 640 320 ) 
4 6 19 (1088 832 320 ) (1600 832 320 ) (1600 632 320 ) (1088 632 320 ) 
4 6 16 (312 632 352 ) (32 632 352 ) (32 632 320 ) (312 632 320 ) 
4 6 10 (888 632 320 ) (896 632 320 ) (896 632 344 ) (888 632 344 ) 
4 6 11 (320 632 344 ) (320 632 320 ) (888 632 320 ) (888 632 344 ) 
4 6 8 (896 632 344 ) (896 632 320 ) (904 632 320 ) (904 632 344 ) 
4 6 7 (1600 632 320 ) (1600 632 352 ) (904 632 352 ) (904 632 320 ) 
4 7 19 (1088 632 320 ) (1600 632 320 ) (1600 -128 320 ) (1088 -128 320 ) 
4 7 8 (904 632 344 ) (904 632 320 ) (904 -128 320 ) (904 -128 344 ) 
4 7 14 (904 -128 320 ) (1600 -128 320 ) (1600 -128 352 ) (904 -128 352 ) 
4 8 12 (896 616 320 ) (896 -120 320 ) (896 -120 344 ) (896 616 344 ) 
4 8 10 (896 632 320 ) (896 624 320 ) (896 624 344 ) (896 632 344 ) 
4 8 14 (896 -128 320 ) (904 -128 320 ) (904 -128 344 ) (896 -128 344 ) 
4 9 12 (896 616 344 ) (896 616 352 ) (320 616 352 ) (320 616 344 ) 
4 9 11 (320 616 344 ) (320 624 344 ) (888 624 344 ) (888 616 344 ) 
5 10 21 (888 632 320 ) (896 632 320 ) (896 624 320 ) (895.714355 624 320 ) (888 626.076965 320 ) 
4 10 11 (888 624 344 ) (888 632 344 ) (888 632 320 ) (888 624 320 ) 
6 11 22 (354.390625 632 320 ) (862.781311 632 320 ) (870.406494 627.593567 320 ) (882 616 320 ) (334 616 320 ) (344.021301 626.021301 320 ) 
3 11 21 (866 632 320 ) (888 632 320 ) (888 626.076965 320 ) 
4 11 15 (320 624 320 ) (320 616 320 ) (320 616 344 ) (320 624 344 ) 
4 11 12 (320 616 320 ) (888 616 320 ) (888 616 344 ) (320 616 344 ) 
18 12 22 (320 -73.571419 320 ) (320 587.727295 320 ) (323.364990 600.320557 320 ) (330.234009 612.234009 320 ) (334 616 320 ) (882 616 320 ) (884.063782 613.936279 320 ) (892.162781 599.889526 320 ) (896 585.500000 320 ) (896 -72.684219 320 ) (891.853455 -88.116951 320 ) (883.598999 -102.401001 320 ) (869.721863 -116.278145 320 ) (863.281311 -120 320 ) (353.390625 -120 320 ) (345.382996 -115.382988 320 ) (332.315521 -102.315514 320 ) (323.746552 -87.487198 320 ) 
4 12 15 (320 616 320 ) (320 -120 320 ) (320 -120 344 ) (320 616 344 ) 
4 12 13 (320 -120 344 ) (320 -120 320 ) (888 -120 320 ) (888 -120 344 ) 
6 13 22 (353.390625 -120 320 ) (863.281311 -120 320 ) (857.808716 -123.162498 320 ) (839.804443 -128 320 ) (375.500000 -128 320 ) (360.180237 -123.914726 320 ) 
4 13 14 (320 -128 320 ) (888 -128 320 ) (888 -128 344 ) (320 -128 344 ) 
4 14 20 (896 -256 320 ) (896 -128 320 ) (1024 -128 320 ) (1024 -256 320 ) 
4 14 19 (1600 -320 320 ) (1088 -320 320 ) (1088 -128 320 ) (1600 -128 320 ) 
4 14 18 (320 -128 320 ) (320 -320 320 ) (320 -320 352 ) (320 -128 352 ) 
4 14 110 (1600 -320 320 ) (1600 -320 352 ) (320 -320 352 ) (320 -320 320 ) 
4 15 16 (312 624 320 ) (312 -120 320 ) (312 -120 344 ) (312 624 344 ) 
4 16 112 (32 112 352 ) (32 400 352 ) (32 400 320 ) (32 112 320 ) 
4 16 128 (32 -120 352 ) (32 112 352 ) (32 112 320 ) (32 -120 320 ) 
4 16 111 (32 400 352 ) (32 632 352 ) (32 632 320 ) (32 400 320 ) 
4 16 23 (32 -120 320 ) (32 632 320 ) (128 632 320 ) (128 -120 320 ) 
4 16 17 (312 -120 352 ) (32 -120 352 ) (32 -120 320 ) (312 -120 320 ) 
4 17 128 (32 -128 352 ) (32 -120 352 ) (32 -120 320 ) (32 -128 320 ) 
4 17 23 (32 -128 320 ) (32 -120 320 ) (128 -120 320 ) (128 -128 320 ) 
4 17 18 (32 -128 352 ) (32 -128 320 ) (312 -128 320 ) (312 -128 352 ) 
4 18 128 (32 -320 320 ) (32 -320 352 ) (32 -128 352 ) (32 -128 320 ) 
4 18 23 (128 -320 320 ) (32 -320 320 ) (32 -128 320 ) (128 -128 320 ) 
4 18 110 (320 -320 352 ) (32 -320 352 ) (32 -320 320 ) (320 -320 320 ) 
4 19 24 (1088 832 256 ) (1600 832 256 ) (1600 -320 256 ) (1088 -320 256 ) 
4 19 110 (1600 -320 256 ) (1600 -320 320 ) (1088 -320 320 ) (1088 -320 256 ) 
4 20 93 (1008 -256 256 ) (896 -256 256 ) (896 -240 256 ) (1008 -240 256 ) 
4 20 60 (896 -240 256 ) (896 -128 256 ) (1008 -128 256 ) (1008 -240 256 ) 
4 20 53 (1024 -128 256 ) (1024 -256 256 ) (1008 -256 256 ) (1008 -128 256 ) 
3 21 62 (884 627.153870 256 ) (836.285767 640 256 ) (884 640 256 ) 
4 21 55 (896 640 256 ) (896 623.923096 256 ) (884 627.153870 256 ) (884 640 256 ) 
4 21 22 (836.285950 640 320 ) (836.285950 640 256 ) (859.973450 633.622559 256 ) (859.973450 633.622559 320 ) 
4 22 65 (576 -128 256 ) (512 -128 256 ) (512 -120 256 ) (576 -120 256 ) 
5 22 67 (512 -128 256 ) (375.500000 -128 256 ) (360.180237 -123.914726 256 ) (353.390625 -120 256 ) (512 -120 256 ) 
5 22 64 (863.281311 -120 256 ) (857.808716 -123.162498 256 ) (839.804443 -128 256 ) (576 -128 256 ) (576 -120 256 ) 
8 22 62 (342 624 256 ) (344.021301 626.021301 256 ) (360.106476 635.295654 256 ) (377.712219 640 256 ) (836.285767 640 256 ) (859.973572 633.622498 256 ) (870.406494 627.593567 256 ) (874 624 256 ) 
5 22 60 (896 112 256 ) (896 -72.684219 256 ) (891.853455 -88.116951 256 ) (884 -101.707085 256 ) (884 112 256 ) 
4 22 57 (896 400 256 ) (896 112 256 ) (884 112 256 ) (884 400 256 ) 
6 22 55 (896 585.500000 256 ) (896 400 256 ) (884 400 256 ) (884 614 256 ) (884.063782 613.936279 256 ) (892.162781 599.889526 256 ) 
4 23 112 (32 112 320 ) (32 400 320 ) (32 400 256 ) (32 112 256 ) 
4 23 128 (32 -320 256 ) (32 -320 320 ) (32 112 320 ) (32 112 256 ) 
4 23 111 (32 400 320 ) (32 832 320 ) (32 832 256 ) (32 400 256 ) 
4 23 101 (32 -320 256 ) (32 832 256 ) (128 832 256 ) (128 -320 256 ) 
4 23 110 (128 -320 320 ) (32 -320 320 ) (32 -320 256 ) (128 -320 256 ) 
4 24 29 (1600 320 192 ) (1600 192 192 ) (1104 192 192 ) (1104 320 192 ) 
4 24 30 (1096 192 192 ) (1088 192 192 ) (1088 320 192 ) (1096 320 192 ) 
4 24 28 (1088 832 192 ) (1600 832 192 ) (1600 320 192 ) (1088 320 192 ) 
4 24 31 (1600 192 192 ) (1600 -320 192 ) (1088 -320 192 ) (1088 192 192 ) 
4 24 25 (1088 -320 224 ) (1088 832 224 ) (1088 832 192 ) (1088 -304 192 ) 
3 24 27 (1088 -320 192 ) (1088 -320 224 ) (1088 -304 192 ) 
4 24 110 (1600 -320 192 ) (1600 -320 256 ) (1088 -320 256 ) (1088 -320 192 ) 
4 25 30 (1072 192 192 ) (1072 320 192 ) (1088 320 192 ) (1088 192 192 ) 
4 25 28 (1072 320 192 ) (1072 832 192 ) (1088 832 192 ) (1088 320 192 ) 
4 25 31 (1072 -304 192 ) (1072 192 192 ) (1088 192 192 ) (1088 -304 192 ) 
3 25 26 (1088 832 224 ) (1072 832 192 ) (1072 816 192 ) 
3 25 27 (1072 -304 192 ) (1088 -304 192 ) (1088 -320 224 ) 
3 26 50 (1072 832 224 ) (1072 832 192 ) (1072 816 192 ) 
3 27 97 (1072 -304 192 ) (1072 -320 192 ) (1072 -320 224 ) 
4 27 31 (1072 -320 192 ) (1072 -304 192 ) (1088 -304 192 ) (1088 -320 192 ) 
4 27 110 (1072 -320 224 ) (1072 -320 192 ) (1088 -320 192 ) (1088 -320 224 ) 
4 28 50 (1072 832 192 ) (1072 832 160 ) (1072 816 160 ) (1072 816 192 ) 
4 28 41 (1096 400 160 ) (1120 400 160 ) (1120 384 160 ) (1096 384 160 ) 
4 28 42 (1120 384 160 ) (1120 320 160 ) (1096 320 160 ) (1096 384 160 ) 
4 28 34 (1120 400 160 ) (1600 400 160 ) (1600 320 160 ) (1120 320 160 ) 
4 28 33 (1072 400 160 ) (1072 832 160 ) (1088 832 160 ) (1088 400 160 ) 
4 28 32 (1088 832 160 ) (1600 832 160 ) (1600 400 160 ) (1088 400 160 ) 
4 28 29 (1104 320 160 ) (1600 320 160 ) (1600 320 192 ) (1104 320 192 ) 
4 28 30 (1072 320 192 ) (1072 320 160 ) (1096 320 160 ) (1096 320 192 ) 
4 29 42 (1104 320 160 ) (1120 320 160 ) (1120 192 160 ) (1104 192 160 ) 
4 29 34 (1120 320 160 ) (1600 320 160 ) (1600 192 160 ) (1120 192 160 ) 
4 29 31 (1104 192 160 ) (1600 192 160 ) (1600 192 192 ) (1104 192 192 ) 
4 30 31 (1072 192 160 ) (1096 192 160 ) (1096 192 192 ) (1072 192 192 ) 
4 31 97 (1072 -304 160 ) (1072 -320 160 ) (1072 -320 192 ) (1072 -304 192 ) 
4 31 49 (1088 -320 160 ) (1072 -320 160 ) (1072 112 160 ) (1088 112 160 ) 
4 31 48 (1600 -320 160 ) (1088 -320 160 ) (1088 112 160 ) (1600 112 160 ) 
4 31 43 (1120 128 160 ) (1120 112 160 ) (1096 112 160 ) (1096 128 160 ) 
4 31 42 (1096 192 160 ) (1120 192 160 ) (1120 128 160 ) (1096 128 160 ) 
4 31 34 (1120 192 160 ) (1600 192 160 ) (1600 112 160 ) (1120 112 160 ) 
4 31 110 (1600 -320 160 ) (1600 -320 192 ) (1072 -320 192 ) (1072 -320 160 ) 
4 32 133 (1088 832 -64 ) (1120 832 -64 ) (1120 400 -64 ) (1088 400 -64 ) 
4 32 131 (1120 832 -64 ) (1600 832 -64 ) (1600 400 -64 ) (1120 400 -64 ) 
4 32 46 (1088 400 -48 ) (1088 400 -64 ) (1600 400 -64 ) (1600 400 -48 ) 
5 32 41 (1120 400 160 ) (1096 400 160 ) (1096 400 48 ) (1100 400 16 ) (1120 400 -16 ) 
4 32 45 (1088 400 -16 ) (1088 400 -48 ) (1120 400 -48 ) (1120 400 -16 ) 
4 32 35 (1584 400 -48 ) (1600 400 -48 ) (1600 400 144 ) (1584 400 144 ) 
4 32 34 (1600 400 160 ) (1120 400 160 ) (1120 400 156 ) (1600 400 156 ) 
4 32 33 (1088 832 160 ) (1088 832 128 ) (1088 400 128 ) (1088 400 160 ) 
4 33 50 (1072 832 160 ) (1072 832 128 ) (1072 816 128 ) (1072 816 160 ) 
4 34 48 (1600 112 156 ) (1600 112 160 ) (1120 112 160 ) (1120 112 156 ) 
4 34 43 (1120 128 156 ) (1120 112 156 ) (1120 112 160 ) (1120 128 160 ) 
4 34 41 (1120 400 160 ) (1120 400 156 ) (1120 384 156 ) (1120 384 160 ) 
4 34 42 (1120 384 156 ) (1120 128 156 ) (1120 128 160 ) (1120 384 160 ) 
4 35 48 (1584 112 -48 ) (1600 112 -48 ) (1600 112 144 ) (1584 112 144 ) 
4 35 46 (1584 400 -48 ) (1600 400 -48 ) (1600 384 -48 ) (1584 384 -48 ) 
4 35 47 (1600 128 -48 ) (1600 112 -48 ) (1584 112 -48 ) (1584 128 -48 ) 
4 35 40 (1584 128 144 ) (1584 324 144 ) (1584 324 -48 ) (1584 128 -48 ) 
4 35 37 (1584 384 -48 ) (1584 324 -48 ) (1584 324 124 ) (1584 384 124 ) 
4 35 36 (1584 324 144 ) (1584 384 144 ) (1584 384 124 ) (1584 324 124 ) 
4 36 42 (1120 384 124 ) (1120 324 124 ) (1120 324 144 ) (1120 384 144 ) 
4 36 40 (1120 324 144 ) (1120 324 124 ) (1584 324 124 ) (1584 324 144 ) 
4 36 39 (1120 324 124 ) (1120 384 124 ) (1244 384 124 ) (1244 324 124 ) 
4 36 38 (1272 356 124 ) (1272 324 124 ) (1244 324 124 ) (1244 356 124 ) 
4 36 37 (1272 384 124 ) (1584 384 124 ) (1584 324 124 ) (1272 324 124 ) 
4 37 40 (1272 324 -48 ) (1584 324 -48 ) (1584 324 124 ) (1272 324 124 ) 
4 37 38 (1272 324 -24 ) (1272 324 124 ) (1272 356 124 ) (1272 356 0 ) 
4 38 40 (1272 324 -24 ) (1272 324 124 ) (1244 324 124 ) (1244 324 -24 ) 
4 38 39 (1244 324 -24 ) (1244 324 124 ) (1244 356 124 ) (1244 356 0 ) 
4 39 42 (1120 324 -16 ) (1120 324 124 ) (1120 384 124 ) (1120 384 -16 ) 
4 39 45 (1120 384 -48 ) (1120 324 -48 ) (1120 324 -16 ) (1120 384 -16 ) 
4 39 40 (1120 324 124 ) (1120 324 -48 ) (1244 324 -48 ) (1244 324 124 ) 
4 40 42 (1120 128 -16 ) (1120 128 144 ) (1120 324 144 ) (1120 324 -16 ) 
4 40 45 (1120 324 -48 ) (1120 128 -48 ) (1120 128 -16 ) (1120 324 -16 ) 
5 41 42 (1096 384 160 ) (1096 384 48 ) (1100 384 16 ) (1120 384 -16 ) (1120 384 160 ) 
4 42 44 (1096 384 -16 ) (1096 128 -16 ) (1096 128 144 ) (1096 384 144 ) 
5 42 43 (1120 128 -16 ) (1120 128 160 ) (1096 128 160 ) (1096 128 48 ) (1100 128 16 ) 
4 42 45 (1120 384 -16 ) (1120 128 -16 ) (1096 128 -16 ) (1096 384 -16 ) 
5 43 48 (1120 112 -16 ) (1120 112 160 ) (1096 112 160 ) (1096 112 48 ) (1100 112 16 ) 
4 44 51 (1072 384 144 ) (1072 384 -16 ) (1072 128 -16 ) (1072 128 144 ) 
4 44 45 (1072 128 -16 ) (1072 384 -16 ) (1096 384 -16 ) (1096 128 -16 ) 
4 45 51 (1072 112 -48 ) (1072 112 -16 ) (1072 400 -16 ) (1072 400 -48 ) 
4 45 48 (1088 112 -48 ) (1120 112 -48 ) (1120 112 -16 ) (1088 112 -16 ) 
4 45 46 (1088 400 -48 ) (1120 400 -48 ) (1120 384 -48 ) (1088 384 -48 ) 
4 45 47 (1120 128 -48 ) (1120 112 -48 ) (1088 112 -48 ) (1088 128 -48 ) 
4 46 133 (1120 384 -64 ) (1088 384 -64 ) (1088 400 -64 ) (1120 400 -64 ) 
4 46 131 (1600 400 -64 ) (1600 384 -64 ) (1120 384 -64 ) (1120 400 -64 ) 
4 47 133 (1120 112 -64 ) (1088 112 -64 ) (1088 128 -64 ) (1120 128 -64 ) 
4 47 131 (1600 128 -64 ) (1600 112 -64 ) (1120 112 -64 ) (1120 128 -64 ) 
4 47 48 (1088 112 -64 ) (1600 112 -64 ) (1600 112 -48 ) (1088 112 -48 ) 
4 48 133 (1120 -320 -64 ) (1088 -320 -64 ) (1088 112 -64 ) (1120 112 -64 ) 
4 48 131 (1600 112 -64 ) (1600 -320 -64 ) (1120 -320 -64 ) (1120 112 -64 ) 
4 48 49 (1088 112 160 ) (1088 112 128 ) (1088 -320 128 ) (1088 -320 160 ) 
4 48 110 (1088 -320 -64 ) (1600 -320 -64 ) (1600 -320 160 ) (1088 -320 160 ) 
4 49 97 (1072 -320 128 ) (1072 -320 160 ) (1072 -304 160 ) (1072 -304 128 ) 
4 49 110 (1088 -320 128 ) (1088 -320 160 ) (1072 -320 160 ) (1072 -320 128 ) 
4 50 102 (144 832 160 ) (144 832 128 ) (144 816 128 ) (144 816 160 ) 
3 50 98 (144 832 224 ) (144 832 192 ) (144 816 192 ) 
4 50 99 (144 832 192 ) (144 832 160 ) (144 816 160 ) (144 816 192 ) 
4 51 58 (1040 384 144 ) (1040 384 -48 ) (1040 128 -48 ) (1040 128 144 ) 
3 52 95 (208 752 256 ) (192 752 256 ) (192 768 224 ) 
4 52 68 (316 752 256 ) (208 752 256 ) (192 768 224 ) (316 768 224 ) 
4 52 62 (884 752 256 ) (316 752 256 ) (316 768 224 ) (884 768 224 ) 
4 52 55 (1024 768 224 ) (1008 752 256 ) (884 752 256 ) (884 768 224 ) 
3 52 53 (1024 768 224 ) (1024 752 256 ) (1008 752 256 ) 
3 53 93 (1008 -256 256 ) (1008 -240 256 ) (1024 -256 224 ) 
4 53 60 (1008 -240 256 ) (1008 112 256 ) (1024 112 224 ) (1024 -256 224 ) 
4 53 57 (1008 112 256 ) (1008 400 256 ) (1024 400 224 ) (1024 112 224 ) 
4 53 55 (1008 400 256 ) (1008 752 256 ) (1024 768 224 ) (1024 400 224 ) 
5 54 85 (182 768 204 ) (176 768 192 ) (176 768 128 ) (212 768 128 ) (212 768 204 ) 
4 54 70 (212 768 128 ) (248 768 128 ) (248 768 204 ) (212 768 204 ) 
4 54 69 (248 768 128 ) (316 768 128 ) (316 768 204 ) (248 768 204 ) 
4 54 68 (316 768 224 ) (192 768 224 ) (182 768 204 ) (316 768 204 ) 
4 54 62 (884 768 224 ) (316 768 224 ) (316 768 128 ) (884 768 128 ) 
5 54 55 (1040 768 128 ) (1040 768 192 ) (1024 768 224 ) (884 768 224 ) (884 768 128 ) 
4 55 63 (884 400 128 ) (884 400 248 ) (884 624 248 ) (884 624 128 ) 
5 55 62 (884 624 256 ) (884 752 256 ) (884 768 224 ) (884 768 128 ) (884 624 128 ) 
4 55 59 (884 400 160 ) (884 400 128 ) (1016 400 128 ) (1016 400 160 ) 
5 55 57 (884 400 256 ) (884 400 160 ) (1040 400 160 ) (1040 400 192 ) (1008 400 256 ) 
4 55 56 (884 400 128 ) (884 768 128 ) (1024 768 128 ) (1024 400 128 ) 
4 56 63 (884 624 -48 ) (884 400 -48 ) (884 400 128 ) (884 624 128 ) 
4 56 62 (884 768 -48 ) (884 624 -48 ) (884 624 128 ) (884 768 128 ) 
4 56 59 (884 400 128 ) (884 400 -48 ) (1016 400 -48 ) (1016 400 128 ) 
4 57 63 (884 112 160 ) (884 112 248 ) (884 400 248 ) (884 400 160 ) 
5 57 60 (1040 112 160 ) (1040 112 192 ) (1008 112 256 ) (884 112 256 ) (884 112 160 ) 
4 57 59 (1016 112 160 ) (884 112 160 ) (884 400 160 ) (1016 400 160 ) 
4 58 59 (1016 384 -48 ) (1016 128 -48 ) (1016 128 144 ) (1016 384 144 ) 
4 59 63 (884 400 -48 ) (884 112 -48 ) (884 112 160 ) (884 400 160 ) 
4 59 61 (884 112 -48 ) (1016 112 -48 ) (1016 112 128 ) (884 112 128 ) 
4 59 60 (1016 112 128 ) (1016 112 160 ) (884 112 160 ) (884 112 128 ) 
4 60 93 (1024 -256 224 ) (1008 -240 256 ) (884 -240 256 ) (884 -256 224 ) 
5 60 92 (1040 -256 192 ) (1024 -256 224 ) (884 -256 224 ) (884 -256 128 ) (1040 -256 128 ) 
5 60 64 (884 -256 128 ) (884 -256 224 ) (884 -240 256 ) (884 -120 256 ) (884 -120 128 ) 
4 60 63 (884 112 248 ) (884 112 128 ) (884 -120 128 ) (884 -120 248 ) 
4 60 61 (884 -256 128 ) (884 112 128 ) (1024 112 128 ) (1024 -256 128 ) 
4 61 64 (884 -120 -48 ) (884 -256 -48 ) (884 -256 128 ) (884 -120 128 ) 
4 61 63 (884 112 -48 ) (884 -120 -48 ) (884 -120 128 ) (884 112 128 ) 
4 62 69 (316 768 204 ) (316 768 -48 ) (316 624 -48 ) (316 624 204 ) 
5 62 68 (316 768 224 ) (316 768 204 ) (316 624 204 ) (316 624 256 ) (316 752 256 ) 
4 62 63 (316 624 -48 ) (884 624 -48 ) (884 624 248 ) (316 624 248 ) 
4 63 91 (316 112 -48 ) (316 -120 -48 ) (316 -120 128 ) (316 112 128 ) 
4 63 90 (316 -120 128 ) (316 -120 248 ) (316 112 248 ) (316 112 128 ) 
4 63 88 (316 400 -48 ) (316 112 -48 ) (316 112 160 ) (316 400 160 ) 
4 63 87 (316 112 160 ) (316 112 248 ) (316 400 248 ) (316 400 160 ) 
4 63 69 (316 624 -48 ) (316 400 -48 ) (316 400 204 ) (316 624 204 ) 
4 63 68 (316 400 204 ) (316 400 248 ) (316 624 248 ) (316 624 204 ) 
4 63 65 (512 -120 -48 ) (576 -120 -48 ) (576 -120 248 ) (512 -120 248 ) 
4 63 67 (316 -120 248 ) (316 -120 -48 ) (512 -120 -48 ) (512 -120 248 ) 
4 63 64 (576 -120 -48 ) (884 -120 -48 ) (884 -120 248 ) (576 -120 248 ) 
4 64 93 (884 -240 256 ) (576 -240 256 ) (576 -256 224 ) (884 -256 224 ) 
4 64 92 (884 -256 224 ) (576 -256 224 ) (576 -256 128 ) (884 -256 128 ) 
4 64 65 (576 -120 256 ) (576 -120 -48 ) (576 -192 -48 ) (576 -192 256 ) 
4 65 66 (560 -192 -14 ) (560 -192 11 ) (528 -192 11 ) (528 -192 -14 ) 
4 65 67 (512 -120 -48 ) (512 -192 -48 ) (512 -192 256 ) (512 -120 256 ) 
4 67 94 (512 -240 256 ) (316 -240 256 ) (316 -256 224 ) (512 -256 224 ) 
4 67 92 (512 -256 224 ) (316 -256 224 ) (316 -256 128 ) (512 -256 128 ) 
4 67 91 (316 -120 -48 ) (316 -256 -48 ) (316 -256 128 ) (316 -120 128 ) 
5 67 90 (316 -256 128 ) (316 -256 224 ) (316 -240 256 ) (316 -120 256 ) (316 -120 128 ) 
4 68 95 (208 752 256 ) (192 768 224 ) (192 400 224 ) (208 400 256 ) 
4 68 87 (316 400 204 ) (316 400 256 ) (208 400 256 ) (182 400 204 ) 
4 68 85 (182 400 204 ) (182 768 204 ) (212 768 204 ) (212 400 204 ) 
4 68 84 (248 428 204 ) (248 400 204 ) (212 400 204 ) (212 428 204 ) 
4 68 70 (212 768 204 ) (248 768 204 ) (248 464 204 ) (212 464 204 ) 
4 68 69 (248 768 204 ) (316 768 204 ) (316 400 204 ) (248 400 204 ) 
4 69 88 (316 400 -48 ) (316 400 160 ) (248 400 160 ) (248 400 -48 ) 
4 69 87 (316 400 160 ) (316 400 204 ) (248 400 204 ) (248 400 160 ) 
4 69 80 (248 428 8 ) (248 428 44 ) (248 432 40 ) (248 432 8 ) 
3 69 79 (248 432 8 ) (248 432 40 ) (248 464 8 ) 
4 69 74 (248 428 44 ) (248 428 92 ) (248 432 92 ) (248 432 40 ) 
4 69 73 (248 460 92 ) (248 460 12 ) (248 432 40 ) (248 432 92 ) 
3 69 72 (248 464 92 ) (248 460 88 ) (248 460 92 ) 
4 69 71 (248 464 92 ) (248 464 8 ) (248 460 12 ) (248 460 88 ) 
4 69 84 (248 428 -48 ) (248 400 -48 ) (248 400 204 ) (248 428 204 ) 
4 69 70 (248 768 -48 ) (248 464 -48 ) (248 464 204 ) (248 768 204 ) 
4 70 86 (212 768 128 ) (212 768 -48 ) (212 464 -48 ) (212 464 128 ) 
4 70 85 (212 464 204 ) (212 768 204 ) (212 768 128 ) (212 464 128 ) 
3 70 76 (212 464 92 ) (216 464 88 ) (216 464 92 ) 
4 70 78 (212 464 92 ) (212 464 8 ) (216 464 8 ) (216 464 88 ) 
4 70 71 (248 464 8 ) (248 464 92 ) (216 464 92 ) (216 464 8 ) 
3 71 79 (248 464 8 ) (248 460 12 ) (244 460 12 ) 
3 71 76 (216 464 92 ) (216 464 88 ) (216 460 88 ) 
4 71 78 (216 464 88 ) (216 464 8 ) (216 460 12 ) (216 460 88 ) 
4 71 73 (244 460 12 ) (248 460 12 ) (248 460 88 ) (244 460 88 ) 
3 71 72 (244 460 88 ) (248 460 88 ) (248 464 92 ) 
3 72 73 (248 460 88 ) (248 460 92 ) (244 460 88 ) 
4 73 79 (248 460 12 ) (248 432 40 ) (244 432 40 ) (244 460 12 ) 
4 73 74 (244 432 40 ) (248 432 40 ) (248 432 92 ) (244 432 88 ) 
4 74 80 (248 432 40 ) (248 428 44 ) (216 428 44 ) (216 432 40 ) 
4 74 78 (216 428 44 ) (216 428 60 ) (216 432 60 ) (216 432 40 ) 
4 74 75 (244 432 88 ) (216 432 60 ) (216 428 60 ) (248 428 92 ) 
4 74 84 (216 428 44 ) (248 428 44 ) (248 428 92 ) (216 428 60 ) 
3 75 77 (216 428 88 ) (216 428 92 ) (216 432 88 ) 
4 75 78 (216 428 60 ) (216 428 88 ) (216 432 88 ) (216 432 60 ) 
3 75 84 (248 428 92 ) (216 428 92 ) (216 428 60 ) 
3 76 78 (212 464 92 ) (216 464 88 ) (216 460 88 ) 
3 77 78 (216 432 88 ) (216 428 88 ) (212 428 92 ) 
3 77 84 (212 428 92 ) (216 428 88 ) (216 428 92 ) 
4 78 86 (212 464 92 ) (212 464 8 ) (212 428 44 ) (212 428 92 ) 
4 78 82 (212 464 8 ) (216 460 12 ) (216 446 26 ) (212 446 26 ) 
4 78 83 (216 446 26 ) (216 428 44 ) (212 428 44 ) (212 446 26 ) 
4 78 84 (212 428 92 ) (212 428 44 ) (216 428 44 ) (216 428 88 ) 
4 79 80 (248 432 8 ) (248 432 40 ) (244 432 40 ) (244 432 12 ) 
3 80 83 (216 428 44 ) (216 432 40 ) (216 428 40 ) 
4 80 81 (216 432 40 ) (244 432 12 ) (248 428 8 ) (216 428 40 ) 
4 80 84 (248 428 8 ) (248 428 44 ) (216 428 44 ) (216 428 40 ) 
4 81 83 (216 432 40 ) (216 432 12 ) (216 428 8 ) (216 428 40 ) 
3 81 84 (248 428 8 ) (216 428 40 ) (216 428 8 ) 
3 82 86 (212 464 8 ) (212 428 8 ) (212 446 26 ) 
4 82 83 (216 432 12 ) (216 446 26 ) (212 446 26 ) (212 428 8 ) 
3 83 86 (212 428 8 ) (212 428 44 ) (212 446 26 ) 
4 83 84 (212 428 44 ) (212 428 8 ) (216 428 8 ) (216 428 44 ) 
4 84 88 (212 400 160 ) (212 400 -48 ) (248 400 -48 ) (248 400 160 ) 
4 84 87 (248 400 204 ) (212 400 204 ) (212 400 160 ) (248 400 160 ) 
4 84 86 (212 428 128 ) (212 428 -48 ) (212 400 -48 ) (212 400 128 ) 
4 84 85 (212 400 204 ) (212 428 204 ) (212 428 128 ) (212 400 128 ) 
4 85 88 (200 400 128 ) (212 400 128 ) (212 400 160 ) (200 400 160 ) 
5 85 87 (212 400 204 ) (182 400 204 ) (176 400 192 ) (176 400 160 ) (212 400 160 ) 
4 85 86 (212 768 128 ) (212 400 128 ) (192 400 128 ) (192 768 128 ) 
4 86 88 (200 400 -48 ) (212 400 -48 ) (212 400 128 ) (200 400 128 ) 
4 87 95 (192 112 224 ) (208 112 256 ) (208 400 256 ) (192 400 224 ) 
5 87 90 (316 112 256 ) (208 112 256 ) (176 112 192 ) (176 112 160 ) (316 112 160 ) 
4 87 88 (200 400 160 ) (316 400 160 ) (316 112 160 ) (200 112 160 ) 
4 88 91 (200 112 -48 ) (316 112 -48 ) (316 112 128 ) (200 112 128 ) 
4 88 90 (316 112 128 ) (316 112 160 ) (200 112 160 ) (200 112 128 ) 
4 88 89 (200 384 -48 ) (200 128 -48 ) (200 128 144 ) (200 384 144 ) 
4 89 96 (176 384 -48 ) (176 128 -48 ) (176 128 144 ) (176 384 144 ) 
4 90 95 (192 -256 224 ) (208 -240 256 ) (208 112 256 ) (192 112 224 ) 
4 90 94 (316 -240 256 ) (208 -240 256 ) (192 -256 224 ) (316 -256 224 ) 
5 90 92 (316 -256 224 ) (192 -256 224 ) (176 -256 192 ) (176 -256 128 ) (316 -256 128 ) 
4 90 91 (192 112 128 ) (316 112 128 ) (316 -256 128 ) (192 -256 128 ) 
3 94 95 (208 -256 256 ) (208 -240 256 ) (192 -256 224 ) 
4 96 106 (144 384 144 ) (144 384 -48 ) (144 128 -48 ) (144 128 144 ) 
4 97 108 (144 -320 128 ) (144 -320 160 ) (144 -304 160 ) (144 -304 128 ) 
4 97 100 (144 -320 160 ) (144 -320 224 ) (144 -304 192 ) (144 -304 160 ) 
4 97 110 (1072 -320 128 ) (1072 -320 224 ) (144 -320 224 ) (144 -320 128 ) 
3 98 99 (128 832 224 ) (144 832 192 ) (144 816 192 ) 
4 99 108 (144 112 160 ) (144 -288 160 ) (128 -288 160 ) (128 112 160 ) 
4 99 102 (128 832 160 ) (144 832 160 ) (144 400 160 ) (128 400 160 ) 
4 99 100 (128 -288 160 ) (144 -288 160 ) (144 -304 192 ) (128 -320 224 ) 
4 99 101 (128 -320 224 ) (128 832 224 ) (128 832 160 ) (128 -288 160 ) 
4 100 108 (144 -288 160 ) (144 -320 160 ) (128 -320 160 ) (128 -288 160 ) 
3 100 101 (128 -320 160 ) (128 -320 224 ) (128 -288 160 ) 
4 100 110 (144 -320 160 ) (144 -320 224 ) (128 -320 224 ) (128 -320 160 ) 
4 101 112 (32 112 256 ) (32 400 256 ) (32 400 160 ) (32 112 160 ) 
4 101 128 (32 -320 160 ) (32 -320 256 ) (32 112 256 ) (32 112 160 ) 
4 101 111 (32 400 256 ) (32 832 256 ) (32 832 160 ) (32 400 160 ) 
4 101 108 (32 -320 160 ) (32 112 160 ) (128 112 160 ) (128 -320 160 ) 
4 101 107 (32 112 160 ) (32 128 160 ) (120 128 160 ) (120 112 160 ) 
4 101 105 (32 128 160 ) (32 384 160 ) (120 384 160 ) (120 128 160 ) 
4 101 104 (32 384 160 ) (32 400 160 ) (120 400 160 ) (120 384 160 ) 
4 101 102 (32 400 160 ) (32 832 160 ) (128 832 160 ) (128 400 160 ) 
4 101 110 (128 -320 256 ) (32 -320 256 ) (32 -320 160 ) (128 -320 160 ) 
4 102 111 (32 400 128 ) (32 400 160 ) (32 832 160 ) (32 832 128 ) 
4 102 104 (32 400 160 ) (32 400 128 ) (120 400 128 ) (120 400 160 ) 
4 102 103 (32 400 128 ) (32 832 128 ) (128 832 128 ) (128 400 128 ) 
4 103 147 (96 832 -64 ) (128 832 -64 ) (128 400 -64 ) (96 400 -64 ) 
4 103 149 (32 400 -64 ) (32 832 -64 ) (96 832 -64 ) (96 400 -64 ) 
4 103 111 (32 832 -64 ) (32 400 -64 ) (32 400 128 ) (32 832 128 ) 
7 103 104 (32 400 128 ) (32 400 -32 ) (64 400 -28 ) (96 400 -16 ) (116 400 16 ) (120 400 48 ) (120 400 128 ) 
4 104 113 (32 400 144 ) (32 400 -8 ) (32 384 -8 ) (32 384 144 ) 
4 104 112 (32 384 160 ) (32 400 160 ) (32 400 144 ) (32 384 144 ) 
4 104 105 (120 384 144 ) (120 384 160 ) (32 384 160 ) (32 384 144 ) 
7 104 106 (120 384 48 ) (120 384 144 ) (32 384 144 ) (32 384 -32 ) (64 384 -28 ) (96 384 -16 ) (116 384 16 ) 
4 105 112 (32 128 160 ) (32 384 160 ) (32 384 144 ) (32 128 144 ) 
4 105 107 (32 128 160 ) (32 128 144 ) (120 128 144 ) (120 128 160 ) 
4 105 106 (120 128 144 ) (32 128 144 ) (32 384 144 ) (120 384 144 ) 
4 106 120 (32 128 -16 ) (32 128 0 ) (32 136 0 ) (32 136 -16 ) 
4 106 119 (32 232 -48 ) (32 136 -48 ) (32 136 0 ) (32 232 0 ) 
4 106 116 (32 384 0 ) (32 384 -48 ) (32 232 -48 ) (32 232 0 ) 
4 106 115 (32 384 144 ) (32 384 0 ) (32 128 0 ) (32 128 144 ) 
7 106 107 (32 128 144 ) (32 128 -32 ) (64 128 -28 ) (96 128 -16 ) (116 128 16 ) (120 128 48 ) (120 128 144 ) 
4 107 120 (32 112 -16 ) (32 112 0 ) (32 128 0 ) (32 128 -16 ) 
4 107 115 (32 112 0 ) (32 112 144 ) (32 128 144 ) (32 128 0 ) 
4 107 112 (32 112 144 ) (32 112 160 ) (32 128 160 ) (32 128 144 ) 
7 107 109 (32 112 128 ) (32 112 -32 ) (64 112 -28 ) (96 112 -16 ) (116 112 16 ) (120 112 48 ) (120 112 128 ) 
4 107 108 (120 112 160 ) (32 112 160 ) (32 112 128 ) (120 112 128 ) 
4 108 128 (32 -320 128 ) (32 -320 160 ) (32 112 160 ) (32 112 128 ) 
4 108 109 (32 -320 128 ) (32 112 128 ) (128 112 128 ) (128 -320 128 ) 
4 108 110 (144 -320 128 ) (144 -320 160 ) (32 -320 160 ) (32 -320 128 ) 
4 109 147 (96 112 -64 ) (128 112 -64 ) (128 -320 -64 ) (96 -320 -64 ) 
4 109 149 (32 -320 -64 ) (32 112 -64 ) (96 112 -64 ) (96 -320 -64 ) 
4 109 128 (32 112 -64 ) (32 -320 -64 ) (32 -320 128 ) (32 112 128 ) 
4 109 110 (32 -320 -64 ) (128 -320 -64 ) (128 -320 128 ) (32 -320 128 ) 
4 110 145 (128 -320 -64 ) (1088 -320 -64 ) (1088 -352 -64 ) (128 -352 -64 ) 
4 110 133 (1088 -320 -64 ) (1120 -320 -64 ) (1120 -352 -64 ) (1088 -352 -64 ) 
4 110 147 (96 -352 -64 ) (96 -320 -64 ) (128 -320 -64 ) (128 -352 -64 ) 
4 110 148 (1120 -832 -64 ) (96 -832 -64 ) (96 -352 -64 ) (1120 -352 -64 ) 
4 110 131 (1600 -832 -64 ) (1120 -832 -64 ) (1120 -320 -64 ) (1600 -320 -64 ) 
4 110 149 (96 -832 -64 ) (32 -832 -64 ) (32 -320 -64 ) (96 -320 -64 ) 
4 110 128 (32 -320 -64 ) (32 -832 -64 ) (32 -832 768 ) (32 -320 768 ) 
4 111 149 (-1408 400 -64 ) (-1408 1920 -64 ) (32 1920 -64 ) (32 400 -64 ) 
4 111 114 (-832 400 -64 ) (32 400 -64 ) (32 400 -56 ) (-832 400 -56 ) 
4 111 113 (32 400 -8 ) (32 400 144 ) (-832 400 144 ) (-832 400 -8 ) 
4 111 112 (32 400 144 ) (32 400 768 ) (-832 400 768 ) (-832 400 144 ) 
4 111 129 (-1408 400 768 ) (-1408 400 -64 ) (-832 400 -64 ) (-832 400 768 ) 
4 112 126 (-736 128 144 ) (-736 112 144 ) (-768 112 144 ) (-768 128 144 ) 
4 112 124 (-768 384 144 ) (-752 384 144 ) (-752 128 144 ) (-768 128 144 ) 
4 112 115 (-736 384 144 ) (32 384 144 ) (32 112 144 ) (-736 112 144 ) 
4 112 127 (-832 112 144 ) (-832 384 144 ) (-768 384 144 ) (-768 112 144 ) 
4 112 113 (-832 384 144 ) (-832 400 144 ) (32 400 144 ) (32 384 144 ) 
4 112 128 (32 112 144 ) (32 112 768 ) (-832 112 768 ) (-832 112 144 ) 
4 112 129 (-832 112 144 ) (-832 112 768 ) (-832 400 768 ) (-832 400 144 ) 
4 113 124 (-768 384 -8 ) (-752 384 -8 ) (-752 384 144 ) (-768 384 144 ) 
4 113 121 (-736 384 -8 ) (-448 384 -8 ) (-448 384 0 ) (-736 384 0 ) 
4 113 117 (-448 384 -8 ) (-320 384 -8 ) (-320 384 0 ) (-448 384 0 ) 
4 113 116 (-320 384 -8 ) (32 384 -8 ) (32 384 0 ) (-320 384 0 ) 
4 113 115 (32 384 0 ) (32 384 144 ) (-736 384 144 ) (-736 384 0 ) 
4 113 127 (-832 384 144 ) (-832 384 -8 ) (-768 384 -8 ) (-768 384 144 ) 
4 113 129 (-832 384 -8 ) (-832 384 144 ) (-832 400 144 ) (-832 400 -8 ) 
4 114 149 (-832 384 -64 ) (-832 400 -64 ) (32 400 -64 ) (32 384 -64 ) 
4 114 125 (-768 384 -64 ) (-736 384 -64 ) (-736 384 -56 ) (-768 384 -56 ) 
4 114 127 (-832 384 -56 ) (-832 384 -64 ) (-768 384 -64 ) (-768 384 -56 ) 
4 114 129 (-832 400 -64 ) (-832 384 -64 ) (-832 384 -56 ) (-832 400 -56 ) 
4 115 126 (-736 112 0 ) (-736 112 144 ) (-736 128 144 ) (-736 128 0 ) 
4 115 122 (-448 128 0 ) (-448 112 0 ) (-736 112 0 ) (-736 128 0 ) 
4 115 121 (-736 384 0 ) (-448 384 0 ) (-448 128 0 ) (-736 128 0 ) 
4 115 120 (32 136 0 ) (32 112 0 ) (-448 112 0 ) (-448 136 0 ) 
4 115 119 (32 232 0 ) (32 136 0 ) (-448 136 0 ) (-448 232 0 ) 
4 115 118 (-376 232 0 ) (-448 232 0 ) (-448 288 0 ) (-376 288 0 ) 
4 115 117 (-448 384 0 ) (-320 384 0 ) (-320 288 0 ) (-448 288 0 ) 
4 115 116 (-320 384 0 ) (32 384 0 ) (32 232 0 ) (-320 232 0 ) 
4 115 128 (32 112 0 ) (32 112 144 ) (-736 112 144 ) (-736 112 0 ) 
4 116 123 (-264 288 -48 ) (-264 232 -48 ) (-320 232 -48 ) (-320 288 -48 ) 
4 116 119 (-320 232 -48 ) (32 232 -48 ) (32 232 0 ) (-320 232 0 ) 
4 116 117 (-320 288 0 ) (-320 384 0 ) (-320 384 -48 ) (-320 288 -48 ) 
4 117 121 (-448 288 0 ) (-448 384 0 ) (-448 384 -48 ) (-448 288 -48 ) 
4 117 118 (-448 288 -48 ) (-376 288 -48 ) (-376 288 0 ) (-448 288 0 ) 
4 118 123 (-448 232 -48 ) (-448 288 -48 ) (-376 288 -48 ) (-376 232 -48 ) 
4 118 121 (-448 232 0 ) (-448 288 0 ) (-448 288 -48 ) (-448 232 -48 ) 
4 118 119 (-448 232 -48 ) (-376 232 -48 ) (-376 232 0 ) (-448 232 0 ) 
4 119 121 (-448 136 0 ) (-448 232 0 ) (-448 232 -48 ) (-448 136 -48 ) 
4 119 120 (-448 136 0 ) (-448 136 -16 ) (32 136 -16 ) (32 136 0 ) 
4 120 122 (-448 112 -16 ) (-448 112 0 ) (-448 128 0 ) (-448 128 -16 ) 
4 120 121 (-448 128 0 ) (-448 136 0 ) (-448 136 -16 ) (-448 128 -16 ) 
4 120 128 (32 112 -16 ) (32 112 0 ) (-448 112 0 ) (-448 112 -16 ) 
4 121 123 (-448 288 -48 ) (-448 232 -48 ) (-452 232 -48 ) (-452 288 -48 ) 
4 121 122 (-736 128 0 ) (-736 128 -16 ) (-448 128 -16 ) (-448 128 0 ) 
4 122 126 (-736 112 -16 ) (-736 112 0 ) (-736 128 0 ) (-736 128 -16 ) 
4 122 128 (-448 112 0 ) (-736 112 0 ) (-736 112 -16 ) (-448 112 -16 ) 
4 124 126 (-768 128 144 ) (-768 128 -16 ) (-752 128 -16 ) (-752 128 144 ) 
4 124 125 (-768 128 -48 ) (-768 384 -48 ) (-752 384 -48 ) (-752 128 -48 ) 
4 124 127 (-768 384 144 ) (-768 384 -48 ) (-768 128 -48 ) (-768 128 144 ) 
4 125 149 (-768 384 -64 ) (-736 384 -64 ) (-736 128 -64 ) (-768 128 -64 ) 
4 125 127 (-768 384 -48 ) (-768 384 -64 ) (-768 128 -64 ) (-768 128 -48 ) 
4 126 127 (-768 112 -16 ) (-768 112 144 ) (-768 128 144 ) (-768 128 -16 ) 
4 126 128 (-736 112 -16 ) (-736 112 144 ) (-768 112 144 ) (-768 112 -16 ) 
4 127 149 (-832 112 -64 ) (-832 384 -64 ) (-768 384 -64 ) (-768 112 -64 ) 
4 127 128 (-832 112 -64 ) (-768 112 -64 ) (-768 112 144 ) (-832 112 144 ) 
4 127 129 (-832 384 -64 ) (-832 112 -64 ) (-832 112 144 ) (-832 384 144 ) 
4 128 149 (32 -832 -64 ) (-832 -832 -64 ) (-832 112 -64 ) (32 112 -64 ) 
4 128 129 (-832 112 -64 ) (-832 -832 -64 ) (-832 -832 768 ) (-832 112 768 ) 
4 129 149 (-832 -832 -64 ) (-1408 -832 -64 ) (-1408 400 -64 ) (-832 400 -64 ) 
4 130 150 (96 1920 -384 ) (2496 1920 -384 ) (2496 864 -384 ) (96 864 -384 ) 
4 130 137 (1120 864 -192 ) (96 864 -192 ) (106.666664 864 -234.666641 ) (1109.333374 864 -234.666641 ) 
3 130 136 (1120 864 -234.666641 ) (1120 864 -192 ) (1109.333374 864 -234.666641 ) 
3 130 143 (96 864 -192 ) (96 864 -234.666641 ) (106.666664 864 -234.666641 ) 
4 130 135 (1120 864 -128 ) (1088 864 -64 ) (128 864 -64 ) (96 864 -128 ) 
3 130 133 (1120 864 -128 ) (1120 864 -64 ) (1088 864 -64 ) 
4 130 132 (96 864 -384 ) (1120 864 -384 ) (1120 864 -234.666641 ) (96 864 -234.666641 ) 
3 130 147 (128 864 -64 ) (96 864 -64 ) (96 864 -128 ) 
4 130 131 (1120 864 -384 ) (2496 864 -384 ) (2496 864 -64 ) (1120 864 -64 ) 
4 130 149 (96 1920 -64 ) (96 1920 -384 ) (96 864 -384 ) (96 864 -64 ) 
4 131 150 (2496 864 -384 ) (2496 -832 -384 ) (1120 -832 -384 ) (1120 864 -384 ) 
4 131 136 (1120 -352 -234.666687 ) (1120 -352 -192 ) (1120 864 -192 ) (1120 864 -234.666641 ) 
4 131 134 (1120 752 -384 ) (1120 -240 -384 ) (1120 -352 -234.666687 ) (1120 864 -234.666641 ) 
3 131 146 (1120 -240 -384 ) (1120 -352 -384 ) (1120 -352 -234.666687 ) 
4 131 133 (1120 -352 -128 ) (1120 -352 -64 ) (1120 864 -64 ) (1120 864 -128 ) 
3 131 132 (1120 864 -384 ) (1120 752 -384 ) (1120 864 -234.666641 ) 
4 131 148 (1120 -352 -384 ) (1120 -832 -384 ) (1120 -832 -64 ) (1120 -352 -64 ) 
4 132 150 (96 752 -384 ) (96 864 -384 ) (1120 864 -384 ) (1120 752 -384 ) 
4 132 137 (1104 848 -256 ) (1109.333252 864 -234.667068 ) (106.666771 864 -234.667068 ) (112 848 -256 ) 
3 132 136 (1104 848 -256 ) (1120 864 -234.667068 ) (1109.333252 864 -234.667068 ) 
4 132 142 (208 752 -384 ) (1008 752 -384 ) (1056 800 -320 ) (160 800 -320 ) 
3 132 143 (106.666771 864 -234.667068 ) (96 864 -234.667068 ) (112 848 -256 ) 
3 132 144 (96 752 -384 ) (208 752 -384 ) (96 864 -234.667068 ) 
3 132 134 (1008 752 -384 ) (1120 752 -384 ) (1120 864 -234.667068 ) 
3 132 149 (96 864 -384 ) (96 752 -384 ) (96 864 -234.666641 ) 
3 133 135 (1120 864 -128 ) (1088 832 -64 ) (1088 864 -64 ) 
3 133 145 (1120 -352 -128 ) (1088 -352 -64 ) (1088 -320 -64 ) 
3 133 148 (1120 -352 -128 ) (1120 -352 -64 ) (1088 -352 -64 ) 
4 134 150 (1008 752 -384 ) (1120 752 -384 ) (1120 -240 -384 ) (1008 -240 -384 ) 
4 134 139 (1056 800 -320 ) (1008 672 -384 ) (1008 -160 -384 ) (1056 -288 -320 ) 
3 134 141 (1008 -160 -384 ) (1008 -240 -384 ) (1056 -288 -320 ) 
4 134 136 (1120 864 -234.666809 ) (1104 848 -256 ) (1104 -336 -256 ) (1120 -352 -234.666382 ) 
3 134 142 (1056 800 -320 ) (1008 752 -384 ) (1008 672 -384 ) 
3 134 146 (1008 -240 -384 ) (1120 -240 -384 ) (1120 -352 -234.666504 ) 
3 135 147 (96 864 -128 ) (128 832 -64 ) (128 864 -64 ) 
3 136 137 (1120 864 -192 ) (1109.333252 864 -234.666641 ) (1104 848 -256 ) 
3 136 140 (1104 -336 -256 ) (1109.333252 -352 -234.666687 ) (1120 -352 -192 ) 
3 136 146 (1104 -336 -256 ) (1120 -352 -234.666504 ) (1109.333374 -352 -234.666504 ) 
3 136 148 (1120 -352 -234.666687 ) (1120 -352 -192 ) (1109.333374 -352 -234.666687 ) 
3 137 143 (96 864 -192 ) (106.666672 864 -234.666641 ) (112 848 -256 ) 
4 138 150 (288 -160 -384 ) (208 -160 -384 ) (208 672 -384 ) (288 672 -384 ) 
4 138 144 (160 800 -320 ) (208 672 -384 ) (208 -160 -384 ) (160 -288 -320 ) 
3 138 142 (208 672 -384 ) (160 800 -320 ) (288 672 -384 ) 
3 138 141 (160 -288 -320 ) (208 -160 -384 ) (288 -160 -384 ) 
4 139 150 (1008 672 -384 ) (1008 -160 -384 ) (928 -160 -384 ) (928 672 -384 ) 
3 139 142 (1056 800 -320 ) (1008 672 -384 ) (928 672 -384 ) 
3 139 141 (928 -160 -384 ) (1008 -160 -384 ) (1056 -288 -320 ) 
4 140 146 (1104 -336 -256 ) (1109.333374 -352 -234.666504 ) (106.666626 -352 -234.666504 ) (112 -336 -256 ) 
4 140 148 (1120 -352 -192 ) (96 -352 -192 ) (106.666672 -352 -234.666687 ) (1109.333374 -352 -234.666687 ) 
3 140 143 (112 -336 -256 ) (106.666687 -352 -234.666687 ) (96 -352 -192 ) 
4 141 150 (1008 -160 -384 ) (1008 -240 -384 ) (208 -240 -384 ) (208 -160 -384 ) 
4 141 146 (208 -240 -384 ) (1008 -240 -384 ) (1056 -288 -320 ) (160 -288 -320 ) 
3 141 144 (208 -160 -384 ) (208 -240 -384 ) (160 -288 -320 ) 
4 142 150 (208 752 -384 ) (1008 752 -384 ) (1008 672 -384 ) (208 672 -384 ) 
3 142 144 (160 800 -320 ) (208 752 -384 ) (208 672 -384 ) 
4 143 144 (96 864 -234.666641 ) (112 848 -256 ) (112 -336 -256 ) (96 -352 -234.666504 ) 
3 143 146 (106.666626 -352 -234.666504 ) (96 -352 -234.666504 ) (112 -336 -256 ) 
3 143 148 (96 -352 -192 ) (96 -352 -234.666687 ) (106.666672 -352 -234.666687 ) 
4 143 149 (96 -352 -234.666687 ) (96 -352 -192 ) (96 864 -192 ) (96 864 -234.666641 ) 
4 144 150 (96 -240 -384 ) (96 752 -384 ) (208 752 -384 ) (208 -240 -384 ) 
4 144 149 (96 752 -384 ) (96 -240 -384 ) (96 -352 -234.666687 ) (96 864 -234.666641 ) 
3 144 146 (96 -240 -384 ) (208 -240 -384 ) (96 -352 -234.666504 ) 
4 145 148 (1120 -352 -128 ) (1088 -352 -64 ) (128 -352 -64 ) (96 -352 -128 ) 
3 145 147 (96 -352 -128 ) (128 -352 -64 ) (128 -320 -64 ) 
4 146 150 (96 -352 -384 ) (96 -240 -384 ) (1120 -240 -384 ) (1120 -352 -384 ) 
3 146 149 (96 -240 -384 ) (96 -352 -384 ) (96 -352 -234.666687 ) 
4 146 148 (96 -352 -384 ) (1120 -352 -384 ) (1120 -352 -234.666687 ) (96 -352 -234.666687 ) 
3 147 148 (128 -352 -64 ) (96 -352 -64 ) (96 -352 -128 ) 
4 147 149 (96 -352 -128 ) (96 -352 -64 ) (96 864 -64 ) (96 864 -128 ) 
4 148 150 (1120 -832 -384 ) (96 -832 -384 ) (96 -352 -384 ) (1120 -352 -384 ) 
4 148 149 (96 -352 -384 ) (96 -832 -384 ) (96 -832 -64 ) (96 -352 -64 ) 
4 149 150 (-1408 -832 -384 ) (-1408 1920 -384 ) (96 1920 -384 ) (96 -832 -384 ) 
4 151 153 (-1408 -832 -1024 ) (-1408 -832 -1008 ) (-1408 1920 -1008 ) (-1408 1920 -1024 ) 
4 151 152 (-1408 -832 -1008 ) (-1408 -832 -1024 ) (2496 -832 -1024 ) (2496 -832 -1008 ) 
0
1
2
3
4
5
6
7
8
9
10
11
12
13
14
15
16
17
18
19
20
21
22
23
24
25
26
27
28
29
30
31
32
33
34
35
36
37
38
39
40
41
42
43
44
45
46
47
48
49
50
51
52
53
54
55
56
57
58
59
60
61
62
63
64
65
66
67
68
69
70
71
72
73
74
75
76
77
78
79
80
81
82
83
84
85
86
87
88
89
90
91
92
93
94
95
96
97
98
99
100
101
102
103
104
105
106
107
108
109
110
111
112
113
114
115
116
117
118
119
120
121
122
123
124
125
126
127
128
129
130
131
132
133
134
135
136
137
138
139
140
141
142
143
144
145
146
147
148
149
150
151
152
153
