PRT1-AM
328
1022
328
4 1 325 (2496 1920 -1024 ) (2496 1512 -1024 ) (2496 1512 -1008 ) (2496 1920 -1008 ) 
4 1 3 (2496 1512 -484 ) (2496 1512 -1024 ) (2560 1512 -1024 ) (2560 1512 -484 ) 
4 1 2 (2496 1512 768 ) (2496 1512 -448 ) (2560 1512 -448 ) (2560 1512 768 ) 
4 2 4 (2560 1168 -448 ) (2560 1168 768 ) (2496 1168 768 ) (2496 1168 -448 ) 
4 3 325 (2496 1512 -1024 ) (2496 1168 -1024 ) (2496 1168 -1008 ) (2496 1512 -1008 ) 
4 3 4 (2496 1168 -1024 ) (2560 1168 -1024 ) (2560 1168 -484 ) (2496 1168 -484 ) 
4 4 325 (2496 1168 -1024 ) (2496 -832 -1024 ) (2496 -832 -1008 ) (2496 1168 -1008 ) 
4 5 325 (-1408 1920 -1024 ) (2496 1920 -1024 ) (2496 1920 -1008 ) (-1408 1920 -1008 ) 
4 6 17 (704 1032 392 ) (704 1220 392 ) (2360 1220 392 ) (2360 1032 392 ) 
4 6 15 (704 1220 392 ) (704 1536 392 ) (2320 1536 392 ) (2320 1220 392 ) 
4 6 14 (2320 1536 392 ) (2360 1536 392 ) (2360 1220 392 ) (2320 1220 392 ) 
4 6 13 (704 1536 392 ) (704 1840 392 ) (2360 1840 392 ) (2360 1536 392 ) 
4 6 12 (2360 1840 392 ) (2496 1840 392 ) (2496 1032 392 ) (2360 1032 392 ) 
4 6 11 (704 1840 392 ) (704 1920 392 ) (2496 1920 392 ) (2496 1840 392 ) 
4 6 8 (724 1032 636 ) (724 1032 768 ) (704 1032 768 ) (704 1032 636 ) 
4 6 7 (724 1032 392 ) (2496 1032 392 ) (2496 1032 768 ) (724 1032 768 ) 
4 6 10 (704 1920 768 ) (704 1920 392 ) (704 1032 392 ) (704 1032 768 ) 
4 7 82 (1848 -504 392 ) (1848 -620 392 ) (724 -620 392 ) (724 -504 392 ) 
4 7 28 (1848 1012 392 ) (1848 -484 392 ) (724 -484 392 ) (724 1012 392 ) 
4 7 25 (2296 -492 392 ) (1868 -492 392 ) (1868 -172 392 ) (2296 -172 392 ) 
4 7 24 (2360 -172 392 ) (2360 -492 392 ) (2296 -492 392 ) (2296 -172 392 ) 
4 7 27 (2360 -492 392 ) (2360 -620 392 ) (1848 -620 392 ) (1848 -492 392 ) 
4 7 20 (2332 68 392 ) (2332 -172 392 ) (1868 -172 392 ) (1868 68 392 ) 
4 7 19 (1868 1032 392 ) (2332 1032 392 ) (2332 68 392 ) (1868 68 392 ) 
4 7 18 (2332 1032 392 ) (2360 1032 392 ) (2360 -172 392 ) (2332 -172 392 ) 
4 7 12 (2360 1032 392 ) (2496 1032 392 ) (2496 -620 392 ) (2360 -620 392 ) 
4 7 8 (724 1032 768 ) (724 1032 636 ) (724 -620 636 ) (724 -620 768 ) 
4 7 9 (724 -620 392 ) (2496 -620 392 ) (2496 -620 768 ) (724 -620 768 ) 
4 8 10 (704 -620 636 ) (704 -620 768 ) (704 1032 768 ) (704 1032 636 ) 
4 8 9 (704 -620 768 ) (704 -620 636 ) (724 -620 636 ) (724 -620 768 ) 
4 9 171 (1348 -832 392 ) (704 -832 392 ) (704 -808 392 ) (1348 -808 392 ) 
4 9 170 (2360 -832 392 ) (1348 -832 392 ) (1348 -808 392 ) (2360 -808 392 ) 
4 9 163 (704 -808 392 ) (704 -620 392 ) (2116 -620 392 ) (2116 -808 392 ) 
4 9 162 (2116 -620 392 ) (2360 -620 392 ) (2360 -808 392 ) (2116 -808 392 ) 
4 9 12 (2496 -832 392 ) (2360 -832 392 ) (2360 -620 392 ) (2496 -620 392 ) 
4 9 10 (704 -620 392 ) (704 -832 392 ) (704 -832 768 ) (704 -620 768 ) 
4 10 171 (704 -832 392 ) (-1336 -832 392 ) (-1336 -808 392 ) (704 -808 392 ) 
4 10 163 (704 -620 392 ) (704 -808 392 ) (-1156 -808 392 ) (-1156 -620 392 ) 
4 10 159 (-896 -620 392 ) (-1156 -620 392 ) (-1156 1220 392 ) (-896 1220 392 ) 
4 10 152 (-896 712 392 ) (-896 720 392 ) (20 720 392 ) (20 712 392 ) 
4 10 142 (-896 720 392 ) (-896 1220 392 ) (-532 1220 392 ) (-532 720 392 ) 
4 10 140 (-252 728 392 ) (-252 720 392 ) (-264 720 392 ) (-264 728 392 ) 
4 10 141 (-264 720 392 ) (-532 720 392 ) (-532 728 392 ) (-264 728 392 ) 
4 10 139 (-532 1220 392 ) (-252 1220 392 ) (-252 728 392 ) (-532 728 392 ) 
4 10 132 (20 1216 392 ) (20 720 392 ) (4 720 392 ) (4 1216 392 ) 
4 10 138 (4 720 392 ) (-252 720 392 ) (-252 1216 392 ) (4 1216 392 ) 
4 10 131 (-252 1220 392 ) (20 1220 392 ) (20 1216 392 ) (-252 1216 392 ) 
4 10 158 (20 -620 392 ) (-896 -620 392 ) (-896 712 392 ) (20 712 392 ) 
4 10 120 (704 120 392 ) (704 -620 392 ) (244 -620 392 ) (244 120 392 ) 
4 10 130 (244 -620 392 ) (20 -620 392 ) (20 120 392 ) (244 120 392 ) 
4 10 119 (704 184 392 ) (704 120 392 ) (20 120 392 ) (20 184 392 ) 
4 10 87 (244 1220 392 ) (476 1220 392 ) (476 520 392 ) (244 520 392 ) 
4 10 88 (184 520 392 ) (184 1220 392 ) (244 1220 392 ) (244 520 392 ) 
4 10 89 (476 184 392 ) (184 184 392 ) (184 520 392 ) (476 520 392 ) 
4 10 118 (184 184 392 ) (20 184 392 ) (20 1220 392 ) (184 1220 392 ) 
4 10 86 (704 1220 392 ) (704 184 392 ) (476 184 392 ) (476 1220 392 ) 
4 10 15 (-1156 1536 392 ) (704 1536 392 ) (704 1220 392 ) (-1156 1220 392 ) 
4 10 169 (-1336 -808 392 ) (-1336 1536 392 ) (-1156 1536 392 ) (-1156 -808 392 ) 
4 10 13 (-1336 1536 392 ) (-1336 1840 392 ) (704 1840 392 ) (704 1536 392 ) 
4 10 11 (-1336 1840 392 ) (-1336 1920 392 ) (704 1920 392 ) (704 1840 392 ) 
4 10 319 (-1336 -832 392 ) (-1408 -832 392 ) (-1408 1920 392 ) (-1336 1920 392 ) 
4 11 321 (-1336 1920 -884 ) (-68 1920 -884 ) (-68 1840 -884 ) (-1336 1840 -884 ) 
4 11 320 (-68 1920 -884 ) (2496 1920 -884 ) (2496 1840 -884 ) (-68 1840 -884 ) 
4 11 305 (-1164 1840 -40 ) (-1336 1840 -40 ) (-1336 1840 -448 ) (-1164 1840 -448 ) 
4 11 207 (1348 1840 -448 ) (1348 1840 -40 ) (-1140 1840 -40 ) (-1140 1840 -448 ) 
4 11 174 (1348 1840 -884 ) (2496 1840 -884 ) (2496 1840 -448 ) (1348 1840 -448 ) 
4 11 173 (2496 1840 -448 ) (2496 1840 -40 ) (1348 1840 -40 ) (1348 1840 -448 ) 
4 11 13 (2360 1840 392 ) (-1336 1840 392 ) (-1336 1840 -40 ) (2360 1840 -40 ) 
4 11 12 (2496 1840 -40 ) (2496 1840 392 ) (2360 1840 392 ) (2360 1840 -40 ) 
4 11 319 (-1336 1920 392 ) (-1336 1920 -884 ) (-1336 1840 -884 ) (-1336 1840 392 ) 
4 12 177 (2496 -832 -40 ) (2360 -832 -40 ) (2360 1156 -40 ) (2496 1156 -40 ) 
4 12 173 (2360 1156 -40 ) (2360 1840 -40 ) (2496 1840 -40 ) (2496 1156 -40 ) 
4 12 170 (2360 -808 -40 ) (2360 -832 -40 ) (2360 -832 392 ) (2360 -808 392 ) 
4 12 167 (2360 -172 -40 ) (2360 -808 -40 ) (2360 -808 -24 ) (2360 -172 -24 ) 
4 12 166 (2360 68 -40 ) (2360 -172 -40 ) (2360 -172 -24 ) (2360 68 -24 ) 
4 12 165 (2360 1536 -40 ) (2360 68 -40 ) (2360 68 -24 ) (2360 1536 -24 ) 
4 12 162 (2360 -808 -24 ) (2360 -808 392 ) (2360 -620 392 ) (2360 -620 -24 ) 
4 12 84 (2360 1032 12 ) (2360 1032 -24 ) (2360 -620 -24 ) (2360 -620 12 ) 
4 12 24 (2360 -492 392 ) (2360 -172 392 ) (2360 -172 12 ) (2360 -492 12 ) 
4 12 27 (2360 -620 392 ) (2360 -492 392 ) (2360 -492 12 ) (2360 -620 12 ) 
4 12 22 (2360 136 12 ) (2360 68 12 ) (2360 68 252 ) (2360 136 252 ) 
4 12 21 (2360 1032 252 ) (2360 1032 12 ) (2360 136 12 ) (2360 136 252 ) 
4 12 18 (2360 -172 392 ) (2360 1032 392 ) (2360 1032 252 ) (2360 -172 252 ) 
4 12 17 (2360 1032 392 ) (2360 1220 392 ) (2360 1220 -24 ) (2360 1032 -24 ) 
4 12 14 (2360 1220 392 ) (2360 1536 392 ) (2360 1536 -24 ) (2360 1220 -24 ) 
4 12 13 (2360 1840 392 ) (2360 1840 -40 ) (2360 1536 -40 ) (2360 1536 392 ) 
4 13 305 (-1336 1536 -40 ) (-1336 1840 -40 ) (-1164 1840 -40 ) (-1164 1536 -40 ) 
4 13 207 (-1140 1840 -40 ) (1348 1840 -40 ) (1348 1836 -40 ) (-1140 1836 -40 ) 
4 13 208 (1348 1812 -40 ) (1348 1536 -40 ) (-1140 1536 -40 ) (-1140 1812 -40 ) 
4 13 173 (1348 1840 -40 ) (2360 1840 -40 ) (2360 1536 -40 ) (1348 1536 -40 ) 
4 13 168 (-1156 1536 -40 ) (-1152 1536 -40 ) (-1152 1536 -24 ) (-1156 1536 -24 ) 
4 13 165 (2312 1536 -40 ) (2360 1536 -40 ) (2360 1536 -24 ) (2312 1536 -24 ) 
4 13 16 (-1156 1536 376 ) (-1156 1536 -24 ) (2320 1536 -24 ) (2320 1536 376 ) 
4 13 15 (2320 1536 392 ) (-1156 1536 392 ) (-1156 1536 376 ) (2320 1536 376 ) 
4 13 14 (2360 1536 -24 ) (2360 1536 392 ) (2320 1536 392 ) (2320 1536 -24 ) 
4 13 169 (-1336 1536 392 ) (-1336 1536 -40 ) (-1156 1536 -40 ) (-1156 1536 392 ) 
4 13 319 (-1336 1536 392 ) (-1336 1840 392 ) (-1336 1840 -40 ) (-1336 1536 -40 ) 
4 14 165 (2320 1536 -24 ) (2360 1536 -24 ) (2360 1220 -24 ) (2320 1220 -24 ) 
4 14 17 (2320 1220 -24 ) (2360 1220 -24 ) (2360 1220 392 ) (2320 1220 392 ) 
4 14 16 (2320 1536 -24 ) (2320 1264 -24 ) (2320 1264 376 ) (2320 1536 376 ) 
4 14 15 (2320 1220 376 ) (2320 1220 392 ) (2320 1536 392 ) (2320 1536 376 ) 
4 15 159 (-1156 1220 392 ) (-1156 1220 376 ) (-896 1220 376 ) (-896 1220 392 ) 
4 15 142 (-896 1220 376 ) (-532 1220 376 ) (-532 1220 392 ) (-896 1220 392 ) 
4 15 139 (-532 1220 376 ) (-252 1220 376 ) (-252 1220 392 ) (-532 1220 392 ) 
4 15 131 (-252 1220 376 ) (20 1220 376 ) (20 1220 392 ) (-252 1220 392 ) 
4 15 87 (244 1220 376 ) (476 1220 376 ) (476 1220 392 ) (244 1220 392 ) 
4 15 88 (184 1220 376 ) (244 1220 376 ) (244 1220 392 ) (184 1220 392 ) 
4 15 118 (20 1220 376 ) (184 1220 376 ) (184 1220 392 ) (20 1220 392 ) 
4 15 86 (476 1220 376 ) (704 1220 376 ) (704 1220 392 ) (476 1220 392 ) 
4 15 17 (704 1220 376 ) (2320 1220 376 ) (2320 1220 392 ) (704 1220 392 ) 
4 15 16 (-1156 1264 376 ) (-1156 1536 376 ) (2320 1536 376 ) (2320 1264 376 ) 
4 15 169 (-1156 1536 392 ) (-1156 1536 376 ) (-1156 1220 376 ) (-1156 1220 392 ) 
4 16 168 (-1156 1264 -24 ) (-1156 1536 -24 ) (-1152 1536 -24 ) (-1152 1264 -24 ) 
4 16 165 (2312 1536 -24 ) (2320 1536 -24 ) (2320 1264 -24 ) (2312 1264 -24 ) 
4 16 169 (-1156 1536 376 ) (-1156 1536 -24 ) (-1156 1264 -24 ) (-1156 1264 376 ) 
4 17 165 (2312 1220 -24 ) (2360 1220 -24 ) (2360 1032 -24 ) (2312 1032 -24 ) 
4 17 86 (704 1220 -24 ) (704 1032 -24 ) (704 1032 392 ) (704 1220 392 ) 
4 17 84 (2316 1032 -24 ) (2360 1032 -24 ) (2360 1032 12 ) (2316 1032 12 ) 
4 17 21 (2360 1032 12 ) (2360 1032 252 ) (1868 1032 252 ) (1868 1032 12 ) 
4 17 19 (2332 1032 392 ) (1868 1032 392 ) (1868 1032 252 ) (2332 1032 252 ) 
4 17 18 (2360 1032 252 ) (2360 1032 392 ) (2332 1032 392 ) (2332 1032 252 ) 
4 18 24 (2360 -172 252 ) (2360 -172 392 ) (2332 -172 392 ) (2332 -172 252 ) 
4 18 22 (2360 136 252 ) (2360 68 252 ) (2332 68 252 ) (2332 136 252 ) 
4 18 21 (2332 1032 252 ) (2360 1032 252 ) (2360 136 252 ) (2332 136 252 ) 
4 18 20 (2332 -172 260 ) (2332 -172 392 ) (2332 68 392 ) (2332 68 260 ) 
4 18 19 (2332 68 392 ) (2332 1032 392 ) (2332 1032 252 ) (2332 68 252 ) 
4 19 22 (2332 136 252 ) (2332 68 252 ) (2296 68 252 ) (2296 136 252 ) 
4 19 21 (1868 1032 252 ) (2332 1032 252 ) (2332 136 252 ) (1868 136 252 ) 
4 19 20 (2332 68 260 ) (2332 68 392 ) (1868 68 392 ) (1868 68 260 ) 
4 20 25 (2296 -172 392 ) (1868 -172 392 ) (1868 -172 260 ) (2296 -172 260 ) 
4 20 24 (2332 -172 392 ) (2296 -172 392 ) (2296 -172 260 ) (2332 -172 260 ) 
4 21 84 (2316 1032 12 ) (2360 1032 12 ) (2360 136 12 ) (2316 136 12 ) 
4 21 22 (2296 136 12 ) (2360 136 12 ) (2360 136 252 ) (2296 136 252 ) 
4 22 84 (2360 136 12 ) (2360 68 12 ) (2316 68 12 ) (2316 136 12 ) 
4 23 85 (2296 -172 12 ) (2100 -172 12 ) (2100 68 12 ) (2296 68 12 ) 
4 23 76 (1848 -160 12 ) (1848 -172 12 ) (1848 -172 252 ) (1848 -160 252 ) 
4 23 74 (1848 68 12 ) (1848 -160 12 ) (1848 -160 252 ) (1848 68 252 ) 
4 24 84 (2360 -172 12 ) (2360 -492 12 ) (2316 -492 12 ) (2316 -172 12 ) 
4 24 26 (2296 -240 12 ) (2296 -492 12 ) (2296 -492 252 ) (2296 -240 252 ) 
4 24 25 (2296 -492 252 ) (2296 -492 392 ) (2296 -172 392 ) (2296 -172 252 ) 
4 24 27 (2296 -492 12 ) (2360 -492 12 ) (2360 -492 392 ) (2296 -492 392 ) 
4 25 26 (2296 -492 252 ) (1868 -492 252 ) (1868 -240 252 ) (2296 -240 252 ) 
4 25 27 (1868 -492 252 ) (2296 -492 252 ) (2296 -492 392 ) (1868 -492 392 ) 
4 26 27 (1868 -492 12 ) (2296 -492 12 ) (2296 -492 252 ) (1868 -492 252 ) 
4 27 163 (2116 -620 392 ) (1848 -620 392 ) (1848 -620 376 ) (2116 -620 376 ) 
4 27 162 (2360 -620 12 ) (2360 -620 392 ) (2116 -620 392 ) (2116 -620 12 ) 
4 27 84 (2360 -492 12 ) (2360 -620 12 ) (2316 -620 12 ) (2316 -492 12 ) 
4 27 82 (1848 -504 12 ) (1848 -620 12 ) (1848 -620 392 ) (1848 -504 392 ) 
4 29 73 (1621.333374 696 12 ) (1621.333374 785.333374 12 ) (1832 996 138.399963 ) (1832 696 138.399963 ) 
4 29 71 (1832 996 138.399979 ) (1621.333374 785.333374 12 ) (1548 785.333374 12 ) (1548 996 138.399979 ) 
4 29 33 (1548 696 12 ) (1596 696 12 ) (1596 696 44 ) (1548 696 44 ) 
5 29 32 (1596 696 12 ) (1621.333496 696 12 ) (1632 696 18.399902 ) (1632 696 44 ) (1596 696 44 ) 
4 29 31 (1632 696 56 ) (1632 696 304 ) (1548 696 304 ) (1548 696 56 ) 
4 29 30 (1632 696 18.399902 ) (1848 696 148 ) (1848 696 304 ) (1632 696 304 ) 
5 29 36 (1548 785.333374 12 ) (1548 696 12 ) (1548 696 304 ) (1548 1012 304 ) (1548 1012 148 ) 
4 30 73 (1632 696 18.399975 ) (1832 696 138.399963 ) (1832 620 138.399963 ) (1632 620 18.399975 ) 
4 30 37 (1632 620 18.400122 ) (1848 620 148 ) (1848 620 304 ) (1632 620 304 ) 
4 30 35 (1632 644 18.400013 ) (1632 620 18.400013 ) (1632 620 44 ) (1632 644 44 ) 
4 30 32 (1632 696 18.400013 ) (1632 644 18.400013 ) (1632 644 44 ) (1632 696 44 ) 
4 30 31 (1632 620 56 ) (1632 620 304 ) (1632 696 304 ) (1632 696 56 ) 
4 31 37 (1632 620 56 ) (1632 620 304 ) (1548 620 304 ) (1548 620 56 ) 
4 31 36 (1548 620 56 ) (1548 620 304 ) (1548 696 304 ) (1548 696 56 ) 
4 32 73 (1621.333374 644 12 ) (1621.333374 696 12 ) (1632 696 18.399975 ) (1632 644 18.399975 ) 
5 32 35 (1596 644 12 ) (1621.333252 644 12 ) (1632 644 18.400013 ) (1632 644 44 ) (1596 644 44 ) 
4 32 33 (1596 696 44 ) (1596 696 12 ) (1596 668 12 ) (1596 668 44 ) 
4 33 34 (1548 668 44 ) (1548 668 12 ) (1568 668 12 ) (1568 668 44 ) 
4 33 36 (1548 696 12 ) (1548 668 12 ) (1548 668 44 ) (1548 696 44 ) 
4 34 35 (1548 644 44 ) (1548 644 12 ) (1568 644 12 ) (1568 644 44 ) 
4 34 36 (1548 668 12 ) (1548 644 12 ) (1548 644 44 ) (1548 668 44 ) 
4 35 73 (1621.333374 620 12 ) (1621.333374 644 12 ) (1632 644 18.399975 ) (1632 620 18.399975 ) 
5 35 37 (1548 620 12 ) (1621.333130 620 12 ) (1632 620 18.400122 ) (1632 620 44 ) (1548 620 44 ) 
4 35 36 (1548 644 12 ) (1548 620 12 ) (1548 620 44 ) (1548 644 44 ) 
4 36 71 (1548 996 138.399979 ) (1548 785.333374 12 ) (1320 785.333374 12 ) (1320 996 138.399979 ) 
4 36 55 (1320 696 12 ) (1320 620 12 ) (1320 620 44 ) (1320 696 44 ) 
4 36 54 (1320 620 44 ) (1320 620 304 ) (1320 696 304 ) (1320 696 44 ) 
5 36 53 (1320 785.333374 12 ) (1320 696 12 ) (1320 696 304 ) (1320 1012 304 ) (1320 1012 148 ) 
4 36 47 (1320 620 12 ) (1404 620 12 ) (1404 620 52 ) (1320 620 52 ) 
4 36 46 (1404 620 12 ) (1548 620 12 ) (1548 620 52 ) (1404 620 52 ) 
4 36 45 (1548 620 52 ) (1548 620 304 ) (1320 620 304 ) (1320 620 52 ) 
4 37 73 (1621.333374 268 12 ) (1621.333374 620 12 ) (1832 620 138.399963 ) (1832 268 138.399963 ) 
4 37 46 (1548 620 52 ) (1548 620 12 ) (1548 408 12 ) (1548 408 52 ) 
4 37 45 (1548 620 304 ) (1548 620 52 ) (1548 408 52 ) (1548 408 304 ) 
4 37 52 (1548 408 12 ) (1548 268 12 ) (1548 268 304 ) (1548 408 304 ) 
4 37 41 (1568 268 12 ) (1596 268 12 ) (1596 268 44 ) (1568 268 44 ) 
4 37 42 (1548 268 12 ) (1568 268 12 ) (1568 268 44 ) (1548 268 44 ) 
5 37 40 (1596 268 12 ) (1621.333130 268 12 ) (1632 268 18.400122 ) (1632 268 44 ) (1596 268 44 ) 
4 37 39 (1632 268 56 ) (1632 268 304 ) (1548 268 304 ) (1548 268 56 ) 
4 37 38 (1632 268 18.400122 ) (1848 268 148 ) (1848 268 304 ) (1632 268 304 ) 
4 38 73 (1632 268 18.399975 ) (1832 268 138.399963 ) (1832 120 138.399963 ) (1632 120 18.399975 ) 
4 38 40 (1632 268 18.400013 ) (1632 192 18.400013 ) (1632 192 44 ) (1632 268 44 ) 
4 38 44 (1632 192 18.400013 ) (1632 120 18.400013 ) (1632 120 56 ) (1632 192 56 ) 
4 38 39 (1632 120 56 ) (1632 120 304 ) (1632 268 304 ) (1632 268 56 ) 
4 38 72 (1848 120 148 ) (1848 120 304 ) (1632 120 304 ) (1632 120 18.399977 ) 
4 39 52 (1548 120 56 ) (1548 120 304 ) (1548 268 304 ) (1548 268 56 ) 
4 39 44 (1632 192 56 ) (1632 120 56 ) (1548 120 56 ) (1548 192 56 ) 
4 39 72 (1632 120 304 ) (1548 120 304 ) (1548 120 56 ) (1632 120 56 ) 
4 40 73 (1621.333374 192 12 ) (1621.333374 268 12 ) (1632 268 18.399975 ) (1632 192 18.399975 ) 
4 40 41 (1596 268 44 ) (1596 268 12 ) (1596 252 12 ) (1596 252 44 ) 
4 40 43 (1596 228 12 ) (1596 192 12 ) (1596 192 44 ) (1596 228 44 ) 
5 40 44 (1596 192 12 ) (1621.333252 192 12 ) (1632 192 18.400013 ) (1632 192 44 ) (1596 192 44 ) 
4 41 42 (1568 268 44 ) (1568 268 12 ) (1568 252 12 ) (1568 252 44 ) 
4 42 52 (1548 268 12 ) (1548 228 12 ) (1548 228 44 ) (1548 268 44 ) 
4 42 43 (1548 228 12 ) (1568 228 12 ) (1568 228 44 ) (1548 228 44 ) 
4 43 52 (1548 228 12 ) (1548 192 12 ) (1548 192 44 ) (1548 228 44 ) 
4 43 44 (1548 192 44 ) (1548 192 12 ) (1596 192 12 ) (1596 192 44 ) 
4 44 73 (1621.333374 120 12 ) (1621.333374 192 12 ) (1632 192 18.399975 ) (1632 120 18.399975 ) 
4 44 52 (1548 192 12 ) (1548 120 12 ) (1548 120 56 ) (1548 192 56 ) 
5 44 72 (1548 120 56 ) (1548 120 12 ) (1621.333374 120 12 ) (1632 120 18.399977 ) (1632 120 56 ) 
4 45 60 (1320 408 52 ) (1320 408 304 ) (1320 620 304 ) (1320 620 52 ) 
4 45 47 (1320 484 52 ) (1320 620 52 ) (1404 620 52 ) (1404 484 52 ) 
4 45 46 (1404 620 52 ) (1548 620 52 ) (1548 408 52 ) (1404 408 52 ) 
4 45 52 (1548 408 52 ) (1548 408 304 ) (1320 408 304 ) (1320 408 52 ) 
4 46 48 (1404 484 12 ) (1404 408 12 ) (1404 408 40 ) (1404 484 40 ) 
4 46 47 (1404 620 52 ) (1404 620 12 ) (1404 484 12 ) (1404 484 52 ) 
4 46 52 (1404 408 12 ) (1548 408 12 ) (1548 408 52 ) (1404 408 52 ) 
4 47 60 (1320 620 12 ) (1320 484 12 ) (1320 484 52 ) (1320 620 52 ) 
4 47 49 (1320 484 40 ) (1320 484 12 ) (1376 484 12 ) (1376 484 40 ) 
4 47 48 (1376 484 40 ) (1376 484 12 ) (1404 484 12 ) (1404 484 40 ) 
4 48 50 (1376 432 12 ) (1376 408 12 ) (1376 408 40 ) (1376 432 40 ) 
4 48 49 (1376 484 12 ) (1376 456 12 ) (1376 456 40 ) (1376 484 40 ) 
4 48 52 (1376 408 12 ) (1404 408 12 ) (1404 408 40 ) (1376 408 40 ) 
4 49 60 (1320 484 12 ) (1320 456 12 ) (1320 456 40 ) (1320 484 40 ) 
4 49 51 (1348 456 40 ) (1320 456 40 ) (1320 456 12 ) (1348 456 12 ) 
4 50 51 (1348 432 12 ) (1348 408 12 ) (1348 408 40 ) (1348 432 40 ) 
4 50 52 (1348 408 12 ) (1376 408 12 ) (1376 408 40 ) (1348 408 40 ) 
4 51 60 (1320 456 12 ) (1320 408 12 ) (1320 408 40 ) (1320 456 40 ) 
4 51 52 (1320 408 12 ) (1348 408 12 ) (1348 408 40 ) (1320 408 40 ) 
4 52 62 (1320 268 12 ) (1320 120 12 ) (1320 120 56 ) (1320 268 56 ) 
4 52 61 (1320 120 56 ) (1320 120 304 ) (1320 268 304 ) (1320 268 56 ) 
4 52 60 (1320 408 12 ) (1320 268 12 ) (1320 268 304 ) (1320 408 304 ) 
4 52 72 (1548 120 304 ) (1320 120 304 ) (1320 120 12 ) (1548 120 12 ) 
4 53 71 (1320 996 138.399979 ) (1320 785.333374 12 ) (1112 785.333374 12 ) (1112 996 138.399979 ) 
5 53 69 (1112 1012 304 ) (1112 1012 148 ) (1112 785.333252 12 ) (1112 696 12 ) (1112 696 304 ) 
4 53 59 (1112 696 32 ) (1112 696 12 ) (1132 696 12 ) (1132 696 32 ) 
4 53 56 (1132 696 12 ) (1196 696 12 ) (1196 696 32 ) (1132 696 32 ) 
4 53 55 (1196 696 12 ) (1320 696 12 ) (1320 696 44 ) (1196 696 44 ) 
4 53 54 (1112 696 304 ) (1112 696 44 ) (1320 696 44 ) (1320 696 304 ) 
4 54 69 (1112 620 44 ) (1112 620 304 ) (1112 696 304 ) (1112 696 44 ) 
4 54 60 (1320 620 44 ) (1320 620 304 ) (1112 620 304 ) (1112 620 44 ) 
4 54 55 (1320 620 44 ) (1196 620 44 ) (1196 696 44 ) (1320 696 44 ) 
4 55 60 (1196 620 12 ) (1320 620 12 ) (1320 620 44 ) (1196 620 44 ) 
4 55 58 (1196 644 12 ) (1196 620 12 ) (1196 620 32 ) (1196 644 32 ) 
4 55 57 (1196 668 12 ) (1196 644 12 ) (1196 644 32 ) (1196 668 32 ) 
4 55 56 (1196 696 32 ) (1196 696 12 ) (1196 668 12 ) (1196 668 32 ) 
4 56 59 (1132 696 12 ) (1132 668 12 ) (1132 668 32 ) (1132 696 32 ) 
4 56 57 (1168 668 12 ) (1196 668 12 ) (1196 668 32 ) (1168 668 32 ) 
4 57 58 (1168 644 12 ) (1196 644 12 ) (1196 644 32 ) (1168 644 32 ) 
4 58 60 (1132 620 12 ) (1196 620 12 ) (1196 620 32 ) (1132 620 32 ) 
4 58 59 (1132 644 12 ) (1132 620 12 ) (1132 620 32 ) (1132 644 32 ) 
4 59 69 (1112 696 12 ) (1112 620 12 ) (1112 620 32 ) (1112 696 32 ) 
4 59 60 (1112 620 12 ) (1132 620 12 ) (1132 620 32 ) (1112 620 32 ) 
4 60 69 (1112 620 12 ) (1112 268 12 ) (1112 268 304 ) (1112 620 304 ) 
4 60 65 (1148 268 12 ) (1168 268 12 ) (1168 268 44 ) (1148 268 44 ) 
4 60 64 (1168 268 12 ) (1196 268 12 ) (1196 268 44 ) (1168 268 44 ) 
4 60 63 (1196 268 12 ) (1232 268 12 ) (1232 268 44 ) (1196 268 44 ) 
4 60 67 (1112 268 56 ) (1112 268 12 ) (1148 268 12 ) (1148 268 56 ) 
4 60 62 (1232 268 12 ) (1320 268 12 ) (1320 268 56 ) (1232 268 56 ) 
4 60 61 (1112 268 304 ) (1112 268 56 ) (1320 268 56 ) (1320 268 304 ) 
4 61 69 (1112 120 56 ) (1112 120 304 ) (1112 268 304 ) (1112 268 56 ) 
4 61 67 (1112 192 56 ) (1112 268 56 ) (1148 268 56 ) (1148 192 56 ) 
4 61 68 (1232 120 56 ) (1112 120 56 ) (1112 192 56 ) (1232 192 56 ) 
4 61 62 (1320 120 56 ) (1232 120 56 ) (1232 268 56 ) (1320 268 56 ) 
4 61 72 (1320 120 304 ) (1112 120 304 ) (1112 120 56 ) (1320 120 56 ) 
4 62 66 (1232 228 12 ) (1232 192 12 ) (1232 192 44 ) (1232 228 44 ) 
4 62 63 (1232 268 44 ) (1232 268 12 ) (1232 228 12 ) (1232 228 44 ) 
4 62 68 (1232 192 12 ) (1232 120 12 ) (1232 120 56 ) (1232 192 56 ) 
4 62 72 (1232 120 12 ) (1320 120 12 ) (1320 120 56 ) (1232 120 56 ) 
4 63 66 (1196 228 12 ) (1232 228 12 ) (1232 228 44 ) (1196 228 44 ) 
4 63 64 (1196 268 44 ) (1196 268 12 ) (1196 252 12 ) (1196 252 44 ) 
4 64 65 (1168 268 12 ) (1168 252 12 ) (1168 252 44 ) (1168 268 44 ) 
4 65 66 (1148 228 12 ) (1168 228 12 ) (1168 228 44 ) (1148 228 44 ) 
4 65 67 (1148 268 44 ) (1148 268 12 ) (1148 228 12 ) (1148 228 44 ) 
4 66 68 (1148 192 12 ) (1232 192 12 ) (1232 192 44 ) (1148 192 44 ) 
4 66 67 (1148 228 12 ) (1148 192 12 ) (1148 192 44 ) (1148 228 44 ) 
4 67 69 (1112 268 12 ) (1112 192 12 ) (1112 192 56 ) (1112 268 56 ) 
4 67 68 (1112 192 12 ) (1148 192 12 ) (1148 192 56 ) (1112 192 56 ) 
4 68 69 (1112 192 12 ) (1112 120 12 ) (1112 120 56 ) (1112 192 56 ) 
4 68 72 (1112 120 56 ) (1112 120 12 ) (1232 120 12 ) (1232 120 56 ) 
4 69 71 (1112 996 138.399979 ) (1112 785.333374 12 ) (740 785.333374 12 ) (740 996 138.399979 ) 
5 69 70 (740 120 138.400009 ) (740 120 304 ) (740 1012 304 ) (740 1012 148 ) (740 996 138.400009 ) 
4 69 72 (1112 120 304 ) (740 120 304 ) (740 120 12 ) (1112 120 12 ) 
4 70 72 (740 120 304 ) (724 120 304 ) (724 120 148 ) (740 120 138.400009 ) 
3 71 73 (1621.333374 785.333374 12 ) (1621.333374 996 12 ) (1832 996 138.399963 ) 
4 72 80 (724 120 12 ) (724 68 12 ) (724 68 252 ) (724 120 252 ) 
5 72 74 (1848 68 148 ) (1848 68 304 ) (724 68 304 ) (724 68 12 ) (1621.333374 68 12 ) 
4 72 73 (1621.333374 68 12 ) (1621.333374 120 12 ) (1832 120 138.399963 ) (1832 68 138.399963 ) 
3 73 74 (1832 68 138.399994 ) (1621.333374 68 12 ) (1832 68 12 ) 
4 74 80 (724 68 12 ) (724 -160 12 ) (724 -160 252 ) (724 68 252 ) 
4 74 79 (724 -160 304 ) (724 -160 148 ) (740 -160 138.400009 ) (740 -160 304 ) 
4 74 77 (740 -160 12 ) (1832 -160 12 ) (1832 -160 304 ) (740 -160 304 ) 
4 74 76 (1832 -160 12 ) (1848 -160 12 ) (1848 -160 304 ) (1832 -160 304 ) 
4 75 78 (1832 -468 138.400009 ) (1832 -484 148 ) (1832 -484 304 ) (1832 -468 304 ) 
4 75 77 (1832 -468 138.400009 ) (1832 -468 304 ) (1832 -188 304 ) (1832 -188 138.400009 ) 
4 75 76 (1832 -188 138.400009 ) (1832 -188 304 ) (1848 -172 304 ) (1848 -172 148 ) 
4 76 77 (1832 -160 12 ) (1832 -188 12 ) (1832 -188 304 ) (1832 -160 304 ) 
4 77 79 (740 -160 304 ) (740 -160 138.400009 ) (740 -468 138.400009 ) (740 -468 304 ) 
4 77 78 (1832 -468 138.400009 ) (1832 -468 304 ) (740 -468 304 ) (740 -468 138.400009 ) 
4 78 79 (740 -484 148 ) (740 -484 304 ) (740 -468 304 ) (740 -468 138.400009 ) 
4 80 123 (704 120 100 ) (704 120 12 ) (704 -160 12 ) (704 -160 100 ) 
4 80 121 (704 120 120 ) (704 120 100 ) (704 -160 100 ) (704 -160 120 ) 
4 80 120 (704 120 252 ) (704 120 120 ) (704 -160 120 ) (704 -160 252 ) 
4 81 127 (704 -232 28 ) (704 -232 72 ) (704 -188 72 ) (704 -188 28 ) 
4 82 163 (1848 -620 392 ) (724 -620 392 ) (724 -620 376 ) (1848 -620 376 ) 
4 82 83 (724 -504 12 ) (724 -620 12 ) (724 -620 72 ) (724 -504 72 ) 
4 84 167 (2360 -172 -24 ) (2360 -620 -24 ) (2316 -620 -24 ) (2316 -172 -24 ) 
4 84 166 (2360 68 -24 ) (2360 -172 -24 ) (2316 -172 -24 ) (2316 68 -24 ) 
4 84 165 (2360 1032 -24 ) (2360 68 -24 ) (2316 68 -24 ) (2316 1032 -24 ) 
4 84 162 (2316 -620 -24 ) (2360 -620 -24 ) (2360 -620 12 ) (2316 -620 12 ) 
4 85 166 (2100 -172 -24 ) (2100 68 -24 ) (2312 68 -24 ) (2312 -172 -24 ) 
4 86 119 (476 184 -24 ) (704 184 -24 ) (704 184 392 ) (476 184 392 ) 
4 86 112 (476 532 -24 ) (476 184 -24 ) (476 184 188 ) (476 532 188 ) 
4 86 90 (476 1220 188 ) (476 1220 -24 ) (476 1024 -24 ) (476 1024 188 ) 
4 86 87 (476 1220 392 ) (476 1220 208 ) (476 520 208 ) (476 520 392 ) 
4 86 89 (476 520 188 ) (476 184 188 ) (476 184 392 ) (476 520 392 ) 
4 87 88 (244 1220 392 ) (244 1220 208 ) (244 520 208 ) (244 520 392 ) 
4 87 89 (476 520 208 ) (476 520 392 ) (244 520 392 ) (244 520 208 ) 
4 88 113 (244 532 188 ) (244 520 188 ) (184 520 188 ) (184 532 188 ) 
4 88 111 (244 536 188 ) (244 532 188 ) (184 532 188 ) (184 536 188 ) 
4 88 106 (244 624 188 ) (244 536 188 ) (184 536 188 ) (184 624 188 ) 
4 88 101 (244 848 188 ) (244 764 188 ) (184 764 188 ) (184 848 188 ) 
4 88 105 (244 764 188 ) (244 624 188 ) (184 624 188 ) (184 764 188 ) 
4 88 100 (244 1024 188 ) (244 848 188 ) (184 848 188 ) (184 1024 188 ) 
4 88 99 (184 1220 188 ) (244 1220 188 ) (244 1024 188 ) (184 1024 188 ) 
4 88 89 (184 520 392 ) (184 520 188 ) (244 520 188 ) (244 520 392 ) 
4 88 118 (184 520 392 ) (184 1220 392 ) (184 1220 188 ) (184 520 188 ) 
4 89 119 (476 184 188 ) (476 184 392 ) (184 184 392 ) (184 184 188 ) 
4 89 113 (296 184 188 ) (184 184 188 ) (184 520 188 ) (296 520 188 ) 
4 89 112 (476 520 188 ) (476 184 188 ) (296 184 188 ) (296 520 188 ) 
4 89 118 (184 184 188 ) (184 184 392 ) (184 520 392 ) (184 520 188 ) 
4 90 92 (272 1220 188 ) (272 1220 -20 ) (272 1024 -20 ) (272 1024 188 ) 
4 90 110 (272 1220 -20 ) (272 1220 -24 ) (272 1024 -24 ) (272 1024 -20 ) 
4 90 91 (272 1024 -24 ) (472 1024 -24 ) (472 1024 188 ) (272 1024 188 ) 
4 91 93 (272 624 188 ) (272 768 188 ) (272 768 160 ) (272 624 160 ) 
4 91 94 (272 768 76 ) (272 768 -20 ) (272 624 -20 ) (272 624 76 ) 
4 91 95 (272 536 -20 ) (272 536 188 ) (272 624 188 ) (272 624 -20 ) 
4 91 92 (272 768 188 ) (272 1024 188 ) (272 1024 -20 ) (272 768 -20 ) 
4 91 110 (272 1024 -24 ) (272 536 -24 ) (272 536 -20 ) (272 1024 -20 ) 
4 92 98 (260 872 -20 ) (260 768 -20 ) (260 768 -16 ) (260 872 -16 ) 
4 92 96 (260 968 -20 ) (260 872 -20 ) (260 872 -4 ) (260 968 -4 ) 
4 92 93 (272 768 160 ) (272 768 188 ) (260 768 188 ) (260 768 160 ) 
4 92 94 (260 768 -20 ) (272 768 -20 ) (272 768 76 ) (260 768 76 ) 
4 92 110 (272 1220 -20 ) (272 768 -20 ) (260 768 -20 ) (260 1220 -20 ) 
4 93 95 (260 624 188 ) (260 624 160 ) (272 624 160 ) (272 624 188 ) 
4 94 98 (260 768 -20 ) (260 624 -20 ) (260 624 -16 ) (260 768 -16 ) 
4 94 95 (260 624 76 ) (260 624 -20 ) (272 624 -20 ) (272 624 76 ) 
4 94 110 (272 768 -20 ) (272 624 -20 ) (260 624 -20 ) (260 768 -20 ) 
4 95 98 (260 624 -20 ) (260 536 -20 ) (260 536 -16 ) (260 624 -16 ) 
4 95 110 (272 624 -20 ) (272 536 -20 ) (260 536 -20 ) (260 624 -20 ) 
4 96 98 (256 872 -16 ) (256 872 -20 ) (260 872 -20 ) (260 872 -16 ) 
4 96 110 (256 872 -20 ) (256 968 -20 ) (260 968 -20 ) (260 872 -20 ) 
4 97 105 (256 764 76 ) (256 624 76 ) (256 624 160 ) (256 764 160 ) 
4 98 109 (256 624 -20 ) (256 536 -20 ) (256 536 -16 ) (256 624 -16 ) 
4 98 104 (256 848 -20 ) (256 764 -20 ) (256 764 -16 ) (256 848 -16 ) 
4 98 105 (256 764 -20 ) (256 624 -20 ) (256 624 -16 ) (256 764 -16 ) 
4 98 110 (260 536 -20 ) (256 536 -20 ) (256 872 -20 ) (260 872 -20 ) 
4 99 100 (184 1024 188 ) (184 1024 -4 ) (256 1024 -4 ) (256 1024 188 ) 
4 99 110 (184 1024 -20 ) (184 1220 -20 ) (256 1220 -20 ) (256 1024 -20 ) 
4 99 118 (184 1024 188 ) (184 1220 188 ) (184 1220 -20 ) (184 1024 -20 ) 
4 100 102 (256 848 76 ) (256 848 160 ) (184 848 160 ) (184 848 76 ) 
4 100 101 (256 848 160 ) (256 848 188 ) (184 848 188 ) (184 848 160 ) 
4 100 104 (256 848 -4 ) (256 848 76 ) (184 848 76 ) (184 848 -4 ) 
4 100 118 (184 848 188 ) (184 1024 188 ) (184 1024 -4 ) (184 848 -4 ) 
4 101 103 (244 764 160 ) (184 764 160 ) (184 808 160 ) (244 808 160 ) 
4 101 102 (184 808 160 ) (184 848 160 ) (256 848 160 ) (256 808 160 ) 
4 101 118 (184 764 188 ) (184 848 188 ) (184 848 160 ) (184 764 160 ) 
4 101 105 (256 764 160 ) (256 764 188 ) (184 764 188 ) (184 764 160 ) 
4 102 103 (184 808 160 ) (184 808 76 ) (244 808 76 ) (244 808 160 ) 
4 102 118 (184 848 160 ) (184 848 76 ) (184 808 76 ) (184 808 160 ) 
4 102 104 (184 808 76 ) (184 848 76 ) (256 848 76 ) (256 808 76 ) 
4 103 104 (184 764 76 ) (184 808 76 ) (244 808 76 ) (244 764 76 ) 
4 103 118 (184 808 76 ) (184 764 76 ) (184 764 160 ) (184 808 160 ) 
4 103 105 (244 764 160 ) (184 764 160 ) (184 764 76 ) (244 764 76 ) 
4 104 105 (184 764 -20 ) (256 764 -20 ) (256 764 76 ) (184 764 76 ) 
4 104 110 (184 764 -20 ) (184 848 -20 ) (256 848 -20 ) (256 764 -20 ) 
4 104 118 (184 848 76 ) (184 848 -20 ) (184 764 -20 ) (184 764 76 ) 
4 105 107 (184 624 160 ) (184 624 76 ) (244 624 76 ) (244 624 160 ) 
4 105 106 (184 624 188 ) (184 624 160 ) (256 624 160 ) (256 624 188 ) 
4 105 109 (184 624 76 ) (184 624 -20 ) (256 624 -20 ) (256 624 76 ) 
4 105 118 (184 624 188 ) (184 764 188 ) (184 764 -20 ) (184 624 -20 ) 
4 105 110 (184 624 -20 ) (184 764 -20 ) (256 764 -20 ) (256 624 -20 ) 
4 106 111 (256 536 188 ) (184 536 188 ) (184 536 160 ) (256 536 160 ) 
4 106 107 (184 580 160 ) (184 624 160 ) (244 624 160 ) (244 580 160 ) 
4 106 108 (256 536 160 ) (184 536 160 ) (184 580 160 ) (256 580 160 ) 
4 106 118 (184 536 160 ) (184 536 188 ) (184 624 188 ) (184 624 160 ) 
4 107 108 (184 580 160 ) (184 580 76 ) (244 580 76 ) (244 580 160 ) 
4 107 109 (184 624 76 ) (244 624 76 ) (244 580 76 ) (184 580 76 ) 
4 107 118 (184 580 160 ) (184 624 160 ) (184 624 76 ) (184 580 76 ) 
4 108 111 (184 536 160 ) (184 536 76 ) (256 536 76 ) (256 536 160 ) 
4 108 118 (184 536 76 ) (184 536 160 ) (184 580 160 ) (184 580 76 ) 
4 108 109 (256 580 76 ) (256 536 76 ) (184 536 76 ) (184 580 76 ) 
4 109 111 (184 536 76 ) (184 536 -20 ) (256 536 -20 ) (256 536 76 ) 
4 109 118 (184 536 -20 ) (184 536 76 ) (184 624 76 ) (184 624 -20 ) 
4 109 110 (256 536 -20 ) (184 536 -20 ) (184 624 -20 ) (256 624 -20 ) 
4 110 111 (184 536 -20 ) (184 536 -24 ) (256 536 -24 ) (256 536 -20 ) 
4 110 118 (184 1220 -24 ) (184 536 -24 ) (184 536 -20 ) (184 1220 -20 ) 
4 111 116 (184 532 100 ) (184 532 -24 ) (256 532 -24 ) (256 532 100 ) 
4 111 114 (184 532 120 ) (184 532 100 ) (244 532 100 ) (244 532 120 ) 
4 111 113 (184 532 188 ) (184 532 120 ) (256 532 120 ) (256 532 188 ) 
4 111 118 (184 536 -24 ) (184 532 -24 ) (184 532 188 ) (184 536 188 ) 
4 112 119 (296 184 -24 ) (476 184 -24 ) (476 184 188 ) (296 184 188 ) 
4 112 115 (296 532 100 ) (296 532 -24 ) (296 204 -24 ) (296 204 100 ) 
4 112 117 (296 204 -24 ) (296 184 -24 ) (296 184 100 ) (296 204 100 ) 
4 112 113 (296 532 188 ) (296 532 120 ) (296 184 120 ) (296 184 188 ) 
4 113 119 (296 184 120 ) (296 184 188 ) (184 184 188 ) (184 184 120 ) 
4 113 114 (184 184 120 ) (184 532 120 ) (244 532 120 ) (244 184 120 ) 
4 113 118 (184 184 120 ) (184 184 188 ) (184 532 188 ) (184 532 120 ) 
4 114 119 (244 184 120 ) (184 184 120 ) (184 184 100 ) (244 184 100 ) 
4 114 116 (184 204 100 ) (184 532 100 ) (244 532 100 ) (244 204 100 ) 
4 114 117 (244 184 100 ) (184 184 100 ) (184 204 100 ) (244 204 100 ) 
4 114 118 (184 184 100 ) (184 184 120 ) (184 532 120 ) (184 532 100 ) 
4 115 117 (296 204 -24 ) (296 204 100 ) (284 204 100 ) (284 204 -24 ) 
4 116 117 (260 204 100 ) (184 204 100 ) (184 204 -24 ) (260 204 -24 ) 
4 116 118 (184 532 -24 ) (184 204 -24 ) (184 204 100 ) (184 532 100 ) 
4 117 119 (184 184 -24 ) (296 184 -24 ) (296 184 100 ) (184 184 100 ) 
4 117 118 (184 204 -24 ) (184 184 -24 ) (184 184 100 ) (184 204 100 ) 
4 118 156 (20 716 -24 ) (20 712 -24 ) (20 712 36 ) (20 716 36 ) 
4 118 155 (20 720 -24 ) (20 716 -24 ) (20 716 -12 ) (20 720 -12 ) 
4 118 154 (20 716 -4 ) (20 716 8 ) (20 720 8 ) (20 720 -4 ) 
4 118 153 (20 716 16 ) (20 716 28 ) (20 720 28 ) (20 720 16 ) 
4 118 152 (20 712 36 ) (20 712 392 ) (20 720 392 ) (20 720 36 ) 
4 118 135 (20 720 -4 ) (20 720 8 ) (20 1216 8 ) (20 1216 -4 ) 
4 118 136 (20 1216 -24 ) (20 720 -24 ) (20 720 -12 ) (20 1216 -12 ) 
4 118 134 (20 720 16 ) (20 720 28 ) (20 1216 28 ) (20 1216 16 ) 
4 118 133 (20 720 36 ) (20 720 76 ) (20 1216 76 ) (20 1216 36 ) 
4 118 132 (20 720 76 ) (20 720 392 ) (20 1216 392 ) (20 1216 76 ) 
4 118 131 (20 1220 392 ) (20 1220 -24 ) (20 1216 -24 ) (20 1216 392 ) 
4 118 158 (20 712 -24 ) (20 184 -24 ) (20 184 392 ) (20 712 392 ) 
4 118 119 (20 184 -24 ) (184 184 -24 ) (184 184 392 ) (20 184 392 ) 
4 119 158 (20 184 -24 ) (20 120 -24 ) (20 120 392 ) (20 184 392 ) 
4 119 128 (244 120 -24 ) (284 120 -24 ) (284 120 100 ) (244 120 100 ) 
4 119 125 (576 120 -16 ) (576 120 100 ) (516 120 100 ) (516 120 -16 ) 
4 119 124 (636 120 -4 ) (636 120 100 ) (576 120 100 ) (576 120 -4 ) 
4 119 123 (704 120 12 ) (704 120 100 ) (636 120 100 ) (636 120 12 ) 
4 119 126 (284 120 -24 ) (516 120 -24 ) (516 120 100 ) (284 120 100 ) 
4 119 122 (296 120 120 ) (244 120 120 ) (244 120 100 ) (296 120 100 ) 
4 119 121 (704 120 100 ) (704 120 120 ) (296 120 120 ) (296 120 100 ) 
4 119 120 (704 120 120 ) (704 120 392 ) (244 120 392 ) (244 120 120 ) 
4 119 130 (20 120 392 ) (20 120 -24 ) (244 120 -24 ) (244 120 392 ) 
4 120 163 (704 -620 376 ) (704 -620 392 ) (244 -620 392 ) (244 -620 376 ) 
4 120 122 (244 120 120 ) (296 120 120 ) (296 -140 120 ) (244 -140 120 ) 
4 120 121 (296 120 120 ) (704 120 120 ) (704 -620 120 ) (296 -620 120 ) 
4 120 130 (244 -620 120 ) (244 -620 392 ) (244 120 392 ) (244 120 120 ) 
4 121 127 (296 -596 100 ) (296 -160 100 ) (704 -160 100 ) (704 -596 100 ) 
4 121 125 (516 120 100 ) (576 120 100 ) (576 -160 100 ) (516 -160 100 ) 
4 121 124 (576 120 100 ) (636 120 100 ) (636 -160 100 ) (576 -160 100 ) 
4 121 123 (636 120 100 ) (704 120 100 ) (704 -160 100 ) (636 -160 100 ) 
4 121 126 (296 -160 100 ) (296 120 100 ) (516 120 100 ) (516 -160 100 ) 
4 121 122 (296 -140 120 ) (296 120 120 ) (296 120 100 ) (296 -140 100 ) 
4 122 128 (244 -140 100 ) (244 120 100 ) (284 120 100 ) (284 -140 100 ) 
4 122 126 (284 120 100 ) (296 120 100 ) (296 -140 100 ) (284 -140 100 ) 
4 122 130 (244 -140 120 ) (244 120 120 ) (244 120 100 ) (244 -140 100 ) 
4 123 127 (704 -160 12 ) (704 -160 100 ) (636 -160 100 ) (636 -160 12 ) 
4 123 124 (636 120 100 ) (636 120 12 ) (636 -160 12 ) (636 -160 100 ) 
4 124 127 (636 -160 -4 ) (636 -160 100 ) (576 -160 100 ) (576 -160 -4 ) 
4 124 125 (576 -160 100 ) (576 120 100 ) (576 120 -4 ) (576 -160 -4 ) 
4 125 127 (576 -160 -16 ) (576 -160 100 ) (516 -160 100 ) (516 -160 -16 ) 
4 125 126 (516 -160 100 ) (516 120 100 ) (516 120 -16 ) (516 -160 -16 ) 
4 126 128 (284 -140 100 ) (284 120 100 ) (284 120 -24 ) (284 -140 -24 ) 
4 126 127 (284 -160 -24 ) (516 -160 -24 ) (516 -160 100 ) (284 -160 100 ) 
4 128 129 (244 -140 100 ) (244 -140 -24 ) (260 -140 -24 ) (260 -140 100 ) 
4 128 130 (244 120 -24 ) (244 -140 -24 ) (244 -140 100 ) (244 120 100 ) 
4 129 130 (244 -140 -24 ) (244 -620 -24 ) (244 -620 100 ) (244 -140 100 ) 
4 130 163 (244 -620 376 ) (244 -620 392 ) (20 -620 392 ) (20 -620 376 ) 
4 130 158 (20 120 -24 ) (20 -620 -24 ) (20 -620 392 ) (20 120 392 ) 
4 131 139 (-252 1220 -24 ) (-252 1216 -24 ) (-252 1216 392 ) (-252 1220 392 ) 
4 131 137 (4 1216 -24 ) (16 1216 -24 ) (16 1216 76 ) (4 1216 76 ) 
4 131 135 (20 1216 -4 ) (20 1216 8 ) (16 1216 8 ) (16 1216 -4 ) 
4 131 136 (16 1216 -24 ) (20 1216 -24 ) (20 1216 -12 ) (16 1216 -12 ) 
4 131 134 (20 1216 16 ) (20 1216 28 ) (16 1216 28 ) (16 1216 16 ) 
4 131 133 (20 1216 36 ) (20 1216 76 ) (16 1216 76 ) (16 1216 36 ) 
4 131 132 (20 1216 76 ) (20 1216 392 ) (4 1216 392 ) (4 1216 76 ) 
4 131 138 (-252 1216 -24 ) (4 1216 -24 ) (4 1216 392 ) (-252 1216 392 ) 
4 132 152 (20 720 76 ) (20 720 392 ) (4 720 392 ) (4 720 76 ) 
4 132 137 (4 1216 76 ) (16 1216 76 ) (16 728 76 ) (4 728 76 ) 
4 132 133 (16 1216 76 ) (20 1216 76 ) (20 720 76 ) (16 720 76 ) 
4 132 138 (4 720 76 ) (4 720 392 ) (4 1216 392 ) (4 1216 76 ) 
4 133 152 (20 720 36 ) (20 720 76 ) (16 720 76 ) (16 720 36 ) 
4 133 137 (16 1216 76 ) (16 1216 36 ) (16 728 36 ) (16 728 76 ) 
4 134 153 (20 720 16 ) (20 720 28 ) (16 720 28 ) (16 720 16 ) 
4 134 137 (16 1216 28 ) (16 1216 16 ) (16 728 16 ) (16 728 28 ) 
4 135 154 (20 720 -4 ) (20 720 8 ) (16 720 8 ) (16 720 -4 ) 
4 135 137 (16 1216 8 ) (16 1216 -4 ) (16 728 -4 ) (16 728 8 ) 
4 136 155 (16 720 -24 ) (20 720 -24 ) (20 720 -12 ) (16 720 -12 ) 
4 136 137 (16 1216 -12 ) (16 1216 -24 ) (16 728 -24 ) (16 728 -12 ) 
4 137 138 (4 1216 -24 ) (4 728 -24 ) (4 728 76 ) (4 1216 76 ) 
4 138 155 (-252 720 -24 ) (4 720 -24 ) (4 720 -12 ) (-252 720 -12 ) 
4 138 154 (4 720 -4 ) (4 720 8 ) (-252 720 8 ) (-252 720 -4 ) 
4 138 153 (4 720 16 ) (4 720 28 ) (-252 720 28 ) (-252 720 16 ) 
4 138 152 (4 720 36 ) (4 720 392 ) (-252 720 392 ) (-252 720 36 ) 
4 138 140 (-252 720 76 ) (-252 720 392 ) (-252 728 392 ) (-252 728 76 ) 
4 138 139 (-252 1216 -24 ) (-252 728 -24 ) (-252 728 392 ) (-252 1216 392 ) 
4 139 143 (-532 1220 76 ) (-532 1220 -24 ) (-532 728 -24 ) (-532 728 76 ) 
4 139 142 (-532 1220 392 ) (-532 1220 76 ) (-532 728 76 ) (-532 728 392 ) 
4 139 140 (-252 728 76 ) (-252 728 392 ) (-264 728 392 ) (-264 728 76 ) 
4 139 141 (-532 728 392 ) (-532 728 -24 ) (-264 728 -24 ) (-264 728 392 ) 
4 140 152 (-252 720 76 ) (-252 720 392 ) (-264 720 392 ) (-264 720 76 ) 
4 140 141 (-264 720 76 ) (-264 720 392 ) (-264 728 392 ) (-264 728 76 ) 
4 141 155 (-532 720 -24 ) (-264 720 -24 ) (-264 720 -12 ) (-532 720 -12 ) 
4 141 154 (-264 720 -4 ) (-264 720 8 ) (-532 720 8 ) (-532 720 -4 ) 
4 141 153 (-264 720 16 ) (-264 720 28 ) (-532 720 28 ) (-532 720 16 ) 
4 141 152 (-264 720 36 ) (-264 720 392 ) (-532 720 392 ) (-532 720 36 ) 
4 141 142 (-532 720 76 ) (-532 720 392 ) (-532 728 392 ) (-532 728 76 ) 
4 142 160 (-896 720 76 ) (-896 720 376 ) (-896 1220 376 ) (-896 1220 76 ) 
4 142 159 (-896 720 376 ) (-896 720 392 ) (-896 1220 392 ) (-896 1220 376 ) 
4 142 152 (-896 720 392 ) (-896 720 76 ) (-532 720 76 ) (-532 720 392 ) 
4 142 148 (-892 720 76 ) (-896 720 76 ) (-896 1220 76 ) (-892 1220 76 ) 
4 142 147 (-892 728 76 ) (-892 1220 76 ) (-880 1220 76 ) (-880 728 76 ) 
4 142 146 (-752 720 76 ) (-880 720 76 ) (-880 728 76 ) (-752 728 76 ) 
4 142 145 (-880 728 76 ) (-880 1220 76 ) (-740 1220 76 ) (-740 728 76 ) 
4 142 144 (-544 720 76 ) (-740 720 76 ) (-740 728 76 ) (-544 728 76 ) 
4 142 143 (-532 1220 76 ) (-532 728 76 ) (-740 728 76 ) (-740 1220 76 ) 
4 143 145 (-740 1220 76 ) (-740 1220 -24 ) (-740 728 -24 ) (-740 728 76 ) 
4 143 144 (-740 728 -24 ) (-544 728 -24 ) (-544 728 76 ) (-740 728 76 ) 
4 144 155 (-740 720 -24 ) (-544 720 -24 ) (-544 720 -12 ) (-740 720 -12 ) 
4 144 154 (-544 720 -4 ) (-544 720 8 ) (-740 720 8 ) (-740 720 -4 ) 
4 144 153 (-544 720 16 ) (-544 720 28 ) (-740 720 28 ) (-740 720 16 ) 
4 144 152 (-544 720 36 ) (-544 720 76 ) (-740 720 76 ) (-740 720 36 ) 
4 145 147 (-880 1220 -24 ) (-880 728 -24 ) (-880 728 76 ) (-880 1220 76 ) 
4 145 146 (-880 728 -24 ) (-752 728 -24 ) (-752 728 76 ) (-880 728 76 ) 
4 146 155 (-880 720 -24 ) (-752 720 -24 ) (-752 720 -12 ) (-880 720 -12 ) 
4 146 154 (-752 720 -4 ) (-752 720 8 ) (-880 720 8 ) (-880 720 -4 ) 
4 146 153 (-752 720 16 ) (-752 720 28 ) (-880 720 28 ) (-880 720 16 ) 
4 146 152 (-752 720 36 ) (-752 720 76 ) (-880 720 76 ) (-880 720 36 ) 
4 147 151 (-892 1220 -12 ) (-892 1220 -24 ) (-892 728 -24 ) (-892 728 -12 ) 
4 147 149 (-892 1220 28 ) (-892 1220 16 ) (-892 728 16 ) (-892 728 28 ) 
4 147 150 (-892 1220 8 ) (-892 1220 -4 ) (-892 728 -4 ) (-892 728 8 ) 
4 147 148 (-892 1220 76 ) (-892 1220 36 ) (-892 728 36 ) (-892 728 76 ) 
4 148 160 (-896 720 36 ) (-896 720 76 ) (-896 1220 76 ) (-896 1220 36 ) 
4 148 152 (-896 720 76 ) (-896 720 36 ) (-892 720 36 ) (-892 720 76 ) 
4 149 160 (-896 720 16 ) (-896 720 28 ) (-896 1220 28 ) (-896 1220 16 ) 
4 149 153 (-896 720 28 ) (-896 720 16 ) (-892 720 16 ) (-892 720 28 ) 
4 150 160 (-896 720 -4 ) (-896 720 8 ) (-896 1220 8 ) (-896 1220 -4 ) 
4 150 154 (-896 720 8 ) (-896 720 -4 ) (-892 720 -4 ) (-892 720 8 ) 
4 151 160 (-896 1220 -24 ) (-896 720 -24 ) (-896 720 -12 ) (-896 1220 -12 ) 
4 151 155 (-896 720 -12 ) (-896 720 -24 ) (-892 720 -24 ) (-892 720 -12 ) 
4 152 160 (-896 712 36 ) (-896 712 376 ) (-896 720 376 ) (-896 720 36 ) 
4 152 159 (-896 712 376 ) (-896 712 392 ) (-896 720 392 ) (-896 720 376 ) 
4 152 157 (-504 712 36 ) (-896 712 36 ) (-896 716 36 ) (-504 716 36 ) 
4 152 156 (20 712 36 ) (-412.888855 712 36 ) (-412.888855 716 36 ) (20 716 36 ) 
4 152 158 (20 712 36 ) (20 712 392 ) (-896 712 392 ) (-896 712 36 ) 
4 153 160 (-896 716 16 ) (-896 716 28 ) (-896 720 28 ) (-896 720 16 ) 
4 153 157 (-896 716 28 ) (-896 716 16 ) (-486.222229 716 16 ) (-496.888885 716 28 ) 
4 153 156 (-430.666656 716 16 ) (20 716 16 ) (20 716 28 ) (-420 716 28 ) 
4 154 160 (-896 716 -4 ) (-896 716 8 ) (-896 720 8 ) (-896 720 -4 ) 
4 154 157 (-896 716 8 ) (-896 716 -4 ) (-468.444458 716 -4 ) (-479.111115 716 8 ) 
4 154 156 (-448.444458 716 -4 ) (20 716 -4 ) (20 716 8 ) (-437.777771 716 8 ) 
4 155 160 (-896 720 -24 ) (-896 716 -24 ) (-896 716 -12 ) (-896 720 -12 ) 
5 155 157 (-896 716 -12 ) (-896 716 -24 ) (-466.222198 716 -24 ) (-458.444458 716 -15.250018 ) (-461.333344 716 -12 ) 
4 155 156 (-466.222198 716 -24 ) (20 716 -24 ) (20 716 -12 ) (-455.555542 716 -12 ) 
4 156 157 (-458.444275 716 -15.250195 ) (-466.221893 716 -24 ) (-466.221893 712 -24 ) (-458.444275 712 -15.250195 ) 
4 156 158 (-466.222198 712 -24 ) (20 712 -24 ) (20 712 36 ) (-412.888855 712 36 ) 
4 157 160 (-896 716 -24 ) (-896 712 -24 ) (-896 712 36 ) (-896 716 36 ) 
5 157 158 (-896 712 -24 ) (-466.222198 712 -24 ) (-458.444427 712 -15.250024 ) (-504 712 36 ) (-896 712 36 ) 
4 158 163 (20 -620 376 ) (20 -620 392 ) (-896 -620 392 ) (-896 -620 376 ) 
4 158 160 (-896 712 -24 ) (-896 -620 -24 ) (-896 -620 376 ) (-896 712 376 ) 
4 158 159 (-896 -620 376 ) (-896 -620 392 ) (-896 712 392 ) (-896 712 376 ) 
4 159 163 (-896 -620 376 ) (-896 -620 392 ) (-1156 -620 392 ) (-1156 -620 376 ) 
4 159 161 (-1156 1220 376 ) (-1152 1220 376 ) (-1152 -620 376 ) (-1156 -620 376 ) 
4 159 160 (-1108 1220 376 ) (-896 1220 376 ) (-896 -620 376 ) (-1108 -620 376 ) 
4 159 169 (-1156 -620 376 ) (-1156 -620 392 ) (-1156 1220 392 ) (-1156 1220 376 ) 
4 161 168 (-1156 -620 -24 ) (-1156 1220 -24 ) (-1152 1220 -24 ) (-1152 -620 -24 ) 
4 161 169 (-1156 1220 -24 ) (-1156 -620 -24 ) (-1156 -620 376 ) (-1156 1220 376 ) 
4 162 170 (2360 -808 -24 ) (2360 -808 392 ) (2116 -808 392 ) (2116 -808 -24 ) 
4 162 167 (2360 -808 -24 ) (2312 -808 -24 ) (2312 -620 -24 ) (2360 -620 -24 ) 
4 162 164 (2116 -664 -24 ) (2116 -808 -24 ) (2116 -808 376 ) (2116 -664 376 ) 
4 162 163 (2116 -620 392 ) (2116 -620 376 ) (2116 -808 376 ) (2116 -808 392 ) 
4 163 171 (1348 -808 392 ) (-1156 -808 392 ) (-1156 -808 376 ) (1348 -808 376 ) 
4 163 170 (2116 -808 392 ) (1348 -808 392 ) (1348 -808 376 ) (2116 -808 376 ) 
4 163 164 (2116 -808 376 ) (-1156 -808 376 ) (-1156 -664 376 ) (2116 -664 376 ) 
4 163 169 (-1156 -808 376 ) (-1156 -808 392 ) (-1156 -620 392 ) (-1156 -620 376 ) 
4 164 171 (-1156 -808 376 ) (-1156 -808 100 ) (1348 -808 100 ) (1348 -808 376 ) 
4 164 170 (1348 -808 -24 ) (2116 -808 -24 ) (2116 -808 376 ) (1348 -808 376 ) 
4 164 168 (-1152 -808 -24 ) (-1156 -808 -24 ) (-1156 -664 -24 ) (-1152 -664 -24 ) 
4 164 169 (-1156 -664 -24 ) (-1156 -808 -24 ) (-1156 -808 376 ) (-1156 -664 376 ) 
4 165 187 (2312 112 -40 ) (2312 592 -40 ) (2356 592 -40 ) (2356 112 -40 ) 
4 165 178 (2312 592 -40 ) (2312 1156 -40 ) (2356 1156 -40 ) (2356 592 -40 ) 
4 165 177 (2360 1156 -40 ) (2360 68 -40 ) (2356 68 -40 ) (2356 1156 -40 ) 
4 165 173 (2312 1536 -40 ) (2360 1536 -40 ) (2360 1156 -40 ) (2312 1156 -40 ) 
4 165 166 (2312 68 -40 ) (2360 68 -40 ) (2360 68 -24 ) (2312 68 -24 ) 
4 166 188 (2312 -172 -40 ) (2088 -172 -40 ) (2088 68 -40 ) (2312 68 -40 ) 
4 166 177 (2360 68 -40 ) (2360 -172 -40 ) (2356 -172 -40 ) (2356 68 -40 ) 
4 166 167 (2312 -172 -40 ) (2360 -172 -40 ) (2360 -172 -24 ) (2312 -172 -24 ) 
4 167 200 (2356 -808 -40 ) (2312 -808 -40 ) (2312 -216 -40 ) (2356 -216 -40 ) 
4 167 177 (2360 -172 -40 ) (2360 -808 -40 ) (2356 -808 -40 ) (2356 -172 -40 ) 
4 167 170 (2360 -808 -40 ) (2360 -808 -24 ) (2312 -808 -24 ) (2312 -808 -40 ) 
4 168 169 (-1156 1536 -24 ) (-1156 1536 -40 ) (-1156 -808 -40 ) (-1156 -808 -24 ) 
4 169 305 (-1336 -808 -40 ) (-1336 1536 -40 ) (-1164 1536 -40 ) (-1164 -808 -40 ) 
4 169 171 (-1156 -808 392 ) (-1336 -808 392 ) (-1336 -808 100 ) (-1156 -808 100 ) 
4 169 319 (-1336 -808 392 ) (-1336 1536 392 ) (-1336 1536 -40 ) (-1336 -808 -40 ) 
4 170 203 (1520 -832 -40 ) (1348 -832 -40 ) (1348 -808 -40 ) (1520 -808 -40 ) 
4 170 201 (2044 -832 -40 ) (1520 -832 -40 ) (1520 -808 -40 ) (2044 -808 -40 ) 
4 170 200 (2356 -832 -40 ) (2044 -832 -40 ) (2044 -808 -40 ) (2356 -808 -40 ) 
4 170 177 (2360 -832 -40 ) (2356 -832 -40 ) (2356 -808 -40 ) (2360 -808 -40 ) 
4 170 172 (1348 -828 -40 ) (1348 -832 -40 ) (1348 -832 100 ) (1348 -828 100 ) 
4 170 171 (1348 -808 392 ) (1348 -808 100 ) (1348 -832 100 ) (1348 -832 392 ) 
4 171 172 (1348 -832 100 ) (-1336 -832 100 ) (-1336 -828 100 ) (1348 -828 100 ) 
4 171 319 (-1336 -832 100 ) (-1336 -832 392 ) (-1336 -808 392 ) (-1336 -808 100 ) 
4 172 315 (1348 -832 -40 ) (-1336 -832 -40 ) (-1336 -828 -40 ) (1348 -828 -40 ) 
4 172 319 (-1336 -832 -40 ) (-1336 -832 100 ) (-1336 -828 100 ) (-1336 -828 -40 ) 
4 173 207 (1348 1836 -40 ) (1348 1840 -40 ) (1348 1840 -448 ) (1348 1836 -448 ) 
4 173 208 (1348 1156 -40 ) (1348 1812 -40 ) (1348 1812 -448 ) (1348 1156 -448 ) 
4 173 179 (1732 1156 -40 ) (1348 1156 -40 ) (1348 1156 -448 ) (1732 1156 -448 ) 
4 173 178 (2356 1156 -40 ) (1732 1156 -40 ) (1732 1156 -448 ) (2356 1156 -448 ) 
4 173 177 (2496 1156 -448 ) (2496 1156 -40 ) (2356 1156 -40 ) (2356 1156 -448 ) 
4 173 175 (1348 1156 -448 ) (1348 1168 -448 ) (2496 1168 -448 ) (2496 1156 -448 ) 
4 173 174 (1348 1512 -448 ) (1348 1840 -448 ) (2496 1840 -448 ) (2496 1512 -448 ) 
4 174 320 (2496 1840 -884 ) (2496 1512 -884 ) (1348 1512 -884 ) (1348 1840 -884 ) 
4 174 176 (1348 1512 -484 ) (1348 1512 -884 ) (2496 1512 -884 ) (2496 1512 -484 ) 
4 175 179 (1732 1156 -448 ) (1348 1156 -448 ) (1348 1156 -480 ) (1732 1156 -480 ) 
4 175 178 (2356 1156 -448 ) (1732 1156 -448 ) (1732 1156 -480 ) (2356 1156 -480 ) 
4 175 177 (2496 1156 -484 ) (2496 1156 -448 ) (2356 1156 -448 ) (2356 1156 -484 ) 
4 175 176 (1348 1156 -484 ) (1348 1168 -484 ) (2496 1168 -484 ) (2496 1156 -484 ) 
4 176 320 (2496 1512 -884 ) (2496 1156 -884 ) (1348 1156 -884 ) (1348 1512 -884 ) 
4 176 186 (1348 1156 -884 ) (2356 1156 -884 ) (2356 1156 -516 ) (1348 1156 -516 ) 
4 176 177 (2356 1156 -884 ) (2496 1156 -884 ) (2496 1156 -484 ) (2356 1156 -484 ) 
4 177 320 (2496 1156 -884 ) (2496 -832 -884 ) (2356 -832 -884 ) (2356 1156 -884 ) 
4 177 205 (2356 -832 -516 ) (2356 -832 -480 ) (2356 -592 -480 ) (2356 -592 -516 ) 
4 177 206 (2356 592 -884 ) (2356 -832 -884 ) (2356 -832 -516 ) (2356 592 -516 ) 
4 177 200 (2356 -832 -480 ) (2356 -832 -40 ) (2356 -216 -40 ) (2356 -216 -480 ) 
4 177 187 (2356 112 -40 ) (2356 592 -40 ) (2356 592 -480 ) (2356 112 -480 ) 
4 177 186 (2356 1156 -516 ) (2356 1156 -884 ) (2356 592 -884 ) (2356 592 -516 ) 
4 177 178 (2356 1156 -40 ) (2356 1156 -480 ) (2356 592 -480 ) (2356 592 -40 ) 
4 178 190 (2044 592 -40 ) (1732 592 -40 ) (1732 592 -480 ) (2044 592 -480 ) 
4 178 187 (2356 592 -480 ) (2356 592 -40 ) (2044 592 -40 ) (2044 592 -480 ) 
4 178 180 (1732 860 -40 ) (1732 880 -40 ) (1732 880 -480 ) (1732 860 -480 ) 
4 178 181 (1732 592 -480 ) (1732 592 -40 ) (1732 636 -40 ) (1732 636 -480 ) 
4 178 179 (1732 880 -40 ) (1732 1156 -40 ) (1732 1156 -480 ) (1732 880 -480 ) 
4 179 209 (1348 880 -40 ) (1348 1140 -40 ) (1348 1140 -448 ) (1348 880 -448 ) 
4 179 208 (1348 1140 -40 ) (1348 1156 -40 ) (1348 1156 -448 ) (1348 1140 -448 ) 
4 179 180 (1728 880 -480 ) (1732 880 -480 ) (1732 880 -40 ) (1728 880 -40 ) 
4 181 190 (1732 592 -40 ) (1728 592 -40 ) (1728 592 -480 ) (1732 592 -480 ) 
4 182 210 (1348 636 -40 ) (1348 860 -40 ) (1348 860 -440 ) (1348 636 -440 ) 
4 182 184 (1416 860 -440 ) (1476 860 -440 ) (1476 636 -440 ) (1416 636 -440 ) 
4 182 183 (1476 860 -440 ) (1728 860 -440 ) (1728 636 -440 ) (1476 636 -440 ) 
4 183 185 (1476 860 -480 ) (1476 636 -480 ) (1476 636 -472 ) (1476 860 -472 ) 
4 183 184 (1476 636 -456 ) (1476 636 -440 ) (1476 860 -440 ) (1476 860 -456 ) 
4 186 320 (1348 592 -884 ) (1348 1156 -884 ) (2356 1156 -884 ) (2356 592 -884 ) 
4 186 206 (1348 592 -884 ) (2356 592 -884 ) (2356 592 -516 ) (1348 592 -516 ) 
4 187 190 (2044 592 -40 ) (2044 592 -480 ) (2044 156 -480 ) (2044 156 -40 ) 
4 188 204 (2308 -172 -480 ) (2100 -172 -480 ) (2100 68 -480 ) (2308 68 -480 ) 
4 188 189 (2088 68 -480 ) (2088 -172 -480 ) (2088 -172 -260 ) (2088 68 -260 ) 
4 189 194 (2044 68 -480 ) (2044 -172 -480 ) (2044 -172 -260 ) (2044 68 -260 ) 
4 191 259 (1348 112 -220 ) (1348 112 -344 ) (1348 96 -353.599976 ) (1348 96 -220 ) 
4 191 258 (1348 96 -40 ) (1348 112 -40 ) (1348 112 -220 ) (1348 96 -220 ) 
4 191 195 (1348 96 -40 ) (1348 96 -353.599976 ) (1476 96 -353.599976 ) (1476 96 -40 ) 
4 191 194 (1476 96 -353.599976 ) (2044 96 -353.599976 ) (2044 96 -40 ) (1476 96 -40 ) 
3 191 192 (2044 96 -353.600006 ) (2028 96 -353.600006 ) (2044 112 -344 ) 
3 191 193 (1364 96 -353.600006 ) (1348 96 -353.600006 ) (1348 112 -344 ) 
4 192 194 (2028 96 -480 ) (2044 96 -480 ) (2044 96 -353.599976 ) (2028 96 -353.599976 ) 
4 193 259 (1348 112 -344 ) (1348 112 -448 ) (1348 96 -448 ) (1348 96 -353.599976 ) 
4 193 195 (1348 96 -353.599976 ) (1348 96 -448 ) (1364 96 -448 ) (1364 96 -353.599976 ) 
4 194 198 (2044 -200 -480 ) (2044 -200 -353.600006 ) (2028 -200 -353.600006 ) (2028 -200 -480 ) 
4 194 197 (2044 -200 -353.600006 ) (2044 -200 -40 ) (1476 -200 -40 ) (1476 -200 -353.600006 ) 
4 194 196 (1476 -200 -464 ) (1476 -200 -448 ) (1476 96 -448 ) (1476 96 -464 ) 
4 194 195 (1476 -200 -448 ) (1476 -200 -40 ) (1476 96 -40 ) (1476 96 -448 ) 
4 195 259 (1348 96 -220 ) (1348 96 -448 ) (1348 -200 -448 ) (1348 -200 -220 ) 
4 195 258 (1348 -200 -40 ) (1348 96 -40 ) (1348 96 -220 ) (1348 -200 -220 ) 
4 195 199 (1348 -200 -353.600006 ) (1348 -200 -448 ) (1364 -200 -448 ) (1364 -200 -353.600006 ) 
4 195 197 (1476 -200 -40 ) (1348 -200 -40 ) (1348 -200 -353.600006 ) (1476 -200 -353.600006 ) 
4 195 196 (1476 -200 -448 ) (1416 -200 -448 ) (1416 96 -448 ) (1476 96 -448 ) 
4 197 259 (1348 -200 -220 ) (1348 -200 -353.600006 ) (1348 -216 -344 ) (1348 -216 -220 ) 
4 197 258 (1348 -216 -40 ) (1348 -200 -40 ) (1348 -200 -220 ) (1348 -216 -220 ) 
3 197 198 (2044 -216 -344 ) (2028 -200 -353.600189 ) (2044 -200 -353.600189 ) 
3 197 199 (1348 -216 -344 ) (1348 -200 -353.600189 ) (1364 -200 -353.600189 ) 
4 199 259 (1348 -200 -353.600006 ) (1348 -200 -448 ) (1348 -216 -448 ) (1348 -216 -344 ) 
4 200 205 (2356 -592 -480 ) (2356 -832 -480 ) (2308 -832 -480 ) (2308 -592 -480 ) 
4 200 201 (2044 -268 -480 ) (2044 -832 -480 ) (2044 -832 -40 ) (2044 -268 -40 ) 
4 201 202 (1520 -268 -480 ) (1520 -808 -480 ) (1520 -808 -448 ) (1520 -268 -448 ) 
4 201 203 (1520 -808 -480 ) (1520 -832 -480 ) (1520 -832 -40 ) (1520 -808 -40 ) 
4 202 203 (1348 -808 -448 ) (1348 -808 -480 ) (1520 -808 -480 ) (1520 -808 -448 ) 
4 203 315 (1348 -832 -40 ) (1348 -828 -40 ) (1348 -828 -480 ) (1348 -832 -480 ) 
4 204 206 (2100 68 -516 ) (2308 68 -516 ) (2308 -172 -516 ) (2100 -172 -516 ) 
4 205 206 (2356 -832 -516 ) (2308 -832 -516 ) (2308 -592 -516 ) (2356 -592 -516 ) 
4 206 320 (2356 -832 -884 ) (1348 -832 -884 ) (1348 592 -884 ) (2356 592 -884 ) 
4 206 316 (1348 -828 -884 ) (1348 -832 -884 ) (1348 -832 -516 ) (1348 -828 -516 ) 
4 208 248 (-544 1140 -448 ) (-48 1140 -448 ) (-48 1140 -52 ) (-544 1140 -52 ) 
4 208 247 (-48 1140 -52 ) (-48 1140 -40 ) (-544 1140 -40 ) (-544 1140 -52 ) 
4 208 250 (-560 1140 -448 ) (-544 1140 -448 ) (-544 1140 -40 ) (-560 1140 -40 ) 
4 208 246 (-48 1140 -448 ) (360 1140 -448 ) (360 1140 -40 ) (-48 1140 -40 ) 
4 208 257 (-1140 1140 -40 ) (-1140 1140 -448 ) (-560 1140 -448 ) (-560 1140 -40 ) 
4 208 220 (380 1140 -448 ) (760 1140 -448 ) (760 1140 -40 ) (380 1140 -40 ) 
4 208 219 (760 1140 -448 ) (848 1140 -448 ) (848 1140 -40 ) (760 1140 -40 ) 
4 208 209 (848 1140 -448 ) (1348 1140 -448 ) (1348 1140 -40 ) (848 1140 -40 ) 
4 209 219 (848 1140 -448 ) (848 880 -448 ) (848 880 -40 ) (848 1140 -40 ) 
4 210 218 (1104 860 -40 ) (1104 860 -448 ) (1104 480 -448 ) (1104 480 -40 ) 
4 210 214 (1144 480 -448 ) (1160 480 -448 ) (1160 480 -380 ) (1144 480 -380 ) 
4 210 213 (1160 480 -448 ) (1192 480 -448 ) (1192 480 -380 ) (1160 480 -380 ) 
4 210 216 (1104 480 -448 ) (1144 480 -448 ) (1144 480 -380 ) (1104 480 -380 ) 
4 210 212 (1192 480 -448 ) (1348 480 -448 ) (1348 480 -312 ) (1192 480 -312 ) 
4 210 211 (1348 480 -312 ) (1348 480 -40 ) (1104 480 -40 ) (1104 480 -312 ) 
4 211 259 (1348 136 -312 ) (1348 136 -220 ) (1104 136 -220 ) (1104 136 -312 ) 
4 211 258 (1348 136 -220 ) (1348 136 -40 ) (1104 136 -40 ) (1104 136 -220 ) 
4 211 218 (1104 136 -312 ) (1104 136 -40 ) (1104 480 -40 ) (1104 480 -312 ) 
4 211 212 (1192 480 -312 ) (1348 480 -312 ) (1348 460 -312 ) (1192 460 -312 ) 
4 211 217 (1104 136 -312 ) (1104 460 -312 ) (1348 460 -312 ) (1348 136 -312 ) 
4 212 213 (1192 480 -448 ) (1192 460 -448 ) (1192 460 -380 ) (1192 480 -380 ) 
4 212 217 (1192 460 -448 ) (1348 460 -448 ) (1348 460 -312 ) (1192 460 -312 ) 
4 213 214 (1160 476 -380 ) (1160 480 -380 ) (1160 480 -448 ) (1160 476 -448 ) 
4 213 215 (1160 460 -448 ) (1160 460 -380 ) (1160 464 -380 ) (1160 464 -448 ) 
4 213 217 (1160 460 -448 ) (1192 460 -448 ) (1192 460 -380 ) (1160 460 -380 ) 
4 214 216 (1144 480 -380 ) (1144 480 -448 ) (1144 476 -448 ) (1144 476 -380 ) 
4 215 217 (1144 460 -448 ) (1160 460 -448 ) (1160 460 -380 ) (1144 460 -380 ) 
4 215 216 (1144 464 -448 ) (1144 460 -448 ) (1144 460 -380 ) (1144 464 -380 ) 
4 216 218 (1104 480 -448 ) (1104 460 -448 ) (1104 460 -380 ) (1104 480 -380 ) 
4 216 217 (1104 460 -380 ) (1104 460 -448 ) (1144 460 -448 ) (1144 460 -380 ) 
4 217 259 (1104 136 -448 ) (1348 136 -448 ) (1348 136 -312 ) (1104 136 -312 ) 
4 217 218 (1104 460 -448 ) (1104 136 -448 ) (1104 136 -312 ) (1104 460 -312 ) 
4 218 262 (868 136 -448 ) (1028 136 -448 ) (1028 136 -40 ) (868 136 -40 ) 
4 218 259 (1028 136 -448 ) (1104 136 -448 ) (1104 136 -220 ) (1028 136 -220 ) 
4 218 258 (1104 136 -220 ) (1104 136 -40 ) (1028 136 -40 ) (1028 136 -220 ) 
4 219 220 (760 1140 -448 ) (760 860 -448 ) (760 860 -40 ) (760 1140 -40 ) 
4 221 253 (360 304 -448 ) (360 260 -448 ) (360 260 -40 ) (360 304 -40 ) 
4 221 256 (360 260 -448 ) (360 196 -448 ) (360 196 -40 ) (360 260 -40 ) 
4 221 231 (400 196 -448 ) (412 196 -448 ) (412 196 -446.833344 ) (400 196 -446.833344 ) 
4 221 232 (380 196 -448 ) (400 196 -448 ) (400 196 -444.291656 ) (380 196 -444.291656 ) 
4 221 230 (412 196 -448 ) (432 196 -448 ) (432 196 -444.291656 ) (412 196 -444.291656 ) 
4 221 227 (432 196 -444.291656 ) (432 196 -432.625000 ) (380 196 -432.625000 ) (380 196 -444.291656 ) 
5 221 224 (432 196 -345 ) (432 196 -40 ) (380 196 -40 ) (380 196 -432.625000 ) (410.093750 196 -432.625000 ) 
3 221 223 (432 196 -432.625000 ) (432 196 -345 ) (410.093750 196 -432.625000 ) 
4 221 245 (360 196 -40 ) (360 196 -448 ) (380 196 -448 ) (380 196 -40 ) 
4 221 222 (432 196 -448 ) (760 196 -448 ) (760 196 -40 ) (432 196 -40 ) 
4 222 265 (432 136 -448 ) (760 136 -448 ) (760 136 -40 ) (432 136 -40 ) 
5 222 233 (432 160 -444.291656 ) (432 160 -440.125000 ) (432 168 -438.458344 ) (432 172 -439.291687 ) (432 172 -444.291656 ) 
4 222 234 (432 172 -448 ) (432 160 -448 ) (432 160 -446 ) (432 172 -446 ) 
4 222 235 (432 160 -448 ) (432 140 -448 ) (432 140 -444.291656 ) (432 160 -440.125000 ) 
4 222 230 (432 196 -444.291656 ) (432 196 -448 ) (432 172 -448 ) (432 172 -439.291687 ) 
3 222 227 (432 196 -432.625000 ) (432 196 -444.291656 ) (432 168 -438.458344 ) 
4 222 224 (432 196 -40 ) (432 196 -345 ) (432 160 -345 ) (432 160 -40 ) 
4 222 223 (432 196 -345 ) (432 196 -432.625000 ) (432 160 -440.125000 ) (432 160 -345 ) 
4 222 226 (432 160 -440.125000 ) (432 140 -444.291656 ) (432 140 -40 ) (432 160 -40 ) 
4 222 244 (432 140 -448 ) (432 136 -448 ) (432 136 -40 ) (432 140 -40 ) 
4 223 236 (408.405945 163.593933 -439.376221 ) (408.635406 168 -438.458313 ) (412 168 -438.458313 ) (412 163.594055 -439.376190 ) 
4 223 233 (432 168 -438.458313 ) (432 160 -440.124969 ) (412 160 -440.124969 ) (412 168 -438.458313 ) 
4 223 227 (410.093750 196 -432.624969 ) (432 196 -432.624969 ) (432 168 -438.458313 ) (408.635406 168 -438.458313 ) 
4 223 225 (408.670410 168.670044 -438.318665 ) (408.406006 163.593567 -439.376251 ) (408.406006 160 -439.376251 ) (408.670410 160 -438.318665 ) 
5 223 224 (410.093842 196 -432.624908 ) (408.670410 168.670044 -438.318665 ) (408.670410 160 -438.318665 ) (432 160 -345 ) (432 196 -345 ) 
4 223 226 (432 160 -440.125000 ) (432 160 -345 ) (408.405945 160 -439.376221 ) (412 160 -440.125000 ) 
4 224 228 (400 168 -438.458313 ) (408 168 -438.458313 ) (403.594147 163.594055 -439.376190 ) (400 163.594055 -439.376190 ) 
4 224 229 (380 160 -440.124969 ) (380 168 -438.458313 ) (400 168 -438.458313 ) (400 160 -440.124969 ) 
5 224 227 (380 168 -438.458313 ) (380 196 -432.624969 ) (410.093750 196 -432.624969 ) (408.670319 168.670242 -438.318665 ) (408 168 -438.458313 ) 
4 224 225 (408.670227 168.669983 -438.318756 ) (408.670227 160 -438.318756 ) (403.594055 160 -439.376282 ) (403.594055 163.593811 -439.376282 ) 
4 224 245 (380 160 -40 ) (380 196 -40 ) (380 196 -432.625000 ) (380 160 -440.125000 ) 
6 224 226 (432 160 -345 ) (432 160 -40 ) (380 160 -40 ) (380 160 -440.125000 ) (400 160 -440.125000 ) (408.670319 160 -438.318665 ) 
3 225 239 (408.405945 163.593918 -439.376221 ) (403.594055 163.593964 -439.376221 ) (406 166 -438.875000 ) 
4 225 236 (408.635406 168 -438.458313 ) (408.405945 163.593918 -439.376221 ) (406 166 -438.875000 ) (408 168 -438.458313 ) 
3 225 227 (408.670319 168.670242 -438.318665 ) (408.635406 168 -438.458313 ) (408 168 -438.458313 ) 
4 225 226 (403.781219 160 -440.125000 ) (408.218750 160 -440.125000 ) (408.670319 160 -438.318665 ) (403.594055 160 -439.376221 ) 
3 226 243 (380 140 -444.291626 ) (400 160 -440.124969 ) (400 140 -444.291626 ) 
4 226 235 (412 160 -440.124969 ) (432 160 -440.124969 ) (432 140 -444.291626 ) (412 140 -444.291626 ) 
3 226 229 (380 140 -444.291626 ) (380 160 -440.124969 ) (400 160 -440.124969 ) 
4 226 245 (380 140 -444.291656 ) (380 140 -40 ) (380 160 -40 ) (380 160 -440.125000 ) 
4 226 244 (432 140 -444.291656 ) (432 140 -40 ) (380 140 -40 ) (380 140 -444.291656 ) 
4 227 236 (412 168 -438.458313 ) (408 168 -438.458313 ) (407.395874 168.603943 -438.584198 ) (412 168.603943 -438.584167 ) 
4 227 233 (432 168 -438.458313 ) (412 168 -438.458313 ) (412 172 -439.291687 ) (432 172 -439.291687 ) 
3 227 232 (400 176 -440.125000 ) (380 196 -444.291687 ) (400 196 -444.291687 ) 
4 227 230 (412 196 -444.291687 ) (432 196 -444.291687 ) (432 172 -439.291687 ) (412 172 -439.291687 ) 
4 227 228 (408 168 -438.458313 ) (400 168 -438.458313 ) (400 168.603943 -438.584198 ) (407.395874 168.603943 -438.584198 ) 
4 227 229 (400 168 -438.458313 ) (380 168 -438.458313 ) (380 196 -444.291687 ) (400 176 -440.125000 ) 
3 227 245 (380 168 -438.458344 ) (380 196 -432.625000 ) (380 196 -444.291656 ) 
4 228 239 (406 166 -438.875031 ) (403.594147 163.594055 -439.376251 ) (403.594055 168.405930 -439.376282 ) (406 168.531250 -438.875031 ) 
4 228 236 (407.396240 168.603958 -438.584167 ) (408 168 -438.458344 ) (406 166 -438.875031 ) (406 168.531250 -438.875031 ) 
5 228 229 (400 163.594070 -439.376282 ) (400 168 -438.458344 ) (400 168.603958 -438.584137 ) (400 168.218735 -440.125000 ) (400 163.781250 -440.125000 ) 
3 229 243 (380 140 -444.291718 ) (380 160 -444.291718 ) (400 160 -440.125031 ) 
4 229 232 (380 172 -444.291718 ) (380 196 -444.291718 ) (400 176 -440.125031 ) (400 172 -440.125031 ) 
3 229 245 (380 140 -444.291656 ) (380 168 -438.458344 ) (380 196 -444.291656 ) 
4 230 233 (432 172 -444.291656 ) (432 172 -439.291656 ) (412 172 -439.291656 ) (412 172 -440.125000 ) 
4 230 234 (432 172 -448 ) (432 172 -446 ) (412 172 -441.833344 ) (412 172 -448 ) 
4 230 231 (412 196 -446.833344 ) (412 196 -448 ) (412 172 -448 ) (412 172 -441.833344 ) 
4 231 237 (400 172 -441.833344 ) (400 172 -448 ) (412 172 -448 ) (412 172 -441.833344 ) 
4 231 232 (400 172 -448 ) (400 172 -441.833344 ) (400 196 -446.833344 ) (400 196 -448 ) 
4 232 237 (380 172 -446 ) (380 172 -448 ) (400 172 -448 ) (400 172 -441.833344 ) 
4 232 245 (380 196 -448 ) (380 172 -448 ) (380 172 -444.291656 ) (380 196 -444.291656 ) 
5 233 236 (412 168.218735 -440.125000 ) (412 163.781250 -440.125000 ) (412 163.594055 -439.376251 ) (412 168 -438.458344 ) (412 168.603958 -438.584167 ) 
3 233 235 (432 160 -444.291656 ) (432 160 -440.125000 ) (412 160 -440.125000 ) 
4 234 238 (412 166.249985 -448 ) (412 160 -448 ) (412 160 -441.833344 ) (412 167.791656 -441.833344 ) 
4 234 237 (412 172 -441.833344 ) (412 172 -448 ) (412 166.249985 -448 ) (412 167.791656 -441.833344 ) 
4 234 235 (412 160 -448 ) (432 160 -448 ) (432 160 -446 ) (412 160 -441.833344 ) 
4 235 242 (412 160 -448 ) (412 140 -448 ) (412 140 -446 ) (412 160 -441.833344 ) 
4 235 244 (412 140 -448 ) (432 140 -448 ) (432 140 -444.291656 ) (412 140 -444.291656 ) 
4 236 239 (408.406158 163.594055 -439.376251 ) (406 166 -438.874969 ) (406 168.531250 -438.874969 ) (408.405945 168.405945 -439.376190 ) 
4 237 241 (404 168 -441 ) (380 166.749954 -446 ) (380 166.249939 -448 ) (405.749969 166.249939 -448 ) 
4 237 240 (408 168 -441 ) (404 168 -441 ) (405.749969 166.249939 -448 ) (406.250000 166.249939 -448 ) 
4 237 238 (412 166.249939 -448 ) (412 167.791611 -441.833344 ) (408 168 -441 ) (406.250000 166.249939 -448 ) 
4 237 245 (380 172 -448 ) (380 166.249985 -448 ) (380 166.750000 -446 ) (380 172 -446 ) 
4 238 242 (412 160 -448 ) (412 160 -441.833344 ) (407.791656 160 -441.833344 ) (406.250000 160 -448 ) 
5 238 240 (408 168 -441 ) (406.250061 166.250000 -448 ) (406.250061 160 -448 ) (407.791718 160 -441.833344 ) (408 164 -441 ) 
4 239 240 (408.219757 168.219757 -440.120911 ) (408 164 -441 ) (404 164 -441 ) (403.780212 168.219757 -440.120911 ) 
4 240 242 (405.749969 160 -448 ) (406.250000 160 -448 ) (407.791656 160 -441.833344 ) (404.208313 160 -441.833344 ) 
5 240 241 (404.208344 160 -441.833344 ) (404 164 -441 ) (404 168 -441 ) (405.750000 166.249969 -448 ) (405.750000 160 -448 ) 
4 241 242 (400 160 -448 ) (405.749969 160 -448 ) (404.208313 160 -441.833344 ) (400 160 -441.833344 ) 
4 241 243 (380 160 -446 ) (380 160 -448 ) (400 160 -448 ) (400 160 -441.833344 ) 
4 241 245 (380 166.249985 -448 ) (380 160 -448 ) (380 160 -446 ) (380 166.750000 -446 ) 
4 242 243 (400 160 -441.833344 ) (400 160 -448 ) (400 140 -448 ) (400 140 -446 ) 
4 242 244 (400 140 -448 ) (412 140 -448 ) (412 140 -446 ) (400 140 -446 ) 
4 243 244 (380 140 -448 ) (400 140 -448 ) (400 140 -444.291656 ) (380 140 -444.291656 ) 
4 243 245 (380 160 -448 ) (380 140 -448 ) (380 140 -444.291656 ) (380 160 -444.291656 ) 
4 244 265 (380 136 -448 ) (432 136 -448 ) (432 136 -40 ) (380 136 -40 ) 
4 244 245 (380 140 -448 ) (380 136 -448 ) (380 136 -40 ) (380 140 -40 ) 
4 245 265 (360 136 -448 ) (380 136 -448 ) (380 136 -40 ) (360 136 -40 ) 
4 245 256 (360 196 -448 ) (360 136 -448 ) (360 136 -40 ) (360 196 -40 ) 
4 246 251 (360 812 -52 ) (360 812 -40 ) (-48 812 -40 ) (-48 812 -52 ) 
4 246 248 (-48 1140 -448 ) (-48 1096 -448 ) (-48 1096 -52 ) (-48 1140 -52 ) 
4 246 249 (-48 1080 -448 ) (-48 812 -448 ) (-48 812 -52 ) (-48 1080 -52 ) 
4 246 247 (-48 812 -52 ) (-48 812 -40 ) (-48 1140 -40 ) (-48 1140 -52 ) 
4 247 251 (-48 812 -52 ) (-48 812 -40 ) (-544 812 -40 ) (-544 812 -52 ) 
4 247 248 (-544 1140 -52 ) (-48 1140 -52 ) (-48 1096 -52 ) (-544 1096 -52 ) 
4 247 249 (-48 1080 -52 ) (-48 812 -52 ) (-544 812 -52 ) (-544 1080 -52 ) 
4 247 250 (-544 1140 -40 ) (-544 1140 -52 ) (-544 812 -52 ) (-544 812 -40 ) 
4 248 250 (-544 1140 -52 ) (-544 1140 -448 ) (-544 1096 -448 ) (-544 1096 -52 ) 
4 249 250 (-544 1080 -448 ) (-544 812 -448 ) (-544 812 -52 ) (-544 1080 -52 ) 
4 250 255 (-544 812 -52 ) (-544 812 -40 ) (-560 812 -40 ) (-560 812 -52 ) 
4 250 257 (-560 1140 -448 ) (-560 812 -448 ) (-560 812 -40 ) (-560 1140 -40 ) 
4 251 255 (-544 504 -52 ) (-544 504 -40 ) (-544 812 -40 ) (-544 812 -52 ) 
4 251 254 (64 504 -40 ) (-544 504 -40 ) (-544 504 -52 ) (64 504 -52 ) 
4 251 253 (360 504 -52 ) (360 504 -40 ) (64 504 -40 ) (64 504 -52 ) 
4 251 252 (-544 504 -52 ) (-544 796 -52 ) (360 796 -52 ) (360 504 -52 ) 
4 252 312 (-280 504 -448 ) (-344 504 -448 ) (-344 516 -448 ) (-280 516 -448 ) 
4 252 308 (-308 676 -448 ) (-280 676 -448 ) (-280 624 -448 ) (-308 624 -448 ) 
4 252 310 (-344 580 -448 ) (-344 624 -448 ) (-280 624 -448 ) (-280 580 -448 ) 
4 252 307 (-68 504 -448 ) (-280 504 -448 ) (-280 676 -448 ) (-68 676 -448 ) 
4 252 306 (-344 676 -448 ) (-344 796 -448 ) (-68 796 -448 ) (-68 676 -448 ) 
4 252 253 (64 504 -448 ) (360 504 -448 ) (360 504 -52 ) (64 504 -52 ) 
4 253 254 (64 504 -40 ) (64 504 -52 ) (64 260 -52 ) (64 260 -40 ) 
4 253 256 (64 260 -448 ) (360 260 -448 ) (360 260 -40 ) (64 260 -40 ) 
4 254 255 (-544 260 -52 ) (-544 260 -40 ) (-544 504 -40 ) (-544 504 -52 ) 
4 254 256 (64 260 -52 ) (64 260 -40 ) (-544 260 -40 ) (-544 260 -52 ) 
4 255 257 (-560 260 -52 ) (-560 260 -40 ) (-560 812 -40 ) (-560 812 -52 ) 
4 255 256 (-560 260 -40 ) (-560 260 -52 ) (-544 260 -52 ) (-544 260 -40 ) 
4 256 280 (-396 136 -448 ) (-200 136 -448 ) (-200 136 -40 ) (-396 136 -40 ) 
4 256 279 (-200 136 -448 ) (308 136 -448 ) (308 136 -40 ) (-200 136 -40 ) 
4 256 304 (-560 136 -448 ) (-396 136 -448 ) (-396 136 -40 ) (-560 136 -40 ) 
4 256 265 (308 136 -448 ) (360 136 -448 ) (360 136 -40 ) (308 136 -40 ) 
4 256 257 (-560 260 -448 ) (-560 136 -448 ) (-560 136 -40 ) (-560 260 -40 ) 
4 257 304 (-1140 136 -448 ) (-560 136 -448 ) (-560 136 -40 ) (-1140 136 -40 ) 
4 258 262 (1028 -308 -40 ) (1028 136 -40 ) (1028 136 -220 ) (1028 -308 -220 ) 
4 258 260 (1228 -304 -220 ) (1348 -304 -220 ) (1348 -308 -220 ) (1228 -308 -220 ) 
4 258 259 (1028 -304 -220 ) (1028 136 -220 ) (1348 136 -220 ) (1348 -304 -220 ) 
4 259 262 (1028 136 -448 ) (1028 -304 -448 ) (1028 -304 -220 ) (1028 136 -220 ) 
4 259 261 (1028 -304 -376 ) (1028 -304 -448 ) (1228 -304 -448 ) (1228 -304 -376 ) 
4 259 260 (1348 -304 -220 ) (1228 -304 -220 ) (1228 -304 -448 ) (1348 -304 -448 ) 
4 260 261 (1228 -304 -448 ) (1228 -308 -448 ) (1228 -308 -376 ) (1228 -304 -376 ) 
4 261 262 (1028 -304 -448 ) (1028 -308 -448 ) (1028 -308 -376 ) (1028 -304 -376 ) 
4 262 264 (868 136 -448 ) (868 -152 -448 ) (868 -152 -160 ) (868 136 -160 ) 
4 264 267 (760 -152 -448 ) (764 -152 -448 ) (764 -152 -384 ) (760 -152 -384 ) 
4 264 266 (764 -152 -384 ) (764 -152 -160 ) (760 -152 -160 ) (760 -152 -384 ) 
4 264 265 (760 136 -448 ) (760 -152 -448 ) (760 -152 -160 ) (760 136 -160 ) 
4 265 279 (308 136 -40 ) (308 136 -448 ) (308 -152 -448 ) (308 -152 -40 ) 
4 265 275 (308 -152 -384 ) (308 -152 -448 ) (564 -152 -448 ) (564 -152 -384 ) 
4 265 274 (308 -152 -40 ) (308 -152 -384 ) (564 -152 -384 ) (564 -152 -40 ) 
4 265 267 (564 -152 -448 ) (760 -152 -448 ) (760 -152 -384 ) (564 -152 -384 ) 
4 265 266 (760 -152 -384 ) (760 -152 -40 ) (564 -152 -40 ) (564 -152 -384 ) 
4 266 274 (564 -152 -40 ) (564 -152 -384 ) (564 -452 -384 ) (564 -452 -40 ) 
4 266 270 (564 -452 -40 ) (564 -452 -384 ) (764 -452 -384 ) (764 -452 -40 ) 
4 266 269 (564 -452 -384 ) (564 -348 -384 ) (628 -348 -384 ) (628 -452 -384 ) 
4 266 268 (628 -284 -384 ) (764 -284 -384 ) (764 -452 -384 ) (628 -452 -384 ) 
4 266 267 (564 -284 -384 ) (564 -152 -384 ) (764 -152 -384 ) (764 -284 -384 ) 
4 267 275 (564 -152 -384 ) (564 -152 -448 ) (564 -284 -448 ) (564 -284 -384 ) 
4 267 268 (628 -284 -448 ) (764 -284 -448 ) (764 -284 -384 ) (628 -284 -384 ) 
4 268 271 (632 -452 -448 ) (764 -452 -448 ) (764 -452 -384 ) (632 -452 -384 ) 
4 268 269 (628 -348 -448 ) (628 -452 -448 ) (628 -452 -384 ) (628 -348 -384 ) 
4 269 276 (564 -420 -448 ) (564 -452 -448 ) (564 -452 -384 ) (564 -420 -384 ) 
4 269 275 (564 -348 -448 ) (564 -420 -448 ) (564 -420 -384 ) (564 -348 -384 ) 
4 269 272 (564 -452 -384 ) (564 -452 -448 ) (568 -452 -448 ) (568 -452 -384 ) 
4 270 274 (564 -484 -40 ) (564 -452 -40 ) (564 -452 -384 ) (564 -484 -384 ) 
4 270 278 (564 -808 -384 ) (564 -808 -40 ) (564 -484 -40 ) (564 -484 -384 ) 
4 270 272 (564 -452 -384 ) (568 -452 -384 ) (568 -516 -384 ) (564 -516 -384 ) 
4 270 271 (632 -452 -384 ) (764 -452 -384 ) (764 -516 -384 ) (632 -516 -384 ) 
4 270 273 (764 -516 -384 ) (764 -808 -384 ) (564 -808 -384 ) (564 -516 -384 ) 
4 271 273 (632 -516 -448 ) (764 -516 -448 ) (764 -516 -384 ) (632 -516 -384 ) 
4 272 276 (564 -452 -448 ) (564 -484 -448 ) (564 -484 -384 ) (564 -452 -384 ) 
4 272 278 (564 -484 -448 ) (564 -516 -448 ) (564 -516 -384 ) (564 -484 -384 ) 
4 272 273 (564 -516 -384 ) (564 -516 -448 ) (568 -516 -448 ) (568 -516 -384 ) 
4 273 278 (564 -516 -448 ) (564 -808 -448 ) (564 -808 -384 ) (564 -516 -384 ) 
4 274 297 (308 -484 -320 ) (308 -484 -276 ) (308 -464 -276 ) (308 -464 -320 ) 
4 274 284 (308 -484 -276 ) (308 -484 -40 ) (308 -324 -40 ) (308 -324 -276 ) 
4 274 279 (308 -324 -40 ) (308 -152 -40 ) (308 -152 -384 ) (308 -324 -384 ) 
4 274 277 (308 -484 -384 ) (308 -420 -384 ) (396 -420 -384 ) (396 -484 -384 ) 
4 274 276 (460 -420 -384 ) (564 -420 -384 ) (564 -484 -384 ) (460 -484 -384 ) 
4 274 275 (308 -420 -384 ) (308 -152 -384 ) (564 -152 -384 ) (564 -420 -384 ) 
4 274 278 (308 -484 -40 ) (308 -484 -384 ) (564 -484 -384 ) (564 -484 -40 ) 
4 275 279 (308 -152 -448 ) (308 -324 -448 ) (308 -324 -384 ) (308 -152 -384 ) 
4 275 277 (308 -420 -384 ) (308 -420 -448 ) (396 -420 -448 ) (396 -420 -384 ) 
4 275 276 (460 -420 -448 ) (564 -420 -448 ) (564 -420 -384 ) (460 -420 -384 ) 
4 276 278 (460 -484 -448 ) (564 -484 -448 ) (564 -484 -384 ) (460 -484 -384 ) 
4 277 278 (308 -484 -384 ) (308 -484 -448 ) (396 -484 -448 ) (396 -484 -384 ) 
4 278 299 (308 -808 -320 ) (308 -808 -276 ) (308 -768 -276 ) (308 -768 -320 ) 
4 278 297 (308 -768 -320 ) (308 -768 -276 ) (308 -484 -276 ) (308 -484 -320 ) 
4 278 284 (308 -808 -276 ) (308 -808 -40 ) (308 -484 -40 ) (308 -484 -276 ) 
4 279 295 (-148 -324 -412 ) (-161.333359 -324 -404 ) (-200 -324 -404 ) (-200 -324 -410 ) 
4 279 294 (-88 -324 -448 ) (96 -324 -448 ) (96 -324 -404 ) (-161.333359 -324 -404 ) 
4 279 290 (96 -324 -404 ) (96 -324 -276 ) (-200 -324 -276 ) (-200 -324 -404 ) 
4 279 289 (96 -324 -448 ) (128 -324 -448 ) (128 -324 -360 ) (96 -324 -360 ) 
4 279 286 (236 -324 -276 ) (96 -324 -276 ) (96 -324 -316 ) (236 -324 -316 ) 
4 279 285 (268 -324 -276 ) (236 -324 -276 ) (236 -324 -360 ) (268 -324 -360 ) 
4 279 284 (308 -324 -276 ) (308 -324 -40 ) (-200 -324 -40 ) (-200 -324 -276 ) 
4 279 282 (-200 -304 -448 ) (-200 -324 -448 ) (-200 -324 -404 ) (-200 -304 -404 ) 
4 279 281 (-200 -324 -404 ) (-200 -324 -40 ) (-200 -264 -40 ) (-200 -264 -404 ) 
4 279 280 (-200 136 -448 ) (-200 -264 -448 ) (-200 -264 -40 ) (-200 136 -40 ) 
4 280 283 (-396 -264 -448 ) (-340 -264 -448 ) (-340 -264 -404 ) (-396 -264 -404 ) 
4 280 281 (-200 -264 -404 ) (-200 -264 -40 ) (-396 -264 -40 ) (-396 -264 -404 ) 
4 280 304 (-396 136 -448 ) (-396 -264 -448 ) (-396 -264 -40 ) (-396 136 -40 ) 
4 281 303 (-356 -324 -276 ) (-396 -324 -276 ) (-396 -324 -320 ) (-356 -324 -320 ) 
4 281 292 (-340 -324 -276 ) (-356 -324 -276 ) (-356 -324 -320 ) (-340 -324 -320 ) 
4 281 291 (-200 -324 -404 ) (-200 -324 -320 ) (-216 -324 -320 ) (-216 -324 -404 ) 
4 281 284 (-200 -324 -276 ) (-200 -324 -40 ) (-396 -324 -40 ) (-396 -324 -276 ) 
4 281 282 (-200 -304 -404 ) (-200 -324 -404 ) (-340 -324 -404 ) (-340 -304 -404 ) 
4 281 283 (-396 -324 -404 ) (-396 -264 -404 ) (-340 -264 -404 ) (-340 -324 -404 ) 
4 281 304 (-396 -324 -404 ) (-396 -324 -40 ) (-396 -264 -40 ) (-396 -264 -404 ) 
4 282 295 (-200 -324 -410 ) (-200 -324 -404 ) (-340 -324 -404 ) (-340 -324 -404.615387 ) 
4 282 283 (-340 -304 -448 ) (-340 -324 -448 ) (-340 -324 -404 ) (-340 -304 -404 ) 
3 283 295 (-340 -324 -404.615387 ) (-340 -324 -404 ) (-356 -324 -404 ) 
4 283 304 (-396 -264 -448 ) (-396 -324 -448 ) (-396 -324 -404 ) (-396 -264 -404 ) 
4 284 303 (-396 -808 -276 ) (-396 -324 -276 ) (-356 -324 -276 ) (-356 -808 -276 ) 
4 284 302 (-216 -808 -276 ) (-356 -808 -276 ) (-356 -768 -276 ) (-216 -768 -276 ) 
4 284 301 (-356 -768 -276 ) (-356 -464 -276 ) (-216 -464 -276 ) (-216 -768 -276 ) 
4 284 299 (308 -768 -276 ) (308 -808 -276 ) (-216 -808 -276 ) (-216 -768 -276 ) 
4 284 297 (308 -464 -276 ) (308 -768 -276 ) (268 -768 -276 ) (268 -464 -276 ) 
4 284 298 (268 -768 -276 ) (-216 -768 -276 ) (-216 -464 -276 ) (268 -464 -276 ) 
4 284 292 (-356 -324 -276 ) (-340 -324 -276 ) (-340 -364 -276 ) (-356 -364 -276 ) 
4 284 293 (-200 -364 -276 ) (-200 -464 -276 ) (-356 -464 -276 ) (-356 -364 -276 ) 
4 284 290 (-200 -324 -276 ) (96 -324 -276 ) (96 -464 -276 ) (-200 -464 -276 ) 
4 284 286 (96 -324 -276 ) (236 -324 -276 ) (236 -464 -276 ) (96 -464 -276 ) 
4 284 285 (236 -324 -276 ) (268 -324 -276 ) (268 -464 -276 ) (236 -464 -276 ) 
4 284 304 (-396 -808 -276 ) (-396 -808 -40 ) (-396 -324 -40 ) (-396 -324 -276 ) 
4 285 298 (268 -464 -276 ) (236 -464 -276 ) (236 -464 -360 ) (268 -464 -360 ) 
4 285 288 (268 -464 -360 ) (236 -464 -360 ) (236 -364 -360 ) (268 -364 -360 ) 
4 285 287 (236 -364 -360 ) (236 -464 -360 ) (236 -464 -316 ) (236 -364 -316 ) 
4 285 286 (236 -324 -276 ) (236 -324 -316 ) (236 -464 -316 ) (236 -464 -276 ) 
4 286 298 (236 -464 -276 ) (96 -464 -276 ) (96 -464 -316 ) (236 -464 -316 ) 
4 286 290 (96 -324 -276 ) (96 -324 -316 ) (96 -464 -316 ) (96 -464 -276 ) 
4 286 287 (236 -364 -316 ) (236 -464 -316 ) (96 -464 -316 ) (96 -364 -316 ) 
4 287 298 (96 -464 -316 ) (96 -464 -360 ) (236 -464 -360 ) (236 -464 -316 ) 
4 287 290 (96 -364 -360 ) (96 -464 -360 ) (96 -464 -316 ) (96 -364 -316 ) 
4 287 288 (236 -464 -360 ) (128 -464 -360 ) (128 -364 -360 ) (236 -364 -360 ) 
4 287 289 (128 -464 -360 ) (96 -464 -360 ) (96 -364 -360 ) (128 -364 -360 ) 
4 288 298 (128 -464 -448 ) (268 -464 -448 ) (268 -464 -360 ) (128 -464 -360 ) 
4 288 289 (128 -364 -448 ) (128 -464 -448 ) (128 -464 -360 ) (128 -364 -360 ) 
4 289 298 (96 -464 -448 ) (128 -464 -448 ) (128 -464 -360 ) (96 -464 -360 ) 
4 289 294 (96 -324 -404 ) (96 -324 -448 ) (96 -364 -448 ) (96 -364 -404 ) 
4 289 296 (96 -364 -448 ) (96 -464 -448 ) (96 -464 -404 ) (96 -364 -404 ) 
4 289 290 (96 -324 -360 ) (96 -324 -404 ) (96 -464 -404 ) (96 -464 -360 ) 
4 290 298 (96 -464 -404 ) (96 -464 -276 ) (-200 -464 -276 ) (-200 -464 -404 ) 
4 290 295 (-200 -324 -404 ) (-161.333359 -324 -404 ) (-161.333359 -364 -404 ) (-200 -364 -404 ) 
4 290 294 (-161.333359 -324 -404 ) (96 -324 -404 ) (96 -364 -404 ) (-161.333359 -364 -404 ) 
4 290 296 (96 -364 -404 ) (96 -464 -404 ) (-200 -464 -404 ) (-200 -364 -404 ) 
4 290 291 (-200 -324 -320 ) (-200 -324 -404 ) (-200 -364 -404 ) (-200 -364 -320 ) 
4 290 293 (-200 -364 -404 ) (-200 -464 -404 ) (-200 -464 -276 ) (-200 -364 -276 ) 
4 291 295 (-216 -324 -404 ) (-200 -324 -404 ) (-200 -364 -404 ) (-216 -364 -404 ) 
4 291 293 (-216 -364 -404 ) (-200 -364 -404 ) (-200 -364 -320 ) (-216 -364 -320 ) 
4 292 303 (-356 -324 -276 ) (-356 -324 -320 ) (-356 -364 -320 ) (-356 -364 -276 ) 
4 292 293 (-340 -364 -320 ) (-340 -364 -276 ) (-356 -364 -276 ) (-356 -364 -320 ) 
4 293 303 (-356 -464 -320 ) (-356 -464 -276 ) (-356 -364 -276 ) (-356 -364 -320 ) 
4 293 301 (-216 -464 -276 ) (-356 -464 -276 ) (-356 -464 -404 ) (-216 -464 -404 ) 
4 293 298 (-200 -464 -276 ) (-216 -464 -276 ) (-216 -464 -404 ) (-200 -464 -404 ) 
4 293 296 (-200 -364 -404 ) (-200 -464 -404 ) (-356 -464 -404 ) (-356 -364 -404 ) 
4 294 295 (-161.333694 -364 -404 ) (-161.333694 -324 -404 ) (-148 -324 -412 ) (-148 -364 -412 ) 
4 294 296 (96 -364 -404 ) (-161.333359 -364 -404 ) (-88 -364 -448 ) (96 -364 -448 ) 
3 295 296 (-161.333359 -364 -404 ) (-356 -364 -404 ) (-148 -364 -412 ) 
4 296 301 (-356 -464 -448 ) (-216 -464 -448 ) (-216 -464 -404 ) (-356 -464 -404 ) 
4 296 298 (-216 -464 -448 ) (96 -464 -448 ) (96 -464 -404 ) (-216 -464 -404 ) 
4 297 299 (308 -768 -320 ) (308 -768 -276 ) (268 -768 -276 ) (268 -768 -320 ) 
4 297 298 (268 -464 -276 ) (268 -464 -320 ) (268 -768 -320 ) (268 -768 -276 ) 
4 298 301 (-216 -464 -276 ) (-216 -464 -448 ) (-216 -768 -448 ) (-216 -768 -276 ) 
4 298 300 (-216 -768 -448 ) (-152 -768 -448 ) (-124 -768 -320 ) (-216 -768 -320 ) 
4 298 299 (268 -768 -320 ) (268 -768 -276 ) (-216 -768 -276 ) (-216 -768 -320 ) 
4 299 302 (-216 -808 -320 ) (-216 -808 -276 ) (-216 -768 -276 ) (-216 -768 -320 ) 
4 299 300 (-124 -808 -320 ) (-216 -808 -320 ) (-216 -768 -320 ) (-124 -768 -320 ) 
4 300 302 (-216 -808 -376 ) (-216 -808 -320 ) (-216 -768 -320 ) (-216 -768 -376 ) 
4 301 303 (-356 -768 -320 ) (-356 -768 -276 ) (-356 -464 -276 ) (-356 -464 -320 ) 
4 301 302 (-216 -768 -376 ) (-216 -768 -276 ) (-356 -768 -276 ) (-356 -768 -376 ) 
4 302 303 (-356 -808 -320 ) (-356 -808 -276 ) (-356 -768 -276 ) (-356 -768 -320 ) 
4 303 304 (-396 -808 -320 ) (-396 -808 -276 ) (-396 -324 -276 ) (-396 -324 -320 ) 
4 305 319 (-1336 -808 -448 ) (-1336 -808 -40 ) (-1336 1840 -40 ) (-1336 1840 -448 ) 
4 306 314 (-344 796 -488 ) (-68 796 -488 ) (-68 676 -488 ) (-344 676 -488 ) 
4 306 313 (-344 796 -484 ) (-344 796 -488 ) (-344 676 -488 ) (-344 676 -484 ) 
4 306 309 (-344 676 -488 ) (-308 676 -488 ) (-308 676 -484 ) (-344 676 -484 ) 
4 306 308 (-308 676 -488 ) (-280 676 -488 ) (-280 676 -448 ) (-308 676 -448 ) 
4 306 307 (-280 676 -488 ) (-68 676 -488 ) (-68 676 -448 ) (-280 676 -448 ) 
4 307 314 (-68 676 -488 ) (-68 504 -488 ) (-280 504 -488 ) (-280 676 -488 ) 
4 307 311 (-280 580 -488 ) (-280 516 -488 ) (-280 516 -484 ) (-280 580 -484 ) 
4 307 312 (-280 516 -488 ) (-280 504 -488 ) (-280 504 -448 ) (-280 516 -448 ) 
4 307 308 (-280 676 -488 ) (-280 624 -488 ) (-280 624 -448 ) (-280 676 -448 ) 
4 307 310 (-280 624 -488 ) (-280 580 -488 ) (-280 580 -448 ) (-280 624 -448 ) 
4 308 314 (-308 676 -488 ) (-280 676 -488 ) (-280 624 -488 ) (-308 624 -488 ) 
4 308 309 (-308 676 -484 ) (-308 676 -488 ) (-308 624 -488 ) (-308 624 -484 ) 
4 308 310 (-308 624 -488 ) (-280 624 -488 ) (-280 624 -448 ) (-308 624 -448 ) 
4 309 314 (-344 624 -488 ) (-344 676 -488 ) (-308 676 -488 ) (-308 624 -488 ) 
4 309 313 (-344 676 -488 ) (-344 624 -488 ) (-344 624 -484 ) (-344 676 -484 ) 
4 309 310 (-344 624 -484 ) (-344 624 -488 ) (-308 624 -488 ) (-308 624 -484 ) 
4 310 314 (-344 580 -488 ) (-344 624 -488 ) (-280 624 -488 ) (-280 580 -488 ) 
4 310 313 (-344 624 -488 ) (-344 580 -488 ) (-344 580 -484 ) (-344 624 -484 ) 
4 310 311 (-344 580 -488 ) (-280 580 -488 ) (-280 580 -484 ) (-344 580 -484 ) 
4 311 314 (-344 516 -488 ) (-344 580 -488 ) (-280 580 -488 ) (-280 516 -488 ) 
4 311 313 (-344 580 -488 ) (-344 516 -488 ) (-344 516 -484 ) (-344 580 -484 ) 
4 311 312 (-344 516 -484 ) (-344 516 -488 ) (-280 516 -488 ) (-280 516 -484 ) 
4 312 314 (-280 504 -488 ) (-344 504 -488 ) (-344 516 -488 ) (-280 516 -488 ) 
4 312 313 (-344 516 -488 ) (-344 504 -488 ) (-344 504 -484 ) (-344 516 -484 ) 
4 313 314 (-1252 796 -488 ) (-344 796 -488 ) (-344 504 -488 ) (-1252 504 -488 ) 
4 313 319 (-1336 796 -484 ) (-1336 796 -488 ) (-1336 504 -488 ) (-1336 504 -484 ) 
4 315 318 (-1252 -832 -488 ) (-1336 -832 -488 ) (-1336 -828 -488 ) (-1252 -828 -488 ) 
4 315 317 (-68 -832 -488 ) (-1252 -832 -488 ) (-1252 -828 -488 ) (-68 -828 -488 ) 
4 315 316 (1348 -832 -488 ) (-68 -832 -488 ) (-68 -828 -488 ) (1348 -828 -488 ) 
4 315 319 (-1336 -832 -488 ) (-1336 -832 -40 ) (-1336 -828 -40 ) (-1336 -828 -488 ) 
4 316 320 (1348 -832 -884 ) (-68 -832 -884 ) (-68 -828 -884 ) (1348 -828 -884 ) 
4 316 317 (-68 -828 -884 ) (-68 -832 -884 ) (-68 -832 -488 ) (-68 -828 -488 ) 
4 317 323 (-68 -832 -884 ) (-1252 -832 -884 ) (-1252 -828 -884 ) (-68 -828 -884 ) 
4 317 318 (-1252 -828 -884 ) (-1252 -832 -884 ) (-1252 -832 -488 ) (-1252 -828 -488 ) 
4 318 323 (-1252 -832 -884 ) (-1336 -832 -884 ) (-1336 -828 -884 ) (-1252 -828 -884 ) 
4 318 319 (-1336 -828 -884 ) (-1336 -832 -884 ) (-1336 -832 -488 ) (-1336 -828 -488 ) 
4 319 322 (-1408 -828 -884 ) (-1408 796 -884 ) (-1336 796 -884 ) (-1336 -828 -884 ) 
4 319 323 (-1408 -832 -884 ) (-1408 -828 -884 ) (-1336 -828 -884 ) (-1336 -832 -884 ) 
4 319 321 (-1408 796 -884 ) (-1408 1920 -884 ) (-1336 1920 -884 ) (-1336 796 -884 ) 
4 320 324 (2496 -832 -920 ) (-68 -832 -920 ) (-68 1920 -920 ) (2496 1920 -920 ) 
4 320 323 (-68 -828 -920 ) (-68 -832 -920 ) (-68 -832 -884 ) (-68 -828 -884 ) 
4 320 321 (-68 1920 -884 ) (-68 1920 -920 ) (-68 796 -920 ) (-68 796 -884 ) 
4 321 324 (-1408 796 -920 ) (-1408 1920 -920 ) (-68 1920 -920 ) (-68 796 -920 ) 
4 321 322 (-1408 796 -920 ) (-1336 796 -920 ) (-1336 796 -884 ) (-1408 796 -884 ) 
4 322 324 (-1408 -828 -920 ) (-1408 796 -920 ) (-1336 796 -920 ) (-1336 -828 -920 ) 
4 322 323 (-1408 -828 -884 ) (-1408 -828 -920 ) (-1336 -828 -920 ) (-1336 -828 -884 ) 
4 323 324 (-68 -832 -920 ) (-1408 -832 -920 ) (-1408 -828 -920 ) (-68 -828 -920 ) 
4 325 327 (-1408 -832 -1024 ) (-1408 -832 -1008 ) (-1408 1920 -1008 ) (-1408 1920 -1024 ) 
4 325 326 (-1408 -832 -1008 ) (-1408 -832 -1024 ) (2496 -832 -1024 ) (2496 -832 -1008 ) 
0
1
2
3
4
5
6
7
8
9
10
11
12
13
14
15
16
17
18
19
20
21
22
23
24
25
26
27
28
29
30
31
32
33
34
35
36
37
38
39
40
41
42
43
44
45
46
47
48
49
50
51
52
53
54
55
56
57
58
59
60
61
62
63
64
65
66
67
68
69
70
71
72
73
74
75
76
77
78
79
80
81
82
83
84
85
86
87
88
89
90
91
92
93
94
95
96
97
98
99
100
101
102
103
104
105
106
107
108
109
110
111
112
113
114
115
116
117
118
119
120
121
122
123
124
125
126
127
128
129
130
131
132
133
134
135
136
137
138
139
140
141
142
143
144
145
146
147
148
149
150
151
152
153
154
155
156
157
158
159
160
161
162
163
164
165
166
167
168
169
170
171
172
173
174
175
176
177
178
179
180
181
182
183
184
185
186
187
188
189
190
191
192
193
194
195
196
197
198
199
200
201
202
203
204
205
206
207
208
209
210
211
212
213
214
215
216
217
218
219
220
221
222
223
224
225
226
227
228
229
230
231
232
233
234
235
236
237
238
239
240
241
242
243
244
245
246
247
248
249
250
251
252
253
254
255
256
257
258
259
260
261
262
263
264
265
266
267
268
269
270
271
272
273
274
275
276
277
278
279
280
281
282
283
284
285
286
287
288
289
290
291
292
293
294
295
296
297
298
299
300
301
302
303
304
305
306
307
308
309
310
311
312
313
314
315
316
317
318
319
320
321
322
323
324
325
326
327
