PRT1-AM
281
851
281
4 0 52 (240 768 64 ) (240 768 -64 ) (240 688 -64 ) (240 688 64 ) 
4 0 33 (368 688 -64 ) (384 688 -64 ) (384 688 -48 ) (368 688 -48 ) 
4 0 32 (384 688 -64 ) (464 688 -64 ) (464 688 -48 ) (384 688 -48 ) 
4 0 31 (464 688 -64 ) (480 688 -64 ) (480 688 -48 ) (464 688 -48 ) 
4 0 30 (480 688 -64 ) (496 688 -64 ) (496 688 -48 ) (480 688 -48 ) 
4 0 35 (240 688 -64 ) (368 688 -64 ) (368 688 -48 ) (240 688 -48 ) 
4 0 29 (352 688 -32 ) (240 688 -32 ) (240 688 -48 ) (352 688 -48 ) 
4 0 2 (496 688 -32 ) (496 688 -3 ) (240 688 -3 ) (240 688 -32 ) 
4 0 1 (496 688 -3 ) (496 688 64 ) (240 688 64 ) (240 688 -3 ) 
4 1 54 (240 328 -3 ) (240 328 64 ) (240 578 64 ) (240 578 -3 ) 
4 1 52 (240 578 64 ) (240 688 64 ) (240 688 -3 ) (240 578 -3 ) 
4 1 20 (401 511 -3 ) (401 483 -3 ) (393 483 -3 ) (393 511 -3 ) 
4 1 19 (393 513 -3 ) (401 513 -3 ) (401 511 -3 ) (393 511 -3 ) 
4 1 22 (401 483 -3 ) (401 481 -3 ) (393 481 -3 ) (393 483 -3 ) 
4 1 17 (401 513 -3 ) (425 513 -3 ) (425 511 -3 ) (401 511 -3 ) 
4 1 18 (425 483 -3 ) (425 481 -3 ) (401 481 -3 ) (401 483 -3 ) 
4 1 16 (425 513 -3 ) (496 513 -3 ) (496 481 -3 ) (425 481 -3 ) 
4 1 27 (496 481 -3 ) (496 328 -3 ) (393 328 -3 ) (393 481 -3 ) 
4 1 28 (240 328 -3 ) (240 513 -3 ) (393 513 -3 ) (393 328 -3 ) 
4 1 5 (465 555 -3 ) (465 553 -3 ) (441 553 -3 ) (441 555 -3 ) 
4 1 4 (441 585 -3 ) (465 585 -3 ) (465 583 -3 ) (441 583 -3 ) 
4 1 6 (433 585 -3 ) (441 585 -3 ) (441 553 -3 ) (433 553 -3 ) 
4 1 3 (465 585 -3 ) (496 585 -3 ) (496 553 -3 ) (465 553 -3 ) 
4 1 14 (496 553 -3 ) (496 513 -3 ) (433 513 -3 ) (433 553 -3 ) 
4 1 15 (240 513 -3 ) (240 585 -3 ) (433 585 -3 ) (433 513 -3 ) 
4 1 2 (240 585 -3 ) (240 688 -3 ) (496 688 -3 ) (496 585 -3 ) 
4 2 52 (240 585 -3 ) (240 688 -3 ) (240 688 -32 ) (240 585 -32 ) 
4 2 29 (240 585 -32 ) (240 688 -32 ) (352 688 -32 ) (352 585 -32 ) 
4 2 13 (441 585 -30 ) (441 585 -27 ) (433 585 -27 ) (433 585 -30 ) 
4 2 10 (465 585 -30 ) (465 585 -27 ) (441 585 -27 ) (441 585 -30 ) 
4 2 7 (465 585 -27 ) (465 585 -24 ) (435 585 -24 ) (435 585 -27 ) 
4 2 9 (435 585 -24 ) (433 585 -24 ) (433 585 -27 ) (435 585 -27 ) 
4 2 4 (465 585 -24 ) (465 585 -3 ) (441 585 -3 ) (441 585 -24 ) 
4 2 6 (441 585 -3 ) (433 585 -3 ) (433 585 -24 ) (441 585 -24 ) 
4 2 3 (465 585 -32 ) (496 585 -32 ) (496 585 -3 ) (465 585 -3 ) 
4 2 15 (240 585 -3 ) (240 585 -32 ) (433 585 -32 ) (433 585 -3 ) 
4 3 11 (465 553 -30 ) (465 553 -27 ) (465 577 -27 ) (465 577 -30 ) 
4 3 10 (465 577 -30 ) (465 577 -27 ) (465 585 -27 ) (465 585 -30 ) 
4 3 7 (465 583 -24 ) (465 585 -24 ) (465 585 -27 ) (465 583 -27 ) 
4 3 8 (465 553 -27 ) (465 553 -24 ) (465 555 -24 ) (465 555 -27 ) 
4 3 5 (465 553 -24 ) (465 553 -3 ) (465 555 -3 ) (465 555 -24 ) 
4 3 4 (465 583 -3 ) (465 585 -3 ) (465 585 -24 ) (465 583 -24 ) 
4 3 14 (465 553 -32 ) (496 553 -32 ) (496 553 -3 ) (465 553 -3 ) 
4 4 7 (441 583 -24 ) (441 585 -24 ) (465 585 -24 ) (465 583 -24 ) 
4 4 6 (441 583 -3 ) (441 585 -3 ) (441 585 -24 ) (441 583 -24 ) 
4 5 8 (465 553 -24 ) (441 553 -24 ) (441 555 -24 ) (465 555 -24 ) 
4 5 14 (465 553 -24 ) (465 553 -3 ) (441 553 -3 ) (441 553 -24 ) 
4 5 6 (441 553 -24 ) (441 553 -3 ) (441 555 -3 ) (441 555 -24 ) 
4 6 7 (435 583 -24 ) (435 585 -24 ) (441 585 -24 ) (441 583 -24 ) 
4 6 8 (441 553 -24 ) (435 553 -24 ) (435 555 -24 ) (441 555 -24 ) 
4 6 9 (435 553 -24 ) (433 553 -24 ) (433 585 -24 ) (435 585 -24 ) 
4 6 14 (441 553 -3 ) (433 553 -3 ) (433 553 -24 ) (441 553 -24 ) 
4 6 15 (433 553 -24 ) (433 553 -3 ) (433 585 -3 ) (433 585 -24 ) 
4 7 13 (435 585 -27 ) (441 585 -27 ) (441 583 -27 ) (435 583 -27 ) 
4 7 10 (441 585 -27 ) (465 585 -27 ) (465 583 -27 ) (441 583 -27 ) 
4 7 9 (435 585 -24 ) (435 585 -27 ) (435 583 -27 ) (435 583 -24 ) 
4 8 13 (441 553 -27 ) (435 553 -27 ) (435 555 -27 ) (441 555 -27 ) 
4 8 12 (457 553 -27 ) (441 553 -27 ) (441 555 -27 ) (457 555 -27 ) 
4 8 11 (465 555 -27 ) (465 553 -27 ) (457 553 -27 ) (457 555 -27 ) 
4 8 9 (435 555 -27 ) (435 553 -27 ) (435 553 -24 ) (435 555 -24 ) 
4 8 14 (465 553 -27 ) (465 553 -24 ) (435 553 -24 ) (435 553 -27 ) 
4 9 13 (433 553 -27 ) (433 585 -27 ) (435 585 -27 ) (435 553 -27 ) 
4 9 15 (433 553 -27 ) (433 553 -24 ) (433 585 -24 ) (433 585 -27 ) 
4 9 14 (435 553 -24 ) (433 553 -24 ) (433 553 -27 ) (435 553 -27 ) 
4 10 13 (441 577 -27 ) (441 585 -27 ) (441 585 -30 ) (441 577 -30 ) 
4 10 11 (465 577 -30 ) (465 577 -27 ) (457 577 -27 ) (457 577 -30 ) 
4 11 12 (457 561 -30 ) (457 553 -30 ) (457 553 -27 ) (457 561 -27 ) 
4 11 14 (465 553 -30 ) (465 553 -27 ) (457 553 -27 ) (457 553 -30 ) 
4 12 13 (441 553 -30 ) (441 553 -27 ) (441 561 -27 ) (441 561 -30 ) 
4 12 14 (457 553 -30 ) (457 553 -27 ) (441 553 -27 ) (441 553 -30 ) 
4 13 14 (441 553 -30 ) (441 553 -27 ) (433 553 -27 ) (433 553 -30 ) 
4 13 15 (433 553 -30 ) (433 553 -27 ) (433 585 -27 ) (433 585 -30 ) 
4 14 16 (496 513 -32 ) (496 513 -3 ) (433 513 -3 ) (433 513 -32 ) 
4 14 15 (433 553 -32 ) (433 513 -32 ) (433 513 -3 ) (433 553 -3 ) 
4 15 54 (240 513 -3 ) (240 578 -3 ) (240 578 -32 ) (240 513 -32 ) 
4 15 52 (240 578 -3 ) (240 585 -3 ) (240 585 -32 ) (240 578 -32 ) 
4 15 29 (240 513 -32 ) (240 585 -32 ) (352 585 -32 ) (352 513 -32 ) 
4 15 24 (393 513 -27 ) (393 513 -30 ) (417 513 -30 ) (417 513 -27 ) 
4 15 23 (417 513 -30 ) (425 513 -30 ) (425 513 -27 ) (417 513 -27 ) 
4 15 19 (401 513 -3 ) (393 513 -3 ) (393 513 -27 ) (401 513 -27 ) 
4 15 17 (425 513 -3 ) (401 513 -3 ) (401 513 -27 ) (425 513 -27 ) 
4 15 16 (433 513 -3 ) (425 513 -3 ) (425 513 -32 ) (433 513 -32 ) 
4 15 28 (393 513 -3 ) (240 513 -3 ) (240 513 -32 ) (393 513 -32 ) 
4 16 23 (425 513 -27 ) (425 513 -30 ) (425 489 -30 ) (425 489 -27 ) 
4 16 26 (425 489 -30 ) (425 481 -30 ) (425 481 -27 ) (425 489 -27 ) 
4 16 17 (425 513 -3 ) (425 513 -27 ) (425 511 -27 ) (425 511 -3 ) 
4 16 18 (425 483 -27 ) (425 481 -27 ) (425 481 -3 ) (425 483 -3 ) 
4 16 27 (425 481 -32 ) (496 481 -32 ) (496 481 -3 ) (425 481 -3 ) 
4 17 24 (401 511 -27 ) (401 513 -27 ) (417 513 -27 ) (417 511 -27 ) 
4 17 23 (417 513 -27 ) (425 513 -27 ) (425 511 -27 ) (417 511 -27 ) 
4 17 19 (401 513 -3 ) (401 513 -27 ) (401 511 -27 ) (401 511 -3 ) 
4 18 26 (425 481 -27 ) (401 481 -27 ) (401 483 -27 ) (425 483 -27 ) 
4 18 22 (401 483 -27 ) (401 481 -27 ) (401 481 -3 ) (401 483 -3 ) 
4 18 27 (425 481 -27 ) (425 481 -3 ) (401 481 -3 ) (401 481 -27 ) 
4 19 24 (393 511 -27 ) (393 513 -27 ) (401 513 -27 ) (401 511 -27 ) 
4 19 21 (393 511 -24 ) (393 511 -27 ) (395 511 -27 ) (395 511 -24 ) 
4 19 20 (393 511 -3 ) (393 511 -24 ) (401 511 -24 ) (401 511 -3 ) 
4 19 28 (393 513 -3 ) (393 513 -27 ) (393 511 -27 ) (393 511 -3 ) 
4 20 21 (395 483 -24 ) (393 483 -24 ) (393 511 -24 ) (395 511 -24 ) 
4 20 28 (393 483 -24 ) (393 483 -3 ) (393 511 -3 ) (393 511 -24 ) 
4 20 22 (401 483 -24 ) (401 483 -3 ) (393 483 -3 ) (393 483 -24 ) 
4 21 25 (393 489 -27 ) (393 505 -27 ) (395 505 -27 ) (395 489 -27 ) 
4 21 24 (393 505 -27 ) (393 511 -27 ) (395 511 -27 ) (395 505 -27 ) 
4 21 26 (393 483 -27 ) (393 489 -27 ) (395 489 -27 ) (395 483 -27 ) 
4 21 22 (393 483 -27 ) (395 483 -27 ) (395 483 -24 ) (393 483 -24 ) 
4 21 28 (393 511 -27 ) (393 483 -27 ) (393 483 -24 ) (393 511 -24 ) 
4 22 26 (401 481 -27 ) (393 481 -27 ) (393 483 -27 ) (401 483 -27 ) 
4 22 28 (393 483 -27 ) (393 481 -27 ) (393 481 -3 ) (393 483 -3 ) 
4 22 27 (401 481 -3 ) (393 481 -3 ) (393 481 -27 ) (401 481 -27 ) 
4 23 24 (417 513 -30 ) (417 505 -30 ) (417 505 -27 ) (417 513 -27 ) 
4 23 26 (417 489 -30 ) (425 489 -30 ) (425 489 -27 ) (417 489 -27 ) 
4 24 25 (393 505 -27 ) (393 505 -30 ) (401 505 -30 ) (401 505 -27 ) 
4 24 28 (393 513 -27 ) (393 513 -30 ) (393 505 -30 ) (393 505 -27 ) 
4 25 26 (393 489 -27 ) (393 489 -30 ) (401 489 -30 ) (401 489 -27 ) 
4 25 28 (393 505 -30 ) (393 489 -30 ) (393 489 -27 ) (393 505 -27 ) 
4 26 28 (393 489 -30 ) (393 481 -30 ) (393 481 -27 ) (393 489 -27 ) 
4 26 27 (425 481 -30 ) (425 481 -27 ) (393 481 -27 ) (393 481 -30 ) 
4 27 28 (393 481 -32 ) (393 328 -32 ) (393 328 -3 ) (393 481 -3 ) 
4 28 54 (240 328 -32 ) (240 328 -3 ) (240 513 -3 ) (240 513 -32 ) 
4 28 29 (240 480 -32 ) (240 513 -32 ) (352 513 -32 ) (352 480 -32 ) 
4 29 54 (240 480 -32 ) (240 578 -32 ) (240 578 -48 ) (240 480 -48 ) 
4 29 52 (240 578 -32 ) (240 688 -32 ) (240 688 -48 ) (240 578 -48 ) 
4 29 46 (240 480 -48 ) (240 512 -48 ) (272 512 -48 ) (272 480 -48 ) 
4 29 45 (272 512 -48 ) (352 512 -48 ) (352 480 -48 ) (272 480 -48 ) 
4 29 35 (240 512 -48 ) (240 688 -48 ) (352 688 -48 ) (352 512 -48 ) 
4 30 31 (480 688 -64 ) (480 672 -64 ) (480 672 -48 ) (480 688 -48 ) 
4 30 34 (480 656 -64 ) (496 656 -64 ) (496 656 -48 ) (480 656 -48 ) 
4 31 32 (464 688 -48 ) (464 688 -64 ) (464 672 -64 ) (464 672 -48 ) 
4 32 33 (384 688 -64 ) (384 672 -64 ) (384 672 -48 ) (384 688 -48 ) 
4 32 34 (384 656 -64 ) (464 656 -64 ) (464 656 -48 ) (384 656 -48 ) 
4 33 35 (368 688 -48 ) (368 688 -64 ) (368 672 -64 ) (368 672 -48 ) 
4 34 39 (464 512 -48 ) (384 512 -48 ) (384 512 -64 ) (464 512 -64 ) 
4 34 36 (496 512 -48 ) (480 512 -48 ) (480 512 -64 ) (496 512 -64 ) 
4 34 35 (368 656 -64 ) (368 512 -64 ) (368 512 -48 ) (368 656 -48 ) 
4 35 54 (240 578 -64 ) (240 512 -64 ) (240 512 -48 ) (240 578 -48 ) 
4 35 52 (240 688 -64 ) (240 578 -64 ) (240 578 -48 ) (240 688 -48 ) 
4 35 46 (272 512 -48 ) (240 512 -48 ) (240 512 -64 ) (272 512 -64 ) 
4 35 45 (368 512 -48 ) (272 512 -48 ) (272 512 -64 ) (368 512 -64 ) 
4 36 37 (480 496 -64 ) (496 496 -64 ) (496 496 -48 ) (480 496 -48 ) 
4 37 39 (464 496 -64 ) (464 464 -64 ) (464 464 -48 ) (464 496 -48 ) 
4 37 38 (480 464 -64 ) (496 464 -64 ) (496 464 -48 ) (480 464 -48 ) 
4 38 41 (480 448 -64 ) (496 448 -64 ) (496 448 -48 ) (480 448 -48 ) 
4 39 44 (384 448 -64 ) (464 448 -64 ) (464 448 -48 ) (384 448 -48 ) 
4 39 40 (384 496 -64 ) (384 448 -64 ) (384 448 -48 ) (384 496 -48 ) 
4 40 45 (368 496 -64 ) (368 448 -64 ) (368 448 -48 ) (368 496 -48 ) 
4 40 44 (368 448 -64 ) (384 448 -64 ) (384 448 -48 ) (368 448 -48 ) 
4 41 42 (480 368 -64 ) (496 368 -64 ) (496 368 -48 ) (480 368 -48 ) 
4 41 44 (464 448 -48 ) (464 448 -64 ) (464 368 -64 ) (464 368 -48 ) 
4 42 43 (480 352 -64 ) (496 352 -64 ) (496 352 -48 ) (480 352 -48 ) 
4 43 44 (464 352 -64 ) (464 328 -64 ) (464 328 -48 ) (464 352 -48 ) 
4 44 48 (368 448 -64 ) (368 328 -64 ) (368 328 -48 ) (368 448 -48 ) 
4 45 48 (368 448 -64 ) (368 448 -48 ) (272 448 -48 ) (272 448 -64 ) 
4 45 46 (272 512 -48 ) (272 512 -64 ) (272 464 -64 ) (272 464 -48 ) 
4 46 54 (240 512 -64 ) (240 464 -64 ) (240 464 -48 ) (240 512 -48 ) 
4 46 47 (256 464 -48 ) (240 464 -48 ) (240 464 -64 ) (256 464 -64 ) 
4 47 54 (240 464 -64 ) (240 448 -64 ) (240 448 -48 ) (240 464 -48 ) 
4 47 49 (256 448 -48 ) (240 448 -48 ) (240 448 -64 ) (256 448 -64 ) 
4 48 51 (272 352 -64 ) (272 328 -64 ) (272 328 -48 ) (272 352 -48 ) 
4 48 49 (272 448 -48 ) (272 448 -64 ) (272 368 -64 ) (272 368 -48 ) 
4 49 54 (240 448 -64 ) (240 368 -64 ) (240 368 -48 ) (240 448 -48 ) 
4 49 50 (256 368 -48 ) (240 368 -48 ) (240 368 -64 ) (256 368 -64 ) 
4 50 54 (240 368 -64 ) (240 352 -64 ) (240 352 -48 ) (240 368 -48 ) 
4 50 51 (240 352 -48 ) (240 352 -64 ) (256 352 -64 ) (256 352 -48 ) 
4 51 54 (240 352 -64 ) (240 328 -64 ) (240 328 -48 ) (240 352 -48 ) 
4 52 54 (32 578 -64 ) (240 578 -64 ) (240 578 64 ) (32 578 64 ) 
4 52 53 (32 698 -64 ) (32 578 -64 ) (32 578 64 ) (32 698 64 ) 
4 53 55 (16 578 64 ) (16 698 64 ) (16 698 -64 ) (16 578 -64 ) 
4 55 62 (-128 544 -64 ) (-112 544 -64 ) (-112 544 -48 ) (-128 544 -48 ) 
4 55 61 (-112 544 -64 ) (-96 544 -64 ) (-96 544 -48 ) (-112 544 -48 ) 
4 55 60 (-96 544 -64 ) (-16 544 -64 ) (-16 544 -48 ) (-96 544 -48 ) 
4 55 58 (-16 544 -64 ) (0 544 -64 ) (0 544 -48 ) (-16 544 -48 ) 
4 55 57 (0 544 -64 ) (16 544 -64 ) (16 544 -48 ) (0 544 -48 ) 
4 55 56 (16 544 -32 ) (16 544 64 ) (-128 544 64 ) (-128 544 -32 ) 
4 55 99 (-256 544 -64 ) (-128 544 -64 ) (-128 544 64 ) (-256 544 64 ) 
4 55 102 (-256 768 64 ) (-256 768 -64 ) (-256 544 -64 ) (-256 544 64 ) 
4 56 75 (-74 496 -3 ) (-76 496 -3 ) (-76 496 -30 ) (-74 496 -30 ) 
4 56 71 (-74 496 -27 ) (-74 496 -30 ) (-52 496 -30 ) (-52 496 -27 ) 
4 56 70 (-44 496 -30 ) (-44 496 -27 ) (-52 496 -27 ) (-52 496 -30 ) 
4 56 69 (-74 496 -24 ) (-74 496 -27 ) (-44 496 -27 ) (-44 496 -24 ) 
4 56 66 (-44 496 -3 ) (-68 496 -3 ) (-68 496 -24 ) (-44 496 -24 ) 
4 56 68 (-68 496 -3 ) (-74 496 -3 ) (-74 496 -24 ) (-68 496 -24 ) 
4 56 76 (-76 496 -3 ) (-128 496 -3 ) (-128 496 -32 ) (-76 496 -32 ) 
4 56 65 (16 496 -32 ) (16 496 -3 ) (-44 496 -3 ) (-44 496 -32 ) 
4 56 64 (16 496 -3 ) (16 496 64 ) (-128 496 64 ) (-128 496 -3 ) 
4 56 99 (-128 544 64 ) (-128 544 -32 ) (-128 496 -32 ) (-128 496 64 ) 
4 57 59 (0 512 -64 ) (16 512 -64 ) (16 512 -48 ) (0 512 -48 ) 
4 57 58 (0 544 -48 ) (0 544 -64 ) (0 528 -64 ) (0 528 -48 ) 
4 58 60 (-16 544 -48 ) (-16 544 -64 ) (-16 528 -64 ) (-16 528 -48 ) 
4 59 93 (-16 496 -64 ) (16 496 -64 ) (16 496 -48 ) (-16 496 -48 ) 
4 59 60 (-16 512 -64 ) (-16 496 -64 ) (-16 496 -48 ) (-16 512 -48 ) 
4 60 93 (-96 496 -64 ) (-16 496 -64 ) (-16 496 -48 ) (-96 496 -48 ) 
4 60 63 (-96 512 -64 ) (-96 496 -64 ) (-96 496 -48 ) (-96 512 -48 ) 
4 60 61 (-96 544 -48 ) (-96 544 -64 ) (-96 528 -64 ) (-96 528 -48 ) 
4 61 62 (-112 544 -48 ) (-112 544 -64 ) (-112 528 -64 ) (-112 528 -48 ) 
4 62 63 (-128 512 -48 ) (-128 512 -64 ) (-112 512 -64 ) (-112 512 -48 ) 
4 62 99 (-128 544 -48 ) (-128 544 -64 ) (-128 512 -64 ) (-128 512 -48 ) 
4 63 93 (-128 496 -64 ) (-96 496 -64 ) (-96 496 -48 ) (-128 496 -48 ) 
4 63 99 (-128 512 -64 ) (-128 496 -64 ) (-128 496 -48 ) (-128 512 -48 ) 
4 64 101 (16 336 -3 ) (16 336 16 ) (-128 336 16 ) (-128 336 -3 ) 
4 64 100 (16 336 16 ) (16 336 64 ) (-128 336 64 ) (-128 336 16 ) 
4 64 78 (-56.192307 464 -3 ) (-31.808075 464 -3 ) (-42.257877 425.107880 -3 ) (-65.013794 431.234467 -3 ) 
4 64 77 (-31.808075 464 -3 ) (16 464 -3 ) (16 380.333344 -3 ) (-49.588783 397.823700 -3 ) 
4 64 79 (16 380.333344 -3 ) (16 336 -3 ) (-90.653847 336 -3 ) (-72.373207 403.899536 -3 ) 
4 64 80 (-128 336 -3 ) (-128 464 -3 ) (-56.192307 464 -3 ) (-90.653847 336 -3 ) 
4 64 75 (-76 496 -3 ) (-74 496 -3 ) (-74 464 -3 ) (-76 464 -3 ) 
4 64 66 (-68 496 -3 ) (-44 496 -3 ) (-44 494 -3 ) (-68 494 -3 ) 
4 64 67 (-44 466 -3 ) (-44 464 -3 ) (-68 464 -3 ) (-68 466 -3 ) 
4 64 68 (-74 496 -3 ) (-68 496 -3 ) (-68 464 -3 ) (-74 464 -3 ) 
4 64 76 (-128 464 -3 ) (-128 496 -3 ) (-76 496 -3 ) (-76 464 -3 ) 
4 64 65 (-44 496 -3 ) (16 496 -3 ) (16 464 -3 ) (-44 464 -3 ) 
4 64 99 (-128 336 -3 ) (-128 336 64 ) (-128 496 64 ) (-128 496 -3 ) 
4 65 90 (-31.808075 464 -30 ) (-44 464 -30 ) (-44 464 -32 ) (-31.808075 464 -32 ) 
4 65 89 (16 464 -32 ) (16 464 -30 ) (-31.808075 464 -30 ) (-31.808075 464 -32 ) 
4 65 86 (-40.345451 464 -27 ) (-44 464 -27 ) (-44 464 -30 ) (-40.345451 464 -30 ) 
4 65 85 (16 464 -30 ) (16 464 -27 ) (-40.345451 464 -27 ) (-40.345451 464 -30 ) 
4 65 82 (-31.808075 464 -24 ) (-44 464 -24 ) (-44 464 -27 ) (-31.808075 464 -27 ) 
4 65 81 (16 464 -27 ) (16 464 -24 ) (-31.808075 464 -24 ) (-31.808075 464 -27 ) 
4 65 78 (-31.808075 464 -3 ) (-44 464 -3 ) (-44 464 -24 ) (-31.808075 464 -24 ) 
4 65 77 (16 464 -24 ) (16 464 -3 ) (-31.808075 464 -3 ) (-31.808075 464 -24 ) 
4 65 74 (-44 464 -30 ) (-44 464 -27 ) (-44 472 -27 ) (-44 472 -30 ) 
4 65 73 (-44 464 -27 ) (-44 464 -24 ) (-44 466 -24 ) (-44 466 -27 ) 
4 65 70 (-44 496 -27 ) (-44 496 -30 ) (-44 472 -30 ) (-44 472 -27 ) 
4 65 69 (-44 496 -24 ) (-44 496 -27 ) (-44 494 -27 ) (-44 494 -24 ) 
4 65 66 (-44 496 -3 ) (-44 496 -24 ) (-44 494 -24 ) (-44 494 -3 ) 
4 65 67 (-44 466 -24 ) (-44 464 -24 ) (-44 464 -3 ) (-44 466 -3 ) 
4 66 69 (-68 494 -24 ) (-68 496 -24 ) (-44 496 -24 ) (-44 494 -24 ) 
4 66 68 (-68 496 -3 ) (-68 496 -24 ) (-68 494 -24 ) (-68 494 -3 ) 
4 67 78 (-44 464 -3 ) (-56.192307 464 -3 ) (-56.192307 464 -24 ) (-44 464 -24 ) 
4 67 80 (-56.192307 464 -3 ) (-68 464 -3 ) (-68 464 -24 ) (-56.192307 464 -24 ) 
4 67 73 (-44 464 -24 ) (-68 464 -24 ) (-68 466 -24 ) (-44 466 -24 ) 
4 67 68 (-68 466 -24 ) (-68 464 -24 ) (-68 464 -3 ) (-68 466 -3 ) 
4 68 80 (-68 464 -3 ) (-74 464 -3 ) (-74 464 -24 ) (-68 464 -24 ) 
4 68 75 (-74 496 -3 ) (-74 496 -24 ) (-74 464 -24 ) (-74 464 -3 ) 
4 68 73 (-68 464 -24 ) (-74 464 -24 ) (-74 466 -24 ) (-68 466 -24 ) 
4 68 69 (-74 494 -24 ) (-74 496 -24 ) (-68 496 -24 ) (-68 494 -24 ) 
4 69 75 (-74 496 -24 ) (-74 496 -27 ) (-74 494 -27 ) (-74 494 -24 ) 
4 69 71 (-74 494 -27 ) (-74 496 -27 ) (-52 496 -27 ) (-52 494 -27 ) 
4 69 70 (-52 496 -27 ) (-44 496 -27 ) (-44 494 -27 ) (-52 494 -27 ) 
4 70 74 (-44 472 -30 ) (-44 472 -27 ) (-52 472 -27 ) (-52 472 -30 ) 
4 70 71 (-52 488 -27 ) (-52 496 -27 ) (-52 496 -30 ) (-52 488 -30 ) 
4 71 75 (-74 496 -27 ) (-74 496 -30 ) (-74 488 -30 ) (-74 488 -27 ) 
4 71 72 (-74 488 -27 ) (-74 488 -30 ) (-68 488 -30 ) (-68 488 -27 ) 
4 72 75 (-74 472 -30 ) (-74 472 -27 ) (-74 488 -27 ) (-74 488 -30 ) 
4 72 74 (-68 472 -27 ) (-74 472 -27 ) (-74 472 -30 ) (-68 472 -30 ) 
4 73 82 (-63.799988 464 -27 ) (-44 464 -27 ) (-44 464 -24 ) (-63.799988 464 -24 ) 
4 73 84 (-74 464 -24 ) (-74 464 -27 ) (-63.799988 464 -27 ) (-63.799988 464 -24 ) 
4 73 75 (-74 464 -27 ) (-74 464 -24 ) (-74 466 -24 ) (-74 466 -27 ) 
4 73 74 (-44 464 -27 ) (-74 464 -27 ) (-74 466 -27 ) (-44 466 -27 ) 
4 74 86 (-56.192307 464 -30 ) (-44 464 -30 ) (-44 464 -27 ) (-56.192307 464 -27 ) 
4 74 88 (-74 464 -27 ) (-74 464 -30 ) (-56.192307 464 -30 ) (-56.192307 464 -27 ) 
4 74 75 (-74 464 -30 ) (-74 464 -27 ) (-74 472 -27 ) (-74 472 -30 ) 
4 75 88 (-76 464 -27 ) (-76 464 -30 ) (-74 464 -30 ) (-74 464 -27 ) 
4 75 84 (-76 464 -24 ) (-76 464 -27 ) (-74 464 -27 ) (-74 464 -24 ) 
4 75 80 (-74 464 -3 ) (-76 464 -3 ) (-76 464 -24 ) (-74 464 -24 ) 
4 75 76 (-76 464 -30 ) (-76 464 -3 ) (-76 496 -3 ) (-76 496 -30 ) 
4 76 91 (-128 464 -30 ) (-128 464 -32 ) (-76 464 -32 ) (-76 464 -30 ) 
4 76 88 (-128 464 -27 ) (-128 464 -30 ) (-76 464 -30 ) (-76 464 -27 ) 
4 76 84 (-128 464 -24 ) (-128 464 -27 ) (-76 464 -27 ) (-76 464 -24 ) 
4 76 80 (-76 464 -3 ) (-128 464 -3 ) (-128 464 -24 ) (-76 464 -24 ) 
4 76 99 (-128 464 -3 ) (-128 496 -3 ) (-128 496 -32 ) (-128 464 -32 ) 
4 77 81 (-31.808075 464 -24 ) (16 464 -24 ) (16 380.333344 -24 ) (-49.588783 397.823700 -24 ) 
4 77 78 (-42.257896 425.107880 -3 ) (-31.808094 464 -3 ) (-31.808094 464 -24 ) (-42.257896 425.107880 -24 ) 
4 77 79 (-49.588779 397.823700 -24 ) (16 380.333344 -24 ) (16 380.333344 -3 ) (-49.588779 397.823700 -3 ) 
4 78 82 (-65.013794 431.234467 -24 ) (-56.192307 464 -24 ) (-31.808075 464 -24 ) (-42.257877 425.107880 -24 ) 
4 78 80 (-65.013847 431.234497 -3 ) (-56.192364 464 -3 ) (-56.192364 464 -24 ) (-65.013847 431.234497 -24 ) 
4 79 101 (16 336 -24 ) (16 336 -3 ) (-90.653847 336 -3 ) (-90.653847 336 -24 ) 
4 79 83 (-66.199997 336 -24 ) (-90.653847 336 -24 ) (-72.373207 403.899536 -24 ) (-49.588783 397.823700 -24 ) 
4 79 81 (16 336 -24 ) (-66.199997 336 -24 ) (-49.588783 397.823700 -24 ) (16 380.333344 -24 ) 
4 79 80 (-90.653900 336 -24 ) (-90.653900 336 -3 ) (-72.373253 403.899536 -3 ) (-72.373253 403.899536 -24 ) 
4 80 101 (-90.653847 336 -3 ) (-128 336 -3 ) (-128 336 -24 ) (-90.653847 336 -24 ) 
4 80 82 (-72.033485 433.124390 -24 ) (-63.799988 464 -24 ) (-56.192307 464 -24 ) (-65.013794 431.234467 -24 ) 
4 80 83 (-90.653847 336 -24 ) (-97.933319 336 -24 ) (-79.331940 405.755188 -24 ) (-72.373207 403.899536 -24 ) 
4 80 84 (-97.933319 336 -24 ) (-128 336 -24 ) (-128 464 -24 ) (-63.799988 464 -24 ) 
4 80 99 (-128 336 -24 ) (-128 336 -3 ) (-128 464 -3 ) (-128 464 -24 ) 
4 81 101 (16 336 -27 ) (16 336 -24 ) (-66.199997 336 -24 ) (-66.199997 336 -27 ) 
4 81 85 (-31.808075 464 -27 ) (16 464 -27 ) (16 387.076935 -27 ) (-47.856960 404.269196 -27 ) 
4 81 87 (16 387.076935 -27 ) (16 336 -27 ) (-66.199997 336 -27 ) (-47.856960 404.269196 -27 ) 
4 81 82 (-31.808092 464 -27 ) (-42.257889 425.107880 -27 ) (-42.257889 425.107880 -24 ) (-31.808092 464 -24 ) 
4 81 83 (-49.588799 397.823669 -27 ) (-66.200012 336 -27 ) (-66.200012 336 -24 ) (-49.588799 397.823669 -24 ) 
4 82 86 (-56.192307 464 -27 ) (-40.345451 464 -27 ) (-50.219330 427.251343 -27 ) (-65.013794 431.234467 -27 ) 
4 82 85 (-40.345451 464 -27 ) (-31.808075 464 -27 ) (-42.257874 425.107880 -27 ) (-50.219330 427.251343 -27 ) 
4 82 88 (-63.799988 464 -27 ) (-56.192307 464 -27 ) (-65.013794 431.234467 -27 ) (-72.033485 433.124390 -27 ) 
4 82 84 (-63.800125 464 -24 ) (-63.800125 464 -27 ) (-72.033615 433.124420 -27 ) (-72.033615 433.124420 -24 ) 
4 83 101 (-66.199997 336 -24 ) (-97.933327 336 -24 ) (-97.933327 336 -27 ) (-66.199997 336 -27 ) 
4 83 87 (-49.588783 397.823669 -27 ) (-66.199997 336 -27 ) (-90.653839 336 -27 ) (-72.373199 403.899536 -27 ) 
4 83 88 (-90.653839 336 -27 ) (-97.933327 336 -27 ) (-79.331940 405.755188 -27 ) (-72.373199 403.899536 -27 ) 
4 83 84 (-79.332069 405.755219 -27 ) (-97.933464 336 -27 ) (-97.933464 336 -24 ) (-79.332069 405.755219 -24 ) 
4 84 101 (-97.933327 336 -24 ) (-128 336 -24 ) (-128 336 -27 ) (-97.933327 336 -27 ) 
4 84 88 (-128 336 -27 ) (-128 464 -27 ) (-63.799988 464 -27 ) (-97.933327 336 -27 ) 
4 84 99 (-128 336 -27 ) (-128 336 -24 ) (-128 464 -24 ) (-128 464 -27 ) 
4 85 90 (-40.345451 464 -30 ) (-31.808075 464 -30 ) (-41.709152 427.150146 -30 ) (-49.671688 429.289551 -30 ) 
4 85 89 (-31.808075 464 -30 ) (16 464 -30 ) (16 387.076935 -30 ) (-47.856960 404.269196 -30 ) 
4 85 86 (-40.345444 464 -27 ) (-40.345444 464 -30 ) (-51.811108 421.327026 -30 ) (-51.811108 421.327026 -27 ) 
4 85 87 (-55.818432 406.412598 -30 ) (16 387.076874 -30 ) (16 387.076874 -27 ) (-55.818432 406.412598 -27 ) 
4 86 90 (-64.467140 433.264893 -30 ) (-56.192307 464 -30 ) (-40.345451 464 -30 ) (-49.671688 429.289551 -30 ) 
4 86 88 (-56.192364 464 -27 ) (-56.192364 464 -30 ) (-66.610657 425.303467 -30 ) (-66.610657 425.303467 -27 ) 
4 87 101 (16 336 -30 ) (16 336 -27 ) (-90.653847 336 -27 ) (-90.653847 336 -30 ) 
4 87 92 (-66.199997 336 -30 ) (-90.653847 336 -30 ) (-72.852699 402.118530 -30 ) (-50.070465 396.030975 -30 ) 
4 87 89 (16 336 -30 ) (-66.199997 336 -30 ) (-47.856960 404.269196 -30 ) (16 387.076935 -30 ) 
4 87 88 (-70.623497 410.398651 -30 ) (-90.653900 336 -30 ) (-90.653900 336 -27 ) (-70.623497 410.398651 -27 ) 
4 88 101 (-90.653847 336 -27 ) (-128 336 -27 ) (-128 336 -30 ) (-90.653847 336 -30 ) 
4 88 90 (-65.574898 464 -30 ) (-56.192307 464 -30 ) (-64.467140 433.264893 -30 ) (-73.163185 435.601410 -30 ) 
4 88 91 (-128 416.854248 -30 ) (-128 464 -30 ) (-65.574898 464 -30 ) (-81.493111 404.427307 -30 ) 
4 88 92 (-90.653847 336 -30 ) (-128 336 -30 ) (-128 416.854248 -30 ) (-72.852707 402.118530 -30 ) 
4 88 99 (-128 336 -30 ) (-128 336 -27 ) (-128 464 -27 ) (-128 464 -30 ) 
4 89 101 (16 336 -32 ) (16 336 -30 ) (-66.199997 336 -30 ) (-66.199997 336 -32 ) 
4 89 90 (-41.709106 427.150116 -30 ) (-31.808029 464 -30 ) (-31.808029 464 -32 ) (-41.709106 427.150116 -32 ) 
4 89 92 (-66.199951 336 -32 ) (-66.199951 336 -30 ) (-50.070419 396.030945 -30 ) (-50.070419 396.030945 -32 ) 
4 90 91 (-65.574890 464 -32 ) (-73.163177 435.601410 -32 ) (-73.163177 435.601410 -30 ) (-65.574890 464 -30 ) 
4 91 92 (-128 416.854126 -30 ) (-128 416.854126 -32 ) (-81.493141 404.427185 -32 ) (-81.493141 404.427185 -30 ) 
4 91 99 (-128 416.854248 -30 ) (-128 464 -30 ) (-128 464 -32 ) (-128 416.854248 -32 ) 
4 92 101 (-66.199997 336 -30 ) (-128 336 -30 ) (-128 336 -32 ) (-66.199997 336 -32 ) 
4 92 99 (-128 336 -32 ) (-128 336 -30 ) (-128 416.854248 -30 ) (-128 416.854248 -32 ) 
4 93 98 (-128 368 -48 ) (-128 368 -64 ) (-112 368 -64 ) (-112 368 -48 ) 
4 93 94 (0 368 -64 ) (16 368 -64 ) (16 368 -48 ) (0 368 -48 ) 
4 93 96 (-96 368 -64 ) (-16 368 -64 ) (-16 368 -48 ) (-96 368 -48 ) 
4 93 99 (-128 496 -64 ) (-128 368 -64 ) (-128 368 -48 ) (-128 496 -48 ) 
4 94 95 (0 352 -64 ) (16 352 -64 ) (16 352 -48 ) (0 352 -48 ) 
4 95 101 (-16 336 -64 ) (16 336 -64 ) (16 336 -48 ) (-16 336 -48 ) 
4 95 96 (-16 352 -64 ) (-16 336 -64 ) (-16 336 -48 ) (-16 352 -48 ) 
4 96 101 (-96 336 -64 ) (-16 336 -64 ) (-16 336 -48 ) (-96 336 -48 ) 
4 96 97 (-96 352 -64 ) (-96 336 -64 ) (-96 336 -48 ) (-96 352 -48 ) 
4 97 101 (-112 336 -64 ) (-96 336 -64 ) (-96 336 -48 ) (-112 336 -48 ) 
4 97 98 (-112 352 -64 ) (-112 336 -64 ) (-112 336 -48 ) (-112 352 -48 ) 
4 98 101 (-128 336 -64 ) (-112 336 -64 ) (-112 336 -48 ) (-128 336 -48 ) 
4 98 99 (-128 368 -64 ) (-128 336 -64 ) (-128 336 -48 ) (-128 368 -48 ) 
4 99 101 (-256 336 16 ) (-256 336 -64 ) (-128 336 -64 ) (-128 336 16 ) 
4 99 100 (-256 336 64 ) (-256 336 16 ) (-128 336 16 ) (-128 336 64 ) 
4 99 102 (-256 544 -64 ) (-256 336 -64 ) (-256 336 64 ) (-256 544 64 ) 
4 100 160 (16 312 16 ) (16 312 64 ) (-256 312 64 ) (-256 312 16 ) 
4 100 101 (-256 328 16 ) (-256 336 16 ) (16 336 16 ) (16 328 16 ) 
4 100 102 (-256 312 16 ) (-256 312 64 ) (-256 336 64 ) (-256 336 16 ) 
4 101 102 (-256 336 -64 ) (-256 328 -64 ) (-256 328 16 ) (-256 336 16 ) 
4 102 161 (-544 312 64 ) (-544 312 -64 ) (-288 312 -64 ) (-288 312 64 ) 
4 102 160 (-288 312 -64 ) (-256 312 -64 ) (-256 312 64 ) (-288 312 64 ) 
4 103 106 (480 248 -8 ) (480 248 24 ) (480 280 24 ) (480 280 -8 ) 
4 103 105 (480 280 -8 ) (480 280 24 ) (480 312 24 ) (480 312 -8 ) 
4 103 104 (480 248 24 ) (480 248 64 ) (480 312 64 ) (480 312 24 ) 
4 103 108 (480 248 -64 ) (496 248 -64 ) (496 248 64 ) (480 248 64 ) 
4 104 107 (368 312 64 ) (368 312 24 ) (368 248 24 ) (368 248 64 ) 
4 104 106 (480 280 24 ) (480 248 24 ) (400 248 24 ) (400 280 24 ) 
4 104 105 (368 312 24 ) (480 312 24 ) (480 280 24 ) (368 280 24 ) 
4 104 108 (480 248 24 ) (480 248 64 ) (368 248 64 ) (368 248 24 ) 
4 105 107 (368 312 24 ) (368 312 -8 ) (368 280 -8 ) (368 280 24 ) 
4 105 106 (400 280 -8 ) (480 280 -8 ) (480 280 24 ) (400 280 24 ) 
4 106 108 (480 248 -8 ) (480 248 24 ) (400 248 24 ) (400 248 -8 ) 
4 107 108 (368 248 -8 ) (368 248 64 ) (352 248 64 ) (352 248 -8 ) 
4 107 109 (352 248 -8 ) (352 248 64 ) (352 312 64 ) (352 312 -8 ) 
4 108 142 (352 168 -64 ) (416 168 -64 ) (416 168 64 ) (352 168 64 ) 
4 108 132 (416 168 -64 ) (432 168 -64 ) (432 168 -48 ) (416 168 -48 ) 
4 108 131 (432 168 -64 ) (448 168 -64 ) (448 168 -48 ) (432 168 -48 ) 
4 108 130 (448 168 -64 ) (464 168 -64 ) (464 168 -48 ) (448 168 -48 ) 
4 108 129 (464 168 -64 ) (480 168 -64 ) (480 168 -48 ) (464 168 -48 ) 
4 108 128 (480 168 -64 ) (496 168 -64 ) (496 168 -48 ) (480 168 -48 ) 
4 108 115 (496 168 -32 ) (496 168 -3 ) (416 168 -3 ) (416 168 -32 ) 
4 108 114 (496 168 -3 ) (496 168 64 ) (416 168 64 ) (416 168 -3 ) 
4 108 109 (352 248 -64 ) (352 168 -64 ) (352 168 64 ) (352 248 64 ) 
4 109 142 (288 168 -64 ) (352 168 -64 ) (352 168 64 ) (288 168 64 ) 
4 109 110 (288 312 64 ) (288 312 -4 ) (288 248 -4 ) (288 248 64 ) 
4 109 113 (288 248 -64 ) (288 168 -64 ) (288 168 64 ) (288 248 64 ) 
4 110 112 (96 312 28 ) (96 312 -4 ) (96 280 -4 ) (96 280 28 ) 
4 110 111 (96 312 64 ) (96 312 28 ) (96 248 28 ) (96 248 64 ) 
4 110 113 (288 248 -4 ) (288 248 64 ) (96 248 64 ) (96 248 -4 ) 
4 111 112 (32 312 28 ) (96 312 28 ) (96 280 28 ) (32 280 28 ) 
4 111 113 (96 248 28 ) (96 248 64 ) (32 248 64 ) (32 248 28 ) 
4 113 142 (32 168 -64 ) (288 168 -64 ) (288 168 64 ) (32 168 64 ) 
4 114 142 (416 168 64 ) (416 168 -3 ) (416 83 -3 ) (416 83 64 ) 
4 114 134 (496 83 -3 ) (496 83 64 ) (416 83 64 ) (416 83 -3 ) 
4 114 126 (438 115 -3 ) (440 115 -3 ) (440 83 -3 ) (438 83 -3 ) 
4 114 127 (416 83 -3 ) (416 115 -3 ) (438 115 -3 ) (438 83 -3 ) 
4 114 118 (470 85 -3 ) (470 83 -3 ) (446 83 -3 ) (446 85 -3 ) 
4 114 117 (446 115 -3 ) (470 115 -3 ) (470 113 -3 ) (446 113 -3 ) 
4 114 119 (440 115 -3 ) (446 115 -3 ) (446 83 -3 ) (440 83 -3 ) 
4 114 116 (470 115 -3 ) (496 115 -3 ) (496 83 -3 ) (470 83 -3 ) 
4 114 115 (416 115 -3 ) (416 168 -3 ) (496 168 -3 ) (496 115 -3 ) 
4 115 142 (416 168 -3 ) (416 168 -32 ) (416 115 -32 ) (416 115 -3 ) 
4 115 126 (440 115 -3 ) (438 115 -3 ) (438 115 -30 ) (440 115 -30 ) 
4 115 127 (438 115 -3 ) (416 115 -3 ) (416 115 -32 ) (438 115 -32 ) 
4 115 121 (440 115 -27 ) (440 115 -30 ) (470 115 -30 ) (470 115 -27 ) 
4 115 120 (440 115 -24 ) (440 115 -27 ) (470 115 -27 ) (470 115 -24 ) 
4 115 117 (470 115 -3 ) (446 115 -3 ) (446 115 -24 ) (470 115 -24 ) 
4 115 119 (446 115 -3 ) (440 115 -3 ) (440 115 -24 ) (446 115 -24 ) 
4 115 116 (496 115 -32 ) (496 115 -3 ) (470 115 -3 ) (470 115 -32 ) 
4 116 134 (496 83 -32 ) (496 83 -3 ) (470 83 -3 ) (470 83 -32 ) 
4 116 125 (470 83 -30 ) (470 83 -27 ) (470 91 -27 ) (470 91 -30 ) 
4 116 124 (470 83 -27 ) (470 83 -24 ) (470 85 -24 ) (470 85 -27 ) 
4 116 122 (470 91 -30 ) (470 91 -27 ) (470 107 -27 ) (470 107 -30 ) 
4 116 121 (470 107 -30 ) (470 107 -27 ) (470 115 -27 ) (470 115 -30 ) 
4 116 120 (470 113 -24 ) (470 115 -24 ) (470 115 -27 ) (470 113 -27 ) 
4 116 118 (470 83 -24 ) (470 83 -3 ) (470 85 -3 ) (470 85 -24 ) 
4 116 117 (470 113 -3 ) (470 115 -3 ) (470 115 -24 ) (470 113 -24 ) 
4 117 120 (446 115 -24 ) (470 115 -24 ) (470 113 -24 ) (446 113 -24 ) 
4 117 119 (446 115 -3 ) (446 115 -24 ) (446 113 -24 ) (446 113 -3 ) 
4 118 134 (470 83 -3 ) (446 83 -3 ) (446 83 -24 ) (470 83 -24 ) 
4 118 124 (470 85 -24 ) (470 83 -24 ) (446 83 -24 ) (446 85 -24 ) 
4 118 119 (446 85 -24 ) (446 83 -24 ) (446 83 -3 ) (446 85 -3 ) 
4 119 134 (446 83 -3 ) (440 83 -3 ) (440 83 -24 ) (446 83 -24 ) 
4 119 126 (440 115 -3 ) (440 115 -24 ) (440 83 -24 ) (440 83 -3 ) 
4 119 124 (446 85 -24 ) (446 83 -24 ) (440 83 -24 ) (440 85 -24 ) 
4 119 120 (440 115 -24 ) (446 115 -24 ) (446 113 -24 ) (440 113 -24 ) 
4 120 126 (440 115 -24 ) (440 115 -27 ) (440 113 -27 ) (440 113 -24 ) 
4 120 121 (440 113 -27 ) (440 115 -27 ) (470 115 -27 ) (470 113 -27 ) 
4 121 126 (440 115 -27 ) (440 115 -30 ) (440 107 -30 ) (440 107 -27 ) 
4 121 123 (440 107 -27 ) (440 107 -30 ) (446 107 -30 ) (446 107 -27 ) 
4 121 122 (462 107 -30 ) (470 107 -30 ) (470 107 -27 ) (462 107 -27 ) 
4 122 125 (462 91 -27 ) (462 91 -30 ) (470 91 -30 ) (470 91 -27 ) 
4 123 126 (440 91 -30 ) (440 91 -27 ) (440 107 -27 ) (440 107 -30 ) 
4 123 125 (440 91 -27 ) (440 91 -30 ) (446 91 -30 ) (446 91 -27 ) 
4 124 134 (440 83 -24 ) (440 83 -27 ) (470 83 -27 ) (470 83 -24 ) 
4 124 126 (440 83 -27 ) (440 83 -24 ) (440 85 -24 ) (440 85 -27 ) 
4 124 125 (470 85 -27 ) (470 83 -27 ) (440 83 -27 ) (440 85 -27 ) 
4 125 134 (440 83 -27 ) (440 83 -30 ) (470 83 -30 ) (470 83 -27 ) 
4 125 126 (440 83 -30 ) (440 83 -27 ) (440 91 -27 ) (440 91 -30 ) 
4 126 134 (440 83 -3 ) (438 83 -3 ) (438 83 -30 ) (440 83 -30 ) 
4 126 127 (438 83 -30 ) (438 83 -3 ) (438 115 -3 ) (438 115 -30 ) 
4 127 142 (416 115 -32 ) (416 83 -32 ) (416 83 -3 ) (416 115 -3 ) 
4 127 134 (438 83 -3 ) (416 83 -3 ) (416 83 -32 ) (438 83 -32 ) 
4 128 133 (496 136 -64 ) (496 136 -48 ) (480 136 -48 ) (480 136 -64 ) 
4 128 129 (480 168 -48 ) (480 168 -64 ) (480 152 -64 ) (480 152 -48 ) 
4 129 130 (464 168 -48 ) (464 168 -64 ) (464 152 -64 ) (464 152 -48 ) 
4 130 133 (448 136 -48 ) (448 136 -64 ) (464 136 -64 ) (464 136 -48 ) 
4 130 131 (448 168 -48 ) (448 168 -64 ) (448 152 -64 ) (448 152 -48 ) 
4 131 132 (432 152 -48 ) (432 168 -48 ) (432 168 -64 ) (432 152 -64 ) 
4 132 142 (416 168 -48 ) (416 168 -64 ) (416 136 -64 ) (416 136 -48 ) 
4 132 133 (416 136 -48 ) (416 136 -64 ) (432 136 -64 ) (432 136 -48 ) 
4 133 142 (416 136 -64 ) (416 83 -64 ) (416 83 -48 ) (416 136 -48 ) 
4 133 139 (416 83 -64 ) (448 83 -64 ) (448 83 -48 ) (416 83 -48 ) 
4 133 135 (448 83 -64 ) (496 83 -64 ) (496 83 -48 ) (448 83 -48 ) 
4 134 142 (416 8 64 ) (416 83 64 ) (416 83 -32 ) (416 8 -32 ) 
4 135 139 (448 83 -48 ) (448 83 -64 ) (448 40 -64 ) (448 40 -48 ) 
4 135 138 (448 40 -64 ) (464 40 -64 ) (464 40 -48 ) (448 40 -48 ) 
4 135 136 (480 40 -64 ) (496 40 -64 ) (496 40 -48 ) (480 40 -48 ) 
4 136 137 (480 24 -64 ) (480 8 -64 ) (480 8 -48 ) (480 24 -48 ) 
4 137 138 (464 24 -64 ) (464 8 -64 ) (464 8 -48 ) (464 24 -48 ) 
4 138 141 (448 24 -64 ) (448 8 -64 ) (448 8 -48 ) (448 24 -48 ) 
4 139 142 (416 83 -64 ) (416 40 -64 ) (416 40 -48 ) (416 83 -48 ) 
4 139 140 (432 40 -48 ) (416 40 -48 ) (416 40 -64 ) (432 40 -64 ) 
4 140 142 (416 40 -64 ) (416 24 -64 ) (416 24 -48 ) (416 40 -48 ) 
4 140 141 (416 24 -48 ) (416 24 -64 ) (432 24 -64 ) (432 24 -48 ) 
4 141 142 (416 24 -64 ) (416 8 -64 ) (416 8 -48 ) (416 24 -48 ) 
4 142 143 (32 124 -64 ) (32 60 -64 ) (32 60 64 ) (32 124 64 ) 
4 143 160 (16 124 -64 ) (16 60 -64 ) (16 60 64 ) (16 124 64 ) 
4 144 154 (336 -80 -64 ) (352 -80 -64 ) (352 -80 -48 ) (336 -80 -48 ) 
4 144 153 (352 -80 -64 ) (368 -80 -64 ) (368 -80 -48 ) (352 -80 -48 ) 
4 144 152 (368 -80 -64 ) (448 -80 -64 ) (448 -80 -48 ) (368 -80 -48 ) 
4 144 147 (448 -80 -64 ) (480 -80 -64 ) (480 -80 -48 ) (448 -80 -48 ) 
4 144 146 (480 -80 -32 ) (480 -80 64 ) (336 -80 64 ) (336 -80 -32 ) 
4 144 145 (480 -80 -64 ) (496 -80 -64 ) (496 -80 64 ) (480 -80 64 ) 
4 144 159 (336 -8 64 ) (336 -8 -64 ) (336 -80 -64 ) (336 -80 64 ) 
4 145 151 (480 -320 -64 ) (480 -336 -64 ) (480 -336 -48 ) (480 -320 -48 ) 
4 145 150 (480 -304 -64 ) (480 -320 -64 ) (480 -320 -48 ) (480 -304 -48 ) 
4 145 149 (480 -112 -64 ) (480 -304 -64 ) (480 -304 -48 ) (480 -112 -48 ) 
4 145 148 (480 -96 -64 ) (480 -112 -64 ) (480 -112 -48 ) (480 -96 -48 ) 
4 145 147 (480 -80 -48 ) (480 -80 -64 ) (480 -96 -64 ) (480 -96 -48 ) 
4 145 146 (480 -80 64 ) (480 -80 -32 ) (480 -336 -32 ) (480 -336 64 ) 
4 145 158 (480 -336 -64 ) (496 -336 -64 ) (496 -336 64 ) (480 -336 64 ) 
4 146 159 (336 -336 -32 ) (336 -336 64 ) (336 -80 64 ) (336 -80 -32 ) 
4 146 158 (336 -336 64 ) (336 -336 -32 ) (480 -336 -32 ) (480 -336 64 ) 
4 147 152 (448 -80 -64 ) (448 -96 -64 ) (448 -96 -48 ) (448 -80 -48 ) 
4 147 148 (464 -96 -64 ) (480 -96 -64 ) (480 -96 -48 ) (464 -96 -48 ) 
4 148 149 (464 -112 -64 ) (480 -112 -64 ) (480 -112 -48 ) (464 -112 -48 ) 
4 149 152 (448 -112 -64 ) (448 -304 -64 ) (448 -304 -48 ) (448 -112 -48 ) 
4 149 150 (464 -304 -64 ) (480 -304 -64 ) (480 -304 -48 ) (464 -304 -48 ) 
4 150 151 (464 -320 -64 ) (480 -320 -64 ) (480 -320 -48 ) (464 -320 -48 ) 
4 151 152 (448 -320 -64 ) (448 -336 -64 ) (448 -336 -48 ) (448 -320 -48 ) 
4 151 158 (448 -336 -64 ) (480 -336 -64 ) (480 -336 -48 ) (448 -336 -48 ) 
4 152 157 (368 -320 -64 ) (368 -336 -64 ) (368 -336 -48 ) (368 -320 -48 ) 
4 152 155 (368 -112 -64 ) (368 -304 -64 ) (368 -304 -48 ) (368 -112 -48 ) 
4 152 153 (368 -80 -48 ) (368 -80 -64 ) (368 -96 -64 ) (368 -96 -48 ) 
4 152 158 (368 -336 -64 ) (448 -336 -64 ) (448 -336 -48 ) (368 -336 -48 ) 
4 153 154 (352 -80 -48 ) (352 -80 -64 ) (352 -96 -64 ) (352 -96 -48 ) 
4 154 155 (336 -112 -48 ) (336 -112 -64 ) (352 -112 -64 ) (352 -112 -48 ) 
4 154 159 (336 -80 -64 ) (336 -112 -64 ) (336 -112 -48 ) (336 -80 -48 ) 
4 155 156 (336 -304 -48 ) (336 -304 -64 ) (352 -304 -64 ) (352 -304 -48 ) 
4 155 159 (336 -112 -64 ) (336 -304 -64 ) (336 -304 -48 ) (336 -112 -48 ) 
4 156 157 (336 -320 -48 ) (336 -320 -64 ) (352 -320 -64 ) (352 -320 -48 ) 
4 156 159 (336 -304 -64 ) (336 -320 -64 ) (336 -320 -48 ) (336 -304 -48 ) 
4 157 158 (336 -336 -48 ) (336 -336 -64 ) (368 -336 -64 ) (368 -336 -48 ) 
4 157 159 (336 -320 -64 ) (336 -336 -64 ) (336 -336 -48 ) (336 -320 -48 ) 
4 158 159 (336 -336 -64 ) (336 -376 -64 ) (336 -376 64 ) (336 -336 64 ) 
4 159 181 (208 -376 64 ) (80 -376 64 ) (80 -376 -64 ) (208 -376 -64 ) 
4 159 176 (16 -48 -64 ) (16 -376 -64 ) (16 -376 64 ) (16 -48 64 ) 
4 159 160 (16 -8 -64 ) (16 -48 -64 ) (16 -48 64 ) (16 -8 64 ) 
4 160 176 (-288 -48 -64 ) (16 -48 -64 ) (16 -48 64 ) (-288 -48 64 ) 
4 160 169 (-288 -16 -64 ) (-288 -32 -64 ) (-288 -32 -48 ) (-288 -16 -48 ) 
4 160 170 (-288 -32 -64 ) (-288 -48 -64 ) (-288 -48 -48 ) (-288 -32 -48 ) 
4 160 168 (-288 64 -64 ) (-288 -16 -64 ) (-288 -16 -48 ) (-288 64 -48 ) 
4 160 163 (-288 96 -64 ) (-288 64 -64 ) (-288 64 -48 ) (-288 96 -48 ) 
4 160 162 (-288 -48 -32 ) (-288 -48 64 ) (-288 96 64 ) (-288 96 -32 ) 
4 160 161 (-288 312 64 ) (-288 312 -64 ) (-288 96 -64 ) (-288 96 64 ) 
4 161 167 (-480 96 -64 ) (-464 96 -64 ) (-464 96 -48 ) (-480 96 -48 ) 
4 161 166 (-464 96 -64 ) (-448 96 -64 ) (-448 96 -48 ) (-464 96 -48 ) 
4 161 165 (-448 96 -64 ) (-320 96 -64 ) (-320 96 -48 ) (-448 96 -48 ) 
4 161 164 (-320 96 -64 ) (-304 96 -64 ) (-304 96 -48 ) (-320 96 -48 ) 
4 161 163 (-304 96 -64 ) (-288 96 -64 ) (-288 96 -48 ) (-304 96 -48 ) 
4 161 162 (-288 96 -32 ) (-288 96 64 ) (-480 96 64 ) (-480 96 -32 ) 
4 161 175 (-544 96 64 ) (-544 96 -64 ) (-480 96 -64 ) (-480 96 64 ) 
4 162 177 (-288 -48 -32 ) (-288 -48 64 ) (-480 -48 64 ) (-480 -48 -32 ) 
4 162 175 (-480 -48 -32 ) (-480 -48 64 ) (-480 96 64 ) (-480 96 -32 ) 
4 163 168 (-304 64 -64 ) (-288 64 -64 ) (-288 64 -48 ) (-304 64 -48 ) 
4 163 164 (-304 96 -48 ) (-304 96 -64 ) (-304 80 -64 ) (-304 80 -48 ) 
4 164 165 (-320 96 -48 ) (-320 96 -64 ) (-320 80 -64 ) (-320 80 -48 ) 
4 165 171 (-448 64 -64 ) (-320 64 -64 ) (-320 64 -48 ) (-448 64 -48 ) 
4 165 166 (-448 96 -48 ) (-448 96 -64 ) (-448 80 -64 ) (-448 80 -48 ) 
4 166 167 (-464 96 -48 ) (-464 96 -64 ) (-464 80 -64 ) (-464 80 -48 ) 
4 167 172 (-480 64 -48 ) (-480 64 -64 ) (-464 64 -64 ) (-464 64 -48 ) 
4 167 175 (-480 96 -64 ) (-480 64 -64 ) (-480 64 -48 ) (-480 96 -48 ) 
4 168 171 (-320 64 -48 ) (-320 64 -64 ) (-320 -16 -64 ) (-320 -16 -48 ) 
4 168 169 (-304 -16 -64 ) (-288 -16 -64 ) (-288 -16 -48 ) (-304 -16 -48 ) 
4 169 170 (-304 -32 -64 ) (-288 -32 -64 ) (-288 -32 -48 ) (-304 -32 -48 ) 
4 170 177 (-320 -48 -64 ) (-288 -48 -64 ) (-288 -48 -48 ) (-320 -48 -48 ) 
4 170 171 (-320 -32 -64 ) (-320 -48 -64 ) (-320 -48 -48 ) (-320 -32 -48 ) 
4 171 177 (-448 -48 -64 ) (-320 -48 -64 ) (-320 -48 -48 ) (-448 -48 -48 ) 
4 171 173 (-448 -48 -64 ) (-448 -48 -48 ) (-448 -32 -48 ) (-448 -32 -64 ) 
4 171 172 (-448 -16 -48 ) (-448 64 -48 ) (-448 64 -64 ) (-448 -16 -64 ) 
4 172 174 (-480 -16 -48 ) (-480 -16 -64 ) (-464 -16 -64 ) (-464 -16 -48 ) 
4 172 175 (-480 64 -64 ) (-480 -16 -64 ) (-480 -16 -48 ) (-480 64 -48 ) 
4 173 177 (-464 -48 -64 ) (-448 -48 -64 ) (-448 -48 -48 ) (-464 -48 -48 ) 
4 173 174 (-464 -32 -64 ) (-464 -48 -64 ) (-464 -48 -48 ) (-464 -32 -48 ) 
4 174 177 (-480 -48 -64 ) (-464 -48 -64 ) (-464 -48 -48 ) (-480 -48 -48 ) 
4 174 175 (-480 -16 -64 ) (-480 -48 -64 ) (-480 -48 -48 ) (-480 -16 -48 ) 
4 175 177 (-544 -48 64 ) (-544 -48 -64 ) (-480 -48 -64 ) (-480 -48 64 ) 
4 176 213 (-162 -376 64 ) (-224 -376 64 ) (-256 -376 -64 ) (-128 -376 -64 ) 
4 176 178 (-288 -296 -64 ) (-288 -360 -64 ) (-288 -360 64 ) (-288 -296 64 ) 
4 176 177 (-288 -48 64 ) (-288 -48 -64 ) (-288 -120 -64 ) (-288 -120 64 ) 
4 178 179 (-304 -296 -64 ) (-304 -360 -64 ) (-304 -360 64 ) (-304 -296 64 ) 
4 179 180 (-448 -280 64 ) (-448 -280 -16 ) (-448 -376 -16 ) (-448 -376 64 ) 
4 181 212 (80 -392 -64 ) (208 -392 -64 ) (208 -392 -48 ) (80 -392 -48 ) 
4 181 211 (112 -392 -32 ) (80 -392 -32 ) (80 -392 -48 ) (112 -392 -48 ) 
4 181 210 (208 -392 -48 ) (208 -392 -32 ) (112 -392 -32 ) (112 -392 -48 ) 
4 181 195 (208 -392 -32 ) (208 -392 -30 ) (80 -392 -30 ) (80 -392 -32 ) 
4 181 189 (208 -392 -30 ) (208 -392 -27 ) (80 -392 -27 ) (80 -392 -30 ) 
4 181 183 (208 -392 -27 ) (208 -392 -3 ) (80 -392 -3 ) (80 -392 -27 ) 
4 181 182 (208 -392 -3 ) (208 -392 64 ) (80 -392 64 ) (80 -392 -3 ) 
4 182 202 (55 -617 -3 ) (31 -617 -3 ) (31 -615 -3 ) (55 -615 -3 ) 
4 182 199 (63 -587 -3 ) (63 -615 -3 ) (55 -615 -3 ) (55 -587 -3 ) 
4 182 201 (63 -615 -3 ) (63 -617 -3 ) (55 -617 -3 ) (55 -615 -3 ) 
4 182 198 (31 -585 -3 ) (63 -585 -3 ) (63 -587 -3 ) (31 -587 -3 ) 
4 182 207 (0 -617 -3 ) (0 -585 -3 ) (31 -585 -3 ) (31 -617 -3 ) 
4 182 208 (0 -768 -3 ) (0 -617 -3 ) (63 -617 -3 ) (63 -768 -3 ) 
4 182 197 (0 -585 -3 ) (0 -392 -3 ) (63 -392 -3 ) (63 -585 -3 ) 
4 182 185 (116.887505 -693.151733 -3 ) (119.804565 -688.103821 -3 ) (143.861267 -702.005676 -3 ) (140.944214 -707.053528 -3 ) 
4 182 184 (258.062439 -768 -3 ) (198.070343 -768 -3 ) (128.842682 -727.994873 -3 ) (143.861267 -702.005676 -3 ) 
4 182 187 (104.785980 -714.093018 -3 ) (63 -689.945801 -3 ) (63 -655.277710 -3 ) (119.804565 -688.103821 -3 ) 
3 182 188 (198.070343 -768 -3 ) (63 -768 -3 ) (63 -689.945801 -3 ) 
5 182 183 (63 -392 -3 ) (496 -392 -3 ) (496 -768 -3 ) (258.062439 -768 -3 ) (63 -655.277710 -3 ) 
4 183 200 (63 -587 -27 ) (63 -615 -27 ) (63 -615 -24 ) (63 -587 -24 ) 
4 183 199 (63 -615 -24 ) (63 -615 -3 ) (63 -587 -3 ) (63 -587 -24 ) 
4 183 201 (63 -615 -27 ) (63 -617 -27 ) (63 -617 -3 ) (63 -615 -3 ) 
4 183 198 (63 -585 -27 ) (63 -587 -27 ) (63 -587 -3 ) (63 -585 -3 ) 
4 183 208 (63 -617 -27 ) (63 -655.277710 -27 ) (63 -655.277710 -3 ) (63 -617 -3 ) 
4 183 197 (63 -392 -3 ) (63 -392 -27 ) (63 -585 -27 ) (63 -585 -3 ) 
5 183 189 (496 -768 -27 ) (258.062439 -768 -27 ) (63 -655.277710 -27 ) (63 -392 -27 ) (496 -392 -27 ) 
4 183 186 (143.861237 -702.005737 -27 ) (258.062317 -768 -27 ) (258.062317 -768 -24 ) (143.861237 -702.005737 -24 ) 
4 183 185 (143.861237 -702.005737 -3 ) (119.804535 -688.103882 -3 ) (119.804535 -688.103882 -24 ) (143.861237 -702.005737 -24 ) 
4 183 184 (258.062317 -768 -24 ) (258.062317 -768 -3 ) (143.861237 -702.005737 -3 ) (143.861237 -702.005737 -24 ) 
4 183 187 (63 -655.277771 -3 ) (63 -655.277771 -27 ) (119.804535 -688.103882 -27 ) (119.804535 -688.103882 -3 ) 
4 184 186 (258.062439 -768 -24 ) (198.070221 -768 -24 ) (128.842651 -727.994934 -24 ) (143.861267 -702.005676 -24 ) 
4 184 185 (143.861282 -702.005920 -3 ) (143.861282 -702.005920 -24 ) (140.944336 -707.053589 -24 ) (140.944336 -707.053589 -3 ) 
4 184 188 (198.070175 -768 -24 ) (198.070175 -768 -3 ) (128.842636 -727.994934 -3 ) (128.842636 -727.994934 -24 ) 
4 185 187 (119.804634 -688.104065 -3 ) (119.804634 -688.104065 -24 ) (116.887657 -693.151794 -24 ) (116.887657 -693.151794 -3 ) 
4 186 190 (246.410141 -768 -27 ) (214.183563 -768 -27 ) (132.876526 -721.014465 -27 ) (140.944214 -707.053528 -27 ) 
4 186 191 (214.183563 -768 -27 ) (198.070343 -768 -27 ) (128.842682 -727.994873 -27 ) (132.876526 -721.014465 -27 ) 
4 186 189 (258.062439 -768 -27 ) (246.410141 -768 -27 ) (140.944214 -707.053528 -27 ) (143.861267 -702.005676 -27 ) 
4 186 188 (128.842636 -727.994934 -27 ) (198.070175 -768 -27 ) (198.070175 -768 -24 ) (128.842636 -727.994934 -24 ) 
4 187 208 (63 -655.277710 -27 ) (63 -689.945801 -27 ) (63 -689.945801 -3 ) (63 -655.277710 -3 ) 
4 187 192 (104.785980 -714.093018 -27 ) (63 -689.945801 -27 ) (63 -662.011292 -27 ) (116.887505 -693.151733 -27 ) 
4 187 189 (63 -662.011292 -27 ) (63 -655.277710 -27 ) (119.804565 -688.103821 -27 ) (116.887505 -693.151733 -27 ) 
4 187 188 (63 -689.945923 -27 ) (104.785934 -714.093079 -27 ) (104.785934 -714.093079 -3 ) (63 -689.945923 -3 ) 
4 188 208 (63 -689.945801 -27 ) (63 -768 -27 ) (63 -768 -3 ) (63 -689.945801 -3 ) 
3 188 191 (198.070343 -768 -27 ) (80.367950 -768 -27 ) (109.833908 -717.010071 -27 ) 
4 188 192 (80.367950 -768 -27 ) (63 -768 -27 ) (63 -689.945801 -27 ) (109.833908 -717.010071 -27 ) 
4 189 203 (63 -587 -30 ) (63 -609 -30 ) (63 -609 -27 ) (63 -587 -27 ) 
4 189 205 (63 -609 -30 ) (63 -617 -30 ) (63 -617 -27 ) (63 -609 -27 ) 
4 189 198 (63 -585 -30 ) (63 -587 -30 ) (63 -587 -27 ) (63 -585 -27 ) 
4 189 208 (63 -617 -30 ) (63 -662.011292 -30 ) (63 -662.011292 -27 ) (63 -617 -27 ) 
4 189 197 (63 -392 -27 ) (63 -392 -30 ) (63 -585 -30 ) (63 -585 -27 ) 
4 189 194 (260.792969 -768 -30 ) (246.410141 -768 -30 ) (142.876740 -708.170288 -30 ) (146.477371 -701.939514 -30 ) 
5 189 193 (288.338623 -392 -30 ) (496 -392 -30 ) (496 -768 -30 ) (260.792969 -768 -30 ) (118.555611 -685.804138 -30 ) 
4 189 195 (63 -662.011292 -30 ) (63 -392 -30 ) (288.338623 -392 -30 ) (114.954987 -692.034912 -30 ) 
4 189 190 (135.896317 -704.136475 -30 ) (246.410187 -768 -30 ) (246.410187 -768 -27 ) (135.896317 -704.136475 -27 ) 
4 189 192 (63 -662.011292 -27 ) (63 -662.011292 -30 ) (121.935425 -696.068787 -30 ) (121.935425 -696.068787 -27 ) 
4 190 194 (142.876724 -708.170288 -30 ) (246.410141 -768 -30 ) (214.183563 -768 -30 ) (134.809036 -722.131165 -30 ) 
4 190 191 (127.828560 -718.097473 -30 ) (214.183350 -768 -30 ) (214.183350 -768 -27 ) (127.828560 -718.097473 -27 ) 
4 191 194 (214.183563 -768 -30 ) (198.070343 -768 -30 ) (130.775208 -729.111572 -30 ) (134.809036 -722.131165 -30 ) 
3 191 196 (198.070343 -768 -30 ) (80.367950 -768 -30 ) (109.833900 -717.010071 -30 ) 
4 191 192 (113.867813 -710.029724 -30 ) (80.368050 -768 -30 ) (80.368050 -768 -27 ) (113.867813 -710.029724 -27 ) 
4 192 208 (63 -662.011292 -30 ) (63 -768 -30 ) (63 -768 -27 ) (63 -662.011292 -27 ) 
4 192 195 (63 -689.945801 -30 ) (63 -662.011292 -30 ) (114.954979 -692.034912 -30 ) (102.853470 -712.976257 -30 ) 
4 192 196 (63 -768 -30 ) (63 -689.945801 -30 ) (109.833900 -717.010071 -30 ) (80.367950 -768 -30 ) 
4 193 210 (135.778793 -656 -32 ) (288.338623 -392 -32 ) (352 -392 -32 ) (352 -656 -32 ) 
4 193 209 (496 -768 -32 ) (352 -768 -32 ) (352 -392 -32 ) (496 -392 -32 ) 
4 193 194 (146.477341 -701.939575 -32 ) (260.792847 -768 -32 ) (260.792847 -768 -30 ) (146.477341 -701.939575 -30 ) 
4 193 195 (288.338745 -392 -30 ) (288.338745 -392 -32 ) (118.555733 -685.804199 -32 ) (118.555733 -685.804199 -30 ) 
4 194 196 (130.775162 -729.111694 -32 ) (198.070175 -768 -32 ) (198.070175 -768 -30 ) (130.775162 -729.111694 -30 ) 
4 195 211 (63 -544 -32 ) (63 -392 -32 ) (112 -392 -32 ) (112 -544 -32 ) 
4 195 210 (112 -392 -32 ) (288.338623 -392 -32 ) (135.778778 -656 -32 ) (112 -656 -32 ) 
4 195 208 (63 -617 -32 ) (63 -689.945801 -32 ) (63 -689.945801 -30 ) (63 -617 -30 ) 
4 195 197 (63 -392 -30 ) (63 -392 -32 ) (63 -585 -32 ) (63 -585 -30 ) 
4 195 196 (63 -689.945923 -32 ) (102.853409 -712.976318 -32 ) (102.853409 -712.976318 -30 ) (63 -689.945923 -30 ) 
4 196 208 (63 -689.945801 -32 ) (63 -768 -32 ) (63 -768 -30 ) (63 -689.945801 -30 ) 
4 197 211 (0 -544 -32 ) (0 -392 -32 ) (63 -392 -32 ) (63 -544 -32 ) 
4 197 198 (63 -585 -30 ) (63 -585 -3 ) (31 -585 -3 ) (31 -585 -30 ) 
4 197 207 (0 -585 -32 ) (31 -585 -32 ) (31 -585 -3 ) (0 -585 -3 ) 
4 198 204 (55 -587 -27 ) (39 -587 -27 ) (39 -587 -30 ) (55 -587 -30 ) 
4 198 203 (63 -587 -30 ) (63 -587 -27 ) (55 -587 -27 ) (55 -587 -30 ) 
4 198 206 (39 -587 -27 ) (31 -587 -27 ) (31 -587 -30 ) (39 -587 -30 ) 
4 198 200 (63 -587 -27 ) (63 -587 -24 ) (61 -587 -24 ) (61 -587 -27 ) 
4 198 199 (63 -587 -24 ) (63 -587 -3 ) (55 -587 -3 ) (55 -587 -24 ) 
4 198 207 (31 -585 -3 ) (31 -585 -30 ) (31 -587 -30 ) (31 -587 -3 ) 
4 199 200 (61 -587 -24 ) (63 -587 -24 ) (63 -615 -24 ) (61 -615 -24 ) 
4 199 201 (63 -615 -24 ) (63 -615 -3 ) (55 -615 -3 ) (55 -615 -24 ) 
4 200 203 (61 -587 -27 ) (63 -587 -27 ) (63 -609 -27 ) (61 -609 -27 ) 
4 200 205 (63 -609 -27 ) (63 -615 -27 ) (61 -615 -27 ) (61 -609 -27 ) 
4 200 201 (61 -615 -27 ) (63 -615 -27 ) (63 -615 -24 ) (61 -615 -24 ) 
4 201 205 (63 -615 -27 ) (63 -617 -27 ) (55 -617 -27 ) (55 -615 -27 ) 
4 201 202 (55 -617 -27 ) (55 -617 -3 ) (55 -615 -3 ) (55 -615 -27 ) 
4 201 208 (63 -617 -27 ) (63 -617 -3 ) (55 -617 -3 ) (55 -617 -27 ) 
4 202 205 (39 -615 -27 ) (55 -615 -27 ) (55 -617 -27 ) (39 -617 -27 ) 
4 202 206 (31 -617 -27 ) (31 -615 -27 ) (39 -615 -27 ) (39 -617 -27 ) 
4 202 208 (55 -617 -3 ) (31 -617 -3 ) (31 -617 -27 ) (55 -617 -27 ) 
4 202 207 (31 -617 -27 ) (31 -617 -3 ) (31 -615 -3 ) (31 -615 -27 ) 
4 203 204 (55 -587 -27 ) (55 -587 -30 ) (55 -593 -30 ) (55 -593 -27 ) 
4 203 205 (55 -609 -30 ) (63 -609 -30 ) (63 -609 -27 ) (55 -609 -27 ) 
4 204 206 (39 -587 -27 ) (39 -587 -30 ) (39 -593 -30 ) (39 -593 -27 ) 
4 205 206 (39 -609 -30 ) (39 -617 -30 ) (39 -617 -27 ) (39 -609 -27 ) 
4 205 208 (63 -617 -30 ) (63 -617 -27 ) (39 -617 -27 ) (39 -617 -30 ) 
4 206 208 (39 -617 -27 ) (31 -617 -27 ) (31 -617 -30 ) (39 -617 -30 ) 
4 206 207 (31 -617 -30 ) (31 -617 -27 ) (31 -587 -27 ) (31 -587 -30 ) 
4 207 208 (0 -617 -3 ) (0 -617 -32 ) (31 -617 -32 ) (31 -617 -3 ) 
4 209 212 (352 -392 -48 ) (496 -392 -48 ) (496 -768 -48 ) (352 -768 -48 ) 
4 209 210 (352 -392 -32 ) (352 -392 -48 ) (352 -656 -48 ) (352 -656 -32 ) 
4 210 212 (112 -392 -48 ) (352 -392 -48 ) (352 -656 -48 ) (112 -656 -48 ) 
4 210 211 (112 -392 -48 ) (112 -544 -48 ) (112 -544 -32 ) (112 -392 -32 ) 
4 211 212 (0 -544 -48 ) (0 -392 -48 ) (112 -392 -48 ) (112 -544 -48 ) 
4 213 214 (-256 -380 -64 ) (-128 -380 -64 ) (-162 -380 64 ) (-224 -380 64 ) 
4 214 215 (-256 -388 -64 ) (-128 -388 -64 ) (-162 -388 64 ) (-224 -388 64 ) 
4 215 267 (-256 -392 -64 ) (-128 -392 -64 ) (-132.250000 -392 -48 ) (-252 -392 -48 ) 
4 215 258 (-132.250000 -392 -48 ) (-136.500000 -392 -32 ) (-248 -392 -32 ) (-252 -392 -48 ) 
4 215 243 (-136.500000 -392 -32 ) (-137.031250 -392 -30 ) (-247.500000 -392 -30 ) (-248 -392 -32 ) 
4 215 234 (-137.031250 -392 -30 ) (-137.828125 -392 -27 ) (-246.750000 -392 -27 ) (-247.500000 -392 -30 ) 
4 215 224 (-137.828125 -392 -27 ) (-138.625000 -392 -24 ) (-246 -392 -24 ) (-246.750000 -392 -27 ) 
4 215 220 (-138.625000 -392 -24 ) (-144.203125 -392 -3 ) (-240.750000 -392 -3 ) (-246 -392 -24 ) 
4 215 216 (-144.203125 -392 -3 ) (-162 -392 64 ) (-224 -392 64 ) (-240.750000 -392 -3 ) 
4 216 251 (-461 -556 -3 ) (-461 -558 -3 ) (-485 -558 -3 ) (-485 -556 -3 ) 
4 216 250 (-485 -526 -3 ) (-461 -526 -3 ) (-461 -528 -3 ) (-485 -528 -3 ) 
4 216 247 (-453 -528 -3 ) (-453 -556 -3 ) (-461 -556 -3 ) (-461 -528 -3 ) 
4 216 249 (-453 -556 -3 ) (-453 -558 -3 ) (-461 -558 -3 ) (-461 -556 -3 ) 
4 216 246 (-461 -526 -3 ) (-453 -526 -3 ) (-453 -528 -3 ) (-461 -528 -3 ) 
4 216 256 (-544 -558 -3 ) (-544 -526 -3 ) (-485 -526 -3 ) (-485 -558 -3 ) 
4 216 245 (-544 -526 -3 ) (-544 -392 -3 ) (-453 -392 -3 ) (-453 -526 -3 ) 
4 216 257 (-544 -768 -3 ) (-544 -558 -3 ) (-453 -558 -3 ) (-453 -768 -3 ) 
4 216 221 (-16 -617.228027 -3 ) (-16 -644.783813 -3 ) (-107.303284 -697.427185 -3 ) (-119.169182 -676.847229 -3 ) 
4 216 222 (-16 -644.783813 -3 ) (-16 -768 -3 ) (-97.990959 -768 -3 ) (-130.908447 -711.037354 -3 ) 
3 216 223 (-97.990959 -768 -3 ) (-276.906189 -768 -3 ) (-142.781113 -690.492065 -3 ) 
5 216 219 (-263.536224 -760.273804 -3 ) (-276.906189 -768 -3 ) (-300.981934 -768 -3 ) (-263.242401 -702.692871 -3 ) (-238.560272 -716.956116 -3 ) 
3 216 218 (-190.074509 -717.821899 -3 ) (-263.536224 -760.273804 -3 ) (-226.837814 -696.625000 -3 ) 
5 216 217 (-83.699776 -392 -3 ) (-16 -392 -3 ) (-16 -617.228027 -3 ) (-190.074509 -717.821899 -3 ) (-251.514008 -682.397278 -3 ) 
4 216 220 (-453 -392 -3 ) (-83.699776 -392 -3 ) (-300.981934 -768 -3 ) (-453 -768 -3 ) 
4 217 228 (-223.493027 -690.823853 -24 ) (-183.378937 -713.952698 -24 ) (-190.074509 -717.821899 -24 ) (-226.837814 -696.625000 -24 ) 
4 217 226 (-142.781082 -690.492065 -24 ) (-183.378937 -713.952698 -24 ) (-189.211761 -710.589600 -24 ) (-145.698212 -685.444092 -24 ) 
4 217 225 (-16 -610.494324 -24 ) (-16 -617.228027 -24 ) (-119.169167 -676.847290 -24 ) (-122.081367 -671.796448 -24 ) 
5 217 224 (-248.163544 -676.599426 -24 ) (-83.699776 -392 -24 ) (-16 -392 -24 ) (-16 -610.494324 -24 ) (-189.211761 -710.589600 -24 ) 
4 217 221 (-119.169174 -676.847229 -24 ) (-16 -617.228027 -24 ) (-16 -617.228027 -3 ) (-119.169174 -676.847229 -3 ) 
4 217 223 (-190.074509 -717.821899 -24 ) (-142.781097 -690.492065 -24 ) (-142.781097 -690.492065 -3 ) (-190.074509 -717.821899 -3 ) 
4 217 218 (-226.837753 -696.624878 -24 ) (-190.074524 -717.821716 -24 ) (-190.074524 -717.821716 -3 ) (-226.837753 -696.624878 -3 ) 
4 217 220 (-83.699730 -392 -24 ) (-251.513977 -682.397278 -24 ) (-251.513977 -682.397278 -3 ) (-83.699730 -392 -3 ) 
4 218 228 (-226.837814 -696.625000 -24 ) (-190.074509 -717.821899 -24 ) (-213.568298 -731.398438 -24 ) (-238.560272 -716.956116 -24 ) 
3 218 230 (-213.568298 -731.398438 -24 ) (-263.536224 -760.273804 -24 ) (-238.560272 -716.956116 -24 ) 
4 218 223 (-263.536224 -760.273804 -24 ) (-190.074509 -717.821899 -24 ) (-190.074509 -717.821899 -3 ) (-263.536224 -760.273804 -3 ) 
4 218 219 (-238.560257 -716.956116 -24 ) (-263.536163 -760.273743 -24 ) (-263.536163 -760.273743 -3 ) (-238.560257 -716.956116 -3 ) 
5 219 230 (-276.906189 -768 -24 ) (-300.981934 -768 -24 ) (-263.242401 -702.692871 -24 ) (-238.560272 -716.956116 -24 ) (-263.536224 -760.273804 -24 ) 
4 219 223 (-276.906189 -768 -3 ) (-276.906189 -768 -24 ) (-263.536224 -760.273804 -24 ) (-263.536224 -760.273804 -3 ) 
4 219 220 (-263.242371 -702.692871 -24 ) (-300.981903 -768 -24 ) (-300.981903 -768 -3 ) (-263.242371 -702.692871 -3 ) 
4 220 247 (-453 -528 -24 ) (-453 -556 -24 ) (-453 -556 -3 ) (-453 -528 -3 ) 
4 220 249 (-453 -556 -24 ) (-453 -558 -24 ) (-453 -558 -3 ) (-453 -556 -3 ) 
4 220 246 (-453 -526 -24 ) (-453 -528 -24 ) (-453 -528 -3 ) (-453 -526 -3 ) 
4 220 245 (-453 -392 -3 ) (-453 -392 -24 ) (-453 -526 -24 ) (-453 -526 -3 ) 
4 220 257 (-453 -558 -24 ) (-453 -768 -24 ) (-453 -768 -3 ) (-453 -558 -3 ) 
4 220 229 (-453 -593.036133 -24 ) (-453 -558.495483 -24 ) (-248.163528 -676.599426 -24 ) (-263.242371 -702.692871 -24 ) 
4 220 230 (-300.981934 -768 -24 ) (-453 -768 -24 ) (-453 -593.036133 -24 ) (-263.242371 -702.692871 -24 ) 
4 220 224 (-453 -558.495483 -24 ) (-453 -392 -24 ) (-83.699776 -392 -24 ) (-248.163528 -676.599426 -24 ) 
4 221 225 (-119.169182 -676.847229 -24 ) (-16 -617.228027 -24 ) (-16 -644.783813 -24 ) (-107.303284 -697.427185 -24 ) 
4 221 222 (-107.303207 -697.427307 -24 ) (-16 -644.783997 -24 ) (-16 -644.783997 -3 ) (-107.303207 -697.427307 -3 ) 
3 222 228 (-89.640617 -768 -24 ) (-97.990959 -768 -24 ) (-102.163460 -760.779602 -24 ) 
5 222 227 (-16 -768 -24 ) (-89.640617 -768 -24 ) (-102.163460 -760.779602 -24 ) (-130.908447 -711.037354 -24 ) (-16 -644.783813 -24 ) 
4 222 223 (-130.908325 -711.037231 -24 ) (-97.990799 -768 -24 ) (-97.990799 -768 -3 ) (-130.908325 -711.037231 -3 ) 
5 223 228 (-97.990959 -768 -24 ) (-150.230453 -768 -24 ) (-213.568298 -731.398438 -24 ) (-183.378952 -713.952698 -24 ) (-102.163460 -760.779602 -24 ) 
3 223 230 (-150.230453 -768 -24 ) (-276.906189 -768 -24 ) (-213.568298 -731.398438 -24 ) 
4 223 226 (-183.378952 -713.952698 -24 ) (-142.781113 -690.492065 -24 ) (-130.908447 -711.037292 -24 ) (-159.671860 -727.621643 -24 ) 
3 223 227 (-130.908447 -711.037292 -24 ) (-102.163460 -760.779602 -24 ) (-159.671860 -727.621643 -24 ) 
4 224 248 (-453 -528 -27 ) (-453 -556 -27 ) (-453 -556 -24 ) (-453 -528 -24 ) 
4 224 249 (-453 -556 -27 ) (-453 -558 -27 ) (-453 -558 -24 ) (-453 -556 -24 ) 
4 224 246 (-453 -526 -27 ) (-453 -528 -27 ) (-453 -528 -24 ) (-453 -526 -24 ) 
4 224 245 (-453 -392 -24 ) (-453 -392 -27 ) (-453 -526 -27 ) (-453 -526 -24 ) 
4 224 257 (-453 -558 -27 ) (-453 -558.495483 -27 ) (-453 -558.495483 -24 ) (-453 -558 -24 ) 
5 224 231 (-76.966141 -392 -27 ) (-16 -392 -27 ) (-16 -610.494324 -27 ) (-189.211761 -710.589600 -27 ) (-243.112762 -679.511536 -27 ) 
4 224 234 (-453 -558.495483 -27 ) (-453 -392 -27 ) (-76.966141 -392 -27 ) (-243.112762 -679.511536 -27 ) 
4 224 228 (-223.493088 -690.823975 -27 ) (-189.211884 -710.589722 -27 ) (-189.211884 -710.589722 -24 ) (-223.493088 -690.823975 -24 ) 
4 224 229 (-453 -558.495667 -24 ) (-453 -558.495667 -27 ) (-248.163620 -676.599548 -27 ) (-248.163620 -676.599548 -24 ) 
4 224 226 (-189.212006 -710.589539 -24 ) (-189.212006 -710.589539 -27 ) (-145.698303 -685.443909 -27 ) (-145.698303 -685.443909 -24 ) 
4 224 225 (-122.081451 -671.796265 -27 ) (-16 -610.494141 -27 ) (-16 -610.494141 -24 ) (-122.081451 -671.796265 -24 ) 
4 225 235 (-16 -617.228027 -27 ) (-16 -635.477478 -27 ) (-111.330330 -690.442749 -27 ) (-119.169197 -676.847229 -27 ) 
4 225 236 (-16 -635.477478 -27 ) (-16 -644.783813 -27 ) (-107.303284 -697.427124 -27 ) (-111.330330 -690.442749 -27 ) 
4 225 231 (-16 -610.494324 -27 ) (-16 -617.228027 -27 ) (-119.169197 -676.847229 -27 ) (-122.081367 -671.796448 -27 ) 
4 225 227 (-107.303215 -697.427307 -27 ) (-16 -644.783997 -27 ) (-16 -644.783997 -24 ) (-107.303215 -697.427307 -24 ) 
4 226 237 (-130.908447 -711.037292 -27 ) (-159.671860 -727.621643 -27 ) (-183.378967 -713.952637 -27 ) (-142.781113 -690.492065 -27 ) 
4 226 231 (-183.378967 -713.952637 -27 ) (-189.211761 -710.589600 -27 ) (-145.698212 -685.444092 -27 ) (-142.781113 -690.492065 -27 ) 
4 226 228 (-189.211884 -710.589722 -27 ) (-159.671997 -727.621704 -27 ) (-159.671997 -727.621704 -24 ) (-189.211884 -710.589722 -24 ) 
4 226 227 (-159.671677 -727.621704 -27 ) (-130.908356 -711.037476 -27 ) (-130.908356 -711.037476 -24 ) (-159.671677 -727.621704 -24 ) 
5 227 236 (-16 -644.783813 -27 ) (-16 -768 -27 ) (-89.640617 -768 -27 ) (-92.065155 -766.602051 -27 ) (-125.857674 -708.125183 -27 ) 
3 227 237 (-92.065155 -766.602051 -27 ) (-159.671860 -727.621643 -27 ) (-125.857674 -708.125183 -27 ) 
4 227 228 (-159.671997 -727.621704 -27 ) (-89.640869 -768 -27 ) (-89.640869 -768 -24 ) (-159.671997 -727.621704 -24 ) 
3 228 236 (-92.065155 -766.602051 -27 ) (-89.640617 -768 -27 ) (-91.257317 -768 -27 ) 
5 228 237 (-183.378967 -713.952637 -27 ) (-92.065155 -766.602051 -27 ) (-91.257317 -768 -27 ) (-150.230453 -768 -27 ) (-213.568314 -731.398438 -27 ) 
4 228 232 (-190.074524 -717.821838 -27 ) (-213.568314 -731.398438 -27 ) (-238.560272 -716.956116 -27 ) (-226.837814 -696.625000 -27 ) 
4 228 231 (-223.492996 -690.823853 -27 ) (-183.378967 -713.952637 -27 ) (-190.074524 -717.821838 -27 ) (-226.837814 -696.625000 -27 ) 
4 228 230 (-238.560379 -716.956299 -27 ) (-150.230927 -768 -27 ) (-150.230927 -768 -24 ) (-238.560379 -716.956299 -24 ) 
4 229 257 (-453 -558.495483 -27 ) (-453 -593.036133 -27 ) (-453 -593.036133 -24 ) (-453 -558.495483 -24 ) 
4 229 234 (-453 -593.036133 -27 ) (-453 -558.495483 -27 ) (-248.163544 -676.599365 -27 ) (-263.242401 -702.692871 -27 ) 
4 229 230 (-453 -593.036377 -27 ) (-263.242493 -702.693054 -27 ) (-263.242493 -702.693054 -24 ) (-453 -593.036377 -24 ) 
4 230 257 (-453 -593.036133 -27 ) (-453 -768 -27 ) (-453 -768 -24 ) (-453 -593.036133 -24 ) 
3 230 237 (-213.568329 -731.398438 -27 ) (-150.230453 -768 -27 ) (-276.906189 -768 -27 ) 
5 230 233 (-258.194489 -705.609985 -27 ) (-243.608124 -714.039124 -27 ) (-273.628662 -766.106018 -27 ) (-276.906189 -768 -27 ) (-294.248322 -768 -27 ) 
3 230 232 (-243.608124 -714.039124 -27 ) (-213.568329 -731.398438 -27 ) (-273.628662 -766.106018 -27 ) 
4 230 234 (-453 -768 -27 ) (-453 -593.036133 -27 ) (-258.194489 -705.609985 -27 ) (-294.248322 -768 -27 ) 
4 231 241 (-16 -607.916443 -30 ) (-16 -617.228027 -30 ) (-117.236519 -675.730408 -30 ) (-121.263596 -668.745972 -30 ) 
4 231 242 (-144.713623 -691.608826 -30 ) (-190.074509 -717.821899 -30 ) (-198.140289 -713.171326 -30 ) (-148.747513 -684.628296 -30 ) 
4 231 239 (-242.429382 -678.328979 -30 ) (-76.966141 -392 -30 ) (-48.621616 -392 -30 ) (-220.877060 -690.755554 -30 ) 
5 231 238 (-48.621616 -392 -30 ) (-16 -392 -30 ) (-16 -607.916443 -30 ) (-198.140289 -713.171326 -30 ) (-224.904099 -697.739929 -30 ) 
4 231 235 (-124.216980 -679.764282 -30 ) (-16 -617.228027 -30 ) (-16 -617.228027 -27 ) (-124.216980 -679.764282 -27 ) 
4 231 237 (-190.074509 -717.821899 -30 ) (-137.733185 -687.575012 -30 ) (-137.733185 -687.575012 -27 ) (-190.074509 -717.821899 -27 ) 
4 231 232 (-231.888443 -693.712769 -30 ) (-190.074524 -717.821716 -30 ) (-190.074524 -717.821716 -27 ) (-231.888443 -693.712769 -27 ) 
4 231 234 (-76.966095 -392 -30 ) (-246.463211 -685.309448 -30 ) (-246.463211 -685.309448 -27 ) (-76.966095 -392 -27 ) 
4 232 242 (-198.140289 -713.171326 -30 ) (-190.074509 -717.821899 -30 ) (-273.628662 -766.106018 -30 ) (-265.577118 -752.141602 -30 ) 
4 232 240 (-236.627640 -718.072937 -30 ) (-251.620651 -744.076477 -30 ) (-265.577118 -752.141602 -30 ) (-243.608124 -714.039062 -30 ) 
3 232 238 (-224.904099 -697.739929 -30 ) (-198.140289 -713.171326 -30 ) (-251.620651 -744.076477 -30 ) 
4 232 237 (-273.628662 -766.106018 -30 ) (-190.074509 -717.821899 -30 ) (-190.074509 -717.821899 -27 ) (-273.628662 -766.106018 -27 ) 
4 232 233 (-239.581070 -707.054749 -30 ) (-273.628571 -766.105896 -30 ) (-273.628571 -766.105896 -27 ) (-239.581070 -707.054749 -27 ) 
4 233 242 (-276.906189 -768 -30 ) (-293.019562 -768 -30 ) (-265.577118 -752.141602 -30 ) (-273.628662 -766.106018 -30 ) 
5 233 240 (-293.019562 -768 -30 ) (-294.248322 -768 -30 ) (-258.194489 -705.609924 -30 ) (-243.608109 -714.039124 -30 ) (-265.577118 -752.141602 -30 ) 
4 233 237 (-276.906189 -768 -27 ) (-276.906189 -768 -30 ) (-273.628662 -766.106018 -30 ) (-273.628662 -766.106018 -27 ) 
4 233 234 (-254.160614 -698.629578 -30 ) (-294.248260 -768 -30 ) (-294.248260 -768 -27 ) (-254.160614 -698.629578 -27 ) 
4 234 252 (-453 -526 -30 ) (-453 -558 -30 ) (-453 -558 -27 ) (-453 -526 -27 ) 
4 234 245 (-453 -392 -27 ) (-453 -392 -30 ) (-453 -526 -30 ) (-453 -526 -27 ) 
4 234 257 (-453 -558 -30 ) (-453 -768 -30 ) (-453 -768 -27 ) (-453 -558 -27 ) 
4 234 239 (-249.413757 -674.301941 -30 ) (-86.277649 -392 -30 ) (-76.966141 -392 -30 ) (-242.429382 -678.328979 -30 ) 
4 234 240 (-294.248322 -768 -30 ) (-303.559814 -768 -30 ) (-265.174896 -701.576111 -30 ) (-258.194489 -705.609985 -30 ) 
4 234 243 (-303.559814 -768 -30 ) (-453 -768 -30 ) (-453 -392 -30 ) (-86.277649 -392 -30 ) 
4 235 241 (-117.236542 -675.730347 -30 ) (-16 -617.228027 -30 ) (-16 -635.477478 -30 ) (-109.396576 -689.327820 -30 ) 
4 235 236 (-116.381088 -693.354675 -30 ) (-16 -635.477295 -30 ) (-16 -635.477295 -27 ) (-116.381088 -693.354675 -27 ) 
4 236 241 (-109.396584 -689.327820 -30 ) (-16 -635.477478 -30 ) (-16 -644.783813 -30 ) (-105.369545 -696.312195 -30 ) 
4 236 244 (-16 -768 -30 ) (-91.257317 -768 -30 ) (-125.857674 -708.125183 -30 ) (-16 -644.783813 -30 ) 
4 236 237 (-129.891510 -701.144653 -30 ) (-91.257278 -768 -30 ) (-91.257278 -768 -27 ) (-129.891510 -701.144653 -27 ) 
4 237 242 (-229.703094 -768 -30 ) (-276.906189 -768 -30 ) (-144.713638 -691.608826 -30 ) (-132.842056 -712.152222 -30 ) 
3 237 244 (-91.257317 -768 -30 ) (-229.703094 -768 -30 ) (-125.857674 -708.125183 -30 ) 
3 238 259 (-43.832092 -624 -32 ) (-64 -635.654602 -32 ) (-64 -624 -32 ) 
5 238 258 (-48.621620 -392 -32 ) (-16 -392 -32 ) (-16 -607.916443 -32 ) (-43.832092 -624 -32 ) (-182.387390 -624 -32 ) 
4 238 241 (-16 -607.916260 -32 ) (-16 -607.916260 -30 ) (-121.263672 -668.745850 -30 ) (-121.263672 -668.745850 -32 ) 
4 238 242 (-148.747589 -684.628174 -30 ) (-251.620483 -744.076172 -30 ) (-251.620483 -744.076172 -32 ) (-148.747589 -684.628174 -32 ) 
4 238 239 (-48.621674 -392 -30 ) (-48.621674 -392 -32 ) (-220.877090 -690.755493 -32 ) (-220.877090 -690.755493 -30 ) 
4 238 240 (-236.627686 -718.072937 -32 ) (-251.620758 -744.076538 -32 ) (-251.620758 -744.076538 -30 ) (-236.627686 -718.072937 -30 ) 
4 239 258 (-220.345367 -624 -32 ) (-86.277649 -392 -32 ) (-48.621620 -392 -32 ) (-182.387421 -624 -32 ) 
4 239 243 (-86.277832 -392 -30 ) (-86.277832 -392 -32 ) (-249.413895 -674.301880 -32 ) (-249.413895 -674.301880 -30 ) 
4 240 242 (-251.620483 -744.076172 -30 ) (-293.019928 -768 -30 ) (-293.019928 -768 -32 ) (-251.620483 -744.076172 -32 ) 
4 240 243 (-265.175049 -701.576050 -32 ) (-303.559998 -768 -32 ) (-303.559998 -768 -30 ) (-265.175049 -701.576050 -30 ) 
5 241 259 (-64 -635.654602 -32 ) (-43.832085 -624 -32 ) (-16 -624 -32 ) (-16 -644.783813 -32 ) (-64 -672.459473 -32 ) 
3 241 258 (-43.832085 -624 -32 ) (-16 -607.916443 -32 ) (-16 -624 -32 ) 
4 241 244 (-16 -644.783997 -32 ) (-16 -644.783997 -30 ) (-105.369461 -696.312317 -30 ) (-105.369461 -696.312317 -32 ) 
4 242 244 (-132.841965 -712.152344 -30 ) (-229.702728 -768 -30 ) (-229.702728 -768 -32 ) (-132.841965 -712.152344 -32 ) 
4 243 260 (-400 -392 -32 ) (-320 -392 -32 ) (-320 -648 -32 ) (-400 -648 -32 ) 
4 243 261 (-320 -768 -32 ) (-453 -768 -32 ) (-453 -648 -32 ) (-320 -648 -32 ) 
4 243 258 (-320 -624 -32 ) (-320 -392 -32 ) (-86.277649 -392 -32 ) (-220.345367 -624 -32 ) 
4 243 245 (-453 -392 -30 ) (-453 -392 -32 ) (-453 -526 -32 ) (-453 -526 -30 ) 
4 243 257 (-453 -558 -32 ) (-453 -768 -32 ) (-453 -768 -30 ) (-453 -558 -30 ) 
4 244 259 (-16 -768 -32 ) (-64 -768 -32 ) (-64 -672.459473 -32 ) (-16 -644.783813 -32 ) 
4 245 253 (-461 -526 -30 ) (-461 -526 -27 ) (-485 -526 -27 ) (-485 -526 -30 ) 
4 245 252 (-453 -526 -30 ) (-453 -526 -27 ) (-461 -526 -27 ) (-461 -526 -30 ) 
4 245 250 (-461 -526 -3 ) (-485 -526 -3 ) (-485 -526 -27 ) (-461 -526 -27 ) 
4 245 246 (-453 -526 -27 ) (-453 -526 -3 ) (-461 -526 -3 ) (-461 -526 -27 ) 
4 245 256 (-544 -526 -3 ) (-544 -526 -32 ) (-485 -526 -32 ) (-485 -526 -3 ) 
4 246 252 (-461 -526 -27 ) (-453 -526 -27 ) (-453 -528 -27 ) (-461 -528 -27 ) 
4 246 250 (-461 -528 -3 ) (-461 -526 -3 ) (-461 -526 -27 ) (-461 -528 -27 ) 
4 246 248 (-455 -528 -27 ) (-453 -528 -27 ) (-453 -528 -24 ) (-455 -528 -24 ) 
4 246 247 (-453 -528 -24 ) (-453 -528 -3 ) (-461 -528 -3 ) (-461 -528 -24 ) 
4 247 248 (-455 -528 -24 ) (-453 -528 -24 ) (-453 -556 -24 ) (-455 -556 -24 ) 
4 247 249 (-461 -556 -3 ) (-461 -556 -24 ) (-453 -556 -24 ) (-453 -556 -3 ) 
4 248 252 (-453 -528 -27 ) (-453 -556 -27 ) (-455 -556 -27 ) (-455 -528 -27 ) 
4 248 249 (-455 -556 -27 ) (-453 -556 -27 ) (-453 -556 -24 ) (-455 -556 -24 ) 
4 249 252 (-453 -556 -27 ) (-453 -558 -27 ) (-461 -558 -27 ) (-461 -556 -27 ) 
4 249 251 (-461 -558 -27 ) (-461 -558 -3 ) (-461 -556 -3 ) (-461 -556 -27 ) 
4 249 257 (-453 -558 -27 ) (-453 -558 -3 ) (-461 -558 -3 ) (-461 -558 -27 ) 
4 250 253 (-485 -526 -27 ) (-461 -526 -27 ) (-461 -528 -27 ) (-485 -528 -27 ) 
4 250 256 (-485 -528 -3 ) (-485 -526 -3 ) (-485 -526 -27 ) (-485 -528 -27 ) 
4 251 255 (-461 -556 -27 ) (-461 -558 -27 ) (-485 -558 -27 ) (-485 -556 -27 ) 
4 251 257 (-461 -558 -3 ) (-485 -558 -3 ) (-485 -558 -27 ) (-461 -558 -27 ) 
4 251 256 (-485 -558 -27 ) (-485 -558 -3 ) (-485 -556 -3 ) (-485 -556 -27 ) 
4 252 255 (-461 -558 -30 ) (-461 -558 -27 ) (-461 -550 -27 ) (-461 -550 -30 ) 
4 252 253 (-461 -534 -27 ) (-461 -526 -27 ) (-461 -526 -30 ) (-461 -534 -30 ) 
4 252 257 (-453 -558 -30 ) (-453 -558 -27 ) (-461 -558 -27 ) (-461 -558 -30 ) 
4 253 254 (-485 -534 -27 ) (-485 -534 -30 ) (-477 -534 -30 ) (-477 -534 -27 ) 
4 253 256 (-485 -534 -30 ) (-485 -534 -27 ) (-485 -526 -27 ) (-485 -526 -30 ) 
4 254 255 (-477 -550 -27 ) (-485 -550 -27 ) (-485 -550 -30 ) (-477 -550 -30 ) 
4 254 256 (-485 -550 -30 ) (-485 -550 -27 ) (-485 -534 -27 ) (-485 -534 -30 ) 
4 255 256 (-485 -558 -30 ) (-485 -558 -27 ) (-485 -550 -27 ) (-485 -550 -30 ) 
4 255 257 (-461 -558 -30 ) (-461 -558 -27 ) (-485 -558 -27 ) (-485 -558 -30 ) 
4 256 257 (-544 -558 -32 ) (-485 -558 -32 ) (-485 -558 -3 ) (-544 -558 -3 ) 
4 257 261 (-453 -768 -32 ) (-544 -768 -32 ) (-544 -648 -32 ) (-453 -648 -32 ) 
4 258 268 (-320 -392 -48 ) (-288 -392 -48 ) (-288 -624 -48 ) (-320 -624 -48 ) 
4 258 267 (-288 -392 -48 ) (-96 -392 -48 ) (-96 -624 -48 ) (-288 -624 -48 ) 
4 258 262 (-96 -392 -48 ) (-16 -392 -48 ) (-16 -624 -48 ) (-96 -624 -48 ) 
4 258 260 (-320 -392 -32 ) (-320 -392 -48 ) (-320 -624 -48 ) (-320 -624 -32 ) 
4 258 259 (-64 -624 -48 ) (-16 -624 -48 ) (-16 -624 -32 ) (-64 -624 -32 ) 
4 259 265 (-16 -736 -48 ) (-16 -768 -48 ) (-64 -768 -48 ) (-64 -736 -48 ) 
4 259 264 (-16 -656 -48 ) (-16 -736 -48 ) (-64 -736 -48 ) (-64 -656 -48 ) 
4 259 263 (-16 -640 -48 ) (-16 -656 -48 ) (-64 -656 -48 ) (-64 -640 -48 ) 
4 259 262 (-16 -624 -48 ) (-16 -640 -48 ) (-64 -640 -48 ) (-64 -624 -48 ) 
4 260 270 (-320 -640 -48 ) (-320 -648 -48 ) (-400 -648 -48 ) (-400 -640 -48 ) 
4 260 268 (-400 -392 -48 ) (-320 -392 -48 ) (-320 -640 -48 ) (-400 -640 -48 ) 
4 260 261 (-400 -648 -48 ) (-320 -648 -48 ) (-320 -648 -32 ) (-400 -648 -32 ) 
4 261 280 (-544 -768 -48 ) (-544 -648 -48 ) (-416 -648 -48 ) (-416 -768 -48 ) 
4 261 272 (-320 -736 -48 ) (-320 -768 -48 ) (-416 -768 -48 ) (-416 -736 -48 ) 
4 261 270 (-416 -648 -48 ) (-320 -648 -48 ) (-320 -736 -48 ) (-416 -736 -48 ) 
4 262 267 (-96 -392 -48 ) (-96 -392 -64 ) (-96 -640 -64 ) (-96 -640 -48 ) 
4 262 263 (-16 -640 -64 ) (-16 -640 -48 ) (-80 -640 -48 ) (-80 -640 -64 ) 
4 263 264 (-16 -656 -64 ) (-16 -656 -48 ) (-80 -656 -48 ) (-80 -656 -64 ) 
4 264 267 (-96 -736 -64 ) (-96 -736 -48 ) (-96 -656 -48 ) (-96 -656 -64 ) 
4 264 265 (-80 -736 -64 ) (-16 -736 -64 ) (-16 -736 -48 ) (-80 -736 -48 ) 
4 265 266 (-80 -768 -64 ) (-80 -768 -48 ) (-80 -752 -48 ) (-80 -752 -64 ) 
4 266 267 (-96 -768 -64 ) (-96 -768 -48 ) (-96 -752 -48 ) (-96 -752 -64 ) 
4 267 271 (-288 -768 -64 ) (-288 -768 -48 ) (-288 -752 -48 ) (-288 -752 -64 ) 
4 267 269 (-288 -736 -48 ) (-288 -656 -48 ) (-288 -656 -64 ) (-288 -736 -64 ) 
4 267 268 (-288 -640 -48 ) (-288 -392 -48 ) (-288 -392 -64 ) (-288 -640 -64 ) 
4 268 280 (-416 -632 -64 ) (-416 -640 -64 ) (-416 -640 -48 ) (-416 -632 -48 ) 
4 268 273 (-416 -392 -48 ) (-416 -392 -64 ) (-416 -408 -64 ) (-416 -408 -48 ) 
4 268 277 (-416 -424 -64 ) (-416 -616 -64 ) (-416 -616 -48 ) (-416 -424 -48 ) 
4 268 270 (-304 -640 -48 ) (-416 -640 -48 ) (-416 -640 -64 ) (-304 -640 -64 ) 
4 269 270 (-304 -656 -64 ) (-304 -736 -64 ) (-304 -736 -48 ) (-304 -656 -48 ) 
4 270 280 (-416 -640 -64 ) (-416 -736 -64 ) (-416 -736 -48 ) (-416 -640 -48 ) 
4 270 272 (-304 -736 -48 ) (-416 -736 -48 ) (-416 -736 -64 ) (-304 -736 -64 ) 
4 271 272 (-304 -752 -64 ) (-304 -768 -64 ) (-304 -768 -48 ) (-304 -752 -48 ) 
4 272 280 (-416 -768 -64 ) (-416 -768 -48 ) (-416 -736 -48 ) (-416 -736 -64 ) 
4 273 274 (-432 -392 -64 ) (-432 -408 -64 ) (-432 -408 -48 ) (-432 -392 -48 ) 
4 274 275 (-512 -392 -48 ) (-512 -392 -64 ) (-512 -408 -64 ) (-512 -408 -48 ) 
4 274 277 (-512 -424 -64 ) (-432 -424 -64 ) (-432 -424 -48 ) (-512 -424 -48 ) 
4 275 276 (-528 -392 -64 ) (-528 -408 -64 ) (-528 -408 -48 ) (-528 -392 -48 ) 
4 276 277 (-544 -424 -64 ) (-528 -424 -64 ) (-528 -424 -48 ) (-544 -424 -48 ) 
4 277 279 (-544 -616 -48 ) (-544 -616 -64 ) (-528 -616 -64 ) (-528 -616 -48 ) 
4 277 278 (-512 -616 -64 ) (-432 -616 -64 ) (-432 -616 -48 ) (-512 -616 -48 ) 
4 278 280 (-512 -632 -64 ) (-432 -632 -64 ) (-432 -632 -48 ) (-512 -632 -48 ) 
4 279 280 (-544 -632 -64 ) (-528 -632 -64 ) (-528 -632 -48 ) (-544 -632 -48 ) 
0
1
2
3
4
5
6
7
8
9
10
11
12
13
14
15
16
17
18
19
20
21
22
23
24
25
26
27
28
29
30
31
32
33
34
35
36
37
38
39
40
41
42
43
44
45
46
47
48
49
50
51
52
53
54
55
56
57
58
59
60
61
62
63
64
65
66
67
68
69
70
71
72
73
74
75
76
77
78
79
80
81
82
83
84
85
86
87
88
89
90
91
92
93
94
95
96
97
98
99
100
101
102
103
104
105
106
107
108
109
110
111
112
113
114
115
116
117
118
119
120
121
122
123
124
125
126
127
128
129
130
131
132
133
134
135
136
137
138
139
140
141
142
143
144
145
146
147
148
149
150
151
152
153
154
155
156
157
158
159
160
161
162
163
164
165
166
167
168
169
170
171
172
173
174
175
176
177
178
179
180
181
182
183
184
185
186
187
188
189
190
191
192
193
194
195
196
197
198
199
200
201
202
203
204
205
206
207
208
209
210
211
212
213
214
215
216
217
218
219
220
221
222
223
224
225
226
227
228
229
230
231
232
233
234
235
236
237
238
239
240
241
242
243
244
245
246
247
248
249
250
251
252
253
254
255
256
257
258
259
260
261
262
263
264
265
266
267
268
269
270
271
272
273
274
275
276
277
278
279
280
